Aino N.	Ilmakivääri	Pysty
Date	Series	Shot	Hit	X ring	Sector	On	Total	Int.(s)			Trigger			COG		Fine %			Rough %			Hold time (s)
						target	time 		dev X	dev Y	ATV	TIRE	RTV	Hit	Sector	Target	COG	Hit	Target	COG	Hit	Target	COG	Hit
231124	1	1		0	1	10.7	10.7	0.0	0.17	0.40	0.31	3	3.50		12	0	98	61	79	98	98	1.71	2.29	2.00
231124	1	2		0	11	12.0	12.0	48.1	0.17	0.37	0.18	3	1.20		12	0	98	98	62	98	98	2.04	3.23	3.04
231124	1	3		0	12	10.8	10.8	41.7	0.20	0.20	0.18	2	1.01		11	0	98	98	26	98	98	2.07	3.04	3.00
231124	1	4		0	11	10.5	10.5	44.1	0.19	0.39	0.14	3	0.90		12	2	98	92	89	98	98	1.86	2.52	2.43
231124	1	5		0	12	11.8	11.8	43.3	0.27	0.11	0.16	2	1.00		12	0	98	98	100	98	98	3.66	4.11	4.14
231124	1	6		0	11	10.2	10.2	42.8	0.29	0.54	0.28	3	1.13		12	0	95	47	24	98	95	1.23	2.25	1.91
231124	1	7		0	12	10.8	10.8	45.0	0.36	0.22	0.24	3	1.68		12	0	98	65	0	98	98	1.27	3.18	2.96
231124	1	8		0	12	10.3	10.3	47.2	0.21	0.56	0.18	3	0.94		12	0	97	39	0	98	95	0.75	2.92	2.38
231124	1	9		0	12	11.4	11.5	2.03	0.28	0.29	0.22	3	1.25		12	0	98	77	0	98	98	0.65	2.96	2.62
231124	1	10		0	11	8.9	8.9	42.5	0.24	0.70	0.18	3	0.86		12	0	86	53	0	98	92	0.63	2.34	1.78
231124	2	1		0	12	13.1	13.1	45.0	0.40	0.14	0.10	1	0.34		12	0	98	85	0	98	98	2.75	4.25	4.32
231124	2	2		0	12	11.4	11.4	1.12	0.21	0.32	0.11	3	0.64		11	0	98	98	88	98	98	2.38	2.92	2.85
231124	2	3		0	7	11.3	11.3	56.7	0.29	0.36	0.14	3	0.67		9	68	98	70	100	98	98	2.83	2.82	2.38
231124	2	4		1	10	12.3	12.3	42.8	0.19	0.39	0.20	3	1.14		12	50	98	65	100	98	98	2.65	3.19	2.76
231124	2	5		1	10	10.2	10.2	37.5	0.25	0.44	0.16	3	0.83		12	27	98	59	100	98	98	2.37	3.12	2.62
231124	2	6		1	11	11.1	11.1	51.8	0.29	0.35	0.13	3	0.44		12	71	98	92	100	98	98	2.67	3.06	2.94
231124	2	7		0	9	12.4	12.4	45.1	0.37	0.47	0.37	3	2.00		12	50	89	33	100	98	98	2.23	2.70	2.40
231124	2	8		0	12	11.3	11.3	42.3	0.25	0.17	0.19	1	1.51		12	0	98	98	100	98	98	3.12	3.87	3.67
231124	2	9		1	12	11.5	11.5	40.8	0.27	0.45	0.20	3	0.96		11	36	98	61	100	98	98	2.69	3.75	3.10
231124	2	10		0	12	11.3	11.3	40.2	0.28	0.32	0.34	1	1.26		12	18	98	95	100	98	98	2.12	2.73	2.69
231124	3	1		0	10	12.6	12.6	43.5	0.24	0.22	0.21	3	1.12		11	0	98	74	100	98	98	3.03	3.71	3.45
231124	3	2		0	11	10.5	10.5	39.8	0.37	0.32	0.33	3	2.18		12	11	98	65	98	98	98	2.25	3.02	2.58
231124	3	3		0	11	12.2	12.2	43.7	0.16	0.48	0.16	3	0.79		12	0	98	71	14	98	98	1.67	3.30	2.98
231124	3	4		0	12	11.4	11.4	1.11	0.19	0.37	0.21	3	1.09		12	0	98	89	0	98	98	1.97	3.38	3.06
231124	3	5		0	12	11.9	11.9	45.5	0.22	0.33	0.25	3	1.28		12	0	98	92	86	98	98	2.60	3.48	3.29
231124	3	6		0	12	10.9	10.9	44.1	0.38	0.31	0.32	2	1.31		12	0	98	79	18	98	98	1.75	3.81	2.87
231124	3	7		0	12	11.5	11.5	40.7	0.26	0.29	0.17	3	0.64		12	0	98	98	0	98	98	1.43	3.08	2.97
231124	3	8		0	12	11.4	11.4	40.4	0.30	0.13	0.09	3	0.47		12	0	98	98	0	98	98	2.15	3.60	3.56
231124	3	9		0	11	12.0	12.0	40.5	0.35	0.13	0.13	3	0.77		12	0	98	98	0	98	98	2.85	4.35	4.11
231124	3	10		0	11	12.2	28.5	2.43	0.47	0.25	0.15	3	0.47		11	0	98	83	0	98	98	1.54	5.25	5.03
231124	4	1		0	11	13.6	13.6	45.8	0.18	0.45	0.15	3	0.87		11	0	98	52	0	98	98	0.93	3.51	2.77
231124	4	2		0	11	12.2	12.2	45.0	0.69	0.43	0.25	2	0.97		12	0	76	53	0	98	89	0.70	5.21	4.93
231124	4	3		0	12	11.2	11.2	40.4	0.31	0.30	0.23	3	0.85		12	0	98	92	0	98	98	0.93	3.81	3.66
231124	4	4		0	12	11.5	11.5	51.4	0.38	0.37	0.25	3	1.43		12	0	98	59	0	98	98	0.04	2.98	2.67
231124	4	5		0	12	10.6	10.6	42.9	0.24	0.37	0.16	3	0.64		12	0	98	74	0	98	98	0.48	2.97	2.69
231124	4	6		0	12	10.8	10.8	43.2	0.23	0.23	0.18	3	1.06		12	0	98	92	0	98	98	0.17	4.23	4.02
231124	4	7		0	12	13.1	13.1	44.9	0.28	0.18	0.16	1	0.84		12	0	98	98	0	98	98	1.51	4.12	4.12
231124	4	8		0	12	12.9	12.9	1.02	0.30	0.32	0.36	3	1.40		12	0	98	92	0	98	98	0.01	3.09	2.69
231124	4	9		0	12	10.9	10.9	41.9	0.28	0.25	0.26	2	1.49		12	0	98	97	0	98	98	0.07	3.27	3.09
231124	4	10		0	12	12.4	12.4	46.4	0.23	0.30	0.30	3	1.93		12	0	98	42	0	98	98	0.20	3.83	2.69

