Aino N.	Ilmakiv‰‰ri	Pysty
Date	Series	Shot	Hit	X ring	Sector	On	Total	Int.(s)			Trigger			COG		Fine %			Rough %			Hold time (s)
						target	time 		dev X	dev Y	ATV	TIRE	RTV	Hit	Sector	Target	COG	Hit	Target	COG	Hit	Target	COG	Hit
240315	1	1	10.9	1	11	11.6	11.6	0.0	0.36	0.22	0.15	3	0.92	10.4	2	83	98	83	100	98	98	2.96	3.17	2.98
240315	1	2	10.2	1	6	13.5	13.5	54.2	0.30	0.38	0.19	1	0.77	10.8	12	100	98	71	100	98	98	4.09	4.11	3.73
240315	1	3	10.2	1	8	10.7	10.7	50.2	0.22	0.35	0.30	3	1.74	10.5	10	94	98	91	100	98	98	3.83	4.08	3.78
240315	1	4	10.1	0	8	12.5	12.5	51.9	0.30	0.30	0.33	1	1.60	10.7	9	94	98	85	100	98	98	3.73	3.73	3.50
240315	1	5	10.1	0	6	11.3	11.3	52.4	0.37	0.42	0.27	1	1.12	10.7	1	94	92	33	100	98	98	3.79	3.81	3.18
240315	1	6	10.4	1	7	12.3	12.3	51.8	0.34	0.17	0.39	1	2.28	10.8	8	100	98	98	100	98	98	3.81	3.81	3.63
240315	1	7	10.6	1	11	13.3	13.3	52.6	0.22	0.36	0.17	2	0.85	10.6	11	100	98	98	100	98	98	4.96	5.16	5.16
240315	1	8	10.3	1	4	12.6	12.6	55.9	0.31	0.38	0.22	3	1.35	10.7	1	91	98	80	100	98	98	3.78	3.81	3.10
240315	1	9	10.4	1	7	12.6	12.6	52.0	0.33	0.34	0.15	1	0.74	10.9	4	98	98	85	100	98	98	3.63	3.63	3.48
240315	1	10	10.5	1	5	10.6	10.6	1.08	0.19	0.42	0.15	2	0.76	10.6	2	100	98	64	100	98	98	3.57	3.67	3.45
240315	2	1	10.8	1	4	13.1	13.1	56.3	0.45	0.33	0.18	2	0.97	10.4	2	74	97	83	100	98	98	3.71	3.77	3.69
240315	2	2	10.2	1	5	12.7	12.7	1.22	0.33	0.36	0.21	1	0.92	10.9	4	100	98	64	100	98	98	4.32	4.30	3.45
240315	2	3	10.3	1	5	12.8	12.8	52.3	0.15	0.35	0.25	3	1.30	10.5	12	100	98	44	100	98	98	4.47	5.34	4.39
240315	2	4	10.3	1	5	12.5	12.5	57.7	0.22	0.31	0.14	2	0.82	10.3	3	95	98	89	100	98	98	3.57	3.62	3.18
240315	2	5	10.6	1	4	12.9	12.9	54.0	0.30	0.27	0.22	2	1.10	10.1	3	64	98	88	100	98	98	3.44	3.45	3.19
240315	2	6	10.6	1	3	12.2	12.2	56.0	0.31	0.30	0.16	2	1.06	10.1	2	61	98	79	100	98	98	4.14	4.39	4.12
240315	2	7	10.4	1	9	11.9	24.6	1.42	0.38	0.14	0.23	2	0.86	10.8	1	100	98	74	100	98	98	4.20	4.21	3.92
240315	2	8	10.4	1	4	13.9	13.9	56.5	0.29	0.17	0.19	2	0.90	10.7	1	100	98	92	100	98	98	5.01	5.05	4.68
240315	2	9	10.4	1	8	14.5	14.5	55.5	0.32	0.44	0.17	2	0.73	10.5	12	79	98	58	100	98	98	4.67	4.80	4.50
240315	2	10	10.6	1	2	14.9	14.9	55.0	0.28	0.20	0.16	3	0.89	10.3	12	92	98	97	100	98	98	5.57	5.99	5.67
240315	3	1	10.7	1	1	14.2	14.2	55.9	0.34	0.30	0.21	3	0.65	10.3	1	79	98	92	100	98	98	4.04	4.17	4.12
240315	3	2	10.1	0	2	11.3	11.3	1.25	0.38	0.26	0.24	3	1.01	10.0	1	48	98	88	100	98	98	3.90	4.02	3.96
240315	3	3	10.5	1	12	13.3	13.3	55.0	0.46	0.24	0.29	3	0.68	10.2	1	76	97	88	100	98	98	5.50	5.78	5.61
240315	3	4	10.4	1	11	12.3	12.3	1.27	0.31	0.25	0.36	3	2.28	10.1	1	68	98	86	100	98	98	2.54	3.12	2.65
240315	3	5	10.6	1	6	12.9	12.9	53.2	0.32	0.36	0.33	2	1.46	10.5	1	98	98	70	100	98	98	3.94	4.05	3.62
240315	3	6	10.6	1	9	14.4	14.4	58.4	0.33	0.23	0.16	3	0.83	10.4	1	95	98	70	100	98	98	5.34	5.83	5.34
240315	3	7	10.7	1	4	14.9	14.9	57.8	0.37	0.24	0.24	2	0.64	10.7	2	100	98	98	100	98	98	4.77	4.77	4.72
240315	3	8	10.7	1	6	13.6	13.6	1.23	0.41	0.27	0.32	1	1.12	10.6	4	91	98	94	100	98	98	5.64	5.62	5.59
240315	3	9	10.1	0	4	13.3	13.3	52.8	0.32	0.34	0.25	3	1.10	10.2	2	61	98	71	100	98	98	5.04	5.08	4.47
240315	3	10	10.4	1	2	11.4	11.4	44.9	0.17	0.33	0.21	3	1.50	10.0	12	73	98	77	100	98	98	3.45	3.78	3.46
240315	4	1	10.6	1	10	12.9	12.9	49.5	0.30	0.26	0.23	2	1.38	10.4	1	88	98	83	100	98	98	3.45	3.78	3.65
240315	4	2	10.6	1	1	11.2	11.2	45.0	0.23	0.35	0.11	3	0.68	10.1	1	62	98	97	100	98	98	3.60	3.93	3.88
240315	4	3	10.7	1	1	11.8	11.8	47.8	0.18	0.29	0.14	3	0.97	10.1	1	53	98	98	100	98	98	3.33	4.09	3.42
240315	4	4	9.8	0	5	13.1	13.1	1.12	0.23	0.25	0.14	1	0.75	10.3	4	92	98	98	100	98	98	3.73	3.69	3.39
240315	4	5	10.5	1	3	12.2	12.2	47.9	0.25	0.32	0.13	3	0.47	10.6	1	100	98	98	100	98	98	3.62	3.69	3.62
240315	4	6	10.0	0	6	13.4	13.4	50.8	0.31	0.63	0.23	2	1.02	10.4	2	61	86	45	100	98	85	3.93	3.98	3.30
240315	4	7	10.8	1	12	13.6	13.6	54.2	0.45	0.28	0.14	3	0.42	10.2	1	64	98	74	100	98	98	4.67	5.24	4.71
240315	4	8	10.3	1	3	12.5	12.5	51.9	0.24	0.18	0.13	3	0.78	10.2	3	82	98	98	100	98	98	3.62	3.63	3.63
240315	4	9	9.7	0	3	13.5	13.5	1.12	0.19	0.30	0.16	2	1.06	9.7	3	5	98	98	100	98	98	5.34	5.47	5.24
240315	4	10	10.7	1	7	12.8	12.8	51.2	0.38	0.32	0.25	3	1.73	10.5	1	89	92	89	100	98	98	3.99	4.09	3.62
