Aino N.	Ilmakivääri
Date	Series	Shot	Hit	X ring	Sector	On	Total	Int.(s)			Trigger			COG		Fine %			Rough %			Hold time (s)
						target	time 		dev X	dev Y	ATV	TIRE	RTV	Hit	Sector	Target	COG	Hit	Target	COG	Hit	Target	COG	Hit
251004	1	1	10.0	0	3	8.7	8.7	0.0	0.37	0.38	0.26	1	0.80	10.7	2	100	98	62	100	98	98	2.79	2.94	2.37
251004	1	2	10.1	0	11	9.3	9.3	41.9	0.27	0.23	0.16	3	0.87	10.1	12	62	98	98	100	98	98	3.71	3.88	3.84
251004	1	3	9.8	0	10	10.2	10.2	38.6	0.26	0.19	0.19	2	1.25	9.9	11	32	98	98	100	98	98	4.32	4.84	4.79
251004	1	4	10.2	1	1	10.1	10.1	57.3	0.51	0.23	0.33	3	1.35	10.2	12	48	92	91	100	98	98	5.24	5.73	5.73
251004	1	5	10.1	0	11	10.8	10.8	42.7	0.35	0.24	0.17	3	0.94	9.8	12	12	98	86	100	98	98	4.53	4.93	4.75
251004	1	6	9.9	0	11	11.3	11.3	1.06	0.63	0.17	0.18	3	0.33	9.9	12	30	85	76	100	98	95	4.46	5.42	5.42
251004	1	7	9.6	0	1	10.2	10.2	38.7	0.20	0.27	0.15	2	0.93	9.5	12	6	98	98	100	98	98	4.12	4.82	4.80
251004	1	8	10.5	1	10	10.6	10.6	38.5	0.27	0.19	0.25	2	0.96	10.2	12	89	98	98	100	98	98	5.42	5.61	5.57
251004	1	9	10.0	0	12	11.0	11.0	39.7	0.16	0.15	0.26	3	1.45	10.2	11	95	98	98	100	98	98	4.54	4.71	4.74
251004	1	10	9.9	0	1	10.7	10.7	38.4	0.50	0.19	0.21	2	0.86	10.2	12	62	98	76	100	98	98	5.85	6.17	6.22
251004	2	1	10.1	0	10	10.8	10.8	39.9	0.32	0.22	0.22	2	1.57	10.0	11	55	98	98	100	98	98	4.61	5.03	4.61
251004	2	2	9.9	0	11	8.7	8.7	57.0	0.25	0.23	0.28	2	1.28	10.0	12	45	98	95	100	98	98	2.94	3.54	3.54
251004	2	3	10.1	0	1	9.7	9.7	38.1	0.24	0.21	0.11	3	0.56	9.8	1	6	98	98	100	98	98	3.23	3.75	3.71
251004	2	4	10.1	0	2	11.6	11.6	39.9	0.66	0.26	0.47	3	1.11	10.3	11	58	86	55	100	98	92	5.99	6.32	6.38
251004	2	5	10.6	1	10	12.0	12.6	38.4	0.15	0.15	0.16	2	0.91	10.5	11	100	98	98	100	98	98	6.43	6.51	6.45
251004	2	6	10.3	1	3	13.1	13.1	40.1	0.38	0.21	0.16	2	0.55	10.6	1	95	98	88	100	98	98	5.91	6.24	6.12
251004	2	7	10.9	1	4	10.7	10.8	1.09	0.35	0.25	0.24	2	1.12	10.6	4	92	98	98	100	98	98	4.29	4.29	4.29
251004	2	8	10.5	1	6	10.3	10.3	36.6	0.50	0.22	0.38	3	1.75	10.7	1	98	97	58	100	98	98	5.80	5.83	5.71
251004	2	9	10.9	1	12	8.8	8.8	35.1	0.26	0.26	0.21	3	1.45	10.5	11	100	98	98	100	98	98	2.96	3.02	2.96
251004	2	10	10.8	1	11	13.2	13.7	41.3	0.40	0.22	0.44	3	0.95	10.5	11	92	98	94	100	98	98	6.27	6.34	6.29
251004	3	1	10.5	1	11	11.5	11.5	57.6	0.24	0.23	0.17	3	0.67	10.5	12	100	98	98	100	98	98	5.05	5.12	5.12
251004	3	2	10.3	1	11	10.8	10.8	40.7	0.24	0.24	0.13	1	0.59	10.3	11	89	98	98	100	98	98	3.65	4.04	4.04
251004	3	3	10.7	1	11	12.2	12.2	38.6	0.21	0.25	0.24	3	1.11	10.5	1	100	98	98	100	98	98	5.96	6.15	5.97
251004	3	4	10.2	1	1	11.7	12.0	37.3	0.74	0.50	0.31	2	0.66	10.0	11	44	74	45	94	98	88	6.04	6.42	6.41
251004	3	5	10.6	1	8	10.8	12.1	1.17	0.25	0.17	0.30	3	1.28	10.8	3	100	98	98	100	98	98	5.17	5.17	5.14
251004	3	6	10.3	1	12	10.8	10.8	36.2	0.16	0.29	0.18	3	0.74	9.9	12	47	98	95	100	98	98	4.25	4.86	4.72
251004	3	7	10.1	0	10	9.6	9.6	1.04	0.25	0.29	0.30	3	1.19	10.3	11	82	98	98	100	98	98	3.66	4.16	3.81
251004	3	8	9.8	0	10	13.1	28.6	1.20	0.42	0.18	0.38	1	1.44	10.3	11	74	98	76	100	98	98	6.72	6.95	6.95
251004	3	9	10.1	0	12	13.2	13.2	50.6	0.48	0.29	0.11	3	0.44	9.9	12	47	98	82	100	98	98	7.18	8.18	8.16
251004	3	10	10.2	1	11	11.2	11.2	39.6	0.21	0.39	0.17	3	0.69	10.0	12	59	98	83	100	98	98	5.47	5.88	5.80
251004	4	1	10.3	1	12	12.6	13.0	37.1	0.42	0.24	0.26	3	0.99	10.1	1	55	98	86	100	98	98	7.12	7.72	7.58
251004	4	2	10.5	1	10	8.6	8.6	1.20	0.35	0.32	0.34	3	1.10	10.1	12	50	98	52	100	98	98	2.77	3.15	2.77
251004	4	3	10.7	1	7	11.7	11.7	36.2	0.30	0.26	0.42	3	1.81	10.5	10	98	98	97	100	98	98	5.62	5.64	5.16
251004	4	4	10.1	0	11	10.8	10.8	36.9	0.22	0.17	0.28	3	1.56	10.0	12	67	98	97	100	98	98	4.62	5.24	4.89
251004	4	5	10.2	1	10	10.5	10.5	36.2	0.38	0.15	0.18	3	0.82	10.2	12	88	98	68	100	98	98	5.00	5.58	5.05
251004	4	6	10.2	1	1	10.6	10.6	37.0	0.41	0.23	0.14	3	0.40	10.2	12	73	94	88	100	98	98	3.29	3.72	3.72
251004	4	7	10.7	1	6	10.8	11.2	37.2	0.24	0.19	0.16	1	0.85	10.8	9	100	98	98	100	98	98	4.92	4.93	4.92
100104	4	8	10.8	1	10	10.8	10.8	38.8	0.20	0.20	0.30	3	1.62	10.4	11	95	98	98	100	98	98	3.38	3.46	3.38
100104	4	9	9.8	0	11	11.9	11.9	43.0	0.34	0.12	0.16	3	0.67	10.1	12	74	98	85	100	98	98	5.08	6.34	6.34
100104	4	10	10.4	1	1	10.3	20.7	1.40	0.34	0.26	0.28	3	0.99	10.5	12	98	98	94	100	98	98	3.45	3.57	3.57


