Aino N.	Ilmakiv‰‰ri
Date	Series	Shot	Hit	X ring	Sector	On	Total	Int.(s)			Trigger			COG		Fine %			Rough %			Hold time (s)
						target	time 		dev X	dev Y	ATV	TIRE	RTV	Hit	Sector	Target	COG	Hit	Target	COG	Hit	Target	COG	Hit
260124	1	1	10.7	1	10	13.2	13.2	0.0	0.47	0.25	0.33	3	1.45	10.3	12	80	97	94	100	98	98	3.94	4.39	3.98
260124	1	2	10.2	1	4	14.4	14.4	1.00	0.22	0.26	0.26	3	2.06	10.3	1	95	98	44	100	98	98	3.51	3.75	3.51
260124	1	3	10.1	0	11	14.3	14.3	51.4	0.27	0.28	0.08	3	0.39	10.0	11	45	98	98	100	98	98	3.79	4.92	3.88
260124	1	4	10.7	1	12	15.5	15.5	59.3	0.44	0.13	0.14	3	0.58	10.5	1	91	98	89	100	98	98	4.04	4.18	4.14
260124	1	5	10.5	1	12	13.3	13.3	52.0	0.52	0.25	0.10	3	0.40	10.0	1	36	91	76	100	98	98	4.25	4.67	4.56
260124	1	6	10.2	1	11	14.1	14.1	51.2	0.36	0.36	0.20	3	0.69	10.1	11	42	98	98	100	98	98	5.07	5.49	5.40
260124	1	7	9.9	0	12	14.9	14.9	50.2	0.18	0.23	0.15	3	0.83	9.9	12	30	98	98	100	98	98	4.53	6.00	6.00
260124	1	8	10.1	0	12	15.2	15.2	1.04	0.25	0.17	0.21	2	1.09	10.3	1	94	98	98	100	98	98	5.19	5.80	6.06
260124	1	9	10.7	1	2	15.3	33.2	2.32	0.37	0.23	0.21	2	0.90	10.5	12	97	98	95	100	98	98	4.91	5.29	4.92
260124	1	10	10.9	1	10	15.3	15.3	52.4	0.33	0.21	0.16	3	0.89	10.6	12	100	98	98	100	98	98	4.12	4.30	4.14
260124	2	1	9.9	0	10	17.3	17.3	1.02	0.43	0.28	0.11	1	0.42	9.9	11	17	98	73	100	98	98	4.16	4.39	4.23
260124	2	2	9.8	0	10	15.7	15.7	1.27	0.46	0.31	0.48	3	1.90	10.0	12	36	95	18	100	98	83	4.92	5.71	5.57
260124	2	3	10.5	1	1	17.7	17.7	1.12	0.45	0.17	0.31	3	0.76	10.2	11	79	98	91	100	98	98	4.58	4.79	4.67
260124	2	4	10.3	1	1	15.5	15.5	51.0	0.35	0.20	0.34	3	1.40	9.9	12	30	98	92	100	98	98	6.42	7.63	6.67
260124	2	5	10.1	0	1	17.4	17.4	1.02	0.41	0.21	0.19	2	1.08	9.9	1	44	98	98	100	98	98	5.52	7.11	7.05
260124	2	6	10.0	0	10	14.0	50.9	3.02	0.24	0.24	0.21	3	1.74	10.2	11	67	98	94	100	98	98	5.33	6.06	5.62
260124	2	7	10.3	1	12	15.1	15.1	47.3	0.27	0.19	0.22	3	1.62	10.1	12	68	98	98	100	98	98	3.92	5.28	5.21
260124	2	8	10.6	1	12	12.5	12.9	1.35	0.24	0.26	0.10	3	0.51	10.3	12	88	98	98	100	98	98	3.96	4.35	4.02
260124	2	9	10.5	1	10	15.1	15.1	48.3	0.15	0.12	0.10	1	0.89	10.5	10	100	98	98	100	98	98	4.92	4.92	4.92
260124	2	10	10.1	0	11	16.1	16.1	50.0	0.47	0.27	0.27	2	0.97	10.1	11	53	98	98	100	98	98	6.27	6.92	6.90
260124	3	1	10.2	1	11	16.1	16.2	52.9	0.21	0.15	0.17	3	0.85	10.2	12	92	98	98	100	98	98	5.42	6.03	6.03
260124	3	2	10.5	1	12	15.6	15.6	50.8	0.45	0.18	0.15	3	1.00	10.1	12	65	98	85	100	98	98	4.61	5.37	5.03
260124	3	3	10.1	0	12	15.4	15.4	49.2	0.24	0.26	0.16	3	0.86	10.1	12	73	98	98	100	98	98	3.88	4.70	4.62
260124	3	4	10.5	1	10	15.6	15.6	57.8	0.31	0.23	0.16	3	0.77	10.3	12	82	98	73	100	98	98	4.56	5.07	4.56
260124	3	5	10.3	1	12	14.5	15.0	58.5	0.21	0.14	0.11	3	0.94	10.0	11	59	98	98	100	98	98	4.71	5.31	5.01
260124	3	6	10.1	0	11	15.4	34.0	1.54	0.38	0.16	0.21	3	1.22	10.2	12	79	98	80	100	98	98	4.79	5.79	5.05
260124	3	7	10.7	1	1	16.0	16.0	55.0	0.36	0.19	0.12	3	0.57	10.1	2	71	98	83	100	98	98	6.67	6.72	6.69
260124	3	8	10.3	1	11	15.6	19.2	1.57	0.44	0.22	0.11	3	0.60	10.0	12	44	98	70	100	98	98	4.88	6.01	5.54
260124	3	9	10.4	1	1	15.5	15.5	51.4	0.32	0.26	0.16	3	0.60	10.2	1	77	98	98	100	98	98	4.79	5.25	5.13
260124	3	10	10.5	1	1	16.8	16.8	50.1	0.46	0.22	0.31	3	1.04	10.1	12	45	98	91	100	98	98	4.61	6.50	5.96
260124	4	1	9.7	0	12	15.6	15.6	51.9	0.35	0.14	0.16	2	0.73	10.1	12	68	98	95	100	98	98	4.46	5.55	5.73
260124	4	2	9.8	0	1	15.8	15.8	55.4	0.28	0.10	0.13	3	0.66	9.9	12	27	98	98	100	98	98	4.74	5.52	5.62
260124	4	3	10.5	1	12	14.6	14.6	47.2	0.26	0.22	0.21	2	0.90	10.4	12	100	98	98	100	98	98	5.55	6.03	6.01
260124	4	4	10.5	1	10	17.3	17.3	56.6	0.32	0.16	0.21	3	1.40	10.3	12	92	98	91	100	98	98	5.46	5.85	5.47
260124	4	5	9.9	0	12	18.1	18.1	53.5	0.26	0.20	0.15	3	1.04	9.6	1	6	98	98	100	98	98	4.58	5.82	5.82
260124	4	6	10.3	1	1	15.9	15.9	51.0	0.40	0.11	0.23	1	1.40	10.1	12	65	98	95	100	98	98	5.17	5.37	5.34
260124	4	7	10.4	1	1	14.6	14.9	1.10	0.21	0.27	0.21	3	1.87	10.0	1	48	98	91	100	98	98	3.75	3.96	3.79
260124	4	8	10.5	1	1	15.2	15.2	49.2	0.23	0.25	0.22	3	1.26	10.2	12	68	98	98	100	98	98	4.09	4.62	4.39
260124	4	9	10.6	1	3	13.9	13.9	52.2	0.20	0.20	0.22	3	1.32	10.4	12	92	98	91	100	98	98	4.62	4.71	4.62
260124	4	10	10.6	1	12	17.4	17.4	54.1	0.42	0.20	0.09	3	0.39	10.3	1	85	98	94	100	98	98	5.12	5.70	5.64
