Aino N.	Ilmakiv‰‰ri
Date	Series	Shot	Hit	X ring	Sector	On	Total	Int.(s)			Trigger			COG		Fine %			Rough %			Hold time (s)
						target	time 		dev X	dev Y	ATV	TIRE	RTV	Hit	Sector	Target	COG	Hit	Target	COG	Hit	Target	COG	Hit
250124	1	1	10.2	1	6	8.8	9.0	0.0	0.40	0.39	0.14	2	0.65	10.3	3	76	98	36	100	98	98	2.76	2.71	2.56
250124	1	2	9.9	0	6	9.7	9.7	47.0	0.26	0.39	0.13	1	1.12	10.7	5	100	98	47	100	98	98	2.71	2.70	2.48
250124	1	3	10.4	1	6	9.5	9.5	43.2	0.17	0.44	0.11	1	0.55	10.6	4	100	98	76	100	98	98	2.87	2.79	2.56
250124	1	4	10.2	1	6	10.1	10.1	45.5	0.29	0.28	0.27	1	1.59	10.9	9	100	98	76	100	98	98	3.93	3.93	3.31
250124	1	5	10.7	1	6	9.2	9.2	55.1	0.32	0.09	0.14	1	0.74	10.7	4	100	98	98	100	98	98	2.82	2.82	2.81
250124	1	6	9.8	0	9	11.2	11.3	45.7	0.43	0.14	0.29	1	1.69	10.7	10	97	98	55	100	98	98	3.60	3.65	3.56
250124	1	7	10.1	0	9	12.0	20.1	2.20	0.40	0.25	0.21	1	0.67	10.8	9	100	98	71	100	98	98	4.29	4.29	4.08
250124	1	8	10.4	1	6	10.3	10.3	43.7	0.24	0.46	0.22	1	1.42	10.6	2	85	98	71	100	98	98	2.88	2.91	2.44
250124	1	9	10.3	1	8	12.0	26.5	1.27	0.37	0.21	0.19	1	1.23	10.9	12	100	98	74	100	98	98	4.11	4.21	4.02
250124	1	10	10.3	1	3	10.6	10.6	41.0	0.34	0.36	0.24	3	1.16	10.4	12	82	98	61	100	98	98	3.21	3.51	3.12
250124	2	1	10.5	1	7	10.5	23.8	1.53	0.25	0.29	0.12	3	0.57	10.6	11	100	98	80	100	98	98	2.79	2.82	2.73
250124	2	2	10.8	1	7	9.2	21.5	1.20	0.15	0.29	0.09	3	0.58	10.7	1	100	98	98	100	98	98	3.12	3.15	3.10
250124	2	3	10.8	1	9	10.9	22.8	1.22	0.19	0.31	0.13	3	0.77	10.2	12	65	98	67	100	98	98	2.88	3.09	2.90
250124	2	4	10.2	1	10	11.5	11.5	44.5	0.27	0.52	0.29	3	1.48	9.7	12	17	86	39	92	98	98	5.03	5.46	5.04
250124	2	5	9.8	0	8	8.9	8.9	46.1	0.29	0.50	0.44	2	2.21	10.2	11	56	92	29	100	98	91	2.77	2.82	2.38
250124	2	6	10.6	1	9	10.5	11.3	1.44	0.36	0.36	0.09	3	0.54	10.3	1	80	98	59	100	98	98	2.96	3.24	2.96
250124	2	7	10.6	1	7	12.4	12.5	1.06	0.41	0.29	0.27	3	1.05	10.4	10	88	98	71	100	98	98	4.46	4.54	4.39
250124	2	8	10.4	1	8	12.3	12.3	44.2	0.33	0.40	0.27	3	0.74	10.5	12	88	98	55	100	98	98	3.83	4.07	3.71
250124	2	9	10.7	1	7	11.6	11.6	50.5	0.47	0.38	0.27	1	0.84	10.6	11	91	88	80	100	98	98	4.11	4.21	4.02
250124	2	10	10.0	0	8	11.1	11.1	44.4	0.30	0.12	0.26	1	2.69	10.7	7	100	98	86	100	98	98	4.77	4.74	4.62
250124	3	1	10.9	1	4	11.7	11.7	1.47	0.17	0.22	0.21	3	1.44	10.7	12	100	98	98	100	98	98	3.56	3.60	3.54
250124	3	2	9.5	0	10	13.6	13.6	45.1	0.53	0.30	0.11	2	0.51	9.7	11	0	98	64	100	98	98	4.75	5.59	5.42
250124	3	3	10.4	1	12	11.2	11.2	1.14	0.28	0.21	0.14	1	0.62	10.4	11	100	98	98	100	98	98	4.16	4.63	4.63
250124	3	4	10.6	1	6	12.2	12.2	46.1	0.24	0.22	0.24	1	1.14	10.9	10	100	98	98	100	98	98	3.60	3.63	3.39
250124	3	5	10.5	1	4	11.4	23.9	1.52	0.29	0.21	0.18	1	0.88	10.7	1	100	98	98	100	98	98	5.04	5.12	4.88
250124	3	6	10.3	1	12	11.9	26.9	1.38	0.53	0.18	0.23	3	1.13	10.1	11	64	94	80	100	98	98	4.11	4.47	4.46
250124	3	7	10.0	0	9	13.5	13.5	44.2	0.30	0.20	0.20	1	0.88	10.3	10	85	98	95	100	98	98	3.10	3.48	3.08
250124	3	8	10.1	0	7	12.7	12.7	48.8	0.43	0.28	0.21	1	1.39	10.8	2	100	98	38	100	98	98	3.79	3.81	3.24
250124	3	9	9.9	0	9	12.8	20.7	1.49	0.36	0.30	0.27	1	1.69	10.5	10	91	97	56	100	98	98	4.18	4.28	4.16
250124	3	10	10.2	1	3	12.2	12.2	44.9	0.46	0.27	0.16	3	0.59	10.4	2	86	98	98	100	98	98	4.44	4.47	4.41
250124	4	1	10.8	1	7	11.8	11.8	43.4	0.30	0.18	0.21	3	0.81	10.7	11	100	98	98	100	98	98	3.94	4.07	3.85
250124	4	2	10.4	1	2	11.5	11.5	44.6	0.46	0.25	0.13	3	0.50	10.8	1	100	98	85	100	98	98	5.01	5.04	5.07
250124	4	3	10.7	1	4	10.8	10.8	39.6	0.49	0.24	0.19	3	1.37	10.6	1	85	88	86	100	98	98	4.20	4.25	4.20
250124	4	4	10.8	1	8	10.2	10.2	51.9	0.29	0.26	0.13	1	0.67	10.6	11	100	98	98	100	98	98	2.94	3.25	2.91
250124	4	5	10.4	1	8	10.9	10.9	47.0	0.37	0.17	0.34	3	1.22	10.5	2	89	98	50	100	98	98	4.65	4.74	4.62
250124	4	6	10.5	1	9	9.7	9.7	43.0	0.36	0.42	0.27	3	1.70	10.1	1	62	94	44	100	98	98	2.87	3.18	2.77
250124	4	7	10.4	1	11	10.6	10.6	44.4	0.34	0.21	0.11	3	0.48	10.3	11	89	98	98	100	98	98	3.94	4.17	4.12
250124	4	8	10.4	1	10	10.0	10.1	1.14	0.36	0.19	0.24	3	0.99	10.4	12	100	98	82	100	98	98	3.71	3.81	3.77
250124	4	9	10.3	1	11	9.2	9.2	43.5	0.33	0.31	0.24	3	1.01	10.2	12	70	98	98	100	98	98	3.08	3.33	3.30
250124	4	10	10.4	1	10	12.5	12.5	44.8	0.58	0.33	0.10	3	0.34	10.5	10	77	88	88	100	98	98	4.82	4.86	4.91
