Marko	Ilmakiv‰‰ri
Date	Series	Shot	Hit	X ring	Sector	On	Total	Int.(s)			Trigger			COG		Fine %			Rough %			Hold time (s)
						target	time 		dev X	dev Y	ATV	TIRE	RTV	Hit	Sector	Target	COG	Hit	Target	COG	Hit	Target	COG	Hit
230401	1	1	9.5	0	3	6.6	6.6	0.0	0.47	0.19	0.41	1	1.37	10.6	3	88	91	30	100	98	98	6.57	6.57	2.55
230401	1	2	9.2	0	2	3.7	3.7	36.3	0.63	0.31	0.51	1	1.71	10.3	12	67	82	14	100	98	76	2.79	2.83	2.21
230401	1	3	10.8	1	2	7.8	19.8	1.18	0.70	0.35	0.43	2	1.05	10.6	9	74	82	59	100	98	98	5.54	5.57	5.52
230401	1	4	10.4	1	3	4.8	4.8	30.9	0.72	0.53	0.25	2	0.55	10.7	9	77	73	65	100	98	85	2.82	2.73	4.58
230401	1	5	10.4	1	9	10.4	10.4	39.2	0.51	0.24	0.17	1	0.43	10.6	10	92	92	89	100	98	98	10.41	10.54	10.53
230401	1	6	9.2	0	9	10.6	10.6	43.0	0.59	0.26	0.18	2	0.42	9.3	9	12	89	91	68	98	98	3.08	2.27	2.25
230401	1	7	10.6	1	11	5.7	26.6	2.28	0.88	0.31	0.21	2	0.59	10.0	9	53	65	55	80	98	91	5.25	5.29	5.25
230401	1	8	9.9	0	8	7.5	7.5	30.5	0.92	0.32	0.30	2	0.55	10.0	8	45	58	47	80	98	98	5.08	2.64	2.64
230401	1	9	10.0	0	10	7.6	28.1	3.02	0.94	0.30	0.35	3	0.80	9.6	10	23	68	61	76	97	98	6.58	5.14	5.17
230401	1	10	9.4	0	3	6.6	6.6	5.31	1.03	0.45	0.51	2	1.23	10.7	3	39	39	38	100	98	67	2.50	2.52	4.56
230401	2	1	9.0	0	3	8.8	8.8	42.3	0.64	0.59	0.47	1	1.04	9.4	4	24	62	27	68	98	98	4.30	10.47	4.63
230401	2	2	10.0	0	6	8.7	19.4	1.22	0.46	0.48	0.40	3	1.28	9.9	7	35	92	76	100	98	98	7.17	7.14	7.17
230401	2	3	10.1	0	9	4.7	4.7	36.4	0.46	0.36	0.28	2	1.21	10.4	9	77	95	89	100	98	98	3.36	3.39	1.68
230401	2	4	9.5	0	3	12.2	12.2	36.2	0.70	0.49	0.19	1	0.35	10.8	2	73	68	21	100	98	79	4.98	13.98	7.05
230401	2	5	10.0	0	4	9.5	9.5	54.9	0.34	0.45	0.52	3	2.27	10.6	1	97	89	24	100	98	98	9.46	9.45	6.87
230401	2	6	9.7	0	7	10.2	21.3	1.22	0.76	0.46	0.39	1	1.21	10.0	8	44	61	68	94	98	98	2.88	2.85	2.83
230401	2	7	10.0	0	3	5.7	5.7	36.0	0.56	0.47	0.48	3	1.60	9.9	11	33	88	12	95	98	67	5.37	6.71	5.28
230401	2	8	9.6	0	10	6.0	14.2	1.13	0.24	0.36	0.33	1	1.58	10.0	10	47	98	88	100	98	98	6.03	6.03	6.01
230401	2	9	9.8	0	1	7.5	18.8	1.20	0.62	0.44	0.42	3	1.05	9.8	12	24	80	62	98	98	98	4.80	8.89	4.77
230401	2	10	9.5	0	8	8.8	20.3	1.17	0.39	0.49	0.41	2	1.29	10.0	10	29	94	20	100	98	92	2.64	7.75	2.21
230401	3	1	10.6	1	11	9.4	9.4	42.0	0.71	0.44	0.40	1	1.07	9.9	10	55	77	77	83	98	88	7.59	7.54	7.59
230401	3	2	9.7	0	2	8.4	8.4	30.6	0.73	0.45	0.75	2	1.56	10.0	11	29	67	17	100	98	73	8.43	9.95	8.31
230401	3	3	10.2	1	10	7.7	7.7	39.1	0.66	0.45	0.34	2	0.96	9.7	11	14	71	67	100	98	95	3.88	9.27	9.24
230401	3	4	10.4	1	12	5.5	5.5	21.8	0.52	0.74	0.20	3	0.40	10.3	11	42	68	61	100	98	98	5.54	5.50	5.50
230401	3	5	9.7	0	12	6.1	6.1	23.0	0.28	0.43	0.16	1	0.47	9.7	12	17	97	92	95	98	98	4.42	4.42	4.42
230401	3	6	10.0	0	1	5.4	5.4	35.3	0.40	0.39	0.39	3	0.98	10.3	12	70	98	79	100	98	98	2.00	2.49	2.50
230401	3	7	9.8	0	4	8.5	8.5	28.2	0.66	0.53	0.97	3	3.91	10.2	12	33	74	6	100	98	64	8.46	7.65	7.17
230401	3	8	10.7	1	9	10.1	10.1	43.5	0.63	0.39	0.38	3	0.96	9.8	11	29	79	26	92	98	98	10.05	10.17	10.06
230401	3	9	9.3	0	11	11.6	11.6	33.6	0.32	0.36	0.17	1	0.56	9.3	11	3	98	98	77	98	98	11.55	4.91	4.91
230401	3	10	9.2	0	10	10.5	10.5	39.7	0.35	0.50	0.41	1	0.96	10.0	11	55	89	38	100	98	98	7.33	7.46	10.59
230401	4	1	10.1	0	11	11.3	11.3	49.4	0.47	0.36	0.17	2	0.55	10.2	11	67	92	92	100	98	98	11.31	5.05	5.05
230401	4	2	10.4	1	9	13.9	13.9	39.3	0.96	0.64	0.30	1	0.90	10.8	2	53	48	62	91	94	86	13.94	2.82	13.94
230401	4	3	8.4	0	9	9.5	9.5	33.2	0.84	0.25	0.45	1	1.57	10.1	10	42	70	15	88	98	56	9.46	8.74	1.47
230401	4	4	9.4	0	11	9.4	9.4	55.5	0.61	0.54	0.28	2	0.82	9.7	11	24	82	83	88	98	97	2.54	9.87	9.87
230401	4	5	10.5	1	2	8.7	8.7	27.1	0.86	0.46	0.53	2	0.80	10.2	11	39	65	30	100	98	85	1.14	1.12	1.16
230401	4	6	9.4	0	11	8.1	8.1	27.6	1.04	0.68	0.37	2	0.62	10.1	1	30	15	36	91	98	70	2.76	2.77	3.09
230401	4	7	9.9	0	12	7.2	7.2	27.4	0.55	0.43	0.43	2	1.31	10.4	11	71	79	58	100	98	98	4.38	4.38	4.39
230401	4	8	9.7	0	1	8.9	8.9	34.2	0.96	0.82	0.66	2	1.69	10.1	11	29	30	35	88	98	62	7.02	2.02	2.33
230401	4	9	9.3	0	11	15.2	15.2	52.1	0.38	0.36	0.27	2	0.81	9.7	12	14	97	79	97	98	98	14.21	14.21	14.21
230401	4	10	9.2	0	9	8.8	18.2	1.03	0.75	0.40	0.34	1	0.87	10.3	8	53	74	39	100	98	85	3.38	3.31	1.47
