Aleksi N.	Ilmakiv‰‰ri
Date	Series	Shot	Hit	X ring	Sector	On	Total	Int.(s)			Trigger			COG		Fine %			Rough %			Hold time (s)
						target	time 		dev X	dev Y	ATV	TIRE	RTV	Hit	Sector	Target	COG	Hit	Target	COG	Hit	Target	COG	Hit
250125	1	1	9.8	0	9	11.5	11.5	0.0	0.60	0.27	0.70	1	2.61	10.5	12	77	86	21	100	98	83	11.46	11.47	6.43
250125	1	2	10.2	1	3	13.5	14.6	51.0	0.70	0.36	0.28	3	0.66	10.4	11	59	76	45	100	98	83	13.52	13.52	13.52
250125	1	3	9.5	0	11	7.5	23.2	1.08	0.34	0.34	0.45	1	1.18	10.5	12	86	95	11	100	98	98	4.59	4.59	4.53
250125	1	4	10.5	1	4	13.6	13.6	34.8	0.70	0.42	0.39	1	0.77	10.3	1	50	77	50	100	98	95	13.61	13.61	13.61
250125	1	5	10.5	1	10	14.6	14.6	38.2	0.55	0.32	0.29	3	1.16	10.2	1	53	92	56	100	98	97	13.50	13.50	12.09
250125	1	6	10.2	1	2	13.5	13.5	36.6	0.67	0.22	0.44	2	1.26	10.5	2	74	88	76	100	98	98	13.24	13.24	13.24
250125	1	7	9.6	0	9	13.8	13.8	44.8	0.43	0.26	0.47	3	1.36	10.1	10	56	98	50	100	98	98	13.63	13.63	9.26
250125	1	8	10.0	0	9	13.3	13.3	39.0	0.72	0.27	0.27	3	0.67	10.5	10	79	79	61	98	98	98	6.08	6.08	6.06
250125	1	9	10.2	1	10	16.1	63.8	2.40	0.76	0.32	0.72	3	1.63	10.1	2	44	74	32	100	98	62	1.73	1.80	1.70
250125	1	10	9.5	0	9	11.8	11.8	42.3	0.43	0.39	0.43	3	1.18	10.1	10	52	95	48	100	98	98	5.05	3.46	1.68
250125	2	1	10.3	1	2	8.8	8.8	27.2	0.56	0.27	0.17	3	0.34	10.6	11	91	92	67	100	98	95	3.31	3.31	10.12
250125	2	2	8.9	0	8	12.0	12.0	32.8	0.81	0.44	0.55	1	1.09	10.6	12	64	71	9	100	95	36	3.50	3.50	2.82
250125	2	3	9.8	0	3	10.6	10.6	42.7	0.58	0.24	0.58	1	1.54	10.7	12	92	92	38	100	98	98	2.81	11.84	11.91
250125	2	4	10.3	1	11	16.3	16.3	39.5	0.71	0.39	0.34	2	0.91	10.5	10	65	86	62	100	98	98	13.41	13.41	13.41
250125	2	5	10.4	1	3	9.2	21.9	1.06	0.51	0.24	0.32	2	0.93	10.8	6	94	91	79	100	98	98	4.32	4.32	4.37
250125	2	6	10.4	1	2	13.2	13.2	36.1	0.92	0.35	0.29	1	0.82	10.6	1	68	64	67	100	98	92	13.17	13.17	13.17
250125	2	7	9.2	0	4	14.5	14.5	36.9	1.01	0.26	0.56	1	2.08	10.2	7	48	61	26	91	94	64	12.68	10.89	0.85
250125	2	8	10.5	1	9	14.2	14.2	41.8	0.63	0.28	0.50	2	1.23	10.3	2	71	80	27	100	98	88	13.24	13.24	10.80
250125	2	9	10.4	1	12	16.4	30.2	1.21	0.43	0.19	0.33	3	1.07	9.9	11	42	95	73	100	98	98	8.97	8.84	8.97
250125	2	10	10.4	1	1	9.7	9.7	31.5	0.61	0.24	0.24	2	0.59	10.3	1	70	86	83	100	98	98	9.66	9.71	9.68
250125	3	1	10.4	1	8	10.4	10.4	1.21	0.42	0.15	0.39	1	1.41	10.8	4	100	98	74	100	98	98	10.43	10.41	10.41
250125	3	2	9.5	0	10	10.6	24.2	1.20	0.76	0.35	0.20	2	0.50	10.2	10	21	80	67	100	98	91	10.59	6.39	6.34
250125	3	3	8.7	0	8	13.7	13.7	1.00	1.11	0.41	0.59	3	1.16	10.3	6	29	39	24	100	98	50	13.17	13.17	3.51
250125	3	4	10.6	1	5	12.0	21.8	1.42	0.56	0.44	0.46	3	1.11	10.5	8	65	89	61	100	98	98	6.09	2.64	6.06
250125	3	5	10.4	1	8	7.9	7.9	28.5	0.73	0.44	0.16	1	0.38	10.8	3	79	79	67	100	98	85	7.68	7.68	7.53
250125	3	6	9.8	0	8	10.0	10.0	27.2	0.66	0.29	0.41	1	1.23	10.5	8	73	83	67	100	98	95	9.99	9.96	9.95
250125	3	7	9.9	0	10	18.7	18.7	43.6	0.63	0.26	0.41	3	1.27	10.4	10	64	85	71	100	98	98	13.26	11.21	11.19
250125	3	8	9.3	0	3	13.0	30.6	1.21	0.78	0.21	0.71	1	3.09	10.7	4	77	79	17	100	95	83	11.69	11.70	12.00
250125	3	9	10.0	0	6	15.0	15.0	38.6	0.61	0.16	0.42	1	1.49	10.0	6	21	88	86	100	98	98	13.54	13.54	13.54
250125	3	10	8.9	0	10	8.8	21.0	1.00	0.75	0.67	0.49	1	0.97	10.9	12	73	70	15	100	98	33	8.62	8.62	1.32
250125	4	1	9.6	0	8	11.1	24.8	12.47	1.02	0.50	0.45	3	0.66	10.6	8	42	53	39	92	98	79	9.77	9.21	1.35
250125	4	2	10.6	1	10	11.4	11.4	32.4	0.60	0.38	0.22	3	0.46	10.6	9	83	88	89	100	98	98	11.40	11.38	11.38
250125	4	3	10.3	1	4	13.4	13.4	37.7	0.43	0.39	0.31	2	1.09	10.7	12	88	95	48	100	98	98	13.38	13.38	13.38
250125	4	4	9.6	0	7	11.5	11.5	33.8	0.84	0.59	0.35	1	0.74	10.7	3	65	52	18	100	98	77	7.77	7.79	7.74
250125	4	5	9.6	0	6	11.6	11.6	40.6	0.23	0.17	0.21	1	0.90	10.0	6	53	98	98	100	98	98	11.55	11.49	10.71
250125	4	6	10.0	0	8	14.1	24.0	1.12	0.61	0.30	0.21	1	0.52	10.1	9	55	83	55	100	98	98	13.29	13.29	13.29
250125	4	7	9.0	0	9	13.4	13.4	39.9	0.67	0.31	0.47	1	1.33	10.1	8	55	88	38	100	98	86	5.00	4.96	4.92
250125	4	8	10.1	0	9	11.0	11.0	33.0	0.66	0.24	0.34	2	0.75	10.6	3	80	79	48	100	98	80	10.99	10.98	6.09
250125	4	9	9.4	0	9	11.3	22.6	1.00	0.80	0.67	0.31	1	0.83	10.1	11	27	50	47	95	98	70	11.36	12.16	4.16
250125	4	10	9.9	0	1	11.3	11.3	26.3	0.68	0.18	0.20	2	0.36	10.2	1	52	79	82	100	98	98	11.31	11.70	11.71
