Aleksi N.	Ilmakiv‰‰ri
Date	Series	Shot	Hit	X ring	Sector	On	Total	Int.(s)			Trigger			COG		Fine %			Rough %			Hold time (s)
						target	time 		dev X	dev Y	ATV	TIRE	RTV	Hit	Sector	Target	COG	Hit	Target	COG	Hit	Target	COG	Hit
250329	1	1	9.8	0	4	10.2	10.2	0.0	0.80	0.39	0.54	3	1.65	10.4	9	59	67	15	100	98	65	10.24	9.03	1.91
250329	1	2	9.1	0	10	10.0	10.0	46.3	1.08	0.22	0.28	1	0.54	9.5	11	0	44	55	65	98	76	6.76	2.42	1.57
250329	1	3	10.2	1	5	9.4	9.4	1.09	0.40	0.24	0.28	2	0.87	10.2	3	62	98	61	100	98	98	9.06	9.06	8.88
250329	1	4	10.7	1	8	13.1	13.1	43.0	0.69	0.81	0.42	2	1.15	10.2	2	55	61	47	86	94	85	13.05	13.05	13.05
250329	1	5	10.3	1	10	13.1	13.1	54.9	0.96	0.56	0.28	3	0.83	9.6	12	14	35	32	77	98	71	12.81	13.32	9.07
250329	1	6	10.1	0	10	10.9	22.4	1.33	0.73	0.24	0.51	1	1.79	10.3	2	79	77	41	95	98	80	10.92	11.27	7.11
250329	1	7	10.8	1	6	10.3	10.3	47.2	0.62	0.27	0.52	2	1.64	9.8	10	39	86	36	86	98	86	6.09	8.38	6.06
250329	1	8	10.1	0	11	8.3	8.3	42.0	0.57	0.46	0.25	2	0.60	9.8	11	53	85	73	82	98	98	7.96	8.09	8.01
250329	1	9	9.5	0	9	10.9	10.9	46.8	0.48	0.36	0.16	3	0.55	9.3	10	6	98	79	67	98	98	9.90	2.01	2.02
250329	1	10	7.8	0	9	7.1	7.1	51.4	0.63	0.17	0.50	1	1.33	9.5	9	29	89	6	80	98	61	7.08	5.03	2.52
250329	2	1	8.8	0	1	11.7	27.1	2.17	1.23	0.38	0.87	2	1.34	9.8	12	0	36	35	89	98	58	7.98	7.98	5.55
250329	2	2	9.5	0	9	8.7	8.7	1.06	0.84	0.38	0.25	1	0.56	9.2	9	6	53	42	61	98	98	8.73	6.06	6.08
250329	2	3	10.3	1	12	8.6	8.6	56.0	0.35	0.15	0.38	3	1.38	10.2	10	71	98	68	100	98	98	5.83	5.80	5.83
250329	2	4	9.9	0	2	9.3	9.3	43.2	0.48	0.23	0.43	3	1.91	10.2	12	79	91	24	100	98	98	7.63	7.71	7.61
250329	2	5	9.4	0	2	11.1	11.1	46.5	0.50	0.34	0.40	1	1.38	10.1	1	50	98	61	100	98	98	2.15	11.16	10.04
250329	2	6	8.1	0	9	10.3	10.3	1.19	0.89	0.16	0.45	1	1.92	9.5	10	24	80	24	74	98	55	3.57	3.51	3.44
250329	2	7	9.2	0	10	11.9	11.9	1.53	0.37	0.23	0.57	1	2.11	10.2	11	67	95	24	100	98	98	6.75	9.29	2.25
250329	2	8	7.0	0	10	8.5	8.5	42.6	0.83	0.28	0.50	1	1.35	9.2	10	0	83	12	73	95	27	8.49	7.50	2.01
250329	2	9	9.1	0	1	10.2	10.2	10.04	1.20	0.28	0.52	3	1.36	8.7	10	0	61	9	33	88	21	0.90	4.93	0.82
250329	2	10	9.0	0	9	9.6	9.6	1.16	0.92	0.17	0.15	1	0.38	10.0	10	42	59	56	91	98	77	8.25	8.28	8.16
250329	3	1	9.7	0	9	9.0	9.0	51.9	0.50	0.16	0.38	1	1.60	10.7	10	88	91	41	100	98	98	8.58	8.58	8.56
250329	3	2	9.1	0	9	9.0	9.0	40.1	0.81	0.19	0.60	1	1.88	10.0	11	45	71	26	91	98	77	7.16	7.18	6.95
250329	3	3	10.0	0	10	10.5	13.3	1.07	0.50	0.16	0.25	1	0.88	10.7	11	98	92	70	100	98	98	9.51	9.66	9.13
250329	3	4	10.2	1	1	6.0	6.0	39.2	0.65	0.21	0.44	3	1.78	10.0	12	27	85	64	100	98	98	4.59	4.93	4.86
250329	3	5	9.6	0	8	9.9	9.9	39.5	0.33	0.23	0.40	3	1.96	10.4	9	83	98	58	100	98	98	9.88	9.86	6.43
250329	3	6	9.2	0	2	12.5	12.5	40.2	0.67	0.18	0.56	1	1.29	9.6	2	20	85	70	91	98	97	12.54	12.54	5.52
250329	3	7	10.0	0	3	12.2	12.2	42.4	0.95	0.23	0.18	1	0.43	10.4	7	59	58	32	94	98	80	11.52	11.47	10.19
250329	3	8	8.9	0	9	9.0	22.7	1.15	0.92	0.29	0.90	1	2.33	10.5	8	65	56	27	95	98	61	5.89	10.32	1.54
250329	3	9	10.6	1	10	12.6	12.6	50.3	0.45	0.35	0.39	3	1.09	10.2	1	68	97	61	100	98	98	11.62	11.62	12.87
250329	3	10	8.9	0	3	7.3	7.3	33.9	1.10	0.34	0.23	1	0.46	9.9	2	36	53	45	82	98	68	7.33	7.83	7.75
250329	4	1	10.7	1	9	13.3	13.3	53.8	0.54	0.20	0.47	1	3.46	10.5	1	86	88	89	100	98	98	13.29	13.29	13.29
250329	4	2	9.2	0	9	10.1	10.1	38.0	0.88	0.20	0.34	3	0.92	9.7	10	17	76	73	82	95	89	8.55	7.05	2.92
250329	4	3	9.6	0	9	8.5	8.5	41.2	1.38	0.40	0.43	3	0.88	10.4	11	33	50	53	80	85	76	1.57	1.56	0.96
250329	4	4	10.1	0	9	10.7	11.0	44.8	0.33	0.20	0.45	1	1.51	10.6	7	100	98	65	100	98	98	3.38	3.33	3.29
250329	4	5	10.4	1	12	10.5	10.5	46.9	0.41	0.56	0.48	2	1.28	10.1	11	48	97	61	100	98	98	9.27	9.29	9.27
250329	4	6	9.6	0	12	11.6	12.2	40.0	0.79	0.17	0.15	2	0.47	10.0	12	41	80	82	94	97	95	6.33	6.32	6.33
250329	4	7	9.9	0	10	10.6	10.6	41.7	0.24	0.28	0.24	3	0.82	9.4	9	0	98	71	98	98	98	10.56	1.43	1.49
250329	4	8	10.2	1	1	9.1	9.5	42.7	0.32	0.43	0.23	3	0.67	10.1	2	48	98	97	100	98	98	3.36	7.51	7.50
250329	4	9	10.2	1	11	14.8	14.8	44.4	0.47	0.47	0.29	3	1.01	9.3	12	3	82	44	77	98	98	13.50	13.50	13.50
250329	4	10	9.0	0	10	10.9	10.9	36.8	0.85	0.31	0.33	1	1.03	10.2	11	35	67	18	100	98	79	10.88	10.96	7.32
