Aleksi N.	Ilmakiv‰‰ri
Date	Series	Shot	Hit	X ring	Sector	On	Total	Int.(s)			Trigger			COG		Fine %			Rough %			Hold time (s)
						target	time 		dev X	dev Y	ATV	TIRE	RTV	Hit	Sector	Target	COG	Hit	Target	COG	Hit	Target	COG	Hit
241123	1	1	10.8	1	8	11.7	11.7	0.0	1.10	0.24	0.40	2	0.74	10.8	10	45	47	48	100	92	92	11.69	11.69	11.56
241123	1	2	10.3	1	4	8.0	8.0	28.6	0.35	0.25	0.24	2	0.91	10.7	2	100	98	88	100	98	98	8.00	8.01	8.00
241123	1	3	10.6	1	3	7.4	7.4	29.0	0.66	0.35	0.17	3	0.43	10.1	3	50	91	62	97	98	98	7.39	7.67	7.65
241123	1	4	10.9	1	6	8.6	8.6	28.9	0.56	0.25	0.22	3	0.61	10.3	9	68	89	67	100	98	98	8.14	8.12	8.14
241123	1	5	10.7	1	12	11.1	11.1	31.7	0.51	0.21	0.19	2	0.77	10.5	1	86	89	94	100	98	98	9.16	12.69	9.20
241123	1	6	10.4	1	10	11.3	11.3	32.3	0.63	0.45	0.38	2	1.34	10.7	1	83	82	62	100	98	98	2.29	2.29	2.22
241123	1	7	9.4	0	2	7.2	7.2	26.0	0.55	0.21	0.23	1	0.74	9.7	2	27	97	77	97	98	98	2.17	2.22	2.27
241123	1	8	9.8	0	12	13.4	13.4	38.9	0.70	0.22	0.19	3	0.36	9.7	11	18	85	80	86	98	94	13.44	13.44	13.44
241123	1	9	9.7	0	1	7.2	7.2	33.4	0.55	0.40	0.17	2	0.39	10.3	12	58	91	62	100	98	98	6.53	6.71	6.99
241123	1	10	9.1	0	11	13.8	13.8	45.6	0.73	0.33	0.23	1	0.69	9.9	12	27	71	32	97	98	88	3.13	3.15	3.10
241123	2	1	10.0	0	2	7.0	7.0	37.2	0.59	0.26	0.29	1	0.77	9.7	2	33	88	85	86	98	98	6.96	7.11	7.09
241123	2	2	9.9	0	10	9.1	9.1	34.8	1.05	0.29	0.33	2	0.95	10.2	10	35	59	79	100	91	88	9.06	6.29	6.25
241123	2	3	9.3	0	10	15.0	29.7	1.29	0.64	0.27	0.58	1	2.04	9.3	11	5	88	64	71	98	98	4.56	13.71	10.24
241123	2	4	10.8	1	4	13.9	28.4	1.26	0.45	0.28	0.32	2	0.84	10.6	8	89	98	83	100	98	98	12.93	12.93	12.93
241123	2	5	9.9	0	10	7.8	7.8	32.3	0.39	0.20	0.28	1	0.95	10.5	12	98	98	70	100	98	98	4.93	4.92	4.91
241123	2	6	9.9	0	1	7.7	7.7	28.6	0.60	0.21	0.30	1	0.93	10.3	12	64	95	74	100	98	98	7.70	7.74	7.75
241123	2	7	10.4	1	11	13.1	13.1	39.3	0.71	0.55	0.33	3	0.71	10.5	12	67	71	73	97	98	98	13.11	13.20	13.12
241123	2	8	8.6	0	10	14.5	14.5	40.6	0.62	0.29	0.81	2	2.85	10.2	11	61	86	5	98	98	70	11.47	11.43	4.80
241123	2	9	10.4	1	11	10.7	10.7	56.1	0.92	0.24	0.23	3	0.55	10.1	9	65	68	71	77	98	86	6.18	6.13	6.17
241123	2	10	10.3	1	11	9.9	9.9	31.9	0.47	0.21	0.35	1	0.85	10.1	11	58	98	92	100	98	98	5.36	5.28	5.29
241123	3	1	10.5	1	11	7.3	21.3	1.07	0.39	0.21	0.15	3	0.46	10.5	12	91	92	94	100	98	98	4.89	4.89	4.88
241123	3	2	9.1	0	11	15.7	30.5	1.20	0.36	0.25	0.17	1	0.56	9.6	11	0	98	94	100	98	98	13.37	12.69	12.66
241123	3	3	9.5	0	11	9.8	9.8	37.7	0.39	0.39	0.39	3	1.35	9.6	1	2	97	23	94	98	98	9.78	10.77	7.95
241123	3	4	10.2	1	11	9.2	9.2	30.2	0.29	0.24	0.21	3	0.79	10.3	10	79	98	95	100	98	98	1.97	1.95	1.95
241123	3	5	10.0	0	12	10.6	10.6	40.0	0.65	0.25	0.20	3	0.49	10.2	12	53	88	88	100	98	98	5.70	5.71	5.71
241123	3	6	10.0	0	1	13.8	13.8	41.4	0.73	0.45	0.41	3	0.83	10.3	10	56	68	24	92	98	83	2.71	13.39	2.69
241123	3	7	10.0	0	3	8.0	8.0	34.9	0.37	0.31	0.45	3	1.82	10.5	11	98	95	20	100	98	98	7.95	7.95	7.96
241123	3	8	9.9	0	10	12.8	12.8	49.7	0.48	0.38	0.49	1	1.67	9.8	10	27	91	79	95	98	98	12.86	12.86	12.82
241123	3	9	10.5	1	12	11.8	11.8	42.1	0.72	0.34	0.61	3	1.89	10.0	11	42	77	68	95	98	98	6.88	6.84	6.87
241123	3	10	9.9	0	2	12.3	12.3	37.7	0.57	0.28	0.31	1	1.27	10.1	12	47	91	59	100	98	94	12.27	12.30	2.87
241123	4	1	9.9	0	9	7.9	7.9	33.6	0.27	0.24	0.20	2	0.71	10.1	9	71	98	98	100	98	98	7.92	6.54	6.53
241123	4	2	9.7	0	9	12.9	12.9	41.4	0.39	0.34	0.32	3	1.09	10.3	11	71	98	52	100	98	98	12.73	12.73	8.47
241123	4	3	10.2	1	2	17.8	31.8	1.32	0.44	0.23	0.24	1	0.80	10.5	1	91	98	94	100	98	98	13.32	13.32	11.94
241123	4	4	10.1	0	12	13.6	13.6	38.2	0.46	0.22	0.39	3	1.28	10.4	11	92	94	91	98	98	98	13.61	13.61	13.61
241123	4	5	10.5	1	11	11.2	11.2	36.2	0.57	0.23	0.47	1	1.89	10.8	11	89	91	85	100	98	98	11.23	11.23	11.23
241123	4	6	9.7	0	10	12.6	25.2	1.15	0.53	0.54	0.42	1	1.42	10.8	1	85	82	44	100	98	82	12.64	12.66	8.00
241123	4	7	8.2	0	3	12.2	12.2	35.9	0.80	0.30	0.34	1	0.63	9.2	2	9	79	55	62	98	80	12.22	7.16	2.21
241123	4	8	9.7	0	2	13.8	13.8	57.1	0.44	0.31	0.33	3	1.11	9.6	1	0	98	61	100	98	98	2.35	13.59	13.59
241123	4	9	10.3	1	10	15.3	15.3	40.2	0.75	0.47	0.24	3	0.36	10.1	10	30	71	65	95	98	98	9.97	6.58	6.60
241123	4	10	10.2	1	11	12.9	12.9	44.9	0.55	0.57	0.48	1	1.53	10.4	12	68	77	64	100	98	98	12.93	12.95	8.04
