Aleksi N.	Ilmakiv‰‰ri
Date	Series	Shot	Hit	X ring	Sector	On	Total	Int.(s)			Trigger			COG		Fine %			Rough %			Hold time (s)
						target	time 		dev X	dev Y	ATV	TIRE	RTV	Hit	Sector	Target	COG	Hit	Target	COG	Hit	Target	COG	Hit
251003	1	1	10.0	0	9	6.4	6.4	0.0	0.36	0.44	0.21	2	0.55	9.9	9	30	95	89	100	98	98	6.21	6.36	6.18
251003	1	2	10.0	0	11	13.6	13.6	44.9	0.50	0.33	0.25	1	0.87	10.1	12	52	98	97	100	98	98	13.62	13.62	13.62
251003	1	3	10.2	1	8	11.3	11.3	1.38	0.39	0.53	0.28	3	0.97	9.6	9	6	98	58	92	98	98	11.29	10.01	11.16
251003	1	4	10.4	1	12	9.5	9.5	45.6	0.25	0.17	0.44	1	3.36	9.8	11	24	98	86	100	98	98	5.46	5.64	5.58
251003	1	5	10.3	1	2	5.9	6.8	42.1	0.82	0.20	0.36	3	1.00	10.5	2	56	77	74	100	98	98	5.25	5.28	5.34
251003	1	6	10.4	1	4	11.6	11.6	47.5	0.76	0.27	0.14	2	0.34	10.7	2	71	73	61	100	98	98	10.81	10.83	10.77
251003	1	7	10.3	1	1	9.3	9.3	1.07	0.46	0.16	0.28	3	0.90	10.5	12	91	98	91	100	98	98	7.77	7.80	7.80
251003	1	8	9.2	0	10	10.2	23.0	1.36	0.81	0.25	0.38	2	1.04	9.9	12	11	80	18	100	98	52	5.00	5.00	4.84
251003	1	9	10.1	0	4	9.1	9.1	1.03	0.86	0.27	0.66	2	1.36	10.5	8	58	61	36	100	98	71	3.60	3.56	9.72
251003	1	10	10.8	1	10	10.6	10.6	56.7	0.60	0.35	0.37	2	1.15	10.4	10	70	89	85	100	98	98	9.16	9.12	9.16
251003	2	1	10.3	1	3	8.4	8.4	49.0	0.71	0.25	0.52	3	1.68	10.6	7	70	71	48	100	98	98	7.75	7.72	7.75
251003	2	2	10.4	1	2	11.0	11.0	53.0	0.50	0.27	0.33	3	1.30	9.4	2	6	97	56	82	98	98	4.88	3.88	4.91
251003	2	3	10.2	1	12	16.1	16.1	59.1	0.90	0.41	0.38	2	0.85	10.1	12	42	73	68	89	95	92	13.72	13.72	13.72
251003	2	4	10.8	1	7	12.7	23.8	2.17	0.45	0.16	0.25	1	0.79	10.8	8	100	98	98	100	98	98	12.72	12.69	12.69
251003	2	5	10.1	0	2	8.0	8.0	49.5	0.45	0.42	0.37	3	1.44	9.9	12	38	92	29	98	98	98	3.38	5.24	4.98
251003	2	6	10.6	1	1	10.5	10.5	57.6	0.30	0.15	0.19	3	0.55	10.3	9	85	98	73	100	98	98	10.48	10.52	10.53
251003	2	7	10.6	1	11	12.3	12.3	52.2	0.52	0.25	0.15	3	0.49	10.0	11	41	95	74	100	98	98	12.35	12.39	12.36
251003	2	8	9.4	0	10	10.3	10.3	1.46	1.16	0.15	0.20	1	0.61	10.3	11	55	32	39	92	98	58	8.12	8.31	6.30
251003	2	9	8.0	0	10	10.3	10.8	1.09	0.51	0.43	0.24	1	0.87	9.4	10	9	86	3	86	98	79	5.31	10.34	5.97
251003	2	10	10.0	0	1	7.9	7.9	1.18	0.47	0.24	0.48	3	1.54	9.9	11	27	98	45	100	98	98	7.93	8.01	8.05
251003	3	1	10.0	0	11	5.3	5.3	45.1	0.55	0.36	0.41	2	1.18	10.0	12	35	98	86	100	98	98	3.09	3.57	3.57
251003	3	2	9.8	0	2	9.0	9.0	1.01	1.03	0.25	0.46	1	1.36	10.2	1	41	41	39	91	98	98	8.04	8.22	8.23
251003	3	3	9.9	0	2	9.3	9.3	49.6	0.90	0.20	0.17	1	0.47	10.5	11	65	64	55	100	98	74	8.09	8.38	8.05
251003	3	4	9.2	0	8	6.9	6.9	52.7	0.27	0.58	0.19	1	0.68	10.1	9	53	97	38	100	98	95	5.97	6.06	5.12
251003	3	5	10.1	0	10	10.2	10.2	54.5	0.55	0.22	0.23	3	0.58	9.7	10	33	91	98	100	98	98	1.71	10.66	10.53
251003	3	6	9.4	0	2	13.4	13.4	1.05	0.40	0.27	0.41	1	1.63	10.6	2	91	92	15	100	98	98	13.17	13.50	6.87
251003	3	7	9.5	0	5	7.7	7.7	56.9	1.05	0.61	0.64	3	1.87	10.2	8	21	55	11	95	91	39	2.88	2.87	1.43
251003	3	8	10.5	1	11	8.5	8.5	1.44	0.95	0.37	0.35	3	0.82	10.4	10	45	59	47	97	98	98	5.49	5.47	5.50
251003	3	9	10.0	0	12	12.2	12.2	43.8	0.58	0.19	0.09	3	0.25	10.1	12	52	88	85	100	98	98	12.21	12.27	12.30
251003	3	10	9.8	0	10	10.9	10.9	47.9	0.73	0.16	0.26	3	0.55	10.2	10	73	83	62	92	98	98	10.89	10.88	10.89
251003	4	1	9.8	0	9	6.9	6.9	49.4	0.53	0.38	0.12	1	0.59	10.4	10	65	89	76	100	98	97	6.93	6.95	6.75
251003	4	2	9.8	0	9	4.8	4.8	34.9	0.61	0.27	0.58	1	2.52	10.1	11	52	89	48	100	98	98	2.35	2.38	2.29
251003	4	3	9.9	0	12	9.4	9.4	46.1	0.78	0.38	0.25	3	0.58	9.4	10	15	67	32	77	98	76	2.42	1.84	2.43
251003	4	4	10.3	1	9	10.0	21.2	1.43	0.43	0.38	0.16	3	0.34	9.9	10	50	95	59	97	98	98	9.97	9.97	9.96
251003	4	5	10.1	0	12	8.0	8.0	38.7	0.25	0.27	0.16	3	0.54	10.0	12	44	98	98	100	98	98	7.79	8.13	8.13
251003	4	6	9.8	0	10	10.6	10.6	41.1	0.38	0.31	0.19	2	0.74	9.9	10	32	98	80	95	98	98	8.76	7.92	7.16
251003	4	7	10.3	1	7	8.7	18.6	1.19	0.50	0.27	0.50	3	1.21	9.7	9	33	94	41	94	98	95	7.28	2.37	7.16
251003	4	8	10.2	1	11	6.4	6.4	33.1	0.72	0.24	0.18	2	0.46	10.3	11	80	74	74	98	98	98	6.06	6.09	6.11
251003	4	9	9.5	0	12	12.2	21.4	1.21	0.43	0.22	0.23	3	0.79	9.2	12	0	95	89	89	98	98	12.18	12.69	12.69
251003	4	10	9.2	0	11	10.2	10.2	39.6	1.15	0.26	0.17	1	0.41	9.4	12	0	33	41	58	98	64	8.19	8.16	8.23
