Marko	Ilmakiv‰‰ri
Date	Series	Shot	Hit	X ring	Sector	On	Total	Int.(s)			Trigger			COG		Fine %			Rough %			Hold time (s)
						target	time 		dev X	dev Y	ATV	TIRE	RTV	Hit	Sector	Target	COG	Hit	Target	COG	Hit	Target	COG	Hit
260123	1	1	9.0	0	2	5.5	5.5	0.0	0.74	0.18	0.32	1	0.66	9.3	1	0	77	79	65	98	98	3.84	4.93	4.93
260123	1	2	9.3	0	2	6.2	6.2	39.7	0.61	0.26	0.37	3	0.79	9.3	2	14	82	91	76	98	98	4.37	4.83	4.89
260123	1	3	10.4	1	2	6.0	6.0	31.7	0.72	0.53	0.37	2	0.78	9.8	12	30	76	44	92	98	92	3.31	3.39	3.33
260123	1	4	10.2	1	9	6.3	6.3	34.4	0.46	0.33	0.37	2	1.48	10.2	11	65	94	35	98	98	98	5.46	5.85	5.42
260123	1	5	8.9	0	2	6.0	6.0	32.3	0.56	0.18	0.27	2	0.81	9.6	1	0	91	42	100	98	91	5.22	5.38	5.33
260123	1	6	9.7	0	2	6.6	6.6	1.05	0.57	0.37	0.22	2	0.54	9.6	2	14	91	61	100	98	98	5.28	5.49	5.40
260123	1	7	8.9	0	2	11.4	25.0	2.26	0.88	0.17	0.19	1	0.75	10.1	1	44	64	26	95	98	70	9.02	9.03	1.51
260123	1	8	10.3	1	5	8.6	8.9	56.9	0.36	0.24	0.20	3	0.78	10.2	3	67	98	98	100	98	98	8.55	8.84	8.73
260123	1	9	7.3	0	3	8.9	8.9	1.36	0.66	0.21	0.64	1	2.29	9.0	3	0	86	15	59	98	58	8.89	9.42	3.18
260123	1	10	9.5	0	3	7.0	7.0	1.13	0.54	0.25	0.22	1	0.75	10.4	2	67	95	52	100	98	97	6.96	7.50	7.50
260123	2	1	9.4	0	1	8.7	8.7	1.44	0.57	0.21	0.23	2	0.85	9.3	1	0	94	98	67	98	98	8.23	8.88	8.88
260123	2	2	10.1	0	12	12.3	12.3	42.5	0.77	0.24	0.25	3	0.67	10.2	11	62	88	82	95	98	98	12.35	12.79	12.87
260123	2	3	10.2	1	3	7.9	7.9	32.5	0.49	0.18	0.37	1	0.97	9.8	3	38	98	91	100	98	98	7.88	7.95	7.91
260123	2	4	9.5	0	1	11.8	11.8	36.6	0.55	0.35	0.38	1	1.24	9.5	1	6	92	88	77	98	98	11.78	12.11	12.11
260123	2	5	10.2	1	1	9.1	9.1	40.1	0.44	0.16	0.19	3	0.50	9.8	1	15	98	91	100	98	98	9.12	9.42	9.40
260123	2	6	9.2	0	2	12.6	12.6	42.1	0.73	0.23	0.77	2	1.55	10.3	12	67	77	14	100	98	55	12.64	12.95	1.57
260123	2	7	9.0	0	2	13.0	13.0	43.3	0.81	0.19	0.63	1	1.43	9.7	1	6	77	44	95	98	82	12.96	6.88	6.78
260123	2	8	9.5	0	12	10.7	26.3	1.37	0.79	0.25	0.52	3	1.60	9.1	1	0	73	52	62	98	79	10.65	11.04	10.83
260123	2	9	8.5	0	1	12.4	12.4	40.7	1.23	0.27	0.48	1	1.18	8.9	1	0	33	35	35	92	70	12.44	13.06	13.06
260123	2	10	9.6	0	1	6.6	6.6	35.1	0.48	0.17	0.31	2	1.43	9.8	1	26	91	88	100	98	98	3.72	3.81	3.85
260123	3	1	9.7	0	12	10.6	10.6	1.17	0.70	0.19	0.26	2	0.78	9.3	1	0	80	67	70	98	86	10.61	10.61	10.63
260123	3	2	9.7	0	1	7.6	7.6	34.0	0.69	0.27	0.19	3	0.53	9.6	1	8	73	68	85	98	98	5.88	6.97	6.97
260123	3	3	9.2	0	1	10.6	10.6	36.4	0.39	0.24	0.30	3	1.24	9.3	1	0	97	95	91	98	98	9.79	13.15	13.15
260123	3	4	8.7	0	1	8.5	8.5	40.1	0.74	0.35	0.36	2	0.71	8.8	1	0	67	70	32	98	98	1.97	9.20	9.20
260123	3	5	9.4	0	11	4.2	4.2	24.6	0.36	0.26	0.39	1	1.85	9.6	12	12	98	77	100	98	98	2.82	2.83	2.81
260123	3	6	9.1	0	1	10.2	10.2	37.3	0.49	0.39	0.22	2	0.52	8.6	1	0	92	74	33	98	98	3.02	1.40	1.43
260123	3	7	8.8	0	1	8.3	8.3	34.6	0.85	0.22	0.19	1	0.43	9.5	1	0	61	53	79	98	88	5.36	5.43	9.06
260123	3	8	10.0	0	12	8.0	8.0	33.4	1.25	0.34	0.33	3	0.70	9.0	1	0	45	23	44	86	74	7.98	9.15	8.46
260123	3	9	8.5	0	2	11.1	11.1	41.4	0.94	0.21	0.59	1	2.13	9.5	2	29	77	26	82	92	89	0.99	13.11	6.17
260123	3	10	9.1	0	12	8.4	8.4	37.1	1.20	0.27	0.18	3	0.29	8.9	12	0	58	56	33	86	85	3.69	3.67	3.71
260123	4	1	9.4	0	1	7.6	7.6	36.9	0.77	0.32	0.26	1	0.68	10.1	12	42	76	59	100	98	89	3.96	4.49	6.78
260123	4	2	8.8	0	1	9.4	9.4	29.2	0.41	0.36	0.44	1	1.16	9.9	1	39	91	12	97	98	94	9.45	9.75	7.79
260123	4	3	9.1	0	1	10.9	10.9	35.0	0.63	0.22	0.27	3	0.71	8.8	1	0	88	74	21	98	98	2.37	2.37	2.37
260123	4	4	8.4	0	2	8.5	8.5	30.4	1.05	0.21	0.22	2	0.71	9.1	2	27	33	58	47	98	83	1.65	1.77	1.81
260123	4	5	9.6	0	11	10.3	10.3	42.7	0.70	0.32	0.24	1	0.74	9.6	12	12	83	89	82	98	98	10.29	10.26	10.26
260123	4	6	9.5	0	2	10.3	10.3	35.4	0.99	0.20	0.34	3	0.79	9.4	1	11	65	56	70	98	98	4.09	4.17	4.17
260123	4	7	9.7	0	2	9.7	9.7	38.5	0.87	0.34	0.36	2	0.79	9.4	1	6	62	35	68	98	94	9.72	9.95	9.93
260123	4	8	8.4	0	2	8.3	8.3	30.8	1.08	0.28	0.25	1	0.50	8.1	2	0	50	48	21	98	85	0.77	8.46	8.55
260123	4	9	9.6	0	11	7.8	15.2	1.10	0.92	0.18	0.36	2	0.91	9.6	11	0	67	70	91	98	88	4.12	4.12	3.66
260123	4	10	8.1	0	2	10.2	10.2	30.5	1.05	0.20	0.26	1	1.13	8.9	1	0	65	23	17	98	36	10.20	10.90	1.00
