Anna P.	Ilmakiv‰‰ri
Date	Series	Shot	Hit	X ring	Sector	On	Total	Int.(s)			Trigger			COG		Fine %			Rough %			Hold time (s)
						target	time 		dev X	dev Y	ATV	TIRE	RTV	Hit	Sector	Target	COG	Hit	Target	COG	Hit	Target	COG	Hit
250126	1	1	10.3	1	4	4.6	4.6	0.0	0.57	0.62	0.56	3	1.31	10.7	3	61	76	64	100	98	98	2.16	2.16	2.01
250126	1	2	10.2	1	7	4.4	4.4	28.1	0.52	0.44	0.38	1	1.05	10.6	11	80	91	44	100	98	98	1.91	2.02	1.88
250126	1	3	10.1	0	5	4.4	4.4	30.2	0.57	0.32	0.18	1	0.50	10.4	3	80	88	64	100	98	98	2.13	2.13	1.89
250126	1	4	10.0	0	2	6.6	6.9	34.0	0.51	0.31	0.57	3	1.34	10.4	3	70	94	88	100	98	98	5.38	5.38	5.42
250126	1	5	10.5	1	2	3.4	3.4	27.7	0.40	0.90	0.54	1	1.62	10.4	1	53	53	56	95	98	98	1.47	1.53	1.50
250126	1	6	9.7	0	6	4.2	4.2	27.2	0.47	0.61	0.37	2	1.25	10.8	1	80	82	21	100	98	82	1.65	1.67	1.30
250126	1	7	10.6	1	8	4.2	4.2	30.6	0.67	0.21	0.36	3	0.74	10.7	7	83	85	79	100	98	98	2.23	2.23	2.22
250126	1	8	10.3	1	3	4.6	4.6	31.1	0.57	0.32	0.21	3	0.67	10.7	10	91	97	55	100	98	98	1.94	1.94	1.98
250126	1	9	10.5	1	5	6.2	6.2	33.0	0.38	0.24	0.29	2	1.12	10.3	3	74	98	89	100	98	98	3.24	3.24	3.21
250126	1	10	9.8	0	10	5.4	5.4	31.2	0.58	0.34	0.60	3	1.78	10.7	12	89	92	38	100	98	98	3.27	3.29	3.29
250126	2	1	10.4	1	8	5.9	5.9	33.8	0.42	0.57	0.30	3	0.72	10.5	5	76	91	53	100	98	98	3.66	3.63	3.60
250126	2	2	10.3	1	3	5.5	5.5	27.6	0.48	0.38	0.43	3	1.80	10.4	12	73	92	58	100	98	98	1.98	2.01	1.98
250126	2	3	10.7	1	8	4.7	4.7	28.3	0.59	0.71	0.33	3	0.75	10.7	1	65	67	55	100	98	98	1.65	1.68	1.64
250126	2	4	10.0	0	5	4.3	4.3	25.6	0.51	0.47	0.40	3	0.90	10.9	9	89	83	52	100	98	92	2.34	2.34	2.13
250126	2	5	10.6	1	6	4.5	4.5	30.9	0.39	0.74	0.27	1	0.82	10.5	1	74	71	61	100	98	97	1.70	1.73	1.68
250126	2	6	10.6	1	6	4.3	4.3	26.9	0.76	0.33	0.41	2	0.83	10.5	8	64	77	62	100	98	98	2.15	2.15	2.13
250126	2	7	9.4	0	8	4.9	4.9	28.6	0.55	0.61	0.28	3	0.59	10.5	9	65	74	41	100	98	88	2.10	2.08	2.02
250126	2	8	9.5	0	9	4.4	4.4	31.6	0.77	0.35	0.76	2	1.20	10.6	5	70	76	18	100	98	67	2.40	2.38	2.25
250126	2	9	10.0	0	4	4.9	4.9	28.4	0.74	0.30	0.39	3	1.13	10.7	4	82	80	64	100	98	98	2.38	2.38	2.37
250126	2	10	9.6	0	5	5.8	5.8	30.9	0.52	0.33	0.61	2	1.88	10.6	5	83	95	33	100	98	98	3.45	3.42	3.21
250126	3	1	10.4	1	7	5.0	8.9	6.19	0.44	0.35	0.42	2	1.57	10.8	7	92	91	82	100	98	98	2.02	2.00	1.92
250126	3	2	10.3	1	10	4.8	6.0	29.8	0.67	0.47	0.27	2	0.74	10.9	2	82	80	71	100	98	86	2.29	2.29	2.29
250126	3	3	10.3	1	2	5.2	5.2	26.3	0.56	0.39	0.33	3	0.56	10.8	7	89	89	59	100	98	97	2.12	2.10	2.15
250126	3	4	9.5	0	5	4.0	4.0	27.0	0.39	0.84	0.28	1	0.53	10.8	3	68	68	44	100	98	70	1.47	1.47	1.25
250126	3	5	10.5	1	4	4.8	5.3	30.7	0.40	0.42	0.21	2	0.69	10.6	1	86	97	67	100	98	98	2.44	2.54	2.42
250126	3	6	10.5	1	5	3.9	3.9	27.7	0.51	0.43	0.42	3	0.97	10.6	5	82	98	94	100	98	98	1.78	1.77	1.75
250126	3	7	10.0	0	10	4.6	4.6	27.6	0.67	0.28	0.12	2	0.26	10.4	10	67	80	73	100	98	98	2.98	3.00	3.00
250126	3	8	9.9	0	10	4.5	4.5	27.2	0.62	0.75	0.31	1	0.54	10.7	10	53	58	50	100	98	94	1.81	1.83	1.83
250126	3	9	9.6	0	6	5.6	5.6	30.5	0.46	0.33	0.50	2	1.34	10.3	4	67	94	17	100	98	91	4.09	4.09	3.63
250126	3	10	10.4	1	5	5.4	5.4	25.8	0.43	0.61	0.13	1	0.34	10.8	2	82	85	65	100	98	98	2.08	2.08	2.02
250126	4	1	9.7	0	4	5.3	5.3	32.3	0.51	0.30	0.18	1	0.58	9.7	4	26	94	88	100	98	98	2.34	2.31	2.29
250126	4	2	10.6	1	10	3.9	5.3	29.0	0.33	0.66	0.30	3	0.75	10.8	10	85	83	77	100	98	98	1.80	1.80	1.81
250126	4	3	10.7	1	2	6.5	6.5	29.8	0.44	0.45	0.32	2	0.96	10.3	1	67	92	85	100	98	98	3.79	3.84	3.81
250126	4	4	9.8	0	7	5.8	5.8	28.6	0.56	0.37	0.27	1	0.43	10.8	4	86	88	36	100	98	88	4.05	4.05	3.79
250126	4	5	10.0	0	6	7.3	7.3	31.2	0.54	0.34	0.52	1	1.15	10.8	1	92	88	27	100	98	98	3.54	3.54	3.48
250126	4	6	10.1	0	2	4.1	4.1	28.5	0.61	0.84	0.54	3	1.65	9.9	2	27	64	48	88	98	98	1.89	1.95	1.92
250126	4	7	9.7	0	5	5.2	5.2	25.9	0.53	0.63	0.50	1	1.59	10.4	5	68	71	53	100	98	98	2.22	2.19	2.08
250126	4	8	9.6	0	4	5.4	5.4	23.5	0.52	0.44	0.47	2	1.50	10.4	5	76	86	45	100	98	95	1.68	1.62	1.62
250126	4	9	9.9	0	5	5.0	5.0	25.3	0.36	0.33	0.34	2	0.97	10.5	4	88	98	68	100	98	98	2.79	2.79	2.69
250126	4	10	9.6	0	2	4.2	4.2	25.2	0.44	0.49	0.36	1	1.40	10.4	3	74	91	62	100	98	92	2.00	2.07	2.17
