Anna P.	Ilmakivääri
Date	Series	Shot	Hit	X ring	Sector	On	Total	Int.(s)			Trigger			COG		Fine %			Rough %			Hold time (s)
						target	time 		dev X	dev Y	ATV	TIRE	RTV	Hit	Sector	Target	COG	Hit	Target	COG	Hit	Target	COG	Hit
230401	1	1	10.3	1	11	7.1	7.1	0.0	0.53	0.48	0.38	3	0.97	10.3	1	68	86	56	100	98	98	7.07	7.02	5.66
230401	1	2	10.1	0	2	6.0	6.0	38.3	0.78	0.36	0.36	2	0.75	10.5	1	64	65	70	100	98	98	3.10	3.09	3.09
230401	1	3	10.0	0	4	4.7	4.7	39.6	0.50	0.31	0.47	3	1.45	10.6	2	95	89	73	100	98	98	2.61	2.61	2.90
230401	1	4	9.7	0	3	7.2	7.2	44.7	0.54	0.39	0.41	1	1.24	10.5	1	85	85	35	100	98	82	6.66	6.62	6.81
230401	1	5	10.5	1	11	8.2	8.2	42.2	0.70	0.33	0.22	3	0.41	10.5	11	71	73	73	100	98	98	8.21	8.23	8.23
230401	1	6	10.5	1	12	5.1	5.2	36.9	0.65	0.36	0.22	2	0.54	10.1	11	41	86	59	100	98	98	3.18	3.13	3.17
230401	1	7	10.4	1	1	6.4	6.4	32.7	0.71	0.35	0.45	2	1.48	10.4	1	59	74	74	100	98	98	4.83	4.58	4.56
230401	1	8	10.6	1	10	4.8	5.0	28.5	0.56	0.47	0.28	2	0.50	10.1	10	50	89	67	100	98	98	2.42	2.40	2.42
230401	1	9	10.4	1	12	5.8	5.8	30.2	0.74	0.78	0.18	3	0.37	10.4	3	58	42	53	95	98	85	4.16	4.16	4.11
230401	1	10	9.8	0	4	4.7	5.0	32.0	0.70	0.43	0.50	3	1.08	9.9	3	47	77	61	89	98	98	2.44	2.49	2.50
230401	2	1	10.4	1	8	5.3	5.6	34.0	0.72	0.30	0.49	3	1.12	10.4	2	67	82	44	100	98	86	3.69	3.69	3.66
230401	2	2	10.4	1	4	5.4	5.4	29.8	0.37	0.21	0.19	1	0.61	10.8	5	100	98	91	100	98	98	2.82	2.83	2.85
230401	2	3	9.8	0	5	4.8	4.8	29.6	0.96	0.59	0.62	1	1.32	10.8	5	58	59	56	95	95	76	3.51	3.52	3.58
230401	2	4	9.9	0	10	5.0	6.0	31.8	0.57	0.23	0.19	1	0.57	10.6	12	92	94	52	100	98	98	4.07	4.11	4.14
230401	2	5	10.6	1	3	5.1	5.1	29.7	0.44	0.33	0.41	3	1.40	10.7	4	98	92	89	100	98	98	4.02	4.04	4.04
230401	2	6	9.9	0	4	5.6	6.0	34.5	0.85	0.46	0.54	1	1.85	10.7	2	65	65	45	100	98	82	2.77	2.81	3.03
230401	2	7	10.1	0	3	8.3	8.3	34.3	0.78	0.61	0.31	3	0.54	10.3	12	48	62	44	97	98	71	6.92	6.64	6.96
230401	2	8	9.9	0	4	5.5	5.5	29.0	0.73	0.51	0.46	2	0.88	10.8	10	71	73	33	100	98	79	2.76	2.75	3.23
230401	2	9	9.7	0	5	5.5	5.5	33.5	0.63	0.42	0.42	2	1.45	10.6	3	77	79	14	100	98	97	2.50	2.54	2.81
230401	2	10	9.9	0	4	6.3	6.3	32.6	0.75	0.34	0.21	1	0.39	10.9	6	79	82	55	100	98	86	3.56	3.57	3.62
230401	3	1	9.8	0	5	5.2	5.2	37.2	0.68	0.56	0.58	1	1.11	10.3	4	64	73	52	98	98	98	3.31	3.48	3.52
230401	3	2	10.4	1	12	5.6	6.8	42.0	0.57	0.47	0.26	3	0.83	10.3	12	45	88	86	100	98	98	3.75	3.69	3.71
230401	3	3	10.2	1	8	5.8	6.0	37.5	0.68	0.30	0.28	1	0.59	10.8	7	86	88	62	100	98	98	3.00	3.02	3.00
230401	3	4	10.6	1	4	6.2	6.5	38.2	0.52	0.37	0.45	2	1.74	10.5	1	79	91	56	100	98	98	3.42	3.39	3.45
230401	3	5	10.0	0	12	5.9	7.7	38.6	0.80	0.47	0.52	1	0.95	10.2	12	52	73	59	98	98	98	3.99	3.71	3.69
230401	3	6	10.0	0	9	6.5	6.5	29.8	0.54	0.47	0.54	1	1.71	10.4	10	74	83	70	100	98	98	5.58	4.91	4.92
230401	3	7	10.2	1	8	7.7	7.7	39.4	0.54	0.41	0.33	1	1.07	10.2	11	68	88	48	98	98	98	5.62	5.57	5.58
230401	3	8	9.4	0	5	5.8	5.8	36.8	0.58	0.78	0.66	2	1.39	10.6	3	53	56	26	100	98	70	2.67	2.70	3.44
230401	3	9	10.6	1	11	5.8	6.9	45.4	0.50	0.51	0.28	3	0.79	10.1	11	56	95	64	100	98	98	4.02	3.94	3.98
230401	3	10	10.8	1	10	6.4	6.4	35.1	0.38	0.34	0.23	3	0.70	10.6	2	82	97	82	100	98	98	6.17	6.17	6.17
230401	4	1	10.8	1	1	4.8	4.8	28.6	0.96	0.65	0.32	2	0.47	10.4	5	45	45	44	86	98	85	2.10	2.17	2.06
230401	4	2	10.5	1	9	6.2	6.3	32.6	0.52	0.37	0.34	2	0.78	10.8	1	97	97	62	100	98	98	3.50	3.50	3.46
230401	4	3	10.5	1	2	5.5	6.1	28.6	0.60	0.42	0.44	3	1.13	10.6	12	80	88	80	100	98	98	3.30	3.27	3.30
230401	4	4	10.7	1	10	7.2	7.2	31.4	0.63	0.51	0.34	3	0.79	10.5	1	59	80	67	100	98	98	5.47	5.46	5.46
230401	4	5	9.2	0	3	6.0	6.0	28.4	0.70	0.34	0.64	1	1.89	10.2	2	65	85	26	89	98	98	3.69	3.73	4.37
230401	4	6	10.5	1	11	6.3	6.3	37.9	0.41	0.36	0.36	3	0.94	10.7	2	97	95	91	100	98	98	3.29	3.29	3.23
230401	4	7	10.0	0	3	6.6	6.6	34.1	0.96	0.44	0.36	3	0.63	10.4	11	42	53	52	100	98	73	4.09	4.08	4.12
230401	4	8	10.1	0	5	5.9	5.9	33.9	0.74	0.30	0.47	1	1.00	10.5	5	68	77	58	100	98	98	3.25	3.84	3.87
230401	4	9	10.6	1	8	6.1	6.1	33.5	0.71	0.46	0.39	3	0.86	10.7	10	79	71	70	100	98	98	2.91	2.75	2.75
230401	4	10	10.3	1	3	5.3	5.3	28.6	1.08	0.24	0.27	1	0.62	10.6	11	73	59	64	86	88	82	2.54	2.48	3.10

