Anni	Ilmakivääri
Date	Series	Shot	Hit	X ring	Sector	On	Total	Int.(s)			Trigger			COG		Fine %			Rough %			Hold time (s)
						target	time 		dev X	dev Y	ATV	TIRE	RTV	Hit	Sector	Target	COG	Hit	Target	COG	Hit	Target	COG	Hit
251005	1	1	10.0	0	8	3.4	3.4	0.0	0.75	0.36	0.32	3	1.27	10.2	8	64	86	82	91	95	98	3.09	3.03	3.02
251005	1	2	10.0	0	9	3.5	3.5	26.4	0.76	0.47	0.18	2	0.56	10.6	12	70	68	56	100	98	71	2.37	2.38	2.37
251005	1	3	10.4	1	8	3.2	3.2	25.1	0.88	0.51	0.22	3	0.45	10.8	10	48	55	45	100	98	98	2.71	2.73	2.71
251005	1	4	10.4	1	1	3.4	9.2	42.8	1.18	0.95	0.50	3	0.74	9.6	9	29	21	38	59	80	58	1.33	1.41	0.70
251005	1	5	10.3	1	8	4.0	4.0	31.1	0.63	0.30	0.21	3	0.60	10.4	10	70	86	76	100	98	98	3.24	3.24	3.23
251005	1	6	10.1	0	8	4.5	4.5	29.5	0.31	0.38	0.21	1	0.84	10.1	8	58	98	98	100	98	98	4.41	4.38	4.38
251005	1	7	9.0	0	8	4.2	4.2	28.7	0.98	0.57	0.47	2	0.98	10.3	8	41	55	38	98	98	74	4.07	4.05	1.51
251005	1	8	10.5	1	12	4.2	4.2	29.5	0.93	0.39	0.30	2	0.77	10.4	10	52	58	59	94	98	97	2.50	2.52	2.52
251005	1	9	9.5	0	10	5.0	5.0	28.0	0.83	0.30	0.33	1	0.73	10.5	10	55	73	50	100	98	80	3.60	3.62	2.91
251005	1	10	10.2	1	11	5.7	5.7	30.6	0.40	0.25	0.29	1	0.85	10.1	10	59	98	98	100	98	98	5.58	3.27	5.58
251005	2	1	10.2	1	9	5.4	5.4	24.1	0.63	0.26	0.35	3	0.86	10.6	11	79	85	65	100	98	98	5.14	5.16	5.16
251005	2	2	9.7	0	10	4.8	4.8	25.9	0.80	0.33	0.69	3	2.11	9.9	3	65	68	9	80	98	52	4.79	4.83	2.77
251005	2	3	8.8	0	3	5.7	5.7	30.3	0.96	0.19	0.56	1	1.39	10.5	1	64	64	12	95	98	55	5.52	2.49	2.10
251005	2	4	10.3	1	1	4.3	12.3	51.3	0.53	0.37	0.23	1	0.91	10.4	5	82	91	59	100	98	94	3.50	3.46	3.45
251005	2	5	10.3	1	6	4.0	4.0	20.8	0.60	0.55	0.38	3	0.89	10.5	4	74	79	61	100	98	92	3.30	2.19	3.29
251005	2	6	9.9	0	4	3.6	3.6	23.8	0.44	0.27	0.46	2	1.47	10.8	3	100	98	45	100	98	98	2.92	2.92	2.91
251005	2	7	10.1	0	10	4.2	4.2	28.7	0.46	0.34	0.33	1	1.18	10.7	10	100	98	83	100	98	98	4.16	4.16	4.14
251005	2	8	9.3	0	7	4.9	4.9	29.4	0.85	0.46	0.28	1	0.63	10.4	8	44	64	18	100	98	80	4.12	4.16	4.17
251005	2	9	10.5	1	5	5.7	5.7	32.0	0.63	0.34	0.49	1	1.25	10.4	2	70	77	62	100	98	98	4.70	4.63	4.71
251005	2	10	9.3	0	10	4.9	4.9	24.7	0.87	0.37	0.66	2	1.68	10.7	1	59	65	29	100	98	50	4.88	4.88	3.08
251005	3	1	10.0	0	2	5.0	9.1	3.21	0.62	0.41	0.50	3	1.68	10.0	8	48	88	11	100	98	52	4.17	2.43	2.91
251005	3	2	10.0	0	4	5.5	5.5	27.4	0.55	0.29	0.52	2	1.29	10.2	7	62	95	30	100	98	97	5.00	4.89	5.00
251005	3	3	8.3	0	9	7.1	7.1	27.9	1.04	0.30	0.44	1	1.26	10.3	9	52	64	17	89	97	48	7.12	2.82	0.96
251005	3	4	9.4	0	9	6.1	6.1	27.0	0.98	0.40	0.54	1	1.15	10.5	10	59	67	35	92	98	68	6.09	6.08	4.46
251005	3	5	10.1	0	4	4.1	11.9	41.7	0.69	0.43	0.30	2	0.93	10.2	7	62	76	38	95	98	86	2.44	2.48	2.38
251005	3	6	10.3	1	3	4.3	4.3	22.6	1.03	0.25	0.32	3	0.73	10.0	9	52	55	23	76	98	65	3.38	1.59	3.36
251005	3	7	9.9	0	6	4.2	4.2	23.0	0.76	0.42	0.39	2	1.24	10.3	5	50	68	55	100	98	98	3.31	3.30	3.25
251005	3	8	10.9	1	11	7.2	7.2	30.3	0.56	0.35	0.23	1	0.79	10.5	9	79	85	79	100	98	98	7.16	7.18	7.16
251005	3	9	10.3	1	10	4.3	4.3	26.9	0.54	0.82	0.25	1	0.58	10.3	8	55	56	53	95	98	95	3.39	3.36	3.39
251005	3	10	10.2	1	4	4.3	4.3	23.9	0.24	0.28	0.22	3	1.07	10.1	4	71	98	98	100	98	98	4.14	4.07	4.07
251005	4	1	9.6	0	4	5.5	9.1	2.32	0.54	0.25	0.46	2	1.94	10.4	6	79	88	35	100	98	98	3.73	3.72	2.07
251005	4	2	9.4	0	7	4.5	11.2	43.7	0.89	0.23	0.32	2	0.62	9.9	6	18	64	56	100	98	86	3.48	3.42	3.39
251005	4	3	10.2	1	6	5.7	5.7	27.7	0.50	0.32	0.48	2	1.32	9.9	6	21	89	80	100	98	98	5.67	5.75	5.75
251005	4	4	10.1	0	6	7.8	14.5	47.9	0.88	0.19	0.18	3	0.42	9.4	8	20	59	35	64	98	70	6.34	6.30	6.36
251005	4	5	10.3	1	8	4.4	4.4	28.1	0.46	0.35	0.41	2	1.21	10.6	4	95	98	56	100	98	98	2.77	2.79	2.73
251005	4	6	9.6	0	4	5.2	5.2	26.0	0.52	0.33	0.34	2	1.44	10.5	6	82	89	18	100	98	89	5.05	5.05	4.72
251005	4	7	10.3	1	5	5.0	5.0	25.8	0.36	0.30	0.19	3	0.67	10.5	6	86	97	98	100	98	98	3.30	3.33	3.33
251005	4	8	9.7	0	4	5.8	5.8	26.2	0.87	0.27	0.21	3	0.45	10.5	3	62	65	52	100	98	83	5.17	5.16	5.13
251005	4	9	8.5	0	4	4.0	4.0	21.3	0.61	0.49	0.47	1	1.26	10.0	3	30	80	23	92	98	62	3.78	3.79	1.77
251005	4	10	10.0	0	6	3.9	3.9	23.6	0.52	0.27	0.37	2	1.11	10.3	6	68	97	97	100	98	98	3.87	1.86	1.83

