Anni	Ilmakiv‰‰ri
Date	Series	Shot	Hit	X ring	Sector	On	Total	Int.(s)			Trigger			COG		Fine %			Rough %			Hold time (s)
						target	time 		dev X	dev Y	ATV	TIRE	RTV	Hit	Sector	Target	COG	Hit	Target	COG	Hit	Target	COG	Hit
250125	1	1	10.6	1	10	3.6	3.6	0.0	0.71	0.68	0.38	1	0.79	9.4	10	29	53	38	67	98	71	2.01	2.97	2.06
250125	1	2	8.8	0	12	5.1	5.1	37.2	1.07	0.43	0.33	1	0.82	9.4	11	0	53	26	76	97	71	1.81	1.86	1.83
250125	1	3	9.6	0	10	4.2	4.2	44.1	0.71	0.38	0.36	3	0.83	9.6	11	6	88	42	95	98	92	1.09	1.09	1.05
250125	1	4	9.7	0	11	3.0	3.0	42.6	0.74	0.53	0.24	3	0.53	9.6	11	5	70	73	83	95	85	2.22	1.95	1.95
250125	1	5	9.5	0	1	5.2	10.7	1.21	0.57	0.47	0.41	3	0.97	9.8	1	17	79	67	100	98	98	3.13	3.09	3.08
250125	1	6	8.2	0	4	3.5	3.6	38.6	0.70	1.00	1.14	1	1.93	10.3	11	50	59	3	83	92	9	1.81	1.77	0.68
250125	1	7	8.8	0	8	4.7	4.7	39.4	0.73	0.29	0.41	1	0.89	10.2	10	55	82	20	95	98	65	2.42	2.46	2.73
250125	1	8	9.8	0	9	4.6	5.0	57.0	0.50	0.48	0.43	2	1.02	9.9	11	29	91	64	100	98	98	3.10	4.72	2.69
250125	1	9	9.8	0	2	4.3	4.3	40.7	0.77	0.53	0.63	3	1.25	10.4	1	44	59	50	100	98	98	3.30	3.30	3.33
250125	1	10	9.3	0	3	4.2	4.2	35.5	1.07	0.31	1.03	3	2.25	10.2	10	50	53	6	82	97	52	2.46	2.48	0.26
250125	2	1	9.9	0	7	3.3	3.3	31.9	1.44	0.66	0.42	3	0.62	10.3	11	33	39	14	64	67	52	2.23	2.83	2.23
250125	2	2	8.0	0	2	4.2	4.2	35.7	1.27	0.61	0.80	1	2.18	10.5	12	48	48	12	82	83	24	1.08	1.08	0.32
250125	2	3	10.4	1	11	4.6	16.0	1.07	0.51	0.59	0.33	2	0.79	9.9	11	23	77	65	98	98	98	4.41	4.44	4.42
250125	2	4	9.7	0	1	4.5	4.5	42.6	1.14	0.46	0.35	2	0.71	10.0	2	32	48	32	80	97	88	2.54	4.67	4.70
250125	2	5	9.5	0	11	3.4	3.7	39.8	0.88	0.48	0.68	3	1.46	10.4	12	41	58	23	100	98	94	3.08	2.61	2.52
250125	2	6	8.9	0	1	4.1	11.1	1.08	1.55	0.64	0.32	2	0.41	9.6	12	9	20	35	35	77	68	1.46	1.44	0.81
250125	2	7	9.8	0	2	4.9	12.1	1.07	1.04	0.41	0.35	1	0.66	10.1	12	47	64	42	88	98	82	1.56	1.56	2.28
250125	2	8	9.2	0	9	3.9	3.9	46.5	1.23	0.75	0.79	1	1.54	10.2	12	41	30	9	79	85	41	1.40	1.40	1.29
250125	2	9	10.2	1	11	5.2	5.2	36.5	1.11	0.24	0.41	2	1.21	10.0	12	15	41	35	100	98	98	3.63	3.67	3.66
250125	2	10	9.8	0	11	4.9	27.2	9.08	1.71	0.75	0.50	1	0.85	10.0	10	48	29	30	71	82	79	0.89	4.72	0.94
250125	3	1	9.8	0	10	4.6	11.1	1.17	1.20	1.08	0.43	3	0.87	9.9	1	9	0	12	55	85	59	3.42	1.74	3.45
250125	3	2	9.6	0	2	7.7	7.7	46.9	0.94	0.41	0.64	3	0.88	10.1	1	23	52	38	97	98	83	5.54	5.58	2.82
250125	3	3	9.3	0	9	4.8	8.9	41.7	1.03	0.20	0.63	2	0.92	10.4	10	67	64	33	88	92	67	2.48	5.01	1.59
250125	3	4	9.4	0	3	4.6	4.6	41.0	1.48	0.82	0.80	2	1.23	10.0	1	20	21	18	67	67	64	4.02	4.02	4.02
250125	3	5	10.6	1	11	5.8	5.8	46.6	0.58	0.78	0.24	3	0.66	9.7	12	44	67	48	68	98	83	3.30	3.33	3.33
250125	3	6	9.4	0	1	5.4	8.0	1.41	0.91	0.66	0.66	2	1.15	10.6	2	55	42	30	91	98	71	3.71	3.73	4.18
250125	3	7	9.5	0	12	4.4	4.4	46.9	0.89	0.51	0.52	3	0.84	9.8	11	18	52	44	82	98	98	2.21	2.15	2.13
250125	3	8	9.9	0	10	4.7	11.1	1.17	0.97	0.33	0.57	2	1.67	10.5	11	61	58	44	88	98	98	2.04	2.04	2.08
250125	3	9	10.5	1	10	4.8	11.5	1.22	0.89	0.62	0.35	1	0.70	10.3	10	58	61	67	83	97	91	1.65	1.62	1.62
250125	3	10	8.5	0	10	5.5	12.2	54.5	1.55	0.48	0.36	1	0.67	9.8	12	2	24	30	65	77	52	3.35	5.16	0.70
250125	4	1	10.2	1	1	6.4	6.9	44.4	0.60	0.51	0.27	1	0.51	10.1	1	48	80	77	100	98	98	3.35	1.83	3.36
250125	4	2	9.5	0	12	5.7	5.7	43.3	1.59	0.61	0.30	3	0.36	10.2	11	15	26	33	70	64	58	1.92	3.73	1.91
250125	4	3	10.5	1	9	7.2	21.1	1.39	1.70	0.56	0.63	2	0.85	9.5	1	24	27	26	65	58	64	1.03	6.51	0.84
250125	4	4	10.0	0	9	8.3	8.3	41.6	1.24	0.35	0.66	3	1.66	9.8	1	21	55	17	76	83	61	1.75	1.78	1.73
250125	4	5	9.5	0	9	5.1	5.1	1.05	0.86	0.54	0.86	3	1.85	9.5	11	2	50	39	71	98	83	3.56	5.43	5.38
250125	4	6	9.3	0	10	7.8	7.8	50.9	0.76	0.53	0.13	1	0.23	9.5	11	0	77	67	92	95	91	3.51	4.80	1.08
250125	4	7	10.2	1	10	8.7	8.7	1.07	1.38	0.30	0.41	3	0.52	10.1	11	11	41	47	79	83	79	5.87	5.91	5.89
250125	4	8	9.0	0	9	5.3	5.3	39.9	2.01	0.39	0.61	1	0.91	9.4	1	2	39	17	50	58	26	0.72	1.50	0.66
250125	4	9	10.2	1	1	7.0	13.3	1.39	0.63	0.42	0.34	2	0.86	10.3	12	50	80	61	100	98	98	1.56	2.54	1.51
250125	4	10	10.3	1	12	4.8	4.8	39.6	0.80	0.44	0.48	1	1.06	10.4	12	50	62	61	100	98	98	1.57	1.57	1.59
