Annika	Ilmakiv‰‰ri	Pysty
Date	Series	Shot	Hit	X ring	Sector	On	Total	Int.(s)			Trigger			COG		Fine %			Rough %			Hold time (s)
						target	time 		dev X	dev Y	ATV	TIRE	RTV	Hit	Sector	Target	COG	Hit	Target	COG	Hit	Target	COG	Hit
240128	1	1	8.7	0	11	7.3	7.3	0.0	1.94	0.83	0.36	1	0.59	9.6	2	17	18	30	35	47	41	6.96	4.30	0.60
240128	1	2	9.7	0	12	6.8	6.8	45.9	1.12	0.96	0.26	3	0.37	9.8	12	20	33	33	76	82	82	5.83	5.83	5.80
240128	1	3	9.8	0	9	7.5	7.5	1.21	1.33	0.61	0.56	1	0.82	10.3	11	12	24	12	83	88	58	5.43	7.61	5.43
240128	1	4	10.5	1	2	7.2	7.2	1.06	0.69	0.70	0.59	2	1.44	10.0	1	32	56	53	100	98	98	6.33	6.60	5.71
240128	1	5	10.2	1	8	6.6	6.6	50.5	1.01	0.69	0.54	3	0.92	10.2	2	42	44	14	82	98	73	1.71	1.70	1.71
240128	1	6	9.6	0	5	10.4	20.6	1.38	0.80	0.87	0.61	2	1.32	9.6	2	21	35	6	59	98	41	5.79	5.70	5.64
240128	1	7	9.5	0	1	6.7	6.7	47.8	0.55	0.47	0.36	3	1.12	9.7	2	23	92	80	95	98	98	3.60	3.57	3.57
240128	1	8	9.7	0	5	9.8	9.8	54.1	0.72	1.08	1.24	3	2.12	9.8	12	33	44	9	71	88	53	9.44	9.44	0.26
240128	1	9	10.7	1	2	7.2	7.2	53.7	0.32	0.72	0.69	3	2.23	9.9	2	50	85	55	92	98	98	7.08	4.95	6.55
240128	1	10	10.1	0	1	9.4	9.4	59.4	1.10	0.51	0.13	1	0.27	10.7	12	56	64	52	91	91	77	8.76	8.76	8.73
240128	2	1	8.4	0	9	7.9	15.0	1.33	1.59	0.63	0.57	1	1.17	10.3	9	33	23	30	70	74	39	6.72	6.76	0.97
240128	2	2	10.2	1	4	6.1	6.1	44.4	0.75	0.39	0.58	3	1.00	10.4	1	62	65	33	100	98	98	5.12	5.13	5.08
240128	2	3	10.2	1	12	6.4	6.4	52.8	0.58	0.75	0.29	2	0.49	10.8	9	58	64	55	100	98	98	4.33	4.33	4.33
240128	2	4	9.1	0	4	6.6	6.6	1.13	0.77	0.74	0.82	3	1.36	9.4	2	14	52	14	68	98	62	5.62	4.96	5.01
240128	2	5	8.8	0	12	8.7	20.4	1.26	0.61	1.11	0.48	1	0.81	10.2	1	45	33	6	77	92	44	4.04	1.73	1.11
240128	2	6	10.5	1	8	5.5	6.5	51.6	0.76	0.53	0.44	3	1.11	10.2	1	20	64	11	100	98	88	3.60	3.58	3.62
240128	2	7	9.5	0	3	8.3	8.3	1.13	1.35	0.41	0.37	2	0.56	9.2	3	32	44	42	56	83	82	0.63	5.55	5.58
240128	2	8	10.5	1	10	7.0	7.2	40.6	0.83	0.62	0.57	2	1.42	9.7	12	20	50	23	83	98	86	5.89	6.66	5.94
240128	2	9	8.8	0	1	6.2	6.2	43.0	0.97	0.44	0.63	2	1.04	9.7	1	14	59	21	85	98	82	4.35	4.30	2.17
240128	2	10	10.7	1	9	7.7	9.1	49.0	0.96	0.48	0.28	3	0.54	10.5	2	53	62	56	89	98	85	2.17	2.19	2.16
240128	3	1	8.6	0	1	7.0	7.0	56.0	0.49	0.81	0.37	1	1.12	9.8	2	27	68	18	91	98	30	6.36	5.25	2.35
240128	3	2	9.5	0	2	10.0	10.0	46.5	0.70	0.58	0.54	2	1.42	10.1	12	35	70	30	95	98	82	7.70	7.70	2.10
240128	3	3	10.3	1	2	7.5	7.5	49.3	1.28	0.56	0.23	3	0.34	9.7	2	30	32	36	64	91	76	6.03	5.87	6.00
240128	3	4	8.7	0	10	7.2	7.2	49.5	0.76	0.99	0.56	1	1.88	9.8	10	21	23	11	73	98	79	2.37	3.38	3.21
240128	3	5	9.4	0	10	7.3	7.3	42.9	1.29	0.30	0.26	1	0.33	9.3	10	12	52	53	70	85	83	3.48	5.43	5.43
240128	3	6	8.4	0	9	6.3	6.3	46.8	0.98	0.60	0.52	1	1.07	10.2	11	45	53	15	88	91	24	5.99	6.01	1.12
240128	3	7	9.9	0	11	6.3	6.3	44.9	0.85	0.40	0.22	1	0.54	9.9	11	38	76	77	91	95	95	4.68	4.70	4.71
240128	3	8	9.4	0	2	7.5	7.5	47.0	0.38	0.50	0.53	2	0.97	10.1	1	59	83	42	97	98	98	5.85	6.51	5.22
240128	3	9	9.2	0	12	5.3	5.3	42.6	0.42	0.37	0.16	1	0.54	9.2	12	0	97	74	74	98	98	3.75	3.45	3.45
240128	3	10	10.4	1	11	8.3	8.3	59.0	0.69	0.44	0.34	3	1.24	9.6	1	23	88	36	80	98	85	6.66	6.69	6.71
240128	4	1	8.9	0	2	7.8	7.8	43.3	1.43	0.32	0.50	3	0.59	9.1	2	9	39	29	65	82	82	0.57	1.38	1.36
240128	4	2	9.1	0	9	7.8	7.8	46.6	0.64	0.74	0.89	3	1.82	9.8	11	35	61	18	82	98	79	5.70	5.78	4.39
240128	4	3	10.5	1	1	7.9	7.9	44.3	0.43	0.32	0.59	3	1.22	9.9	11	27	98	61	100	98	98	7.54	8.64	7.54
240128	4	4	10.8	1	4	5.0	5.0	45.0	0.38	0.49	0.42	3	1.11	10.6	2	79	95	88	100	98	98	1.78	1.75	1.75
240128	4	5	9.2	0	1	6.8	6.8	55.5	0.74	0.73	0.43	2	1.03	10.5	12	50	45	39	100	98	65	6.78	6.81	1.22
240128	4	6	9.7	0	1	6.8	6.8	46.1	1.39	0.44	0.51	3	0.61	10.0	1	20	33	32	79	83	85	4.91	4.89	4.16
240128	4	7	7.6	0	11	7.3	7.3	41.5	1.61	1.09	0.45	1	0.55	10.1	1	27	32	18	61	62	26	6.90	5.40	0.42
240128	4	8	8.9	0	11	6.2	13.8	1.16	1.74	0.56	0.51	2	1.09	8.4	2	0	23	6	39	67	35	0.73	2.62	0.58
240128	4	9	10.1	0	12	6.4	6.4	37.7	1.65	0.59	0.33	3	0.62	9.2	2	5	21	36	50	68	52	3.60	2.55	4.29
240128	4	10	10.4	1	2	8.0	8.0	46.2	0.88	0.43	0.54	3	1.15	9.5	12	14	65	15	74	98	94	5.24	3.63	5.21
