Elias K.	Ilmakivääri
Date	Series	Shot	Hit	X ring	Sector	On	Total	Int.(s)			Trigger			COG		Fine %			Rough %			Hold time (s)
						target	time 		dev X	dev Y	ATV	TIRE	RTV	Hit	Sector	Target	COG	Hit	Target	COG	Hit	Target	COG	Hit
230402	1	1	10.5	1	1	9.4	9.4	0.0	1.44	0.56	0.21	2	0.33	10.2	1	39	33	38	74	73	74	5.29	5.82	5.79
230402	1	2	10.6	1	5	10.6	24.4	1.08	0.75	0.63	0.70	3	1.04	10.4	2	52	68	48	98	97	89	3.46	3.48	3.18
230402	1	3	9.9	0	1	9.3	9.6	35.5	0.51	0.55	0.29	3	0.61	10.0	11	47	88	42	100	98	98	4.23	4.59	4.62
230402	1	4	9.4	0	11	7.1	55.2	2.26	0.75	0.60	0.66	3	0.95	9.5	10	17	62	52	76	98	97	3.96	3.94	2.38
230402	1	5	10.3	1	3	11.1	11.1	38.3	0.66	0.66	0.30	3	0.49	10.5	8	53	58	26	100	98	80	8.09	8.03	6.81
230402	1	6	10.1	0	5	12.3	12.3	35.3	0.35	0.82	0.54	3	1.33	10.0	1	55	71	15	91	98	62	9.13	9.21	7.56
230402	1	7	10.8	1	2	11.5	23.5	1.12	0.33	0.78	0.39	3	0.77	10.5	11	65	70	64	100	98	98	8.82	8.00	8.82
230402	1	8	9.9	0	6	6.8	7.0	26.2	0.97	0.64	0.75	3	1.42	10.1	9	48	38	30	85	98	58	3.63	3.62	3.09
230402	1	9	10.5	1	12	11.3	11.3	36.3	1.04	0.53	0.77	2	1.07	10.6	12	47	48	44	94	95	95	8.70	8.74	8.76
230402	1	10	10.0	0	10	8.7	21.7	1.01	0.88	0.56	0.32	2	0.39	10.3	3	45	59	24	98	98	64	3.67	3.71	2.29
230402	2	1	10.0	0	4	10.9	13.7	39.8	1.00	0.58	0.87	3	1.31	9.8	11	26	45	11	79	95	41	4.54	4.61	4.50
230402	2	2	10.3	1	2	11.8	29.6	1.32	0.96	0.82	0.86	3	1.46	9.0	10	12	55	8	42	88	26	0.94	1.32	0.93
230402	2	3	9.5	0	4	12.2	12.2	45.0	0.91	0.73	0.29	3	0.44	10.5	4	48	61	47	88	91	80	9.33	8.85	8.76
230402	2	4	8.8	0	12	8.6	11.0	55.0	0.40	0.67	0.68	2	0.90	10.0	10	52	73	12	92	98	71	4.07	5.00	5.87
230402	2	5	10.1	0	1	8.4	11.0	45.1	0.64	0.31	0.33	2	0.80	10.4	1	76	88	79	100	98	98	3.13	3.13	3.12
230402	2	6	8.8	0	7	10.3	22.7	1.02	0.48	0.75	0.90	3	1.78	10.3	9	48	68	23	98	98	50	2.34	5.54	2.82
230402	2	7	9.0	0	11	8.0	8.0	32.0	1.03	0.76	0.24	3	0.30	9.3	10	21	45	41	53	91	76	2.52	4.07	4.33
230402	2	8	9.6	0	10	9.6	9.6	41.5	0.66	0.49	0.65	1	1.78	9.7	9	20	82	70	83	98	97	6.13	6.11	6.15
230402	2	9	10.7	1	10	10.4	10.9	36.0	0.89	1.04	0.82	2	1.23	9.7	11	45	44	39	73	88	77	0.28	5.28	0.30
230402	2	10	10.1	0	12	11.9	12.2	36.7	0.78	0.83	0.33	3	0.51	10.0	12	52	64	68	85	88	88	6.22	6.81	6.79
230402	3	1	9.1	0	12	11.7	24.6	1.23	1.04	0.83	0.74	3	0.93	8.7	11	0	30	33	35	95	79	1.23	7.80	7.75
230402	3	2	8.5	0	10	11.4	11.4	35.6	0.81	0.53	0.45	1	0.98	10.3	10	55	67	9	95	98	45	4.62	4.89	4.96
230402	3	3	8.4	0	12	8.3	21.6	1.08	0.32	0.79	0.51	2	1.03	9.6	11	33	67	32	76	98	68	2.19	6.04	6.69
230402	3	4	10.3	1	8	9.5	12.6	38.0	1.16	1.14	0.51	2	0.73	8.7	10	30	26	32	47	77	48	0.78	1.47	0.92
230402	3	5	10.2	1	12	8.9	8.9	28.9	1.16	0.60	0.31	3	0.44	9.9	10	39	47	36	71	88	77	4.82	6.24	6.41
230402	3	6	10.1	0	8	7.8	7.8	28.0	0.40	0.93	0.53	3	0.78	10.2	9	45	67	52	98	98	98	5.66	5.68	5.67
230402	3	7	9.1	0	9	8.7	9.2	29.2	0.81	0.94	0.95	1	1.20	10.3	11	18	41	11	89	95	55	2.19	5.13	5.08
230402	3	8	8.5	0	10	10.6	10.6	34.0	0.79	0.40	0.66	1	1.33	10.6	10	65	70	5	98	98	44	9.66	9.68	3.72
230402	3	9	10.0	0	7	6.5	8.6	44.6	0.68	0.49	0.37	1	0.62	10.4	7	53	71	59	100	98	98	4.77	3.81	2.81
230402	3	10	9.2	0	11	7.6	7.6	29.1	0.74	0.55	0.82	2	1.59	10.3	12	36	65	30	100	98	76	2.29	2.31	2.25
230402	4	1	7.8	0	12	7.6	7.6	28.5	0.51	0.87	0.65	1	1.65	9.6	1	32	62	12	77	97	53	1.65	1.67	1.74
230402	4	2	9.9	0	1	7.8	11.5	42.3	0.88	0.65	0.43	2	0.70	10.6	3	62	55	35	94	94	85	4.65	4.65	4.68
230402	4	3	8.8	0	11	8.0	8.0	30.5	0.50	0.82	0.52	2	1.00	9.3	11	20	59	33	64	98	98	3.08	4.47	3.04
230402	4	4	9.1	0	10	8.0	8.0	30.5	0.52	0.40	0.70	3	1.65	10.2	11	64	88	29	100	98	91	5.68	5.78	5.79
230402	4	5	9.8	0	1	7.6	7.6	29.0	0.36	0.53	0.44	3	1.43	9.7	12	26	91	79	89	98	98	1.73	2.49	2.44
230402	4	6	7.6	0	10	8.4	12.4	50.3	1.77	0.62	0.72	2	0.85	10.3	10	14	9	17	65	64	44	6.50	6.46	0.56
230402	4	7	9.4	0	3	9.6	9.6	29.8	0.82	0.72	0.64	2	1.61	10.4	9	47	64	9	97	92	33	5.66	5.64	1.75
230402	4	8	9.2	0	11	8.4	24.4	1.45	0.66	0.30	0.52	3	1.30	9.6	1	8	89	9	89	98	50	2.16	3.98	4.12
230402	4	9	9.5	0	12	7.8	7.8	31.0	0.59	0.66	0.68	3	1.47	10.4	12	52	70	36	100	98	91	5.89	5.94	6.01
230402	4	10	9.4	0	11	10.1	10.1	31.0	0.75	0.59	0.38	3	0.57	9.5	11	15	67	56	73	98	95	6.00	6.75	6.83

