Elias N.	Ilmakivääri
Date	Series	Shot	Hit	X ring	Sector	On	Total	Int.(s)			Trigger			COG		Fine %			Rough %			Hold time (s)
						target	time 		dev X	dev Y	ATV	TIRE	RTV	Hit	Sector	Target	COG	Hit	Target	COG	Hit	Target	COG	Hit
251116	1	1	10.1	0	8	8.8	8.8	0.0	0.46	0.27	0.16	3	0.70	10.0	9	58	98	98	100	98	98	5.80	5.85	5.80
251116	1	2	10.5	1	11	9.7	9.7	44.6	0.60	0.20	0.30	1	1.52	10.4	12	77	88	88	100	98	98	5.33	5.38	5.37
251116	1	3	10.0	0	9	8.0	8.0	26.1	0.65	0.36	0.32	3	1.35	10.1	10	33	86	39	100	98	95	2.61	3.15	2.61
251116	1	4	10.3	1	7	8.1	8.1	31.9	0.63	0.27	0.28	2	0.91	10.5	9	73	92	83	100	98	98	5.12	5.12	4.95
251116	1	5	10.2	1	5	9.4	9.4	28.0	0.51	0.56	0.59	2	1.83	10.7	11	79	82	36	100	98	92	6.67	6.97	6.63
251116	1	6	10.4	1	2	6.9	6.9	25.6	0.64	0.49	0.37	3	1.21	10.0	12	30	74	36	100	98	98	2.07	3.31	2.38
251116	1	7	10.6	1	2	7.3	7.3	24.5	0.49	0.54	0.45	3	1.45	10.0	10	35	80	17	100	98	92	3.24	3.29	3.24
251116	1	8	10.2	1	11	7.8	7.8	26.5	0.20	0.19	0.21	3	1.09	10.4	10	100	98	98	100	98	98	3.84	3.87	3.92
251116	1	9	9.4	0	11	8.1	8.1	27.0	0.78	0.28	0.19	2	0.59	9.8	11	39	73	67	100	98	98	3.39	3.88	3.93
251116	1	10	10.8	1	4	9.8	9.8	39.0	0.60	0.25	0.15	3	0.52	10.5	1	77	91	83	100	98	98	5.03	5.14	4.91
251116	2	1	9.5	0	8	10.5	10.5	27.4	0.80	0.38	0.34	1	0.88	10.3	10	73	68	24	92	98	86	6.97	7.00	6.46
251116	2	2	10.2	1	9	9.8	9.8	36.7	0.34	0.27	0.24	1	1.38	10.3	8	70	98	98	100	98	98	6.74	6.72	6.86
251116	2	3	10.7	1	2	9.4	9.4	27.9	0.88	0.47	0.37	3	0.86	10.2	11	27	67	36	100	98	89	5.64	6.43	5.64
251116	2	4	9.7	0	10	12.3	12.3	31.3	0.72	0.27	0.25	3	0.64	10.4	10	61	76	61	100	98	98	9.71	9.93	10.20
251116	2	5	10.3	1	2	11.9	11.9	38.0	0.37	0.35	0.32	2	1.01	10.6	2	92	98	91	100	98	98	9.59	9.73	9.73
251116	2	6	9.5	0	10	10.2	10.2	28.5	1.23	0.59	0.50	2	1.06	10.1	3	41	17	9	67	97	47	7.29	7.28	7.86
251116	2	7	10.5	1	12	12.0	12.0	48.5	0.57	0.26	0.20	3	0.68	10.3	1	74	89	88	100	98	98	10.47	10.80	10.56
251116	2	8	7.1	0	12	8.1	8.1	24.7	0.63	2.21	0.63	1	0.99	9.5	1	30	6	11	56	35	32	0.03	3.36	0.49
251116	2	9	9.9	0	12	11.2	11.2	39.8	0.23	0.21	0.31	3	1.47	10.5	11	100	98	61	100	98	98	6.96	7.29	7.42
251116	2	10	10.0	0	3	10.0	10.0	28.9	0.56	0.41	0.38	3	1.04	10.3	11	65	86	24	100	98	86	6.67	6.74	6.69
251116	3	1	10.2	1	10	7.1	7.1	33.8	0.65	0.35	0.11	3	0.34	10.0	11	41	86	56	100	98	98	2.27	2.61	2.43
251116	3	2	10.6	1	10	10.1	10.1	28.9	0.37	0.18	0.27	3	1.15	10.2	10	79	98	85	100	98	98	7.30	7.56	7.54
251116	3	3	10.7	1	1	8.5	8.5	27.2	0.44	0.21	0.17	3	0.63	10.4	12	92	98	98	100	98	98	4.09	4.42	4.38
251116	3	4	10.2	1	12	8.1	8.1	26.3	0.51	0.29	0.27	2	1.18	10.8	1	91	92	77	100	98	98	3.18	3.21	3.63
251116	3	5	9.4	0	2	11.1	11.1	28.6	0.96	0.31	0.88	2	2.79	10.5	12	53	68	50	100	98	70	9.27	9.33	9.26
251116	3	6	10.3	1	11	10.6	10.6	41.4	0.45	0.31	0.15	3	0.55	10.5	11	89	98	98	100	98	98	8.27	8.34	8.43
251116	3	7	9.9	0	10	7.4	7.4	23.2	0.52	0.22	0.29	3	1.10	10.0	10	35	98	88	100	98	98	3.24	3.38	3.38
251116	3	8	10.2	1	1	7.5	7.5	24.3	0.39	0.27	0.41	2	1.52	10.2	10	74	98	53	100	98	98	2.76	2.91	2.92
251116	3	9	10.7	1	2	15.2	15.2	45.9	0.77	0.17	0.46	3	1.15	10.5	12	67	77	73	100	98	98	13.62	13.62	13.62
251116	3	10	10.3	1	10	11.2	11.2	29.8	0.46	0.25	0.53	1	1.70	10.9	10	100	97	83	100	98	98	6.96	6.97	6.97
251116	4	1	10.5	1	7	6.1	6.1	22.4	0.26	0.59	0.30	2	1.00	10.5	11	85	88	52	100	98	98	1.97	2.00	1.77
251116	4	2	10.6	1	10	10.2	10.2	37.6	0.58	0.15	0.42	3	1.45	10.8	11	91	95	91	100	98	98	7.04	7.05	7.21
251116	4	3	10.1	0	5	9.2	9.2	26.5	0.40	0.40	0.32	2	1.19	10.4	9	79	97	14	100	98	89	4.68	4.68	4.37
251116	4	4	9.6	0	9	11.9	11.9	32.2	0.34	0.46	0.14	2	0.50	10.1	10	55	98	62	100	98	98	11.16	11.19	11.18
251116	4	5	10.4	1	8	11.9	11.9	38.8	0.36	0.23	0.19	3	0.81	10.7	7	100	98	92	100	98	98	10.17	10.14	10.02
251116	4	6	10.8	1	7	10.1	10.1	28.1	0.54	0.51	0.57	3	2.02	10.0	11	20	85	12	100	98	98	7.28	7.54	7.26
251116	4	7	10.8	1	4	8.5	8.5	37.1	0.31	0.16	0.16	3	1.03	10.5	10	95	98	88	100	98	98	5.58	5.61	5.57
251116	4	8	10.3	1	11	7.3	7.3	24.9	0.39	0.22	0.19	2	1.09	10.4	12	100	98	86	100	98	98	2.46	3.06	3.08
251116	4	9	10.1	0	2	11.6	11.6	39.9	0.47	0.45	0.22	3	1.07	10.2	12	65	86	61	100	98	89	10.37	10.48	10.32
251116	4	10	10.1	0	9	9.6	9.6	39.2	0.50	0.39	0.26	1	1.23	10.4	10	65	95	71	100	98	98	6.32	6.34	6.27

