Marko	Ilmakiv‰‰ri
Date	Series	Shot	Hit	X ring	Sector	On	Total	Int.(s)			Trigger			COG		Fine %			Rough %			Hold time (s)
						target	time 		dev X	dev Y	ATV	TIRE	RTV	Hit	Sector	Target	COG	Hit	Target	COG	Hit	Target	COG	Hit
251005	1	1	9.3	0	10	10.5	10.5	0.0	0.35	0.38	0.32	1	1.01	9.9	11	35	95	68	100	98	98	8.21	6.76	3.73
251005	1	2	10.2	1	6	8.0	21.6	1.10	0.31	0.90	0.17	3	0.55	10.1	11	33	64	23	89	98	61	4.98	5.22	4.91
251005	1	3	9.3	0	10	10.9	10.9	33.5	0.82	0.34	0.75	3	1.71	10.2	11	39	61	39	100	98	83	7.74	7.79	7.84
251005	1	4	10.1	0	11	8.8	23.5	1.49	0.40	0.23	0.39	1	1.07	10.1	10	53	98	94	100	98	98	4.71	4.96	5.14
251005	1	5	9.4	0	10	12.1	12.1	37.2	0.72	0.40	0.11	1	0.49	10.4	11	76	73	38	100	98	88	9.49	9.84	5.43
251005	1	6	9.3	0	9	8.0	8.0	42.5	0.80	0.32	0.50	3	1.88	10.3	11	45	74	11	100	98	77	2.27	2.49	2.22
251005	1	7	10.3	1	2	11.2	11.2	45.2	0.83	0.47	0.18	3	0.49	9.6	3	42	68	53	76	98	83	9.45	9.24	9.36
251005	1	8	9.8	0	5	9.7	9.7	34.3	0.76	0.40	0.30	3	0.86	10.3	8	59	73	52	100	98	89	2.64	2.61	2.62
251005	1	9	9.0	0	9	13.2	13.2	39.5	0.67	0.45	0.53	3	1.46	10.5	11	64	67	14	100	98	61	10.98	11.28	10.14
251005	1	10	10.0	0	8	9.2	9.2	41.7	0.83	0.59	0.42	3	0.86	10.4	11	61	62	11	89	98	85	2.98	2.97	2.96
251005	2	1	10.8	1	8	12.7	23.4	1.42	0.48	0.41	0.28	3	0.85	10.6	10	85	98	94	100	98	98	10.56	10.56	10.54
251005	2	2	10.3	1	7	10.1	10.1	34.8	1.00	0.43	0.57	3	1.55	10.2	9	44	52	21	100	98	98	6.99	6.97	6.95
251005	2	3	10.6	1	8	9.7	9.7	36.9	0.94	0.16	0.23	2	0.66	10.6	10	67	74	71	98	95	94	5.19	5.21	4.93
251005	2	4	10.0	0	5	12.1	24.4	1.19	0.63	0.37	0.44	3	0.93	10.5	7	74	80	53	100	98	94	8.54	8.49	7.79
251005	2	5	10.0	0	8	12.9	27.6	1.22	0.53	0.52	0.28	3	0.90	9.3	9	17	88	35	70	98	94	10.50	4.11	9.00
251005	2	6	9.4	0	8	13.6	13.6	40.0	0.58	0.56	0.41	2	0.88	10.4	10	59	77	21	100	98	68	11.49	11.65	4.75
251005	2	7	10.6	1	6	7.6	7.6	1.00	0.30	0.57	0.47	3	2.37	10.1	11	47	88	35	100	98	98	2.31	2.61	2.27
251005	2	8	10.0	0	8	9.9	9.9	31.5	0.73	0.62	0.17	1	0.38	10.7	10	61	62	44	100	98	88	4.71	4.71	4.38
251005	2	9	10.4	1	12	12.2	12.2	39.9	0.53	0.33	0.52	2	2.03	10.7	8	98	88	59	100	98	98	9.88	9.87	9.97
251005	2	10	10.2	1	4	10.6	10.6	31.6	0.73	0.29	0.38	3	1.13	10.4	9	70	77	36	95	98	74	7.58	7.61	7.53
251005	3	1	10.5	1	1	8.8	8.8	33.1	0.41	0.31	0.40	3	1.03	10.4	9	77	98	48	100	98	98	5.99	6.00	6.00
251005	3	2	10.3	1	4	11.1	23.1	1.26	0.43	0.28	0.22	1	0.69	10.6	6	97	98	88	100	98	98	7.92	7.84	7.80
251005	3	3	9.2	0	3	9.8	9.8	30.6	0.77	0.26	0.78	3	3.57	10.8	12	76	79	21	100	98	50	2.82	2.82	4.05
251005	3	4	10.3	1	3	11.5	25.6	1.13	0.95	0.35	0.48	2	0.85	10.4	11	62	58	59	94	98	77	10.17	10.21	10.17
251005	3	5	10.4	1	4	9.4	9.4	30.2	0.52	0.62	0.33	3	0.82	10.4	11	48	85	47	100	98	98	5.14	5.21	4.63
251005	3	6	10.6	1	11	11.5	11.5	34.2	0.51	0.32	0.33	2	1.29	10.6	11	89	89	89	100	98	98	8.47	8.47	8.62
251005	3	7	9.5	0	3	11.2	11.2	33.0	0.75	0.66	0.45	1	1.17	10.5	12	68	71	27	89	97	70	8.71	8.76	8.45
251005	3	8	10.6	1	10	6.8	6.8	32.0	0.31	0.34	0.17	3	0.77	10.7	11	95	95	95	100	98	98	2.67	2.69	2.69
251005	3	9	10.1	0	2	9.5	9.5	31.8	0.42	0.39	0.46	2	1.23	10.5	12	79	97	71	100	98	98	3.84	3.88	4.33
251005	3	10	9.8	0	4	8.8	8.8	31.0	1.16	0.19	0.63	3	1.27	10.3	9	47	41	32	88	97	56	4.79	4.68	4.21
251005	4	1	9.3	0	2	9.5	9.5	35.1	0.51	0.34	0.53	2	1.74	10.4	12	74	94	14	100	98	80	5.36	5.52	5.52
251005	4	2	10.6	1	5	8.1	8.1	29.0	0.69	0.32	0.21	2	0.60	10.7	9	74	73	70	100	98	98	3.30	3.30	3.02
251005	4	3	10.5	1	4	9.0	21.4	1.44	0.27	0.55	0.23	1	0.68	10.9	10	94	92	83	100	98	98	3.04	3.04	3.00
251005	4	4	9.9	0	10	12.7	12.7	36.4	0.45	0.21	0.25	3	1.00	10.4	10	74	98	79	100	98	98	10.68	10.68	10.66
251005	4	5	10.4	1	11	9.0	9.0	29.6	0.73	0.40	0.28	3	0.73	10.5	1	58	77	70	100	98	98	6.29	6.30	6.32
251005	4	6	10.6	1	7	7.4	7.4	28.1	0.67	0.31	0.32	2	0.83	10.5	1	71	82	42	100	98	98	3.13	3.17	3.09
251005	4	7	9.9	0	8	11.8	11.8	33.0	1.09	0.48	0.20	2	0.39	10.3	11	21	36	33	97	98	70	9.81	9.91	2.54
251005	4	8	10.3	1	11	12.0	12.0	34.2	1.10	0.29	0.24	3	0.39	9.9	12	24	48	42	82	95	98	9.20	9.73	9.45
251005	4	9	10.1	0	11	9.6	9.6	33.1	0.54	0.28	0.46	1	1.59	10.8	11	88	91	65	100	98	98	5.64	5.67	5.73
251005	4	10	10.3	1	7	9.0	9.0	30.1	0.77	0.31	0.30	3	0.71	10.4	3	70	71	61	100	98	83	5.80	5.49	5.49
