Elias R.	Ilmakiv‰‰ri	Pysty
Date	Series	Shot	Hit	X ring	Sector	On	Total	Int.(s)			Trigger			COG		Fine %			Rough %			Hold time (s)
						target	time 		dev X	dev Y	ATV	TIRE	RTV	Hit	Sector	Target	COG	Hit	Target	COG	Hit	Target	COG	Hit
240126	1	1	10.2	1	8	13.3	13.3	0.0	1.09	0.42	0.39	2	0.90	10.3	5	29	53	47	89	98	82	8.67	8.64	8.65
240126	1	2	10.3	1	6	10.3	10.3	50.1	0.73	0.42	0.21	3	0.56	10.2	9	65	68	58	91	98	86	6.93	6.92	6.69
240126	1	3	10.8	1	9	12.6	12.6	51.4	0.66	0.24	0.13	3	0.28	10.4	3	76	82	71	100	98	97	9.63	9.72	9.60
240126	1	4	10.1	0	3	14.5	14.5	50.3	0.82	0.32	0.43	2	0.98	10.2	2	55	68	62	98	98	98	12.63	12.63	12.63
240126	1	5	10.6	1	8	11.4	11.4	52.0	0.31	0.26	0.31	1	1.15	10.3	6	92	98	98	100	98	98	9.71	9.54	9.69
240126	1	6	10.2	1	2	11.1	11.1	51.4	0.62	0.45	0.60	3	1.85	10.5	3	71	77	71	100	98	98	8.09	8.10	8.14
240126	1	7	10.7	1	1	10.6	10.6	43.2	0.47	0.28	0.22	3	0.46	10.4	1	79	98	85	100	98	98	6.81	6.86	6.83
240126	1	8	10.0	0	3	11.0	11.0	1.01	0.37	0.26	0.27	2	0.95	10.3	3	77	98	94	100	98	98	7.92	7.89	7.91
240126	1	9	9.8	0	10	12.6	12.6	50.1	0.51	0.31	0.58	3	1.51	10.6	2	82	94	20	100	98	85	9.84	9.86	10.50
240126	1	10	10.6	1	9	12.8	12.8	49.7	0.33	0.35	0.38	3	1.07	10.5	4	98	97	64	100	98	98	10.01	9.99	10.01
240126	2	1	10.2	1	5	8.9	24.8	2.07	0.51	0.31	0.16	3	0.49	10.0	8	41	91	30	100	98	98	5.92	4.84	5.88
240126	2	2	10.0	0	2	11.6	12.4	43.9	0.36	0.17	0.27	1	0.93	10.5	3	95	98	94	100	98	98	9.84	9.84	9.84
240126	2	3	10.7	1	4	11.3	11.4	1.07	0.55	0.34	0.49	3	1.62	10.5	12	73	85	74	100	98	98	7.53	8.09	7.51
240126	2	4	9.1	0	9	13.2	13.2	57.8	1.03	0.27	0.24	1	0.51	10.5	10	64	42	32	95	98	59	7.74	7.77	3.24
240126	2	5	10.2	1	4	12.7	12.7	1.02	0.51	0.38	0.19	2	0.52	10.6	1	85	94	56	100	98	98	7.39	7.38	7.91
240126	2	6	10.1	0	11	14.4	14.4	1.20	0.43	0.29	0.43	2	1.07	10.2	10	85	92	77	100	98	98	7.56	7.53	7.95
240126	2	7	9.9	0	8	9.6	9.6	55.7	0.61	0.20	0.39	1	1.18	10.9	2	88	83	48	100	98	86	5.07	5.16	4.83
240126	2	8	10.0	0	2	11.3	11.3	1.21	0.34	0.32	0.47	3	1.45	10.7	8	100	95	26	100	98	98	6.76	6.74	6.87
240126	2	9	10.0	0	8	12.9	21.6	1.41	0.38	0.26	0.18	1	0.66	10.2	9	65	98	88	100	98	98	7.77	7.98	7.39
240126	2	10	10.3	1	10	10.3	10.3	49.6	0.57	0.18	0.20	2	0.46	10.8	9	94	91	76	100	98	98	8.73	8.61	7.17
240126	3	1	10.4	1	12	13.2	13.2	1.45	0.55	0.49	0.33	3	0.82	10.4	11	55	88	80	100	98	98	9.04	9.60	9.60
240126	3	2	10.6	1	6	10.2	10.2	52.2	0.38	0.34	0.26	1	0.89	10.7	10	95	98	89	100	98	98	5.71	5.78	5.42
240126	3	3	10.8	1	9	10.4	10.4	49.5	0.80	0.38	0.27	2	0.78	10.6	1	70	73	67	100	98	95	6.54	6.84	6.54
240126	3	4	10.5	1	9	11.7	11.7	55.7	0.43	0.23	0.22	2	0.66	10.7	2	95	98	65	100	98	98	8.09	8.10	8.09
240126	3	5	10.2	1	1	12.8	12.8	46.5	0.46	0.57	0.23	1	0.71	10.8	1	82	92	55	100	98	98	8.73	8.74	9.29
240126	3	6	10.3	1	1	13.2	13.2	45.9	0.48	0.27	0.18	1	0.41	10.4	1	82	95	94	100	98	98	10.72	10.76	10.76
240126	3	7	9.8	0	2	13.5	13.5	1.41	0.53	0.23	0.19	1	0.52	10.4	1	86	94	73	100	98	98	11.13	11.14	11.13
240126	3	8	10.8	1	10	12.5	12.5	43.8	0.47	0.30	0.38	3	0.84	10.5	2	82	98	77	100	98	98	6.72	7.05	7.02
240126	3	9	9.7	0	3	9.3	9.3	43.3	0.69	0.30	0.22	1	0.56	10.4	3	58	85	64	100	98	91	5.40	5.42	5.42
240126	3	10	10.5	1	2	10.1	10.1	56.0	0.49	0.55	0.65	1	1.11	10.2	1	67	83	77	100	98	98	5.38	5.89	5.43
240126	4	1	10.0	0	11	12.8	12.8	43.4	0.53	0.22	0.28	3	0.83	10.3	1	77	89	33	100	98	98	8.52	8.76	8.79
240126	4	2	10.6	1	11	9.2	9.2	1.49	0.46	0.14	0.17	3	0.48	10.5	11	95	92	95	100	98	98	6.88	6.92	6.90
240126	4	3	10.7	1	2	11.2	11.2	46.0	0.43	0.36	0.22	3	0.66	10.2	3	64	95	86	100	98	98	6.38	6.39	6.39
240126	4	4	10.5	1	9	10.6	10.6	45.7	0.37	0.32	0.23	2	0.71	10.4	10	83	98	94	100	98	98	6.04	6.06	5.73
240126	4	5	10.2	1	10	11.8	11.8	1.00	0.58	0.24	0.28	1	1.19	10.6	3	83	85	52	100	98	88	5.83	5.85	5.83
240126	4	6	10.5	1	1	11.3	20.8	1.33	0.40	0.23	0.25	3	1.13	10.6	2	100	98	98	100	98	98	5.83	6.08	6.09
240126	4	7	10.4	1	5	12.2	12.2	44.0	0.38	0.41	0.20	2	0.74	10.6	5	94	95	95	100	98	98	7.02	6.84	6.81
240126	4	8	10.6	1	4	9.6	24.5	1.36	0.42	0.38	0.25	2	0.60	10.3	5	71	91	91	100	98	98	5.89	5.87	5.89
240126	4	9	9.6	0	3	10.6	10.6	41.9	0.62	0.45	0.30	1	0.67	10.8	4	83	88	32	100	98	91	6.54	6.54	6.58
240126	4	10	9.7	0	3	10.2	10.2	46.2	0.29	0.44	0.21	2	0.55	10.0	3	52	91	91	100	98	98	6.60	6.57	6.53
