Elmo	Ilmakivääri
Date	Series	Shot	Hit	X ring	Sector	On	Total	Int.(s)			Trigger			COG		Fine %			Rough %			Hold time (s)
						target	time 		dev X	dev Y	ATV	TIRE	RTV	Hit	Sector	Target	COG	Hit	Target	COG	Hit	Target	COG	Hit
240126	1	1	9.3	0	8	4.4	4.4	0.0	0.85	0.62	0.23	3	0.31	8.8	9	11	58	38	23	97	86	0.96	3.23	3.19
240126	1	2	10.0	0	4	4.6	4.6	43.5	0.90	0.41	0.73	3	1.35	9.7	9	42	61	9	67	95	48	1.80	3.03	1.26
240126	1	3	9.3	0	7	4.4	4.4	35.0	0.86	0.67	0.64	3	1.31	8.4	9	0	48	6	26	95	58	1.05	3.06	1.05
240126	1	4	9.7	0	8	3.8	3.8	35.6	0.78	0.83	0.65	2	1.67	10.1	10	35	76	30	86	88	80	2.76	2.79	0.93
240126	1	5	10.0	0	8	4.5	4.5	38.4	0.83	0.47	0.36	3	0.64	9.9	9	44	56	59	80	98	98	1.27	1.40	1.36
240126	1	6	10.2	1	6	4.6	9.5	1.01	1.16	0.32	0.33	3	0.72	9.3	9	32	48	23	62	94	56	1.00	1.57	1.00
240126	1	7	8.5	0	10	4.4	11.3	1.00	0.80	0.97	0.25	1	0.52	8.7	11	9	11	29	35	98	65	1.17	1.57	1.56
240126	1	8	9.8	0	10	3.7	3.7	40.2	0.92	0.67	0.70	2	1.64	9.8	10	30	52	48	76	98	98	3.35	1.17	1.19
240126	1	9	8.6	0	10	3.2	3.2	29.3	1.18	0.59	0.57	2	0.90	9.7	12	12	17	35	65	97	55	2.43	2.49	2.50
240126	1	10	8.7	0	11	5.9	5.9	38.4	0.74	1.34	0.57	1	1.43	10.3	7	56	56	12	70	73	38	1.09	1.08	0.81
240126	2	1	9.0	0	10	4.2	16.2	6.07	0.63	0.65	0.66	2	1.59	8.7	11	0	76	21	36	98	70	1.94	2.13	2.07
240126	2	2	9.0	0	10	4.5	4.5	39.2	1.13	0.81	0.43	3	0.91	8.4	11	6	36	29	35	88	70	0.81	3.52	3.48
240126	2	3	10.2	1	1	4.4	4.4	1.11	0.88	0.34	0.39	3	1.08	10.1	12	36	76	50	91	94	98	1.95	3.18	3.17
240126	2	4	7.2	0	9	3.4	3.4	27.0	1.26	0.38	0.59	1	1.12	9.5	11	15	36	9	64	88	33	2.37	2.42	0.56
240126	2	5	8.6	0	12	6.7	7.0	43.4	1.71	0.35	0.55	2	0.63	9.4	11	14	20	12	64	79	68	0.63	2.19	0.61
240126	2	6	8.0	0	2	5.2	5.2	41.2	0.75	0.44	0.51	1	1.15	9.2	1	6	73	14	53	98	67	1.83	4.96	3.46
240126	2	7	9.9	0	2	5.1	5.1	47.1	0.63	0.41	0.18	3	0.43	9.5	12	0	80	41	92	98	92	2.38	2.52	2.38
240126	2	8	9.3	0	2	3.9	3.9	32.3	0.79	0.80	0.56	2	1.27	9.5	1	30	38	36	53	98	80	2.77	2.83	2.81
240126	2	9	9.4	0	11	4.8	4.8	43.8	0.72	0.91	0.72	3	1.03	10.5	1	36	50	23	97	98	62	2.55	2.61	2.70
240126	2	10	7.3	0	11	3.9	3.9	58.7	1.23	1.55	1.02	2	1.39	8.8	12	5	23	21	26	61	39	0.49	2.31	0.80
240126	3	1	9.4	0	1	4.1	9.0	1.00	1.06	0.67	0.36	1	0.44	10.0	11	27	45	38	86	91	68	1.51	1.51	2.06
240126	3	2	9.9	0	3	5.3	5.3	38.5	0.56	0.58	0.47	2	1.24	9.6	2	0	76	23	85	98	98	3.06	3.12	3.09
240126	3	3	6.9	0	1	3.8	9.4	56.4	1.19	1.06	0.54	2	1.07	8.0	1	0	11	17	23	83	27	0.01	2.07	0.96
240126	3	4	8.0	0	12	5.7	5.7	31.0	0.82	1.22	0.21	2	0.42	8.7	11	18	9	48	26	94	62	3.33	4.04	4.91
240126	3	5	10.6	1	6	4.2	4.2	50.1	0.76	0.57	0.25	3	0.62	9.4	10	26	71	24	50	98	44	2.44	2.40	2.43
240126	3	6	9.8	0	3	4.5	4.5	28.1	0.80	0.97	0.87	3	1.55	9.7	12	23	44	27	79	92	55	1.46	2.73	1.19
240126	3	7	10.0	0	1	4.0	4.0	33.7	0.45	0.63	0.20	1	0.54	10.3	3	55	76	64	100	98	98	2.21	2.55	2.69
240126	3	8	10.1	0	11	4.9	4.9	31.2	0.95	0.44	0.55	2	1.35	9.5	12	2	61	33	70	98	98	1.26	1.59	1.56
240126	3	9	8.7	0	1	4.1	4.1	32.5	1.08	0.61	0.53	3	1.51	9.6	1	6	38	17	79	94	88	2.91	2.97	3.02
240126	3	10	10.2	1	6	3.7	3.7	28.9	1.21	0.90	0.45	3	0.63	10.4	2	42	41	27	71	79	70	1.92	1.94	1.88
240126	4	1	9.2	0	12	4.4	4.4	31.7	0.84	0.73	0.23	2	0.38	9.8	11	42	33	29	73	98	91	2.82	2.85	2.90
240126	4	2	10.3	1	3	3.3	3.3	29.1	0.89	0.61	0.78	3	2.41	9.9	10	26	77	15	91	91	41	1.12	1.64	1.11
240126	4	3	8.7	0	12	3.8	3.8	29.8	1.40	1.00	0.57	3	0.75	10.0	11	3	26	15	58	68	55	2.91	2.12	0.85
240126	4	4	10.0	0	2	5.0	5.0	37.2	1.05	0.43	0.45	3	0.72	9.8	12	18	53	56	79	92	80	2.96	2.97	2.94
240126	4	5	9.8	0	11	4.5	4.5	33.8	1.55	0.45	0.28	3	0.42	9.4	12	0	35	56	55	80	67	2.73	3.50	2.75
240126	4	6	9.2	0	2	4.5	4.5	33.2	1.33	1.22	0.52	3	0.76	9.3	12	20	11	26	50	68	59	1.36	3.75	0.63
240126	4	7	7.7	0	3	3.7	3.7	34.0	1.21	0.41	0.89	1	1.71	10.0	3	39	53	11	79	85	42	2.96	2.94	0.77
240126	4	8	9.0	0	12	4.9	4.9	30.3	1.02	1.10	0.51	2	0.81	9.9	10	15	36	24	74	80	67	1.84	1.88	1.98
240126	4	9	9.2	0	12	3.0	3.0	21.9	1.13	0.87	0.62	3	1.03	8.4	2	18	38	8	29	83	44	0.85	1.73	0.89
240126	4	10	7.8	0	10	3.8	3.8	23.5	1.70	0.84	0.55	1	1.04	9.9	1	15	9	15	67	71	29	1.20	1.27	0.48

