Elmo	Ilmakiv‰‰ri	Pysty
Date	Series	Shot	Hit	X ring	Sector	On	Total	Int.(s)			Trigger			COG		Fine %			Rough %			Hold time (s)
						target	time 		dev X	dev Y	ATV	TIRE	RTV	Hit	Sector	Target	COG	Hit	Target	COG	Hit	Target	COG	Hit
231124	1	1	9.3	0	10	7.1	9.3	0.0	1.05	0.58	0.27	1	0.38	10.3	12	41	47	45	86	92	70	2.85	2.90	2.91
231124	1	2	9.9	0	8	9.3	9.6	33.0	1.14	0.37	0.61	2	1.13	10.3	9	35	48	45	85	95	83	3.56	3.29	3.27
231124	1	3	8.1	0	1	8.7	8.7	38.9	1.16	1.10	0.99	2	1.81	8.7	1	2	24	23	32	83	76	0.94	1.40	1.40
231124	1	4	7.3	0	3	6.3	6.7	35.4	1.31	0.85	1.44	1	2.51	8.9	1	0	27	9	45	82	20	0.94	2.06	0.33
231124	1	5	10.2	1	3	7.3	8.9	32.5	0.63	0.60	0.90	3	2.48	8.8	11	6	73	5	30	95	15	3.77	2.91	3.77
231124	1	6	8.3	0	11	7.1	7.1	35.8	0.90	0.17	0.60	3	1.34	9.1	12	0	68	17	58	98	41	1.46	2.96	1.41
231124	1	7	8.3	0	11	10.3	10.3	35.7	1.07	0.33	0.18	2	0.23	8.9	1	0	53	32	29	92	67	1.81	2.92	1.46
231124	1	8	8.1	0	11	7.1	7.1	40.5	1.19	0.60	0.70	1	2.21	9.0	1	0	67	6	32	86	44	0.94	1.91	0.87
231124	1	9	9.4	0	2	6.1	7.5	38.0	0.93	0.72	0.62	2	1.02	7.6	1	0	30	24	6	98	47	0.51	1.17	1.09
231124	1	10	10.2	1	4	7.0	7.0	35.0	0.87	0.31	0.56	1	1.11	10.6	3	76	71	47	91	98	98	2.06	2.07	2.06
231124	2	1	10.0	0	1	4.9	4.9	36.6	1.05	0.72	0.31	3	0.47	9.6	1	8	48	50	65	92	83	1.56	1.70	1.65
231124	2	2	9.0	0	12	5.5	5.9	43.8	1.05	0.69	0.70	3	0.84	9.5	1	14	30	38	61	98	77	1.83	1.94	1.95
231124	2	3	9.5	0	4	6.5	6.5	27.6	0.95	0.44	0.60	3	1.16	10.7	12	56	62	12	100	98	65	2.87	2.88	2.82
231124	2	4	10.4	1	10	6.8	6.8	36.3	1.01	0.42	0.35	3	0.54	10.6	4	59	58	47	91	98	76	3.35	3.38	3.25
231124	2	5	8.9	0	10	5.0	5.1	3.45	1.14	0.66	0.79	2	1.52	9.7	2	24	35	11	68	91	24	1.80	2.52	0.72
231124	2	6	9.0	0	3	7.0	27.8	2.01	1.93	0.34	0.78	2	0.97	9.9	11	24	41	20	61	61	42	0.75	2.94	0.66
231124	2	7	8.7	0	1	2.8	2.8	25.4	1.47	1.15	0.31	1	0.48	9.1	11	11	5	38	53	67	47	0.93	1.32	0.60
231124	2	8	8.8	0	3	6.7	8.9	37.4	1.43	0.65	0.69	1	0.93	10.3	2	26	27	36	58	82	55	2.16	2.43	0.49
231124	2	9	9.5	0	6	5.8	5.8	26.7	0.91	0.50	0.48	1	0.65	9.1	5	14	59	32	50	98	77	2.46	2.34	2.29
231124	2	10	10.2	1	12	5.4	5.4	28.7	2.08	0.42	0.29	3	0.33	10.3	10	29	32	33	56	50	58	0.87	2.48	0.89
231124	3	1	8.8	0	3	6.5	13.0	45.6	1.53	1.05	0.76	1	0.70	10.0	3	23	24	12	59	62	45	1.44	1.60	0.63
231124	3	2	7.8	0	12	4.2	4.8	20.7	1.10	0.99	0.93	1	1.56	10.8	1	48	44	6	82	83	14	1.00	1.00	0.48
231124	3	3	9.9	0	9	6.7	6.7	33.1	1.13	0.51	0.91	2	1.36	10.3	9	27	41	50	91	86	82	1.88	2.31	1.88
231124	3	4	9.8	0	5	4.6	4.8	27.1	0.48	0.46	0.70	1	1.32	10.8	1	85	88	9	100	98	91	1.91	1.91	1.81
231124	3	5	9.8	0	11	6.0	6.0	24.0	0.97	0.53	0.62	3	1.41	9.7	1	17	58	48	80	94	80	2.33	2.38	2.37
231124	3	6	9.8	0	3	6.5	6.9	26.9	0.85	0.40	0.51	1	0.69	10.7	12	64	64	35	100	98	76	2.60	2.60	3.08
231124	3	7	9.5	0	12	6.2	6.2	29.7	1.25	0.47	0.67	2	0.85	9.9	10	52	41	24	73	85	71	1.80	1.77	1.84
231124	3	8	10.5	1	4	4.8	4.8	39.7	0.81	0.51	0.41	3	0.71	9.8	10	39	55	27	76	98	56	1.49	1.46	1.78
231124	3	9	10.4	1	9	4.5	5.2	19.9	1.21	0.74	0.41	3	0.54	10.1	4	48	38	47	73	91	56	2.81	2.79	2.50
231124	3	10	7.2	0	10	5.4	5.4	29.7	2.73	0.42	1.42	2	0.87	8.4	10	3	20	15	45	36	32	0.39	0.49	0.20
231124	4	1	10.2	1	1	4.6	4.6	31.4	1.00	0.28	0.26	2	0.39	10.1	12	30	61	48	100	98	95	3.00	3.03	3.03
231124	4	2	9.7	0	1	8.2	8.2	28.9	1.01	0.45	0.47	3	0.76	9.8	12	21	56	44	79	98	80	3.21	3.83	3.35
231124	4	3	10.1	0	5	6.5	6.5	25.1	1.07	0.64	0.47	3	1.09	9.2	4	32	33	47	58	98	62	3.65	1.64	1.71
231124	4	4	9.1	0	10	4.3	4.4	31.1	1.24	0.34	0.70	3	1.02	9.6	11	2	50	45	74	85	73	2.04	1.97	1.94
231124	4	5	8.7	0	11	5.0	5.0	24.6	1.20	0.65	0.61	3	0.83	8.9	11	0	38	20	45	88	92	1.17	1.16	1.12
231124	4	6	8.5	0	10	6.4	6.4	29.3	1.23	0.57	0.67	2	0.99	9.9	11	30	55	23	71	86	67	3.48	3.87	0.49
231124	4	7	9.9	0	9	5.4	5.4	24.3	0.82	0.60	0.47	3	0.82	10.1	10	44	58	47	88	98	98	1.71	1.70	1.70
231124	4	8	10.3	1	3	4.3	4.3	24.8	0.82	0.48	0.40	3	1.32	10.1	10	58	76	30	91	94	88	2.04	2.07	2.04
231124	4	9	10.1	0	11	2.9	2.9	20.4	1.03	0.44	0.43	1	0.52	10.7	10	42	45	29	100	98	98	1.20	1.22	1.23
231124	4	10	9.4	0	11	5.8	6.1	23.7	0.73	0.58	0.68	3	1.17	9.5	12	9	65	35	76	98	91	4.08	2.62	4.12
