Marko	Ilmakiv‰‰ri
Date	Series	Shot	Hit	X ring	Sector	On	Total	Int.(s)			Trigger			COG		Fine %			Rough %			Hold time (s)
						target	time 		dev X	dev Y	ATV	TIRE	RTV	Hit	Sector	Target	COG	Hit	Target	COG	Hit	Target	COG	Hit
230331	1	1	10.0	0	9	9.8	9.8	0.0	0.13	0.28	0.16	1	1.10	10.2	9	92	98	98	100	98	98	4.83	4.86	4.83
230331	1	2	10.6	1	12	10.7	10.7	55.3	0.21	0.18	0.12	3	0.53	10.5	11	100	98	98	100	98	98	6.75	6.83	6.78
230331	1	3	10.8	1	10	10.4	10.4	56.0	0.21	0.18	0.22	3	1.61	10.6	2	100	98	98	100	98	98	7.26	7.32	7.28
230331	1	4	10.4	1	11	11.9	11.9	56.4	0.13	0.18	0.22	3	1.32	10.6	11	100	98	98	100	98	98	6.36	6.39	6.67
230331	1	5	10.5	1	3	9.4	9.4	1.37	0.26	0.23	0.26	3	0.97	10.8	1	100	98	98	100	98	98	5.46	5.54	5.47
230331	1	6	10.8	1	8	11.0	17.6	1.29	0.30	0.13	0.14	3	0.73	10.7	10	100	98	98	100	98	98	8.05	8.07	8.03
230331	1	7	10.5	1	1	10.3	10.3	49.4	0.18	0.18	0.20	1	0.84	10.7	12	100	98	98	100	98	98	6.69	7.00	7.02
230331	1	8	10.6	1	7	10.3	10.3	49.7	0.11	0.13	0.12	2	0.80	10.7	7	100	98	98	100	98	98	4.46	4.42	4.42
230331	1	9	10.6	1	5	8.6	8.6	53.4	0.22	0.12	0.13	1	0.84	10.5	4	100	98	98	100	98	98	4.70	4.68	4.65
230331	1	10	10.8	1	3	9.5	17.1	1.25	0.16	0.17	0.11	2	0.73	10.8	3	100	98	98	100	98	98	6.04	6.06	6.06
230331	2	1	10.3	1	3	9.9	9.9	2.27	0.23	0.17	0.25	3	1.24	10.3	1	100	98	92	100	98	98	4.61	5.40	4.80
230331	2	2	10.7	1	1	9.5	9.5	48.9	0.18	0.13	0.19	3	1.14	10.4	11	100	98	98	100	98	98	5.96	6.03	5.99
230331	2	3	10.6	1	11	10.8	10.8	48.8	0.20	0.19	0.10	3	0.42	10.6	11	100	98	98	100	98	98	6.79	6.83	6.83
230331	2	4	10.7	1	10	9.0	9.0	47.6	0.17	0.16	0.15	2	1.23	10.6	12	100	98	98	100	98	98	5.57	5.61	5.57
230331	2	5	10.5	1	3	11.1	11.1	50.8	0.11	0.15	0.21	3	2.07	10.8	3	100	98	98	100	98	98	6.34	6.25	6.24
230331	2	6	10.5	1	3	8.7	8.7	53.4	0.17	0.24	0.20	3	0.96	10.6	2	100	98	98	100	98	98	6.25	6.53	6.27
230331	2	7	10.8	1	3	11.5	11.5	49.8	0.15	0.24	0.13	2	0.70	10.7	1	100	98	98	100	98	98	4.63	4.77	4.75
230331	2	8	10.5	1	9	9.9	19.6	1.49	0.21	0.14	0.21	2	1.41	10.8	9	100	98	98	100	98	98	6.24	6.24	6.22
230331	2	9	10.7	1	3	11.6	11.6	47.8	0.30	0.19	0.18	3	0.97	10.7	11	100	98	98	100	98	98	6.67	6.79	6.67
230331	2	10	10.4	1	9	12.3	12.3	50.4	0.17	0.20	0.10	1	0.61	10.5	10	100	98	98	100	98	98	6.69	6.74	6.69
230331	3	1	10.9	1	1	9.7	9.8	2.27	0.28	0.15	0.29	3	1.27	10.5	1	100	98	98	100	98	98	3.96	4.25	3.96
230331	3	2	10.7	1	2	9.8	10.5	48.2	0.20	0.17	0.11	2	0.71	10.8	12	100	98	98	100	98	98	6.17	6.21	6.21
230331	3	3	10.6	1	1	12.5	12.5	56.3	0.15	0.12	0.17	2	1.30	10.7	11	100	98	98	100	98	98	6.17	6.27	6.30
230331	3	4	10.9	1	7	10.7	10.7	52.8	0.19	0.14	0.09	3	0.58	10.8	12	100	98	98	100	98	98	4.49	4.51	4.49
230331	3	5	10.8	1	10	13.6	13.6	51.5	0.14	0.23	0.17	3	0.92	10.8	8	100	98	98	100	98	98	7.41	7.35	7.51
230331	3	6	10.2	1	4	11.3	11.3	54.6	0.17	0.16	0.15	1	0.91	10.3	3	95	98	98	100	98	98	4.42	4.39	4.25
230331	3	7	10.6	1	10	10.8	10.8	59.0	0.19	0.13	0.15	2	0.97	10.4	10	100	98	98	100	98	98	5.64	5.71	5.67
230331	3	8	10.8	1	6	11.6	11.6	49.5	0.23	0.16	0.11	3	0.79	10.7	10	100	98	98	100	98	98	5.88	5.89	5.57
230331	3	9	10.5	1	5	11.4	11.4	56.9	0.19	0.32	0.26	1	1.21	10.8	1	100	98	88	100	98	98	5.47	5.52	5.40
230331	3	10	10.6	1	5	9.4	18.8	1.22	0.12	0.15	0.16	3	0.89	10.8	2	100	98	98	100	98	98	5.05	5.10	4.71
230331	4	1	10.4	1	12	12.0	13.3	2.50	0.23	0.19	0.11	2	0.43	10.5	12	100	98	98	100	98	98	6.76	6.87	6.90
230331	4	2	10.7	1	7	9.6	9.6	44.8	0.26	0.21	0.13	3	0.68	10.7	8	100	98	98	100	98	98	6.57	6.32	6.30
230331	4	3	10.9	1	10	9.6	9.9	51.7	0.18	0.14	0.15	3	0.83	10.7	11	100	98	98	100	98	98	4.59	4.62	4.59
230331	4	4	10.9	1	6	9.9	9.9	45.0	0.12	0.16	0.14	3	0.99	10.7	2	100	98	98	100	98	98	5.47	5.50	5.47
230331	4	5	10.7	1	4	12.4	12.4	50.7	0.09	0.24	0.11	1	0.67	10.8	2	100	98	98	100	98	98	5.22	5.29	4.92
230331	4	6	10.8	1	4	10.6	10.6	51.5	0.12	0.19	0.10	3	0.60	10.6	12	100	98	98	100	98	98	4.77	4.89	4.67
230331	4	7	10.5	1	1	12.3	12.3	49.5	0.17	0.13	0.13	1	0.81	10.8	12	100	98	98	100	98	98	5.36	5.42	5.47
230331	4	8	10.3	1	12	10.9	24.0	1.43	0.18	0.24	0.09	3	0.36	10.4	1	94	98	98	100	98	98	6.08	6.66	6.67
230331	4	9	10.3	1	1	11.6	11.6	50.0	0.23	0.15	0.22	3	0.80	10.4	12	100	98	98	100	98	98	3.78	3.84	3.84
230331	4	10	9.9	0	12	12.5	12.5	1.20	0.26	0.22	0.21	2	1.32	10.7	12	100	98	68	100	98	98	6.24	6.41	6.71
230331	5	1	10.6	1	1	11.5	11.5	1.05	0.25	0.24	0.45	2	2.01	10.7	9	100	98	92	100	98	98	5.89	5.89	5.92
