Marko	Ilmakiv‰‰ri
Date	Series	Shot	Hit	X ring	Sector	On	Total	Int.(s)			Trigger			COG		Fine %			Rough %			Hold time (s)
						target	time 		dev X	dev Y	ATV	TIRE	RTV	Hit	Sector	Target	COG	Hit	Target	COG	Hit	Target	COG	Hit
260221	1	1	9.9	0	11	7.5	7.5	0.0	0.27	0.44	0.26	3	1.07	9.0	11	0	98	65	65	98	98	1.81	2.92	2.27
260221	1	2	9.4	0	11	8.2	8.2	41.8	0.30	0.39	0.16	2	0.65	9.2	11	0	97	94	80	98	98	1.94	2.79	2.61
260221	1	3	10.5	1	12	8.9	8.9	40.9	0.29	0.37	0.20	3	1.03	9.9	11	38	98	67	100	98	98	2.27	2.44	2.33
260221	1	4	9.9	0	2	6.3	15.5	1.24	0.52	0.57	0.57	3	2.55	9.7	12	21	82	30	85	98	76	1.89	2.35	2.16
260221	1	5	10.1	0	12	8.6	8.6	38.9	0.57	0.35	0.27	3	0.86	9.9	11	23	88	64	97	98	98	2.48	2.70	2.88
260221	1	6	9.8	0	12	8.2	8.2	40.5	0.46	0.42	0.34	3	0.84	9.4	11	6	95	83	86	98	98	1.89	2.62	2.34
260221	1	7	10.1	0	6	10.5	10.5	45.3	0.52	0.65	0.21	1	0.71	10.6	9	74	70	62	100	98	92	2.27	2.27	2.01
260221	1	8	10.2	1	9	8.4	8.4	42.7	0.45	0.63	0.14	2	0.31	9.7	11	33	88	41	98	98	98	2.00	2.60	2.16
260221	1	9	9.3	0	11	7.9	7.9	38.7	0.28	0.63	0.43	3	2.51	8.4	11	0	80	42	12	98	86	1.41	2.34	2.08
260221	1	10	9.6	0	10	9.2	9.2	37.9	0.71	0.36	0.21	1	0.72	9.9	10	17	85	80	100	98	91	2.44	2.65	2.58
260221	2	1	10.6	1	11	7.2	7.9	46.6	0.61	0.47	0.30	3	0.93	10.3	11	50	85	65	100	98	98	2.55	2.79	2.58
260221	2	2	9.6	0	11	11.3	11.3	39.3	0.30	0.34	0.30	1	1.16	10.4	11	86	98	62	100	98	98	2.92	3.23	3.62
260221	2	3	10.2	1	10	8.5	8.6	34.0	0.37	0.24	0.10	2	0.46	10.2	10	59	98	98	100	98	98	3.52	4.02	4.02
260221	2	4	9.7	0	11	10.4	19.6	1.11	0.40	0.24	0.32	3	1.14	9.8	11	20	98	98	100	98	98	5.37	6.08	6.15
260221	2	5	9.4	0	11	8.1	8.9	37.5	0.43	0.24	0.29	1	1.40	10.0	11	55	98	64	100	98	98	2.28	2.65	2.71
260221	2	6	10.7	1	4	7.8	7.8	30.1	0.43	0.26	0.21	3	1.00	10.2	9	74	98	42	100	98	98	2.49	2.54	2.49
260221	2	7	10.3	1	12	10.2	10.2	34.7	0.29	0.40	0.27	1	0.76	10.7	12	92	98	91	100	98	98	2.97	3.00	3.04
260221	2	8	10.8	1	5	9.8	9.8	35.0	0.33	0.24	0.31	3	1.74	10.6	9	92	98	85	100	98	98	3.71	3.72	3.69
260221	2	9	9.7	0	8	9.5	9.5	35.1	0.21	0.53	0.23	1	0.99	10.4	9	85	98	55	100	98	98	2.50	2.50	2.06
260221	2	10	10.2	1	11	8.2	16.1	58.8	0.38	0.34	0.30	3	0.76	10.1	9	58	98	79	100	98	98	2.52	2.58	2.82
260221	3	1	10.4	1	8	9.1	9.1	40.4	0.42	0.25	0.19	3	0.96	9.8	10	29	98	58	100	98	98	3.17	3.63	3.17
260221	3	2	10.1	0	1	8.7	8.7	37.1	0.43	0.30	0.20	2	0.47	10.6	1	92	98	86	100	98	98	2.94	3.15	3.38
260221	3	3	10.0	0	11	7.4	7.7	36.2	0.26	0.30	0.23	1	1.08	10.7	11	100	98	79	100	98	98	2.88	2.91	3.57
260221	3	4	10.7	1	12	8.6	24.2	1.34	0.21	0.27	0.16	3	0.72	10.5	12	94	98	98	100	98	98	3.30	3.38	3.36
260221	3	5	10.3	1	4	8.0	8.5	35.9	0.31	0.22	0.34	3	1.53	10.4	4	94	98	98	100	98	98	2.94	2.29	2.29
260221	3	6	10.9	1	9	7.8	7.8	28.7	0.64	0.33	0.37	3	1.02	10.6	8	76	80	74	100	98	98	2.79	2.75	2.81
260221	3	7	10.6	1	11	7.8	7.8	31.2	0.23	0.31	0.37	3	1.46	10.6	4	100	98	91	100	98	98	3.57	3.54	3.67
260221	3	8	10.1	0	12	7.7	7.7	30.2	0.41	0.32	0.37	1	1.34	10.8	9	97	98	52	100	98	98	2.79	2.79	3.10
260221	3	9	10.4	1	3	8.0	8.0	29.6	0.25	0.21	0.19	2	0.64	10.5	4	100	98	98	100	98	98	3.08	3.02	3.03
260221	3	10	10.3	1	12	8.3	8.3	37.2	0.44	0.49	0.26	3	0.76	10.6	8	86	98	36	100	98	98	3.75	3.73	4.17
