Hertta P.	Ilmakiv‰‰ri	Pysty
Date	Series	Shot	Hit	X ring	Sector	On	Total	Int.(s)			Trigger			COG		Fine %			Rough %			Hold time (s)
						target	time 		dev X	dev Y	ATV	TIRE	RTV	Hit	Sector	Target	COG	Hit	Target	COG	Hit	Target	COG	Hit
230129	1	1	8.5	0	3	3.3	3.3	0.0	0.76	0.73	0.81	2	1.66	10.2	2	42	55	11	94	98	33	2.35	2.40	2.65
230129	1	2	8.5	0	3	4.7	4.7	30.7	0.61	0.52	0.14	1	0.28	9.5	3	18	83	35	67	98	97	3.63	4.25	4.29
230129	1	3	9.2	0	4	4.9	4.9	31.3	0.20	0.51	0.14	1	0.47	9.7	3	0	97	67	100	98	98	3.45	3.45	3.40
230129	1	4	10.2	1	2	3.7	3.7	27.4	0.44	0.53	0.32	3	1.07	10.0	2	53	86	79	92	98	98	2.70	2.76	2.75
230129	1	5	9.7	0	3	5.8	5.8	25.9	0.40	0.47	0.36	3	1.26	9.5	3	11	98	95	98	98	98	3.42	6.03	6.06
230129	1	6	10.5	1	12	4.7	4.7	30.7	0.33	0.22	0.61	3	2.39	9.8	3	21	95	9	100	98	98	3.44	4.38	3.38
230129	1	7	9.5	0	3	4.6	4.6	28.5	0.69	0.42	0.28	1	0.87	9.8	3	36	80	65	89	98	98	4.08	4.12	4.25
230129	1	8	10.4	1	4	5.2	5.2	27.9	0.50	0.39	0.28	3	0.67	9.9	4	42	91	73	89	98	98	3.24	2.77	3.27
230129	1	9	9.5	0	4	5.1	5.1	27.1	0.23	0.39	0.30	1	1.31	9.9	3	17	98	94	100	98	98	4.17	4.28	4.28
230129	1	10	10.8	1	12	4.2	4.2	25.9	0.68	0.52	0.34	3	0.63	10.1	2	64	73	71	86	98	85	2.17	2.56	2.17
230129	2	1	10.1	0	2	3.8	3.8	25.2	0.47	0.41	0.35	3	1.33	10.6	2	91	91	74	100	98	98	2.98	3.29	3.30
230129	2	2	9.3	0	8	6.7	6.7	28.1	0.65	0.54	0.53	1	1.41	10.6	7	73	68	21	100	98	79	6.72	6.72	6.72
230129	2	3	10.5	1	11	4.7	4.7	30.5	0.76	0.36	0.51	2	0.89	10.5	10	67	76	73	100	98	98	4.12	4.07	4.08
230129	2	4	9.5	0	3	4.1	4.1	25.8	0.50	0.39	0.26	1	0.86	9.6	2	29	94	82	92	98	98	2.77	3.15	3.21
230129	2	5	10.1	0	3	4.1	4.1	25.8	0.51	0.20	0.23	3	0.92	9.6	3	27	91	80	86	98	98	2.96	3.10	3.06
230129	2	6	10.4	1	6	3.9	3.9	25.1	0.54	0.13	0.19	3	0.56	10.4	5	83	92	79	100	98	98	3.93	3.93	3.93
230129	2	7	10.0	0	3	4.8	4.8	26.5	0.84	0.31	0.27	1	0.79	9.8	3	44	68	56	73	98	98	4.59	4.88	4.86
230129	2	8	10.3	1	9	3.4	3.4	24.7	0.44	0.33	0.38	2	1.03	10.4	5	74	98	42	100	98	98	2.97	3.03	2.92
230129	2	9	10.3	1	7	4.7	4.7	24.8	0.93	0.45	0.43	3	0.85	10.4	7	58	56	59	95	98	98	3.77	3.71	3.71
230129	2	10	9.3	0	10	4.5	4.5	26.2	0.91	0.24	0.35	1	1.15	10.7	10	70	74	44	100	98	65	3.46	3.45	3.13
230129	3	1	9.5	0	4	4.0	4.0	25.6	0.88	0.54	0.82	2	1.73	10.3	4	38	59	36	92	98	86	3.29	3.40	3.40
230129	3	2	9.5	0	6	4.5	4.5	26.3	0.82	0.71	0.78	1	1.67	10.5	4	65	53	5	88	98	71	3.69	3.72	3.65
230129	3	3	9.6	0	3	5.8	5.8	26.6	0.92	0.27	0.37	2	1.11	10.0	3	56	62	56	82	98	97	5.54	5.58	4.62
230129	3	4	10.2	1	5	3.3	3.3	24.6	0.43	0.35	0.16	2	0.41	10.2	4	62	98	79	100	98	98	2.27	2.31	2.29
230129	3	5	9.1	0	1	4.1	4.1	24.1	0.60	0.32	0.47	1	1.68	10.6	11	82	83	9	100	98	65	3.27	3.27	3.63
230129	3	6	9.2	0	3	4.2	4.2	28.2	0.79	0.48	0.15	2	0.39	10.0	3	39	68	47	89	98	88	2.35	3.85	3.85
230129	3	7	9.7	0	11	4.4	4.4	26.6	0.68	0.33	0.32	2	0.81	10.5	2	65	80	36	100	98	74	3.33	3.35	2.97
230129	3	8	9.9	0	9	3.8	3.8	23.3	0.93	0.21	0.24	1	0.82	10.9	9	62	64	53	98	98	86	2.56	2.56	1.86
230129	3	9	10.0	0	12	4.5	4.5	28.3	0.42	0.37	0.25	2	0.75	10.5	11	85	98	64	100	98	98	2.77	2.75	2.75
230129	3	10	9.8	0	4	4.8	4.8	26.6	0.48	0.33	0.14	3	0.48	9.2	3	3	92	41	62	98	98	3.66	3.66	3.66
230129	4	1	10.2	1	7	5.6	5.6	26.1	0.95	0.43	0.98	2	1.57	10.1	3	45	50	27	86	98	64	4.51	4.95	4.30
230129	4	2	9.9	0	3	4.3	4.3	21.9	0.45	0.31	0.15	3	0.63	9.9	4	39	95	88	100	98	98	3.18	3.36	3.36
230129	4	3	10.4	1	4	4.3	4.3	28.3	0.55	0.18	0.27	2	0.90	10.5	4	79	95	92	100	98	98	3.35	3.38	3.38
230129	4	4	10.6	1	10	4.3	4.3	24.1	0.64	0.37	0.26	3	0.94	10.2	2	35	82	27	100	98	98	3.72	3.81	3.69
230129	4	5	9.5	0	3	5.0	5.0	25.3	0.41	0.49	0.39	2	0.91	10.3	2	61	89	53	100	98	97	3.96	4.05	4.38
230129	4	6	10.7	1	1	5.6	5.6	24.3	0.49	0.34	0.13	3	0.38	10.6	2	86	98	88	100	98	98	5.46	5.49	5.47
230129	4	7	10.7	1	9	4.5	4.5	24.6	0.63	0.41	0.21	3	0.44	10.5	8	64	83	68	100	98	98	3.69	3.66	3.67
230129	4	8	10.3	1	3	4.5	4.5	24.0	0.32	0.29	0.30	3	1.04	10.5	4	94	98	95	100	98	98	3.90	4.16	4.20
230129	4	9	10.8	1	3	5.8	5.8	25.0	0.89	0.46	0.26	2	0.56	10.2	1	59	58	56	85	98	85	5.76	5.85	5.78
230129	4	10	9.5	0	4	5.0	5.0	23.0	0.53	0.62	0.37	3	1.20	9.7	4	17	88	85	100	98	95	5.03	5.36	5.36
