Hertta P.	Ilmakiv‰‰ri
Date	Series	Shot	Hit	X ring	Sector	On	Total	Int.(s)			Trigger			COG		Fine %			Rough %			Hold time (s)
						target	time 		dev X	dev Y	ATV	TIRE	RTV	Hit	Sector	Target	COG	Hit	Target	COG	Hit	Target	COG	Hit
241123	1	1	10.4	1	8	7.5	7.5	0.0	0.47	0.66	0.26	2	0.70	10.8	11	88	83	48	100	98	98	2.23	2.25	1.77
241123	1	2	9.8	0	2	9.2	9.2	40.1	0.65	0.64	0.39	1	1.59	10.2	2	61	65	64	92	98	98	2.88	3.44	3.42
241123	1	3	10.1	0	9	8.8	8.8	47.1	0.61	0.28	0.42	3	0.98	10.1	12	48	83	27	100	98	86	3.09	3.42	3.04
241123	1	4	10.6	1	1	9.3	9.3	37.7	1.00	0.35	0.18	3	0.35	10.6	12	48	48	50	100	98	98	3.67	3.99	3.98
241123	1	5	10.5	1	4	7.5	7.5	34.5	0.35	0.77	0.36	3	1.47	9.8	12	41	76	32	86	98	56	1.75	2.69	1.70
241123	1	6	10.4	1	3	10.6	10.6	38.8	0.59	0.16	0.36	2	1.56	10.3	3	74	92	91	100	98	98	3.56	2.91	2.92
241123	1	7	9.4	0	3	9.1	9.1	3.22	0.69	0.19	0.88	2	4.05	10.6	11	76	88	12	100	98	53	3.94	4.02	2.31
241123	1	8	10.6	1	7	9.6	9.6	40.9	0.44	0.29	0.19	3	0.99	10.2	5	53	98	53	100	98	98	3.17	3.17	3.15
241123	1	9	10.4	1	11	9.2	9.8	40.5	0.35	0.34	0.23	1	0.79	10.7	9	94	98	88	100	98	98	2.88	2.87	2.92
241123	1	10	10.4	1	12	6.4	6.4	31.4	0.47	0.35	0.09	3	0.39	10.0	12	59	89	77	97	98	98	1.80	1.88	1.86
241123	2	1	9.9	0	1	8.1	8.1	33.6	0.29	0.44	0.25	2	0.88	10.1	12	61	98	92	100	98	98	2.02	2.12	2.21
241123	2	2	9.5	0	3	11.8	11.8	41.0	1.10	0.27	0.27	1	0.61	9.7	2	30	42	56	67	98	83	3.33	3.52	3.48
241123	2	3	9.7	0	10	8.4	8.4	34.0	0.43	0.26	0.31	2	1.04	10.5	12	98	98	48	100	98	97	2.16	2.70	2.10
241123	2	4	9.3	0	11	7.1	7.1	34.0	0.77	0.43	0.19	1	0.63	9.5	12	18	74	45	77	98	88	1.25	1.36	1.27
241123	2	5	9.5	0	10	7.7	7.7	39.7	0.73	0.44	0.75	3	1.86	10.7	1	65	71	27	100	98	62	4.53	4.56	4.53
241123	2	6	9.8	0	10	9.7	9.7	39.8	0.54	0.36	0.19	2	0.38	10.2	11	55	98	68	100	98	98	4.54	4.74	4.63
241123	2	7	10.0	0	9	8.5	8.5	44.2	0.56	0.40	0.63	2	1.68	10.8	3	91	91	21	100	98	98	3.72	3.72	3.67
241123	2	8	9.9	0	11	8.1	8.1	31.0	0.67	0.24	0.08	3	0.27	9.9	12	12	89	88	100	98	95	2.73	2.96	2.87
241123	2	9	10.6	1	11	9.1	9.1	36.5	0.49	0.24	0.26	3	0.91	10.5	12	95	98	98	100	98	98	4.08	4.11	4.09
241123	2	10	10.1	0	1	7.7	7.7	31.8	0.60	0.62	0.40	2	1.26	10.1	1	55	64	65	91	98	98	1.98	2.28	2.28
241123	3	1	10.2	1	12	5.8	15.4	53.9	1.35	0.40	0.72	2	1.39	9.8	1	9	42	33	68	79	83	2.08	2.37	2.28
241123	3	2	10.2	1	1	7.6	7.6	31.7	1.22	0.23	0.31	2	0.58	9.9	1	21	47	47	76	92	88	3.00	3.46	3.04
241123	3	3	9.0	0	3	8.0	8.0	32.0	0.78	0.84	0.59	3	1.59	9.5	12	18	67	9	70	92	45	1.30	1.65	0.94
241123	3	4	9.3	0	2	8.4	8.4	33.7	0.91	0.27	0.21	1	0.62	10.1	1	47	59	29	100	98	76	3.27	3.48	3.42
241123	3	5	10.2	1	1	8.9	8.9	32.5	0.41	0.46	0.12	3	0.49	9.7	1	29	98	74	100	98	98	3.54	3.96	3.66
