Hertta P.	Ilmakivääri
Date	Series	Shot	Hit	X ring	Sector	On	Total	Int.(s)			Trigger			COG		Fine %			Rough %			Hold time (s)
						target	time 		dev X	dev Y	ATV	TIRE	RTV	Hit	Sector	Target	COG	Hit	Target	COG	Hit	Target	COG	Hit
230402	1	1	10.1	0	1	5.6	5.6	0.0	0.43	0.21	0.39	2	1.17	10.2	10	68	97	27	100	98	98	3.42	3.38	3.57
230402	1	2	10.2	1	2	4.5	4.5	30.0	0.75	0.20	0.30	3	0.65	10.7	11	74	73	55	100	98	98	2.21	2.22	2.40
230402	1	3	10.5	1	6	6.2	6.2	27.1	0.74	0.33	0.63	1	1.07	10.5	2	73	83	62	97	98	98	4.35	4.37	4.32
230402	1	4	10.2	1	9	5.3	5.3	25.3	0.54	0.47	0.64	3	1.54	10.2	1	59	88	18	100	98	88	3.85	4.08	3.88
230402	1	5	10.6	1	12	4.7	4.7	23.2	0.42	0.44	0.34	3	1.23	10.0	1	20	92	68	100	98	98	3.06	3.13	3.08
230402	1	6	10.4	1	1	5.2	5.2	24.4	0.80	0.25	0.30	3	0.78	10.6	11	71	77	62	100	98	98	4.25	4.35	4.38
230402	1	7	9.7	0	2	5.7	5.7	23.8	0.99	0.30	0.37	1	0.97	10.3	12	59	65	50	89	95	82	3.94	3.96	4.28
230402	1	8	9.5	0	3	4.5	4.5	32.0	0.54	0.27	0.40	2	1.35	10.3	2	73	91	64	100	98	92	2.77	2.79	2.76
230402	1	9	10.3	1	9	4.5	4.5	31.5	0.71	0.38	0.48	3	1.58	10.5	2	76	79	56	100	98	88	2.96	3.00	2.96
230402	1	10	10.5	1	1	5.8	5.8	22.6	0.50	0.40	0.35	2	0.93	10.1	12	48	89	82	100	98	98	3.99	4.09	4.08
230402	2	1	9.3	0	12	4.7	4.7	21.6	1.45	0.44	0.50	2	0.95	9.2	2	9	36	47	62	80	64	0.89	3.24	0.89
230402	2	2	9.6	0	1	5.4	13.6	1.00	0.64	0.41	0.43	2	1.07	10.2	1	56	80	55	100	98	98	3.35	3.56	3.78
230402	2	3	10.1	0	1	5.9	5.9	44.6	0.80	0.35	0.34	1	0.78	10.6	11	58	67	53	100	98	89	2.12	2.19	2.27
230402	2	4	10.0	0	3	7.4	7.4	34.9	0.60	0.27	0.43	2	0.86	10.5	2	82	85	59	100	98	98	5.94	5.96	5.96
230402	2	5	10.0	0	1	5.5	12.3	54.7	0.68	0.51	0.53	3	1.06	9.8	12	35	71	47	94	98	98	4.12	4.37	4.35
230402	2	6	10.1	0	10	6.8	6.8	44.8	0.83	0.20	0.60	3	0.85	10.7	1	74	71	55	100	98	83	4.92	4.98	4.92
230402	2	7	9.9	0	3	6.2	6.2	22.9	0.51	0.41	0.70	3	2.41	10.1	11	36	91	9	100	98	73	4.82	5.04	4.83
230402	2	8	10.2	1	3	5.6	5.6	26.7	0.61	0.56	0.92	3	1.96	9.6	12	33	74	30	73	98	65	2.92	3.17	2.96
230402	2	9	10.0	0	10	6.3	6.3	22.8	0.83	0.20	0.44	3	0.68	9.9	10	44	71	67	85	98	98	4.42	4.25	4.21
230402	2	10	9.8	0	3	6.1	6.1	24.3	0.54	0.40	0.76	3	2.79	10.0	11	20	92	6	100	98	47	4.07	4.12	4.09
230402	3	1	9.5	0	12	6.0	6.0	38.9	0.76	0.29	0.58	2	0.84	9.5	12	2	76	73	97	98	98	3.54	3.56	3.56
230402	3	2	8.5	0	3	5.2	5.2	27.8	0.70	0.77	0.94	1	3.23	9.8	2	29	62	14	76	95	48	2.77	4.11	1.81
230402	3	3	9.3	0	12	7.4	7.4	1.05	0.59	0.89	0.40	1	0.58	10.4	12	52	48	36	89	98	82	4.17	4.65	4.82
230402	3	4	9.5	0	9	5.7	7.5	42.1	1.36	0.36	0.73	2	0.95	9.5	10	23	32	21	68	85	77	3.25	3.42	3.19
230402	3	5	9.9	0	12	7.1	7.1	1.20	0.73	0.31	0.23	3	0.43	10.1	12	35	76	74	98	98	98	3.00	3.09	3.10
230402	3	6	9.2	0	3	6.4	6.4	36.8	0.76	0.28	0.39	1	0.78	9.7	3	42	77	50	82	98	98	5.14	5.14	5.10
230402	3	7	10.6	1	4	7.1	7.1	48.2	0.39	0.41	0.28	3	0.88	10.5	11	80	98	58	100	98	98	5.10	5.12	5.08
230402	3	8	9.4	0	10	6.7	6.7	27.0	0.68	0.52	0.29	1	0.84	10.6	11	71	64	29	100	98	68	5.66	5.68	2.01
230402	3	9	10.7	1	3	5.8	7.8	39.2	0.87	0.71	0.29	3	0.58	10.0	11	33	50	44	82	98	76	3.83	3.85	3.83
230402	3	10	10.5	1	2	6.1	6.1	24.4	0.62	0.51	0.36	3	0.50	9.8	12	18	73	47	92	98	92	2.97	3.09	3.02
230402	4	1	9.5	0	9	6.4	13.0	1.15	1.03	0.40	0.30	3	0.71	10.2	4	52	52	15	85	95	45	4.35	4.33	0.84
230402	4	2	10.4	1	9	6.4	6.4	42.8	0.55	0.20	0.38	3	1.02	10.6	12	83	94	79	100	98	98	4.18	4.56	4.17
230402	4	3	9.9	0	9	6.1	14.3	47.4	0.53	0.40	0.29	2	0.55	9.9	9	38	89	88	95	98	98	5.10	5.08	5.08
230402	4	4	10.0	0	2	5.9	5.9	33.8	0.76	0.54	0.35	2	0.91	9.3	1	8	62	47	56	98	98	3.30	3.75	3.38
230402	4	5	9.8	0	7	7.4	7.4	37.0	0.43	0.61	0.20	1	0.74	10.5	7	73	88	65	100	98	95	3.63	3.44	3.39
230402	4	6	9.8	0	9	5.2	13.0	1.01	0.51	0.27	0.74	2	2.14	10.5	1	85	95	17	100	98	79	3.92	4.26	3.81
230402	4	7	10.3	1	2	6.9	6.9	38.3	0.91	0.91	0.74	2	0.94	10.2	1	44	35	38	76	98	89	4.42	4.58	4.42
230402	4	8	10.2	1	8	6.3	6.3	24.4	0.69	0.25	0.48	3	1.26	10.7	11	86	85	64	100	98	98	4.93	4.96	4.72
230402	4	9	9.7	0	11	6.7	14.1	44.5	0.63	0.26	0.42	1	0.77	10.5	11	77	91	56	100	98	98	5.42	5.49	5.73
230402	4	10	8.9	0	11	6.1	6.4	39.7	0.87	0.56	0.35	2	0.45	9.3	12	9	53	29	56	98	71	1.86	1.89	1.49

