Marko	Ilmakiv‰‰ri
Date	Series	Shot	Hit	X ring	Sector	On	Total	Int.(s)			Trigger			COG		Fine %			Rough %			Hold time (s)
						target	time 		dev X	dev Y	ATV	TIRE	RTV	Hit	Sector	Target	COG	Hit	Target	COG	Hit	Target	COG	Hit
260221	1	1	10.2	1	2	11.9	11.9	0.0	0.48	0.43	0.17	3	0.48	9.8	3	41	88	65	92	98	98	11.89	11.96	12.00
260221	1	2	10.7	1	1	11.3	13.7	45.7	0.41	0.59	0.13	3	0.55	10.2	1	61	86	64	100	98	98	6.97	6.99	6.97
260221	1	3	9.5	0	10	8.2	9.2	44.8	0.93	0.33	0.38	1	1.26	10.4	2	50	65	18	100	98	33	8.16	8.18	8.16
260221	1	4	10.0	0	1	13.4	13.6	49.4	0.55	0.33	0.15	2	0.33	10.1	2	67	88	68	95	98	98	13.37	13.37	13.37
260221	1	5	10.3	1	2	13.8	18.7	47.1	0.68	0.36	0.11	3	0.37	10.8	5	85	83	61	100	98	98	13.77	13.77	13.77
260221	1	6	10.3	1	12	7.6	68.3	3.10	1.14	0.23	0.43	2	0.98	9.0	3	23	39	27	58	98	58	7.61	2.17	8.13
260221	1	7	9.8	0	2	7.9	22.8	1.03	0.48	0.35	0.09	3	0.33	9.8	2	6	98	98	100	98	98	7.86	7.92	7.92
260221	1	8	9.8	0	4	13.4	13.4	46.0	0.29	0.33	0.41	1	1.67	10.4	3	86	98	55	100	98	98	13.43	13.43	13.43
260221	1	9	9.5	0	2	10.5	10.5	48.0	0.50	0.33	0.28	1	1.04	10.1	3	55	89	73	100	98	98	7.29	13.24	13.24
260221	1	10	10.7	1	8	6.6	6.6	1.03	0.47	0.23	0.14	3	0.62	10.6	3	80	98	70	100	98	98	5.59	5.61	5.58
260221	2	1	10.4	1	5	10.2	10.2	50.0	0.40	0.20	0.22	3	1.09	10.1	3	62	98	64	100	98	98	9.54	9.59	9.54
260221	2	2	9.6	0	11	9.8	14.5	45.8	0.52	0.46	0.45	1	1.52	10.2	12	62	86	36	100	98	89	9.27	11.87	9.20
260221	2	3	9.2	0	2	7.8	7.8	40.6	0.47	0.49	0.40	1	1.17	10.2	1	67	80	17	100	98	98	7.84	7.91	7.98
260221	2	4	10.0	0	3	12.1	12.1	44.5	0.46	0.30	0.07	2	0.26	10.0	3	64	98	98	100	98	98	12.12	12.12	12.12
260221	2	5	7.6	0	2	14.9	31.5	1.27	0.88	0.78	0.61	1	1.32	9.5	3	18	53	11	61	97	45	13.43	13.43	1.91
260221	2	6	10.5	1	7	8.3	11.5	39.4	0.54	0.31	0.49	3	1.54	10.2	2	59	91	36	100	98	98	6.92	9.09	6.90
260221	2	7	10.2	1	5	12.4	12.4	44.0	0.14	0.36	0.13	2	0.62	10.3	3	100	98	92	100	98	98	12.36	12.36	12.36
260221	2	8	10.0	0	6	9.2	11.5	52.1	0.40	0.42	0.45	3	1.65	10.2	3	65	92	20	100	98	89	9.24	9.26	9.18
260221	2	9	8.7	0	2	14.8	22.1	49.4	0.71	0.44	0.38	1	1.08	10.0	12	36	76	18	91	98	50	13.26	13.26	9.77
260221	2	10	8.7	0	2	6.3	9.1	37.2	0.36	0.52	0.46	1	1.22	9.7	2	11	98	24	94	98	98	5.21	6.20	6.21
260221	3	1	9.6	0	1	7.2	16.3	37.0	0.33	0.23	0.11	3	0.52	9.8	1	24	98	98	100	98	98	7.25	7.83	7.83
260221	3	2	10.0	0	3	7.3	10.0	36.0	0.28	0.29	0.27	1	1.06	10.3	2	82	98	95	100	98	98	6.18	6.27	6.29
260221	3	3	9.8	0	1	7.9	10.8	39.2	0.29	0.35	0.22	1	0.82	9.7	1	26	98	98	100	98	98	7.46	7.59	7.59
260221	3	4	10.3	1	3	11.8	12.6	49.1	0.39	0.47	0.28	2	0.84	10.2	1	61	95	73	100	98	98	11.85	13.05	13.05
260221	3	5	10.0	0	11	7.7	7.7	39.4	0.77	0.30	0.40	2	1.65	9.9	2	41	83	30	100	98	64	7.68	7.77	7.77
260221	3	6	9.4	0	1	13.8	13.8	45.2	0.82	0.36	0.14	2	0.29	9.4	2	21	65	67	62	98	98	13.76	8.80	13.76
260221	3	7	10.5	1	12	13.5	13.5	44.9	0.69	0.44	0.22	3	0.46	10.3	11	67	68	77	100	98	98	13.52	13.52	13.52
260221	3	8	9.2	0	3	9.0	10.1	39.6	0.52	0.25	0.25	1	1.04	10.1	3	70	92	47	100	98	98	9.02	9.06	9.09
260221	3	9	9.9	0	1	11.3	21.6	1.04	0.80	0.38	0.32	3	0.85	9.9	1	18	71	67	100	98	98	11.34	11.34	11.34
260221	3	10	9.0	0	3	11.0	11.0	36.0	0.65	0.26	0.34	1	1.14	9.6	3	23	79	71	88	98	98	11.04	11.04	11.01
260221	4	1	9.4	0	2	10.5	11.3	50.0	0.44	0.30	0.25	1	0.86	10.2	2	76	92	59	100	98	98	10.52	10.56	10.56
260221	4	2	9.7	0	2	10.2	13.2	45.8	0.21	0.30	0.34	3	1.87	9.6	2	11	98	98	100	98	98	10.23	10.26	10.26
260221	4	3	9.9	0	1	7.9	8.7	37.5	0.56	0.38	0.25	3	0.74	10.1	3	62	91	52	100	98	98	7.23	7.25	7.33
260221	4	4	8.8	0	10	5.1	6.8	33.2	0.89	0.27	0.62	1	3.47	10.5	1	64	83	14	98	92	21	5.01	5.01	2.10
260221	4	5	10.5	1	5	8.6	21.2	1.26	0.57	0.38	0.50	3	1.02	10.3	2	68	86	42	100	98	98	8.56	8.58	8.56
260221	4	6	10.2	1	12	9.7	11.2	32.3	0.95	0.29	0.27	2	0.86	10.0	2	71	68	76	82	94	85	9.72	9.78	9.77
260221	4	7	8.4	0	3	13.5	13.5	37.4	0.88	0.42	0.21	1	0.45	10.0	3	39	55	27	74	98	50	13.47	1.84	1.75
260221	4	8	10.0	0	2	6.1	11.4	30.5	0.48	0.65	0.31	2	0.57	10.4	12	56	79	45	100	98	98	6.11	6.17	6.12
260221	4	9	9.5	0	3	9.8	15.0	1.00	0.91	0.64	0.54	3	0.81	9.8	2	52	55	29	71	95	91	9.77	10.47	10.47
260221	4	10	10.4	1	2	7.6	7.7	32.3	0.86	0.53	0.26	3	0.54	10.2	2	53	64	64	85	98	94	3.09	3.06	3.08
