Inka R.	Ilmakivääri	Pysty
Date	Series	Shot	Hit	X ring	Sector	On	Total	Int.(s)			Trigger			COG		Fine %			Rough %			Hold time (s)
						target	time 		dev X	dev Y	ATV	TIRE	RTV	Hit	Sector	Target	COG	Hit	Target	COG	Hit	Target	COG	Hit
230129	1	1	9.7	0	8	4.0	4.0	0.0	0.63	0.44	0.38	2	0.82	10.0	8	38	82	74	98	98	98	3.87	4.08	4.08
230129	1	2	9.7	0	3	3.0	3.0	24.1	0.68	0.52	0.40	1	1.21	9.8	2	18	71	59	88	98	98	2.96	2.92	2.90
230129	1	3	10.5	1	1	5.7	5.7	32.8	0.47	0.31	0.23	1	0.51	10.5	1	97	97	97	100	98	98	5.68	5.68	5.68
230129	1	4	9.9	0	11	8.0	8.0	33.2	1.05	0.36	0.84	3	1.58	10.4	1	35	44	50	92	98	71	7.98	7.98	5.66
230129	1	5	9.9	0	2	7.2	7.2	33.0	0.58	0.38	0.26	3	0.58	10.4	2	70	85	77	100	98	98	7.20	7.20	7.20
230129	1	6	9.9	0	10	2.1	2.1	29.1	0.53	0.30	0.50	1	0.96	10.8	12	89	89	50	100	98	98	1.35	1.35	1.35
230129	1	7	10.5	1	9	6.5	6.5	36.2	0.93	0.28	0.53	2	0.86	10.0	3	64	71	38	79	98	73	6.51	6.51	6.51
230129	1	8	9.8	0	5	10.0	10.0	37.2	0.50	0.47	0.38	2	1.13	10.3	3	70	91	36	100	98	98	10.02	10.02	10.02
230129	1	9	9.7	0	12	2.6	2.6	25.8	1.02	0.60	0.62	3	1.35	9.7	2	20	45	58	76	98	74	2.37	2.37	2.37
230129	1	10	10.5	1	3	9.1	9.1	40.7	0.69	0.28	0.25	1	0.59	10.6	3	79	67	77	100	98	98	9.11	9.11	9.11
230129	2	1	9.8	0	2	9.9	9.9	48.2	0.49	0.28	0.37	3	1.00	10.3	2	74	98	74	100	98	98	9.88	8.31	8.29
230129	2	2	10.1	0	3	7.7	7.7	33.0	0.63	0.35	0.25	2	0.57	10.2	2	53	82	79	100	98	98	7.70	7.70	7.70
230129	2	3	10.4	1	9	2.4	2.4	27.5	0.83	0.61	0.27	3	0.54	10.0	10	45	58	48	80	98	98	2.43	2.43	2.43
230129	2	4	9.5	0	1	5.5	5.5	28.9	0.49	0.58	0.29	1	0.64	9.9	1	26	80	68	100	98	98	5.46	5.46	5.46
230129	2	5	8.9	0	10	9.0	9.0	34.3	1.02	0.36	0.74	2	1.44	9.8	10	24	59	53	71	94	80	9.02	9.02	8.09
230129	2	6	9.7	0	2	6.2	6.2	34.3	0.88	0.38	0.74	1	1.00	10.4	1	50	52	48	100	98	83	6.22	5.96	5.92
230129	2	7	9.3	0	10	6.1	6.1	31.0	0.96	0.46	0.61	2	1.21	10.5	11	39	52	36	100	98	62	6.11	6.11	6.11
230129	2	8	10.1	0	3	8.9	8.9	38.9	1.06	0.36	0.47	2	0.71	10.0	2	44	48	41	77	95	95	8.96	8.96	8.96
230129	2	9	9.6	0	12	6.1	6.1	29.3	0.57	0.37	0.43	1	0.90	10.2	12	56	89	71	100	98	98	6.12	6.12	6.12
230129	2	10	10.0	0	10	10.4	10.4	39.8	0.98	0.25	0.77	3	1.40	10.7	9	52	64	45	100	98	88	10.39	10.41	10.44
230129	3	1	10.3	1	2	4.0	4.0	34.6	0.62	0.46	0.13	3	0.39	9.8	1	29	88	55	97	98	98	3.71	3.75	3.73
230129	3	2	10.1	0	9	2.5	2.5	23.6	1.09	0.66	0.63	3	0.84	9.8	1	39	36	32	68	88	61	2.15	2.15	2.15
230129	3	3	10.3	1	3	8.0	8.0	29.8	0.78	0.29	0.71	2	1.05	10.5	7	52	73	47	100	98	89	8.01	8.01	8.01
230129	3	4	10.0	0	2	3.1	3.1	24.5	0.94	0.40	0.38	3	0.86	10.4	2	65	59	53	89	97	98	2.91	2.91	2.91
230129	3	5	10.7	1	2	2.7	2.7	23.4	0.67	0.54	0.36	3	0.76	10.5	3	56	70	70	100	98	98	2.70	2.70	2.70
230129	3	6	10.2	1	3	4.7	4.7	26.5	0.72	0.61	0.56	2	0.84	10.0	1	44	67	45	85	98	97	4.70	4.70	4.70
230129	3	7	10.7	1	8	4.4	4.4	24.2	0.52	0.30	0.26	3	0.67	10.5	11	85	95	79	100	98	98	4.44	4.44	4.44
230129	3	8	9.9	0	2	4.7	4.7	25.4	0.74	0.89	0.45	3	1.07	9.9	2	9	52	61	85	94	83	4.67	4.67	4.67
230129	3	9	9.7	0	3	9.8	9.8	29.3	1.07	0.40	0.61	3	1.37	10.5	2	58	58	24	86	91	83	9.75	9.75	9.75
230129	3	10	9.3	0	2	7.8	7.8	27.8	0.50	0.30	0.35	2	0.85	10.1	1	42	92	39	100	98	92	7.84	7.84	1.78
230129	4	1	9.4	0	10	5.7	5.7	37.6	0.54	0.27	0.74	3	2.48	10.8	3	91	94	6	100	98	59	5.71	5.71	5.71
230129	4	2	7.8	0	3	2.8	2.8	27.0	0.73	0.30	0.94	2	1.89	9.6	3	33	80	12	79	98	55	2.49	2.49	2.49
230129	4	3	10.6	1	2	5.4	5.4	32.1	0.56	0.44	0.16	2	0.48	10.6	1	77	76	83	100	98	98	5.28	5.55	5.33
230129	4	4	9.9	0	4	5.2	5.2	25.4	0.58	0.46	0.34	3	0.82	10.2	2	58	77	48	97	98	95	5.16	5.16	5.16
230129	4	5	9.4	0	12	5.2	5.2	27.2	0.36	0.66	0.30	1	0.81	10.4	2	61	80	27	100	98	76	4.68	6.20	6.20
230129	4	6	10.5	1	2	4.5	4.5	26.8	0.69	0.33	0.22	2	0.73	10.5	9	70	80	62	100	98	89	4.46	4.46	4.46
230129	4	7	9.5	0	3	5.0	5.0	23.6	0.70	0.65	0.27	1	0.75	10.7	12	74	76	33	94	95	76	5.01	5.01	3.60
230129	4	8	9.5	0	1	6.5	6.5	26.6	1.04	0.37	0.67	3	1.65	10.3	1	41	59	39	88	98	88	6.48	6.57	6.96
230129	4	9	9.9	0	10	3.1	3.1	24.4	0.73	0.30	0.72	3	2.34	10.1	3	42	82	17	100	98	42	2.62	3.56	1.78
230129	4	10	10.7	1	8	5.0	5.0	21.8	0.73	0.33	0.09	3	0.20	10.6	11	73	74	68	100	98	98	5.05	5.22	5.01
