Inka R.	Ilmakivääri
Date	Series	Shot	Hit	X ring	Sector	On	Total	Int.(s)			Trigger			COG		Fine %			Rough %			Hold time (s)
						target	time 		dev X	dev Y	ATV	TIRE	RTV	Hit	Sector	Target	COG	Hit	Target	COG	Hit	Target	COG	Hit
230402	1	1	9.8	0	6	5.1	5.1	0.0	0.50	0.57	0.42	2	1.00	9.9	5	47	86	64	86	98	98	2.71	2.77	2.75
230402	1	2	9.2	0	2	7.7	7.7	31.2	0.92	0.45	0.59	3	1.30	10.0	2	26	52	58	86	98	80	7.72	7.68	6.93
230402	1	3	10.2	1	4	4.0	4.0	27.2	0.48	0.54	0.50	2	1.48	9.3	3	5	88	41	68	98	98	2.43	2.50	2.46
230402	1	4	9.6	0	2	4.3	4.3	20.8	1.00	0.36	0.50	3	1.13	9.7	2	26	52	53	77	98	95	4.35	4.30	2.76
230402	1	5	9.3	0	3	8.0	8.0	31.0	0.48	0.26	0.35	3	1.18	9.6	4	24	98	85	98	98	98	8.00	7.96	7.96
230402	1	6	10.4	1	3	6.2	6.2	25.3	1.48	0.38	0.70	2	1.22	10.2	5	29	30	27	76	83	73	6.13	6.36	6.30
230402	1	7	9.1	0	5	2.5	2.5	17.5	0.60	0.88	0.45	2	1.48	9.4	3	3	45	14	62	98	53	1.25	2.35	2.35
230402	1	8	10.4	1	11	5.2	5.2	26.4	0.84	0.44	0.33	3	0.76	10.6	2	53	59	52	100	98	98	4.88	4.88	2.35
230402	1	9	9.3	0	3	3.7	3.7	17.9	0.60	0.34	0.42	1	1.32	9.7	3	45	86	53	83	98	98	3.69	3.69	3.69
230402	1	10	9.7	0	2	5.8	5.8	23.0	0.74	0.53	0.30	1	0.95	10.3	2	39	65	44	100	98	98	5.82	5.37	4.42
230402	2	1	10.5	1	1	3.2	3.2	28.5	1.12	0.94	0.56	3	0.91	9.9	3	23	36	20	67	86	74	2.60	1.19	2.56
230402	2	2	10.1	0	11	8.0	8.0	23.6	0.90	0.82	0.30	3	0.57	10.0	2	30	39	30	80	95	67	7.95	7.95	3.24
230402	2	3	9.9	0	8	3.2	3.2	25.5	0.81	0.28	0.48	2	1.13	10.2	5	59	70	39	91	98	76	3.17	3.17	3.17
230402	2	4	10.3	1	12	6.5	6.5	23.5	0.38	0.44	0.17	2	0.39	10.1	1	48	92	95	100	98	98	6.45	6.45	6.46
230402	2	5	10.7	1	3	5.8	5.8	23.3	1.10	0.33	0.40	2	0.75	9.9	2	42	65	52	77	94	79	5.46	5.49	5.46
230402	2	6	9.9	0	3	6.8	6.8	21.0	1.08	0.37	0.26	2	0.59	9.8	2	24	47	33	76	98	92	6.75	6.97	7.23
230402	2	7	8.7	0	4	7.7	7.7	26.8	0.47	0.72	0.51	2	1.56	9.6	3	17	71	30	89	98	86	7.74	7.74	2.01
230402	2	8	8.5	0	3	8.3	8.3	33.9	1.65	0.26	0.46	1	0.52	10.1	2	32	41	39	58	76	62	2.64	2.98	0.82
230402	2	9	9.6	0	3	3.5	3.5	25.1	0.55	0.35	0.34	2	1.16	9.9	2	45	92	80	100	98	97	3.46	3.46	3.46
230402	2	10	10.1	0	9	4.3	4.3	22.1	0.74	0.24	0.52	3	1.71	10.8	5	89	88	53	100	98	94	4.25	4.25	5.07
230402	3	1	9.6	0	12	5.3	5.3	32.9	0.79	0.35	0.47	2	1.48	10.5	12	52	64	45	100	98	91	5.34	4.28	4.21
230402	3	2	8.0	0	2	5.3	5.3	24.6	0.64	0.69	0.48	1	1.67	9.6	2	18	61	17	82	98	70	4.42	7.05	2.31
230402	3	3	8.3	0	2	7.1	7.1	27.3	0.64	0.53	0.50	1	1.63	9.5	2	32	77	30	67	98	91	3.93	3.98	2.16
230402	3	4	10.1	0	11	5.4	5.4	32.3	0.73	0.54	0.27	3	0.72	9.7	1	33	68	62	76	98	79	3.15	2.54	4.72
230402	3	5	10.2	1	10	6.0	6.0	26.4	0.92	0.46	0.26	1	0.80	10.4	12	61	83	42	91	92	95	2.46	2.43	2.40
230402	3	6	9.0	0	4	4.6	4.6	22.8	1.05	0.59	0.56	1	1.43	9.7	3	36	44	39	65	98	79	4.63	2.10	1.88
230402	3	7	10.2	1	10	3.1	3.1	22.3	1.34	1.46	0.40	3	0.62	9.2	4	39	12	9	59	67	50	0.61	2.92	0.57
230402	3	8	10.2	1	6	8.7	8.7	28.0	0.72	0.77	0.46	3	0.96	10.6	6	41	41	42	100	98	98	1.98	1.98	1.98
230402	3	9	8.7	0	4	5.0	5.0	21.8	1.57	0.63	0.33	1	0.65	8.0	4	0	33	39	38	77	73	0.73	1.26	1.29
230402	3	10	10.2	1	10	4.5	4.5	26.6	0.71	0.33	0.89	2	3.00	10.1	2	56	82	48	95	98	76	4.37	4.37	4.33
230402	4	1	8.7	0	4	3.8	3.8	20.1	0.52	0.72	0.54	2	1.58	10.1	2	38	71	14	98	98	68	2.48	2.43	1.51
230402	4	2	9.7	0	1	4.6	4.6	21.3	0.47	0.38	0.46	2	1.57	10.0	12	35	94	79	100	98	98	4.32	4.35	4.29
230402	4	3	8.5	0	4	4.2	4.2	20.6	0.79	0.50	1.07	1	3.85	10.7	7	86	86	11	92	91	14	1.57	1.54	1.95
230402	4	4	10.2	1	9	3.7	3.7	18.6	1.14	0.53	0.55	3	1.53	10.3	12	15	38	11	95	89	95	3.72	3.72	3.72
230402	4	5	9.5	0	3	3.5	3.5	19.2	1.23	0.45	0.60	1	1.19	9.9	4	33	41	26	73	91	82	2.82	2.21	2.19
230402	4	6	9.1	0	4	4.6	4.6	22.8	1.16	0.57	0.60	1	1.02	10.3	3	35	44	20	82	91	71	4.59	4.58	2.06
230402	4	7	9.8	0	3	5.8	5.8	24.8	0.83	0.30	0.14	1	0.56	9.2	3	9	73	70	73	98	86	1.26	2.85	2.29
230402	4	8	10.6	1	4	2.8	2.8	16.8	0.92	0.50	0.38	2	1.31	10.3	3	62	56	61	86	98	98	1.47	2.92	2.92
230402	4	9	8.6	0	2	3.4	3.4	22.3	0.82	0.89	0.67	1	1.62	9.8	2	0	42	20	91	98	67	3.42	3.42	3.30
230402	4	10	10.4	1	3	6.4	6.4	24.5	0.42	0.27	0.31	3	1.08	10.3	4	68	98	98	100	98	98	6.18	3.62	3.58

