Jade	Ilmakiv‰‰ri	Pysty
Date	Series	Shot	Hit	X ring	Sector	On	Total	Int.(s)			Trigger			COG		Fine %			Rough %			Hold time (s)
						target	time 		dev X	dev Y	ATV	TIRE	RTV	Hit	Sector	Target	COG	Hit	Target	COG	Hit	Target	COG	Hit
231126	1	1	10.0	0	3	3.2	3.2	0.0	0.38	0.73	0.32	2	0.94	9.2	1	9	79	42	59	98	74	3.06	3.35	3.08
231126	1	2	9.7	0	3	4.3	4.3	31.4	0.80	0.40	0.40	1	0.86	10.0	1	30	73	56	98	98	83	4.11	4.11	4.11
231126	1	3	10.5	1	12	4.0	4.0	32.0	0.57	0.33	0.35	3	1.08	9.5	12	6	88	27	100	98	98	2.58	2.62	2.62
231126	1	4	10.1	0	6	5.4	5.4	39.2	0.66	0.75	0.65	3	1.33	10.0	1	44	58	21	94	98	53	3.84	3.87	1.41
231126	1	5	8.2	0	1	4.3	4.3	45.7	0.95	0.71	0.45	3	1.00	9.3	2	18	50	33	55	89	79	3.57	3.60	3.57
231126	1	6	8.9	0	12	4.3	4.3	40.7	0.63	0.46	0.38	1	1.17	9.9	1	29	77	12	94	98	98	4.09	4.09	4.09
231126	1	7	10.0	0	11	5.6	5.6	58.1	1.60	0.55	0.47	3	0.69	9.1	1	12	39	24	45	68	65	0.85	5.14	0.84
231126	1	8	8.4	0	12	5.0	10.5	1.00	0.50	0.41	0.41	1	1.62	8.9	1	0	88	68	27	98	98	2.76	4.71	4.71
231126	1	9	9.6	0	1	4.5	4.5	39.4	0.59	0.36	0.27	2	0.72	9.6	12	14	85	83	100	98	98	4.53	4.54	4.54
231126	1	10	9.1	0	3	5.0	5.0	43.3	1.16	0.91	0.52	2	0.84	8.9	1	6	27	14	58	89	36	0.58	5.00	2.46
231126	2	1	8.8	0	1	4.3	4.3	47.3	0.54	0.87	0.20	1	0.58	9.8	1	24	62	41	74	98	80	4.28	4.28	4.26
231126	2	2	10.4	1	2	3.7	24.6	5.52	0.51	0.45	0.34	3	0.94	9.6	1	14	92	45	85	98	98	2.98	3.03	3.00
231126	2	3	9.2	0	2	4.9	10.0	52.4	0.44	0.50	0.22	3	0.66	8.9	2	0	91	70	38	98	98	4.86	4.68	4.71
231126	2	4	9.0	0	2	4.6	4.6	28.5	0.61	1.25	0.49	3	1.12	8.5	1	9	29	38	26	86	71	3.78	4.54	4.54
231126	2	5	8.7	0	2	5.5	5.5	29.4	0.56	0.26	0.62	1	3.12	9.9	12	32	88	14	91	98	79	5.50	5.50	1.26
231126	2	6	9.0	0	1	4.1	8.9	56.4	0.85	0.39	0.29	3	0.55	9.1	12	0	65	39	59	98	67	3.48	3.45	3.56
231126	2	7	8.7	0	1	5.2	5.2	28.0	0.75	0.63	0.57	1	1.15	10.0	12	39	62	17	94	98	62	3.35	3.39	3.50
231126	2	8	8.1	0	2	6.0	11.0	55.1	0.99	0.24	0.64	3	0.99	9.0	2	6	56	39	55	98	89	5.96	6.03	5.99
231126	2	9	9.6	0	1	4.9	4.9	29.8	0.89	0.68	0.53	1	1.31	10.0	2	26	30	21	83	98	98	4.35	4.32	4.32
231126	2	10	10.1	0	2	4.5	4.5	28.3	0.40	0.32	0.20	2	0.89	10.2	2	71	95	95	97	98	98	2.06	3.78	3.79
231126	3	1	9.4	0	1	4.3	4.3	27.7	1.10	0.57	0.36	3	0.57	9.3	1	2	44	62	67	92	77	2.27	3.85	3.81
231126	3	2	10.8	1	12	3.8	8.2	55.2	0.75	0.51	0.21	3	0.50	10.6	5	76	77	56	94	94	95	3.83	3.83	3.83
231126	3	3	10.5	1	10	5.2	5.2	25.3	0.78	0.36	0.45	2	0.92	9.9	12	23	68	44	100	98	95	1.51	3.66	3.63
231126	3	4	9.9	0	1	4.2	4.2	37.7	0.36	0.26	0.37	1	1.46	9.6	12	0	98	74	100	98	98	3.63	3.65	3.65
231126	3	5	9.6	0	1	5.0	5.0	25.8	1.09	0.36	0.38	3	0.62	9.9	1	21	52	47	79	98	98	5.00	5.00	5.00
231126	3	6	9.7	0	2	5.1	5.1	24.9	1.13	0.56	0.31	2	0.51	9.8	1	27	55	42	67	92	83	2.75	5.21	5.17
231126	3	7	10.3	1	10	4.8	9.6	50.4	0.38	0.70	0.43	3	0.92	10.6	6	68	77	52	100	98	98	3.87	5.50	3.29
231126	3	8	9.3	0	12	4.6	4.6	23.6	1.06	0.46	0.33	3	0.69	9.9	1	8	53	48	83	94	88	4.58	4.84	4.88
231126	3	9	8.3	0	2	5.3	5.3	27.5	0.62	0.29	0.45	2	1.47	8.6	1	0	83	62	21	98	98	5.34	1.83	1.77
231126	3	10	9.3	0	10	5.3	11.1	51.6	1.09	0.40	0.36	3	0.57	10.1	1	26	48	30	91	98	59	5.26	5.92	3.31
231126	4	1	10.8	1	9	4.6	4.6	38.3	0.43	0.66	0.46	3	1.31	9.7	1	27	79	21	83	98	77	2.44	4.84	2.46
231126	4	2	8.1	0	12	4.5	4.5	30.7	0.88	0.50	0.35	3	0.71	8.7	12	0	55	38	26	98	77	1.60	2.35	2.40
231126	4	3	9.5	0	1	4.5	4.5	40.9	0.48	0.41	0.28	2	0.91	9.2	1	2	94	85	59	98	98	1.23	4.56	4.56
231126	4	4	8.1	0	1	5.8	5.8	27.6	0.81	0.53	0.52	3	0.79	8.6	12	0	61	17	17	98	52	1.92	1.74	3.03
231126	4	5	9.3	0	10	5.1	5.1	57.2	1.38	0.32	0.22	1	0.60	10.3	1	17	35	27	83	94	50	3.58	3.60	1.74
231126	4	6	10.3	1	1	3.8	3.8	35.6	0.54	0.45	0.41	3	0.96	9.1	1	5	83	17	58	98	89	3.78	3.85	3.81
231126	4	7	10.0	0	12	4.8	9.8	45.6	0.70	0.34	0.41	3	1.35	9.1	2	3	73	15	61	98	68	4.79	5.62	5.62
231126	4	8	10.5	1	10	4.2	9.9	44.8	0.58	0.69	0.18	3	0.60	10.0	1	62	82	61	88	92	88	4.23	4.23	4.23
231126	4	9	8.6	0	4	4.6	4.6	26.4	1.31	0.99	0.45	2	0.69	8.5	2	3	15	6	27	83	23	0.70	3.33	0.73
231126	4	10	10.5	1	4	4.7	10.2	59.1	1.50	1.03	0.51	3	0.67	9.7	12	33	18	26	39	62	47	4.07	4.62	4.07
