Johanna	Ilmakivääri
Date	Series	Shot	Hit	X ring	Sector	On	Total	Int.(s)			Trigger			COG		Fine %			Rough %			Hold time (s)
						target	time 		dev X	dev Y	ATV	TIRE	RTV	Hit	Sector	Target	COG	Hit	Target	COG	Hit	Target	COG	Hit
230401	1	1	9.3	0	4	12.3	29.8	0.0	0.67	0.31	0.36	1	1.60	10.3	6	61	80	18	100	98	73	2.31	1.95	1.94
230401	1	2	10.3	1	6	11.5	11.5	49.6	0.82	0.34	0.36	2	1.06	10.6	6	56	59	55	100	98	98	3.87	3.84	3.78
230401	1	3	10.1	0	4	12.1	13.4	59.6	0.31	0.36	0.23	2	0.90	10.5	5	89	98	97	100	98	98	3.78	3.73	3.51
230401	1	4	10.5	1	10	16.9	17.6	1.08	0.61	0.45	0.24	3	1.00	10.3	11	64	80	74	100	98	98	4.00	4.05	4.02
230401	1	5	10.1	0	4	12.3	12.3	54.9	0.53	0.44	0.21	1	0.75	10.4	5	83	80	70	100	98	98	3.30	3.21	3.21
230401	1	6	10.2	1	9	17.4	32.2	2.06	0.84	0.35	0.26	3	0.63	10.9	10	65	62	56	100	98	95	4.09	4.09	4.07
230401	1	7	9.8	0	1	16.8	17.0	1.17	0.36	0.22	0.28	3	1.48	10.3	2	95	98	94	100	98	98	4.07	4.09	4.12
230401	1	8	10.6	1	7	16.5	16.8	1.21	0.45	0.30	0.15	1	0.50	10.8	12	100	98	80	100	98	98	2.12	2.15	1.78
230401	1	9	9.8	0	4	13.2	13.8	49.5	0.32	0.27	0.40	2	2.49	10.8	7	98	97	29	100	98	98	2.22	2.22	2.17
230401	1	10	10.9	1	7	17.2	17.6	1.03	0.37	0.27	0.24	3	1.09	10.4	2	83	98	80	100	98	98	3.69	3.73	3.69
230401	2	1	10.0	0	4	16.9	17.2	1.13	0.32	0.43	0.31	1	1.04	10.6	2	91	97	67	100	98	98	3.06	3.50	3.04
230401	2	2	10.4	1	11	10.1	10.1	50.9	0.63	0.35	0.13	1	0.42	10.3	1	62	85	67	100	98	98	2.73	3.27	3.27
230401	2	3	10.1	0	4	12.4	12.6	54.2	0.42	0.37	0.42	1	1.55	10.6	10	100	97	29	100	98	98	3.33	3.39	3.12
230401	2	4	10.1	0	2	12.3	27.2	1.42	0.19	0.24	0.27	2	1.64	10.4	3	100	98	98	100	98	98	3.88	3.88	3.96
230401	2	5	10.0	0	2	12.1	12.1	1.02	0.45	0.34	0.18	2	0.58	10.3	1	76	98	76	100	98	98	3.33	3.88	3.87
230401	2	6	10.0	0	1	14.1	28.6	1.35	0.59	0.20	0.16	2	0.47	10.1	12	33	91	83	100	98	98	3.09	3.79	3.81
230401	2	7	10.8	1	3	31.6	34.0	1.31	0.44	0.33	0.23	3	0.76	10.4	7	73	97	65	100	98	98	3.48	3.44	3.45
230401	2	8	10.4	1	10	12.8	14.0	60.0	0.42	0.41	0.11	3	0.42	10.2	9	65	95	80	100	98	98	1.92	3.75	3.75
230401	2	9	10.4	1	10	14.3	14.3	1.02	0.48	0.36	0.31	3	0.97	10.2	9	58	98	77	100	98	98	4.30	4.35	4.37
230401	2	10	10.4	1	10	14.7	14.7	59.0	0.50	0.49	0.37	3	1.35	10.4	7	65	94	61	100	98	98	4.12	3.96	4.21
230401	3	1	9.9	0	3	34.1	34.1	1.49	0.61	0.22	0.69	3	3.02	10.5	11	80	88	38	100	98	77	2.73	2.76	2.67
230401	3	2	10.8	1	2	11.8	12.4	57.8	0.42	0.37	0.18	3	0.60	10.6	11	92	97	89	100	98	98	2.82	2.90	2.85
230401	3	3	9.5	0	2	10.6	10.6	48.1	0.50	0.15	0.45	3	2.05	10.2	1	73	97	44	100	98	92	3.30	3.56	3.52
230401	3	4	10.7	1	3	14.3	37.5	2.27	0.71	0.48	0.33	3	0.95	10.5	4	52	77	58	100	98	98	3.92	3.66	3.93
230401	3	5	10.6	1	3	24.9	24.9	1.26	0.39	0.38	0.14	3	0.42	10.5	11	82	98	58	100	98	98	3.69	3.79	3.78
230401	3	6	10.5	1	6	17.3	17.3	1.08	0.27	0.30	0.34	2	1.32	10.6	7	100	98	98	100	98	98	2.54	2.50	2.50
230401	3	7	10.5	1	9	11.9	12.0	55.0	0.27	0.25	0.21	3	1.80	10.2	11	67	98	85	100	98	98	3.08	3.50	3.03
230401	3	8	10.5	1	3	10.4	11.5	48.9	0.57	0.42	0.26	3	0.92	10.6	3	85	88	83	100	98	98	4.32	4.37	4.38
230401	3	9	10.3	1	10	15.9	26.8	1.26	0.46	0.61	0.24	1	0.63	10.5	11	61	98	61	100	98	98	2.52	2.54	2.52
230401	3	10	10.5	1	10	13.2	13.2	52.7	0.92	0.28	0.17	1	0.69	10.7	12	77	79	74	100	98	86	2.58	2.61	2.60
230401	4	1	10.3	1	10	11.7	12.1	1.16	0.56	0.33	0.14	1	0.47	10.5	12	85	98	52	100	98	98	3.06	3.09	3.08
230401	4	2	10.2	1	10	11.8	11.8	1.03	0.28	0.58	0.24	2	1.47	10.0	11	45	85	76	100	98	98	2.77	2.94	2.82
230401	4	3	10.2	1	2	13.6	26.8	1.35	0.67	0.43	0.19	3	0.61	10.7	3	80	76	56	100	98	98	4.12	4.14	4.23
230401	4	4	9.0	0	3	11.0	11.5	45.2	0.77	0.37	0.43	1	1.11	10.6	2	71	67	17	100	98	67	3.81	3.83	3.83
230401	4	5	10.2	1	2	14.5	15.2	1.13	0.52	0.38	0.30	3	0.72	10.4	12	71	95	67	100	98	98	3.71	4.49	3.84
230401	4	6	10.8	1	3	12.0	12.4	49.5	0.58	0.46	0.33	3	1.00	9.8	11	42	91	38	94	98	77	2.33	2.37	2.33
230401	4	7	9.8	0	9	12.5	12.5	53.3	0.65	0.16	0.15	1	0.55	10.8	7	79	77	36	100	98	88	2.62	2.31	2.61
230401	4	8	10.6	1	3	11.0	35.7	2.27	0.23	0.15	0.10	1	0.61	10.8	3	100	98	98	100	98	98	3.72	3.71	3.71
230401	4	9	10.5	1	8	9.5	9.8	51.7	0.54	0.52	0.21	2	0.83	10.7	12	86	89	61	100	98	98	2.40	2.43	2.28
230401	4	10	10.2	1	11	13.6	13.6	53.8	0.34	0.64	0.20	1	0.70	10.3	12	62	88	74	100	98	98	2.37	2.42	2.40

