Kasper K.	Ilmakivääri
Date	Series	Shot	Hit	X ring	Sector	On	Total	Int.(s)			Trigger			COG		Fine %			Rough %			Hold time (s)
						target	time 		dev X	dev Y	ATV	TIRE	RTV	Hit	Sector	Target	COG	Hit	Target	COG	Hit	Target	COG	Hit
230331	1	1	10.2	1	10	5.9	5.9	0.0	0.34	0.25	0.34	1	1.26	10.4	9	85	98	98	100	98	98	3.60	3.56	3.60
230331	1	2	10.0	0	11	7.2	7.2	42.1	0.73	0.36	0.16	1	0.35	10.6	1	74	80	52	100	98	95	5.07	5.22	5.38
230331	1	3	10.2	1	2	6.1	6.1	40.1	0.50	0.18	0.17	2	0.50	10.5	11	97	98	61	100	98	98	4.35	4.41	4.62
230331	1	4	10.4	1	4	5.8	5.8	41.1	0.43	0.29	0.22	2	0.86	10.5	1	97	95	68	100	98	98	4.14	4.17	4.09
230331	1	5	10.6	1	11	7.6	7.6	41.6	0.24	0.18	0.20	1	1.18	10.6	11	100	98	98	100	98	98	5.59	5.62	5.62
230331	1	6	10.6	1	3	5.5	5.5	39.5	0.36	0.19	0.17	2	0.47	10.8	11	100	98	91	100	98	98	2.40	2.40	2.38
230331	1	7	10.4	1	4	5.3	5.3	41.6	0.28	0.19	0.34	3	1.20	10.8	6	100	98	98	100	98	98	3.10	3.09	3.12
230331	1	8	10.4	1	9	7.1	14.8	1.11	0.47	0.19	0.22	1	1.15	10.7	9	91	98	95	100	98	98	5.00	5.00	5.00
230331	1	9	10.3	1	12	8.4	8.4	45.9	0.43	0.25	0.23	3	0.75	10.1	10	74	98	80	100	98	98	7.08	7.11	7.16
230331	1	10	10.8	1	2	5.7	5.7	1.00	0.38	0.11	0.18	2	0.69	10.6	2	94	98	97	100	98	98	4.02	4.00	4.02
230331	2	1	10.1	0	12	6.4	6.4	42.0	0.42	0.14	0.18	2	0.56	10.3	12	89	98	94	100	98	98	4.16	4.21	4.25
230331	2	2	9.9	0	11	5.9	5.9	36.5	0.34	0.14	0.40	3	1.71	10.1	11	65	98	92	100	98	98	3.45	3.75	3.73
230331	2	3	10.1	0	1	6.5	6.5	44.0	0.44	0.22	0.41	2	1.70	10.2	1	70	98	89	100	98	98	3.42	3.52	3.52
230331	2	4	10.4	1	3	7.2	7.2	39.9	0.50	0.22	0.43	2	1.74	10.6	10	89	95	64	100	98	98	5.83	5.87	5.87
230331	2	5	10.2	1	10	6.8	6.8	40.9	0.30	0.15	0.25	1	1.71	10.4	11	100	98	88	100	98	98	5.38	5.43	5.38
230331	2	6	9.9	0	9	6.6	6.6	44.3	0.37	0.21	0.47	2	2.22	10.4	10	88	98	73	100	98	98	4.00	4.02	3.99
230331	2	7	10.8	1	7	7.6	7.6	48.9	0.39	0.21	0.28	3	0.82	10.5	10	94	98	92	100	98	98	5.24	5.43	5.12
230331	2	8	10.0	0	10	8.5	8.5	50.6	0.40	0.27	0.31	1	1.19	10.5	11	91	98	88	100	98	98	6.39	6.41	6.39
230331	2	9	10.5	1	1	7.2	7.2	47.4	0.38	0.25	0.24	3	1.41	10.2	3	74	98	83	100	98	98	5.91	5.92	5.96
230331	2	10	10.8	1	2	6.0	6.0	46.8	0.25	0.22	0.22	3	0.91	10.5	11	100	98	98	100	98	98	4.84	4.86	4.86
230331	3	1	10.3	1	10	6.6	6.6	45.9	0.40	0.25	0.30	2	0.94	10.6	11	92	98	91	100	98	98	4.98	5.03	4.98
230331	3	2	10.6	1	3	7.6	7.6	49.1	0.40	0.17	0.31	3	1.85	10.3	8	80	95	33	100	98	98	6.01	5.97	6.09
230331	3	3	10.1	0	1	6.7	14.0	1.12	0.36	0.26	0.41	3	1.63	10.4	12	88	98	73	100	98	98	4.11	4.17	4.61
230331	3	4	10.2	1	12	7.4	7.4	44.9	0.36	0.34	0.20	3	0.59	10.6	10	91	98	73	100	98	98	6.34	6.34	6.51
230331	3	5	10.6	1	9	6.8	6.8	44.0	0.56	0.24	0.22	3	0.55	10.7	11	91	91	82	100	98	98	3.84	3.88	3.81
230331	3	6	10.2	1	9	8.1	8.1	43.4	0.32	0.22	0.36	2	1.35	10.6	11	100	98	89	100	98	98	7.02	7.04	6.48
230331	3	7	10.4	1	11	8.0	8.0	43.7	0.50	0.33	0.31	3	0.72	10.8	9	100	97	73	100	98	98	6.43	6.42	6.43
230331	3	8	10.5	1	5	6.9	6.9	39.9	0.31	0.16	0.20	3	0.80	10.8	9	100	98	86	100	98	98	4.07	4.04	3.99
230331	3	9	10.8	1	11	9.1	9.1	44.2	0.26	0.24	0.24	3	0.96	10.6	8	100	98	98	100	98	98	5.99	5.97	6.00
230331	3	10	10.8	1	12	7.7	7.7	53.7	0.35	0.14	0.11	3	0.40	10.9	7	100	98	98	100	98	98	6.24	6.24	6.25
230331	4	1	10.3	1	2	6.3	6.3	41.4	0.39	0.20	0.40	3	1.30	10.5	10	94	98	47	100	98	98	3.58	3.58	3.63
230331	4	2	10.7	1	10	7.3	7.3	46.5	0.35	0.15	0.16	3	0.58	10.6	12	100	98	98	100	98	98	5.10	5.13	5.10
230331	4	3	10.0	0	11	7.3	7.3	42.8	0.45	0.15	0.17	2	0.68	10.1	11	79	97	97	100	98	98	4.80	4.83	4.84
230331	4	4	10.4	1	8	7.6	7.6	45.2	0.44	0.28	0.14	3	0.71	10.6	8	92	92	91	100	98	98	5.57	5.16	5.14
230331	4	5	10.3	1	11	7.9	7.9	44.7	0.32	0.25	0.21	3	0.87	10.3	10	82	98	97	100	98	98	5.55	5.43	5.99
230331	4	6	10.8	1	4	7.8	7.8	47.4	0.31	0.15	0.17	3	0.63	10.8	4	100	98	98	100	98	98	6.39	6.38	6.39
230331	4	7	10.5	1	6	10.0	10.0	46.7	0.42	0.29	0.22	2	0.80	10.6	7	89	98	98	100	98	98	8.78	8.46	8.45
230331	4	8	10.4	1	4	6.7	6.7	42.3	0.28	0.22	0.37	3	2.48	10.7	10	100	98	61	100	98	98	4.11	4.11	3.88
230331	4	9	10.4	1	8	7.0	7.0	46.4	0.30	0.19	0.19	3	0.78	10.4	8	89	98	98	100	98	98	3.66	3.58	3.58
230331	4	10	10.5	1	10	7.8	7.8	43.7	0.21	0.47	0.09	3	0.44	10.8	8	97	97	80	100	98	98	6.12	6.09	6.12

