Kasper K.	Pienoiskiv‰‰ri	Polvi
Date	Series	Shot	Hit	X ring	Sector	On	Total	Int.(s)			Trigger			COG		Fine %			Rough %			Hold time (s)
						target	time 		dev X	dev Y	ATV	TIRE	RTV	Hit	Sector	Target	COG	Hit	Target	COG	Hit	Target	COG	Hit
240504	1	1	9.8	0	3	9.5	9.7	0.0	0.75	0.82	0.33	3	0.70	9.6	4	26	45	32	74	98	80	2.77	3.56	3.21
240504	1	2	10.4	1	7	14.9	15.0	43.2	0.83	0.57	0.39	3	0.58	10.2	8	44	59	41	97	98	98	8.05	8.32	8.22
240504	1	3	9.2	0	9	9.4	9.5	1.15	0.60	0.54	0.69	2	1.87	10.7	7	70	74	20	100	98	59	2.98	3.12	3.29
240504	1	4	10.6	1	3	11.2	11.2	56.6	0.92	0.56	0.28	3	0.49	10.6	5	58	56	47	98	98	98	4.23	4.26	4.23
240504	1	5	10.3	1	1	8.0	8.0	40.8	0.48	0.45	0.39	1	0.69	10.4	1	74	89	89	100	98	98	4.84	4.82	4.82
240504	1	6	10.2	0	5	13.6	13.6	52.6	0.75	0.41	0.46	2	1.08	9.7	7	38	71	44	79	98	76	6.96	6.96	7.04
240504	1	7	9.3	0	6	9.2	9.9	42.2	0.54	0.51	0.57	1	1.14	9.6	5	9	76	36	88	98	86	3.30	3.36	3.38
240504	1	8	9.3	0	4	11.0	11.1	1.27	0.45	0.50	0.61	1	1.18	8.9	3	0	95	58	42	98	98	4.42	4.54	4.58
240504	1	9	9.7	0	2	12.0	13.1	1.32	0.68	0.56	0.39	1	0.97	9.5	3	21	73	55	65	98	98	4.74	4.71	4.71
240504	1	10	10.2	0	6	10.8	11.4	40.2	0.43	0.44	0.67	2	1.81	9.8	4	39	95	55	98	98	98	2.88	3.51	2.88
240504	2	1	8.1	0	3	12.0	12.5	46.3	0.38	0.47	0.43	2	1.05	8.8	4	0	94	61	26	98	98	3.15	4.50	4.39
240504	2	2	8.6	0	6	13.8	14.3	55.3	0.48	0.50	0.61	3	1.15	9.7	5	29	85	27	94	98	86	8.62	4.88	4.80
240504	2	3	10.8	1	12	9.5	13.3	2.30	0.50	0.37	0.49	1	0.86	10.5	8	85	92	71	100	98	98	4.33	4.37	4.33
240504	2	4	9.9	0	3	10.0	10.1	42.7	0.48	0.43	0.43	2	1.00	10.3	6	64	94	39	100	98	97	5.88	5.92	5.89
240504	2	5	9.9	0	9	8.4	9.2	33.9	0.61	0.42	0.39	3	0.86	10.3	5	59	85	20	100	98	73	2.35	3.31	2.38
240504	2	6	10.0	0	9	5.8	5.8	28.5	1.00	0.40	0.43	3	0.69	10.4	4	64	64	50	88	92	70	1.59	1.59	1.59
240504	2	7	9.3	0	8	8.6	8.6	6.29	0.48	0.56	0.76	1	1.40	10.7	7	79	83	11	100	98	79	2.35	2.37	2.38
240504	2	8	9.9	0	11	12.1	12.1	36.2	0.42	0.46	0.33	1	0.99	10.7	1	88	92	45	100	98	98	5.21	5.08	4.84
240504	2	9	10.9	1	0	7.6	7.6	31.2	0.31	0.46	0.29	3	0.71	10.3	8	71	97	70	100	98	98	3.51	3.54	3.51
240504	2	10	10.0	0	9	8.0	8.5	32.6	0.44	0.48	0.36	3	0.74	9.7	9	27	92	74	92	98	98	2.49	2.50	2.49
240504	3	1	9.4	0	8	2.4	11.0	34.7	0.65	0.58	0.87	3	1.76	10.3	9	62	70	42	98	98	89	2.35	2.37	2.42
240504	3	2	9.2	0	11	8.7	8.7	35.5	0.65	0.48	0.57	2	1.37	10.2	11	53	79	29	100	98	94	2.82	2.77	2.55
240504	3	3	9.5	0	10	8.9	8.9	32.0	0.37	0.33	0.53	3	1.33	10.0	9	42	98	74	100	98	98	3.29	3.18	3.15
240504	3	4	10.3	0	2	8.4	9.8	33.8	0.46	0.67	0.32	3	0.75	10.4	4	65	82	48	100	98	98	2.31	2.33	2.29
240504	3	5	10.1	0	11	7.8	9.0	29.1	0.83	0.28	0.37	3	0.64	9.8	2	38	70	36	85	98	85	2.04	1.94	1.94
240504	3	6	9.7	0	7	6.7	6.9	29.5	0.57	0.41	0.36	1	0.80	10.4	6	70	91	59	100	98	97	2.12	2.12	2.10
240504	3	7	10.4	1	9	2.8	7.9	31.2	0.55	0.54	0.31	3	0.72	10.1	8	53	83	71	97	98	98	2.81	2.83	2.81
240504	3	8	9.5	0	8	7.5	7.5	29.9	0.78	0.41	0.49	2	1.32	10.1	7	48	73	53	97	98	89	1.91	2.04	2.04
240504	3	9	10.3	1	9	9.1	9.1	34.8	0.56	0.50	0.35	3	0.79	10.2	8	50	79	52	100	98	98	3.92	4.00	3.92
240504	3	10	10.0	0	8	7.0	11.4	34.8	0.70	0.38	0.29	3	0.51	9.9	6	26	83	67	100	98	95	1.97	2.07	2.01
240504	4	1	9.6	0	12	6.8	6.8	29.4	0.45	0.51	0.40	1	0.77	10.2	2	55	85	32	100	98	89	2.42	2.17	2.12
240504	4	2	10.7	1	9	9.8	9.8	30.1	0.58	0.33	0.58	2	1.35	10.9	10	86	86	85	100	98	98	3.15	3.12	3.12
240504	4	3	10.7	1	1	8.3	8.3	31.1	0.60	0.59	0.45	1	0.71	10.6	12	62	73	67	100	98	98	3.44	3.39	3.40
240504	4	4	9.5	0	11	6.8	6.8	27.8	0.36	0.42	0.46	1	0.88	10.0	12	45	95	70	98	98	98	2.40	2.23	2.23
240504	4	5	9.9	0	1	6.8	6.8	30.2	0.37	0.32	0.42	2	1.01	9.9	12	38	98	98	100	98	98	3.79	3.72	3.72
240504	4	6	10.5	1	6	7.2	7.2	28.0	0.57	0.32	0.55	3	1.53	10.5	1	80	89	52	100	98	98	2.34	2.16	2.38
240504	4	7	10.0	0	11	8.4	9.1	31.6	0.39	0.44	0.27	1	0.55	10.2	11	62	94	83	100	98	98	5.13	5.03	5.03
240504	4	8	9.4	0	9	7.7	8.6	31.8	0.37	0.43	0.50	1	1.28	10.4	8	79	95	30	100	98	98	3.19	3.21	3.31
240504	4	9	10.1	0	9	7.9	7.9	31.9	0.49	0.33	0.50	1	0.96	10.3	10	74	91	82	98	98	98	2.23	2.23	2.27
240504	4	10	10.6	1	2	8.1	8.1	29.3	0.56	0.53	0.40	3	1.04	10.2	7	44	86	32	100	98	98	3.29	3.33	3.25
240504	5	1	9.1	0	10	5.5	6.2	28.2	0.54	0.97	0.69	1	1.33	10.4	7	45	52	9	98	97	45	1.70	2.21	1.67
240504	5	2	9.9	0	11	9.0	9.0	27.5	0.41	0.47	0.73	2	1.93	9.8	11	41	95	80	98	98	98	5.25	5.14	5.14
240504	5	3	10.9	1	10	7.5	7.5	27.1	0.51	0.38	0.57	3	1.13	10.5	10	80	89	82	100	98	98	3.38	3.38	3.38
240504	5	4	9.8	0	8	8.3	8.3	29.6	0.66	0.51	0.38	3	0.70	10.5	9	61	77	55	100	98	86	4.53	4.54	4.67
240504	5	5	10.2	0	11	7.9	7.9	28.5	0.33	0.44	0.66	3	1.32	10.0	10	39	97	79	100	98	98	2.76	2.73	2.73
240504	5	6	9.8	0	10	6.6	6.6	26.1	0.62	0.47	0.40	1	0.68	10.1	9	48	80	68	100	98	98	2.38	2.38	2.33
240504	5	7	8.9	0	1	7.9	8.4	37.9	0.36	0.49	0.40	2	0.81	9.2	1	0	92	91	64	98	98	4.07	3.79	3.66
240504	5	8	10.6	1	3	8.9	8.9	32.9	0.46	0.44	0.39	3	0.73	10.1	2	58	94	77	100	98	98	2.82	2.79	2.82
240504	5	9	10.0	0	1	7.3	7.3	29.6	0.45	0.33	0.35	2	0.93	9.9	12	36	98	67	100	98	98	4.35	4.17	4.04
240504	5	10	10.1	0	11	8.3	8.3	35.1	0.40	0.37	0.36	3	0.92	9.9	12	38	95	91	97	98	98	3.42	3.06	3.08
240504	6	1	10.1	0	1	7.3	7.3	54.8	0.38	0.50	0.69	2	1.83	10.7	10	89	95	61	100	98	98	3.12	3.12	2.87
240504	6	2	6.2	0	2	9.2	9.5	5.09	0.54	0.67	0.27	2	0.58	6.2	2	0	79	71	0	98	97	0.01	2.85	2.82
240504	6	3	10.0	0	5	9.2	9.6	45.1	0.51	0.39	0.79	3	2.11	10.0	7	42	85	47	100	98	95	3.50	3.66	3.51
240504	6	4	9.9	0	9	10.1	10.1	35.1	0.37	0.37	0.60	3	1.44	10.4	9	80	94	89	100	98	98	5.45	5.59	5.61
240504	6	5	10.2	0	12	7.5	8.3	30.0	0.58	0.53	0.65	2	0.94	9.8	9	36	83	39	83	98	92	2.90	3.09	2.90
240504	6	6	9.2	0	10	3.6	9.2	32.1	0.35	0.47	0.63	2	1.63	9.6	10	17	95	85	97	98	98	3.57	3.62	3.58
240504	6	7	10.6	1	5	9.3	9.3	31.9	0.67	0.47	0.47	3	0.88	10.2	8	55	77	48	95	98	91	3.54	3.56	3.56
240504	6	8	10.7	1	7	6.4	6.8	28.1	0.35	0.48	0.53	2	1.40	10.2	8	50	92	80	100	98	98	2.07	2.16	2.13
240504	6	9	10.6	1	11	6.6	7.1	28.8	0.33	0.55	0.56	1	1.35	10.5	9	85	92	83	100	98	98	2.33	2.33	2.29
240504	6	10	10.1	0	11	7.5	7.5	33.6	0.51	0.41	0.53	2	1.18	9.7	9	24	91	52	94	98	98	3.09	3.09	3.06
240504	7	1	9.3	0	9	8.4	10.8	34.2	0.45	0.60	0.58	3	1.05	10.0	9	36	85	59	98	98	97	2.69	2.71	2.71
240504	7	2	8.9	0	9	8.6	8.6	31.4	0.47	0.33	0.39	1	0.92	9.8	8	38	94	45	94	98	97	4.71	4.82	4.83
240504	7	3	9.6	0	5	8.5	8.5	31.4	0.51	0.44	0.38	1	0.74	10.0	4	36	86	73	100	98	98	4.38	4.42	4.47
240504	7	4	10.3	0	8	6.8	6.8	25.4	0.53	0.44	0.42	1	0.83	10.6	12	85	88	47	100	98	98	2.48	2.42	2.54
240504	7	5	10.5	1	10	7.5	8.8	33.0	0.48	0.37	0.35	3	0.77	10.0	10	44	98	82	100	98	98	3.51	3.56	3.56
240504	7	6	9.9	0	9	8.9	8.9	34.7	0.64	0.28	0.33	1	0.91	10.7	11	85	88	52	100	98	89	4.77	4.75	4.77
240504	7	7	10.3	0	9	6.9	6.9	32.7	0.54	0.29	0.48	3	1.26	10.3	7	74	91	76	100	98	98	2.64	2.71	2.65
240504	7	8	10.0	0	8	7.6	7.6	26.8	0.41	0.65	0.45	3	0.91	9.9	8	26	80	82	100	98	98	2.60	2.61	2.61
240504	7	9	10.6	1	6	6.8	6.8	24.8	0.42	0.26	0.48	1	1.24	10.5	10	89	97	76	100	98	98	3.75	3.75	3.75
240504	7	10	10.3	1	8	6.3	6.3	23.6	0.41	0.33	0.49	1	1.29	10.4	9	79	98	92	100	98	98	2.64	2.64	2.64
240504	8	1	9.2	0	8	7.3	7.3	27.4	0.33	0.39	0.34	1	1.13	9.6	9	12	98	86	98	98	98	2.52	2.60	2.61
240504	8	2	10.0	0	9	5.1	5.1	19.7	0.58	0.43	0.32	2	0.67	10.6	8	79	89	65	100	98	98	2.88	2.90	2.90
240504	8	3	9.5	0	9	7.7	7.7	25.1	0.47	0.59	0.49	2	0.89	10.2	10	47	86	56	100	98	98	1.80	1.81	1.84
240504	8	4	10.2	0	8	6.7	6.7	24.3	0.31	0.46	0.42	2	1.02	10.4	10	82	95	74	100	98	98	3.54	3.54	3.54
240504	8	5	10.1	0	11	6.2	6.2	23.0	0.48	0.57	0.42	1	0.96	10.2	10	61	80	65	100	98	98	1.53	1.53	1.50
240504	8	6	9.7	0	8	6.2	6.2	22.6	0.40	0.35	0.54	3	1.74	9.6	9	20	98	89	89	98	98	1.57	1.65	1.75
240504	8	7	10.0	0	10	2.2	6.7	21.4	0.45	0.37	0.28	2	0.58	10.4	10	80	94	92	100	98	98	2.19	2.19	2.19
240504	8	8	10.1	0	8	5.9	5.9	22.4	0.53	0.48	0.40	1	0.81	10.3	7	59	89	83	100	98	98	1.78	1.81	1.83
240504	8	9	9.2	0	9	6.1	6.1	25.0	0.40	0.68	0.40	2	0.76	9.5	8	18	82	68	82	98	98	1.38	1.47	1.47
240504	8	10	9.9	0	10	7.2	7.2	27.7	0.34	0.40	0.52	3	1.17	10.3	10	76	97	88	100	98	98	2.65	2.61	2.60
240504	9	1	9.4	0	10	8.0	8.0	25.7	0.44	0.47	0.37	2	0.79	9.4	9	5	91	65	80	98	98	3.17	3.13	3.12
240504	9	2	9.3	0	12	8.4	8.4	29.7	0.43	0.41	0.54	1	1.42	9.9	11	47	92	76	97	98	98	4.82	4.74	4.65
240504	9	3	10.0	0	8	7.5	8.7	36.2	0.49	0.39	0.47	1	1.07	10.1	9	64	89	85	100	98	98	3.90	4.02	4.04
240504	9	4	10.0	0	12	7.2	7.2	28.8	0.57	0.50	0.53	3	1.77	10.1	2	53	83	42	100	98	98	2.54	2.50	2.50
240504	9	5	10.8	1	9	6.8	6.8	28.1	0.43	0.58	0.34	3	0.52	10.8	10	88	88	88	100	98	98	3.09	3.04	3.09
240504	9	6	9.9	0	9	7.4	7.4	24.9	0.33	0.35	0.33	3	0.86	10.3	9	79	98	91	100	98	98	2.88	2.90	2.91
240504	9	7	10.0	0	8	7.8	7.8	27.7	0.44	0.50	0.30	1	0.59	10.6	9	82	91	62	100	98	98	2.94	2.96	2.97
240504	9	8	10.4	1	1	6.5	6.5	21.6	0.45	0.30	0.60	1	1.29	10.6	1	92	98	94	100	98	98	1.46	1.41	1.30
240504	9	9	10.2	0	2	6.4	6.4	52.0	0.50	0.40	0.47	3	0.89	9.7	2	36	94	70	92	98	98	1.53	1.36	1.50
240504	9	10	10.3	0	10	6.1	6.8	26.8	0.57	0.64	0.41	2	0.94	10.3	1	62	74	53	95	98	91	1.62	1.57	1.59
240504	10	1	10.0	0	1	7.3	7.3	22.9	0.39	0.34	0.28	3	0.56	10.3	12	82	98	82	100	98	98	2.87	2.73	2.64
240504	10	2	10.1	0	12	4.2	7.8	33.6	0.47	0.50	0.52	1	1.32	10.6	10	88	91	64	100	98	98	4.16	4.09	4.04
240504	10	3	9.5	0	1	5.8	5.8	22.8	0.47	0.35	0.55	2	1.31	9.9	1	44	92	89	97	98	98	1.75	1.56	1.56
240504	10	4	9.4	0	10	5.8	5.8	20.0	0.46	0.42	0.36	1	0.80	9.8	10	33	94	73	94	98	98	2.33	2.33	2.19
240504	10	5	8.5	0	9	2.1	8.7	19.5	0.81	0.45	0.44	1	1.04	9.9	9	23	74	26	94	94	77	2.08	2.13	2.29
240504	10	6	9.9	0	3	6.4	8.5	8.08	0.57	0.40	0.41	1	0.92	9.7	3	30	85	85	83	98	98	2.61	2.61	2.61
240504	10	7	9.8	0	1	7.3	9.6	33.6	0.53	0.58	0.31	2	0.46	10.3	2	62	86	65	100	98	95	2.23	2.06	1.81
240504	10	8	10.3	0	10	6.7	7.5	32.0	0.54	0.34	0.43	3	0.97	10.6	4	91	92	41	100	98	97	1.95	1.95	1.80
240504	10	9	9.4	0	1	9.8	9.8	32.7	0.49	0.39	0.41	3	0.87	9.5	1	3	94	91	85	98	98	5.22	4.77	4.77
240504	10	10	9.3	0	10	8.8	9.3	48.2	0.46	0.44	0.55	3	1.24	9.8	12	41	85	12	91	98	88	2.56	2.00	1.84
240504	11	1	10.1	0	12	10.2	10.3	29.7	0.46	0.59	0.68	1	1.45	10.6	9	74	85	39	100	98	94	4.00	4.00	3.90
240504	11	2	10.2	0	5	7.6	8.8	40.5	0.50	0.63	0.41	3	1.04	10.0	6	47	82	74	97	98	98	2.71	3.10	3.03
240504	11	3	9.6	0	7	7.5	7.5	25.4	0.44	0.45	0.70	1	1.36	10.4	5	76	97	36	100	98	98	2.91	3.00	3.09
240504	11	4	9.5	0	10	4.2	8.5	32.1	0.47	0.56	0.54	3	1.01	10.0	9	39	88	38	100	98	98	4.21	4.38	4.14
240504	11	5	9.7	0	6	7.9	8.1	29.4	0.61	0.56	0.59	3	0.95	10.8	6	77	76	36	100	98	91	1.70	1.71	1.84
240504	11	6	10.9	1	9	6.6	6.6	26.1	0.37	0.35	0.39	1	0.88	10.7	4	98	97	95	100	98	98	2.04	2.04	2.04
240504	11	7	9.8	0	9	8.4	8.4	31.2	0.44	0.42	0.42	1	0.86	10.0	9	53	92	82	100	98	98	4.86	4.88	4.84
240504	11	8	10.4	1	6	6.0	7.2	31.8	0.68	0.52	0.63	1	1.18	10.4	8	67	76	67	98	98	97	1.89	1.92	1.95
240504	11	9	10.4	1	8	2.0	7.8	34.1	0.57	0.39	0.33	2	0.63	10.2	8	55	85	85	100	98	98	1.98	2.15	2.10
240504	11	10	10.3	1	9	8.2	8.4	32.1	0.42	0.36	0.49	3	1.13	10.4	11	76	94	73	100	98	98	2.88	2.85	2.97
240504	12	1	9.3	0	9	7.6	8.4	31.3	0.38	0.48	0.61	2	1.23	10.4	9	80	94	23	100	98	98	3.85	3.87	3.85
240504	12	2	10.7	1	10	6.1	6.1	27.7	0.47	0.55	0.51	3	1.03	10.6	8	82	86	80	100	98	98	2.34	2.34	2.33
240504	12	3	9.7	0	10	8.4	8.4	30.5	0.35	0.42	0.36	3	0.72	10.1	10	64	95	92	97	98	98	4.92	4.93	4.92
240504	12	4	10.5	1	10	6.9	6.9	28.4	0.60	0.33	0.51	3	0.98	10.4	8	74	91	68	100	98	98	2.70	2.81	2.79
240504	12	5	10.4	1	11	6.3	6.3	27.2	0.56	0.79	0.46	3	0.81	10.4	7	50	61	41	100	98	86	1.29	1.30	1.20
240504	12	6	10.2	0	12	6.5	6.5	35.4	0.36	0.37	0.47	3	1.12	10.5	11	88	98	92	100	98	98	2.50	2.48	2.35
240504	12	7	9.8	0	11	7.3	7.3	26.9	0.28	0.54	0.46	1	1.56	10.4	10	80	91	59	98	98	98	1.94	1.94	1.51
240504	12	8	9.1	0	10	6.1	6.1	28.0	0.53	0.67	0.42	2	0.78	9.5	8	18	77	23	71	98	82	1.56	1.68	1.56
240504	12	9	10.5	1	8	5.3	6.4	44.1	0.69	0.44	0.24	3	0.53	10.7	3	71	83	48	100	98	98	1.84	1.84	1.91
240504	12	10	9.8	0	2	7.8	7.9	19.9	0.53	0.53	0.53	1	0.94	10.3	11	64	80	23	100	98	83	3.84	3.81	3.73
240504	13	1	10.5	1	12	7.7	7.7	32.0	0.44	0.34	0.53	2	1.08	10.2	12	67	94	88	100	98	98	3.69	3.60	3.66
240504	13	2	10.3	1	2	8.1	8.1	29.2	0.44	0.36	0.38	1	0.78	10.4	2	80	95	95	100	98	98	3.06	3.06	3.04
240504	13	3	9.8	0	9	6.1	6.1	25.5	0.45	0.33	0.36	2	0.67	10.3	10	77	94	73	100	98	98	1.57	1.57	1.57
240504	13	4	10.3	1	5	1.7	7.0	26.3	0.30	0.40	0.55	3	1.60	10.5	10	89	97	32	100	98	98	1.73	1.70	1.78
240504	13	5	9.5	0	9	7.3	7.4	27.1	0.39	0.38	0.27	1	0.61	10.2	9	55	98	70	100	98	98	3.45	3.51	2.77
240504	13	6	9.6	0	10	6.1	6.9	26.8	0.70	0.39	0.62	2	1.36	10.7	2	76	77	20	100	98	74	1.36	1.36	1.27
240504	13	7	9.7	0	12	9.5	9.5	20.9	0.50	0.65	0.33	2	0.89	10.4	10	68	76	55	100	98	83	2.22	2.21	1.91
240504	13	8	10.5	1	12	6.5	6.5	25.7	0.71	0.39	0.43	2	0.94	10.3	2	68	76	68	98	98	98	3.50	3.31	3.31
240504	13	9	10.3	1	11	4.8	8.4	29.6	0.51	0.62	0.41	3	1.09	10.1	11	45	73	73	100	98	98	4.82	4.75	4.77
240504	13	10	9.3	0	9	6.0	6.0	25.3	0.50	0.39	0.62	2	1.17	10.3	9	73	91	36	100	98	95	1.67	1.78	1.67
240504	14	1	10.5	1	8	6.7	7.2	23.3	0.52	0.34	0.33	3	0.78	9.9	9	47	97	65	100	98	98	2.81	2.79	2.82
240504	14	2	10.5	1	11	7.1	7.1	28.5	0.61	0.65	0.26	3	0.51	10.2	1	61	74	62	89	98	92	3.24	3.10	3.18
240504	14	3	10.2	0	10	5.7	7.2	26.6	0.43	0.45	0.54	1	1.18	10.1	10	59	89	92	98	98	98	2.62	2.64	2.64
240504	14	4	10.4	1	8	6.6	6.9	25.4	0.59	0.31	0.41	3	1.06	10.4	9	71	85	83	100	98	98	2.77	2.82	2.82
240504	14	5	10.0	0	9	6.8	7.0	26.2	0.47	0.43	0.34	1	0.70	10.2	8	73	88	86	100	98	98	2.00	2.01	2.01
240504	14	6	10.3	1	8	6.9	7.0	26.8	0.43	0.41	0.55	3	1.33	10.4	10	83	94	80	100	98	98	2.81	2.81	2.83
240504	14	7	10.6	1	9	6.6	6.8	24.6	0.55	0.39	0.43	3	0.76	10.6	9	88	88	88	100	98	98	2.91	2.91	2.91
240504	14	8	9.3	0	9	3.7	8.6	30.2	0.52	0.44	0.51	3	0.80	10.1	9	50	91	53	100	98	97	3.69	3.69	3.94
240504	14	9	9.1	0	10	3.3	6.4	27.1	0.43	0.55	0.66	3	1.18	10.1	11	61	85	33	97	98	97	3.31	3.24	3.18
240504	14	10	9.6	0	10	5.2	5.2	22.1	0.54	0.43	0.56	1	1.44	10.8	11	86	89	26	100	98	89	1.97	1.95	1.81
240504	15	1	9.8	0	9	9.0	9.0	20.5	0.72	0.55	0.46	2	0.80	10.4	10	56	70	53	97	98	88	4.30	4.29	4.35
240504	15	2	9.7	0	9	6.6	6.7	22.4	0.57	0.51	0.43	1	1.17	10.2	9	50	76	68	100	98	98	3.83	3.83	3.84
240504	15	3	9.3	0	3	8.8	9.0	4.42	0.37	0.56	0.36	2	0.79	9.6	3	11	92	56	92	98	98	3.00	4.61	4.58
240504	15	4	9.7	0	11	7.6	8.9	31.7	0.43	0.34	0.38	3	0.90	10.1	1	56	98	44	100	98	98	3.57	3.54	2.76
240504	15	5	10.3	0	11	6.2	6.4	26.0	0.47	0.37	0.60	3	1.26	10.3	7	71	98	26	100	98	98	1.98	2.00	1.89
240504	15	6	10.7	1	8	6.8	7.1	27.3	0.71	0.45	0.31	2	0.70	10.2	5	48	80	50	100	98	97	1.65	1.77	1.65
240504	15	7	10.4	1	7	6.5	6.5	24.2	0.53	0.46	0.26	2	0.63	10.5	6	76	91	89	100	98	98	1.83	1.88	1.88
240504	15	8	10.6	1	11	7.5	7.5	25.2	0.64	0.30	0.22	3	0.51	10.8	6	77	79	73	100	98	98	2.06	2.06	2.01
240504	15	9	9.4	0	9	2.5	6.0	24.9	0.62	0.43	0.63	3	1.14	10.0	10	47	88	47	94	98	98	2.50	2.50	2.58
240504	15	10	10.5	1	6	7.3	7.3	24.8	0.40	0.47	0.40	3	0.72	10.4	5	76	94	91	100	98	98	3.00	3.02	3.04
240504	16	1	9.7	0	9	6.4	6.4	23.5	0.57	0.42	0.43	2	0.98	10.5	7	80	83	39	100	98	92	2.88	2.90	2.92
240504	16	2	9.6	0	8	6.7	8.5	27.2	0.67	0.36	0.50	1	1.15	10.6	8	76	80	36	100	98	98	3.18	3.19	3.21
240504	16	3	10.0	0	10	4.5	8.6	28.6	0.51	0.42	0.38	3	0.71	10.0	10	62	89	89	100	98	98	4.54	4.54	4.54
240504	16	4	10.2	0	9	6.6	6.7	27.3	0.45	0.47	0.38	2	0.89	10.9	0	91	89	56	100	98	98	1.44	1.44	1.46
240504	16	5	10.1	0	9	7.8	7.8	25.8	0.45	0.33	0.21	3	0.47	10.1	9	70	95	95	100	98	98	2.42	2.76	2.76
240504	16	6	10.0	0	11	5.8	5.8	26.9	0.42	0.49	0.46	3	0.99	9.8	11	41	88	82	91	98	98	2.58	2.40	2.52
240504	16	7	10.6	1	9	6.7	6.7	24.4	0.37	0.40	0.35	3	0.75	10.5	1	79	98	73	100	98	98	2.40	2.28	2.43
240504	16	8	10.1	0	3	5.9	5.9	25.3	0.55	0.55	0.47	3	0.98	10.8	7	85	85	53	100	98	92	1.78	1.78	1.78
240504	16	9	10.2	0	3	6.8	7.6	24.9	0.55	0.53	0.26	3	0.54	10.6	10	80	86	38	100	98	95	1.43	1.43	1.29
240504	16	10	10.0	0	5	6.8	6.8	24.1	0.39	0.41	0.28	3	0.52	9.9	5	41	97	97	100	98	98	2.48	2.64	2.62
240504	17	1	10.0	0	6	1.6	6.5	29.2	0.41	0.48	0.24	1	0.59	10.2	7	67	91	89	98	98	98	1.57	1.62	1.62
240504	17	2	9.7	0	1	7.2	7.7	23.8	0.38	0.46	0.36	1	0.85	10.7	2	88	97	33	100	98	98	2.00	1.98	1.83
240504	17	3	9.8	0	9	7.0	7.3	24.6	0.48	0.80	0.47	3	1.18	10.9	3	71	71	29	100	98	82	1.80	1.80	1.74
240504	17	4	10.3	1	12	6.2	6.9	15.5	0.38	0.49	0.63	3	1.40	10.5	12	82	91	92	100	98	98	2.49	2.19	2.19
240504	17	5	10.1	0	10	2.6	6.9	25.9	0.91	0.41	0.53	1	1.23	10.4	11	61	61	64	94	97	91	2.58	2.54	2.54
240504	17	6	10.4	1	2	6.9	7.8	22.8	0.68	0.40	0.69	3	1.26	10.4	3	64	80	80	100	98	98	2.70	2.70	2.67
240504	17	7	9.6	0	9	2.0	6.1	25.8	0.60	0.46	0.69	1	1.71	10.5	9	82	86	42	95	98	98	2.00	2.00	2.02
240504	17	8	10.0	0	10	5.4	5.4	22.5	0.51	0.56	0.52	3	1.41	10.2	10	61	86	83	98	98	98	2.44	2.44	2.43
240504	17	9	9.0	0	12	7.0	7.0	22.6	0.44	0.69	0.54	1	1.35	10.0	11	45	71	35	92	98	82	3.33	3.30	2.94
240504	17	10	10.3	0	2	7.6	7.6	25.0	0.53	0.38	0.31	3	0.60	10.4	10	74	95	52	100	98	98	3.81	3.81	3.72
240504	18	1	9.7	0	10	6.1	6.1	21.1	0.35	0.41	0.43	1	0.97	10.4	10	82	98	70	100	98	98	2.50	2.50	2.28
240504	18	2	10.0	0	11	7.8	8.2	23.5	0.35	0.62	0.67	2	1.84	10.2	10	61	83	59	98	98	98	2.71	2.71	2.64
240504	18	3	10.0	0	9	8.4	8.4	19.4	0.39	0.42	0.38	3	0.81	10.4	10	77	95	62	100	98	98	2.92	2.91	3.12
240504	18	4	10.5	1	3	6.2	6.7	24.7	0.62	0.44	0.19	2	0.37	10.6	1	71	83	74	100	98	98	2.97	2.96	2.96
240504	18	5	9.9	0	4	6.9	8.1	23.1	0.40	0.49	0.59	3	0.96	10.6	3	89	91	61	100	98	98	3.00	3.00	3.06
240504	18	6	10.5	1	10	6.4	6.4	16.8	0.38	0.45	0.40	1	0.92	10.4	11	76	95	89	100	98	98	2.23	2.13	2.22
240504	18	7	10.4	1	12	6.9	6.9	24.4	0.35	0.56	0.57	1	1.35	10.5	9	79	91	67	100	98	98	3.65	3.67	3.33
240504	18	8	10.5	1	10	6.6	7.0	23.4	0.56	0.40	0.39	3	0.88	10.3	12	62	89	67	100	98	98	3.66	3.62	3.66
240504	18	9	9.5	0	10	6.4	6.4	25.9	0.56	0.46	0.39	2	1.08	10.1	11	50	83	70	95	98	98	3.44	3.29	3.18
240504	18	10	10.7	1	9	6.3	6.3	24.1	0.38	0.47	0.40	3	0.95	10.7	2	95	97	86	100	98	98	3.08	3.08	3.08
