Kasper K.	Ilmakiv‰‰ri
Date	Series	Shot	Hit	X ring	Sector	On	Total	Int.(s)			Trigger			COG		Fine %			Rough %			Hold time (s)
						target	time 		dev X	dev Y	ATV	TIRE	RTV	Hit	Sector	Target	COG	Hit	Target	COG	Hit	Target	COG	Hit
250220	1	1	9.8	0	9	11.4	11.4	0.0	0.51	0.15	0.25	1	0.81	10.5	12	95	94	32	100	98	98	4.71	4.77	4.71
250220	1	2	10.1	0	7	9.3	9.3	37.9	0.39	0.31	0.28	2	1.20	10.6	5	100	98	59	100	98	98	2.29	2.25	2.00
250220	1	3	10.5	1	7	9.7	9.7	44.0	0.28	0.19	0.17	1	1.03	10.7	7	100	98	98	100	98	98	4.08	3.96	3.93
250220	1	4	9.7	0	9	10.1	10.1	43.2	0.30	0.22	0.41	1	2.15	10.7	9	95	98	50	100	98	98	4.08	4.07	3.87
250220	1	5	9.9	0	8	10.1	10.1	34.8	0.42	0.43	0.36	1	1.62	10.4	12	76	86	17	100	98	92	3.65	3.73	3.24
250220	1	6	10.2	1	6	10.0	10.0	34.0	0.18	0.23	0.16	1	0.82	10.6	4	100	98	98	100	98	98	3.06	2.94	2.77
250220	1	7	10.0	0	7	9.5	9.5	46.6	0.33	0.15	0.18	1	0.75	10.2	6	86	98	88	100	98	98	3.40	3.10	2.92
250220	1	8	9.9	0	7	12.3	25.0	1.38	0.56	0.16	0.19	2	0.87	10.3	5	76	88	48	100	98	98	6.38	5.96	5.80
250220	1	9	10.1	0	8	10.5	10.5	1.02	0.47	0.19	0.24	1	0.88	10.7	9	100	98	79	100	98	98	4.35	4.32	3.71
250220	1	10	9.8	0	7	11.2	11.2	43.1	0.59	0.16	0.17	2	0.71	10.2	5	55	94	39	100	98	98	5.70	4.82	4.59
250220	2	1	10.7	1	2	10.9	10.9	52.1	0.41	0.31	0.26	3	1.22	9.8	2	18	98	53	100	98	98	4.65	4.84	4.68
250220	2	2	10.6	1	4	12.2	12.2	53.1	0.40	0.24	0.16	3	0.45	10.5	2	85	98	89	100	98	98	6.84	6.92	6.83
250220	2	3	10.3	1	10	11.3	11.3	41.4	0.51	0.13	0.21	3	1.24	10.3	2	65	89	36	100	98	98	5.92	5.99	5.99
250220	2	4	10.0	0	4	11.4	11.4	47.5	0.20	0.29	0.35	2	2.72	10.3	2	97	98	91	100	98	98	3.33	3.65	3.04
250220	2	5	10.2	1	2	9.5	9.5	52.0	0.29	0.31	0.08	3	0.40	10.0	1	50	98	98	100	98	98	4.37	4.95	4.89
250220	2	6	10.3	1	2	8.8	8.8	47.5	0.42	0.24	0.18	3	1.23	9.7	1	27	98	83	100	98	98	3.30	3.45	3.35
250220	2	7	10.2	1	9	12.7	12.7	51.8	0.44	0.34	0.22	1	0.84	10.9	1	100	98	47	100	98	98	5.01	5.03	4.98
250220	2	8	9.9	0	8	9.0	9.0	46.1	0.58	0.40	0.23	1	1.06	10.4	12	61	86	24	100	98	71	2.97	3.33	2.61
250220	2	9	10.7	1	5	10.2	10.2	42.7	0.20	0.14	0.19	3	1.13	10.6	12	100	98	98	100	98	98	3.73	3.99	3.72
250220	2	10	10.9	1	9	13.0	13.0	47.5	0.27	0.19	0.16	1	0.96	10.6	1	97	98	95	100	98	98	7.17	7.25	7.17
250220	3	1	10.4	1	10	11.0	11.0	45.6	0.40	0.19	0.21	1	0.80	10.5	12	94	98	89	100	98	98	5.89	6.17	6.04
250220	3	2	10.6	1	3	13.1	13.1	52.5	0.47	0.10	0.42	2	2.48	10.6	2	100	94	92	100	98	98	7.80	7.91	7.82
250220	3	3	10.8	1	7	8.6	8.6	1.02	0.37	0.40	0.13	2	0.63	10.4	12	83	98	59	100	98	98	2.81	3.23	2.76
250220	3	4	10.7	1	11	9.6	9.6	54.9	0.22	0.20	0.12	3	0.61	10.4	12	98	98	98	100	98	98	3.51	3.67	3.60
250220	3	5	10.6	1	4	11.0	11.0	46.0	0.18	0.23	0.34	2	1.91	10.5	1	100	98	98	100	98	98	4.26	4.44	4.25
250220	3	6	10.2	1	11	11.1	11.1	49.9	0.32	0.17	0.28	2	1.59	10.4	1	98	98	85	100	98	98	4.95	5.38	5.37
250220	3	7	10.5	1	1	12.1	12.1	47.8	0.51	0.18	0.23	3	1.13	9.6	1	15	98	38	92	98	98	4.96	5.82	5.21
250220	3	8	10.8	1	12	11.6	11.6	46.1	0.26	0.29	0.25	3	1.27	10.4	2	100	98	98	100	98	98	5.79	6.01	5.85
250220	3	9	10.5	1	12	11.3	11.3	1.06	0.43	0.31	0.16	3	0.76	9.9	12	45	98	70	100	98	98	3.75	4.79	4.00
250220	3	10	10.4	1	1	9.7	20.6	1.26	0.28	0.20	0.17	3	0.75	10.0	1	45	98	95	100	98	98	2.87	3.50	3.33
250220	4	1	10.3	1	11	10.2	10.2	1.00	0.33	0.17	0.15	1	1.13	10.6	1	100	98	89	100	98	98	3.71	3.83	4.17
250220	4	2	10.4	1	4	10.9	10.9	42.0	0.40	0.30	0.26	3	1.36	10.7	12	94	98	76	100	98	98	3.44	3.52	3.27
250220	4	3	10.7	1	2	9.6	9.6	53.9	0.27	0.35	0.17	3	0.90	10.2	1	74	98	77	100	98	98	3.21	3.29	3.24
250220	4	4	10.4	1	2	11.1	25.2	1.16	0.39	0.25	0.19	3	0.89	10.4	11	86	98	61	100	98	98	4.17	4.56	4.54
250220	4	5	10.1	0	5	11.1	11.1	47.2	0.35	0.37	0.25	2	1.28	10.7	3	98	98	47	100	98	98	3.45	3.62	2.82
250220	4	6	10.1	0	9	11.1	11.1	46.0	0.40	0.10	0.18	1	0.92	10.7	8	94	98	73	100	98	98	3.93	3.81	3.66
250220	4	7	10.8	1	8	12.1	12.1	47.5	0.36	0.25	0.14	2	0.49	10.5	12	100	98	86	100	98	98	4.93	5.24	4.92
250220	4	8	10.7	1	8	10.5	10.5	45.5	0.19	0.26	0.13	3	0.85	10.8	2	100	98	98	100	98	98	2.60	2.69	2.56
250220	4	9	10.7	1	6	10.1	10.1	41.5	0.35	0.20	0.16	3	0.98	10.9	3	98	97	97	100	98	98	3.54	3.54	3.48
250220	4	10	10.3	1	7	10.9	10.9	43.4	0.24	0.21	0.17	1	1.27	10.7	5	100	98	89	100	98	98	4.04	3.90	3.71
250220	5	1	10.7	1	6	10.9	10.9	51.3	0.39	0.35	0.18	3	0.73	10.1	2	44	95	33	100	98	98	2.98	3.35	2.77
250220	5	2	10.7	1	1	11.9	11.9	45.0	0.31	0.34	0.18	3	0.84	10.1	1	59	98	85	100	98	98	4.11	5.54	5.37
250220	5	3	10.4	1	12	9.3	9.5	44.4	0.40	0.32	0.16	3	0.53	9.9	12	38	98	86	100	98	98	2.54	3.36	3.27
250220	5	4	10.7	1	1	11.5	11.5	44.9	0.30	0.20	0.15	3	0.81	10.3	1	71	98	91	100	98	98	4.44	5.36	4.88
250220	5	5	10.3	1	2	9.2	9.2	42.3	0.18	0.49	0.13	3	0.56	9.7	1	32	98	45	100	98	98	2.19	3.23	2.77
250220	5	6	10.4	1	9	10.9	10.9	54.0	0.35	0.13	0.40	3	3.00	10.4	3	89	97	23	100	98	98	4.88	4.91	4.84
250220	5	7	10.7	1	2	11.2	11.2	53.5	0.27	0.24	0.20	3	1.12	10.3	1	85	98	94	100	98	98	4.58	5.08	4.74
250220	5	8	10.5	1	12	10.3	10.3	45.0	0.42	0.32	0.31	1	1.49	10.3	1	59	97	94	100	98	98	4.14	4.56	4.44
250220	5	9	10.0	0	9	8.9	8.9	1.00	0.42	0.30	0.07	1	0.32	10.4	11	89	98	39	100	98	98	2.87	3.08	2.62
250220	5	10	10.5	1	11	11.2	11.2	45.8	0.36	0.20	0.15	3	0.69	10.5	1	100	98	98	100	98	98	5.16	5.76	5.76
250220	6	1	10.5	1	11	9.5	9.5	47.3	0.40	0.30	0.30	3	1.18	9.7	12	11	98	61	100	98	98	3.03	3.52	3.30
250220	6	2	10.8	1	9	10.6	10.9	41.1	0.44	0.37	0.19	2	0.82	10.3	1	71	98	59	100	98	98	5.67	5.82	5.67
250220	6	3	10.9	1	7	10.4	10.4	43.0	0.50	0.28	0.19	3	0.85	10.3	1	76	98	64	100	98	98	4.37	4.62	4.35
250220	6	4	10.4	1	8	9.6	9.6	43.2	0.34	0.49	0.20	3	0.76	10.1	12	45	92	35	100	98	98	2.79	4.21	2.35
250220	6	5	10.5	1	9	10.8	10.8	45.6	0.37	0.34	0.25	1	1.28	10.2	11	73	98	83	100	98	98	3.24	3.85	2.69
250220	6	6	10.3	1	9	9.8	9.8	45.3	0.25	0.19	0.16	1	0.90	10.2	11	100	98	95	100	98	98	3.96	4.11	3.62
250220	6	7	10.1	0	10	12.7	12.7	47.8	0.44	0.24	0.29	2	1.99	10.2	1	77	98	42	100	98	98	6.24	6.64	6.29
250220	6	8	10.4	1	4	12.3	24.5	1.21	0.22	0.27	0.25	3	1.71	10.1	1	58	98	53	100	98	98	3.75	4.88	3.77
250220	6	9	10.3	1	2	11.6	11.6	44.7	0.29	0.13	0.23	3	1.14	10.5	2	100	98	98	100	98	98	6.93	6.99	7.00
250220	6	10	10.3	1	1	10.4	10.4	43.8	0.33	0.30	0.07	2	0.35	10.4	2	92	98	98	100	98	98	4.75	4.84	4.98
250220	7	1	10.4	1	1	10.1	10.1	1.32	0.34	0.38	0.21	3	1.12	9.6	1	20	98	68	89	98	98	2.55	3.67	3.15
250220	7	2	10.7	1	12	11.2	11.2	44.7	0.32	0.19	0.22	3	1.40	10.3	2	85	98	86	100	98	98	3.94	4.35	4.30
250220	7	3	10.4	1	12	11.7	11.7	40.4	0.26	0.17	0.12	3	0.55	10.1	1	74	98	98	100	98	98	3.98	4.39	4.32
250220	7	4	10.7	1	5	10.1	10.1	40.7	0.35	0.42	0.25	3	1.23	10.3	1	56	98	36	100	98	98	4.02	4.53	3.90
250220	7	5	10.8	1	1	9.2	9.2	40.8	0.30	0.27	0.13	3	0.73	10.1	1	38	98	79	100	98	98	3.10	3.19	3.12
250220	7	6	10.5	1	1	11.2	11.2	43.5	0.25	0.33	0.12	3	0.74	10.0	1	74	98	89	100	98	98	3.60	4.29	3.73
250220	7	7	9.9	0	11	8.7	8.7	38.0	0.46	0.26	0.27	3	1.46	9.7	1	20	92	36	100	98	98	2.82	3.75	3.12
250220	7	8	10.5	1	1	8.8	8.8	44.0	0.17	0.40	0.13	3	0.82	9.9	12	41	98	71	100	98	98	2.98	3.51	3.04
250220	7	9	10.1	0	10	10.8	10.8	40.8	0.40	0.17	0.17	3	0.89	10.2	12	74	98	65	100	98	98	3.69	4.17	4.00
250220	7	10	10.0	0	11	11.4	11.4	40.4	0.23	0.32	0.16	2	0.80	10.0	1	45	98	91	100	98	98	4.95	6.17	6.17
