Kasper K.	Ilmakiv‰‰ri
Date	Series	Shot	Hit	X ring	Sector	On	Total	Int.(s)			Trigger			COG		Fine %			Rough %			Hold time (s)
						target	time 		dev X	dev Y	ATV	TIRE	RTV	Hit	Sector	Target	COG	Hit	Target	COG	Hit	Target	COG	Hit
241003	1	1	9.4	0	11	11.2	11.2	0.0	0.48	0.33	0.63	2	1.43	10.3	12	76	95	33	100	98	92	5.05	5.25	5.26
241003	1	2	10.5	1	4	9.3	9.3	55.4	0.38	0.19	0.27	1	1.39	10.3	2	73	98	98	100	98	98	3.08	3.24	3.08
241003	1	3	10.1	0	3	11.0	11.0	46.3	0.23	0.25	0.17	2	0.81	10.1	3	64	98	98	100	98	98	5.57	5.50	5.55
241003	1	4	9.9	0	2	10.4	10.4	40.3	0.23	0.29	0.17	2	1.09	9.7	3	12	98	98	100	98	98	2.81	2.90	2.90
241003	1	5	10.1	0	9	12.1	12.1	1.05	0.52	0.29	0.12	1	0.45	10.8	5	100	98	47	100	98	98	5.91	5.89	5.38
241003	1	6	10.6	1	10	12.0	12.0	47.0	0.31	0.24	0.26	3	1.32	10.6	9	94	98	94	100	98	98	4.25	4.23	4.28
241003	1	7	10.0	0	8	13.4	13.7	57.0	0.72	0.24	0.30	2	1.25	10.4	4	50	89	39	100	98	80	7.32	7.17	7.14
241003	1	8	10.1	0	5	10.5	12.5	1.02	0.70	0.29	0.23	3	0.83	9.8	3	42	85	53	85	98	98	5.03	4.21	4.20
241003	1	9	10.7	1	8	11.0	11.0	1.15	0.44	0.30	0.26	3	0.94	10.2	4	74	95	68	100	98	98	4.49	4.32	4.46
241003	1	10	10.2	1	10	11.2	11.2	41.6	0.43	0.18	0.22	1	1.19	10.9	10	97	98	79	100	98	98	4.12	4.12	4.12
241003	2	1	10.3	1	3	11.8	11.8	1.04	0.47	0.24	0.22	3	0.89	10.3	7	70	97	44	100	98	98	4.62	4.25	4.26
241003	2	2	10.8	1	5	8.2	8.2	1.05	0.31	0.38	0.25	2	1.29	10.6	12	86	98	80	100	98	98	2.64	2.67	2.61
241003	2	3	9.8	0	7	9.7	9.7	59.8	0.31	0.46	0.12	2	0.57	10.3	6	64	94	68	100	98	98	2.98	2.17	2.15
241003	2	4	10.2	1	4	8.4	8.4	40.3	0.32	0.25	0.29	1	1.54	10.9	2	100	98	73	100	98	98	3.94	3.94	3.38
241003	2	5	10.1	0	7	8.5	8.5	39.6	0.14	0.47	0.27	1	1.31	10.9	11	100	98	62	100	98	98	2.79	2.81	2.61
241003	2	6	10.7	1	9	9.1	9.1	43.1	0.56	0.21	0.19	3	0.75	10.3	3	77	88	67	100	98	91	4.00	4.00	4.00
241003	2	7	10.3	1	10	11.6	11.6	52.5	0.45	0.34	0.08	1	0.24	10.6	11	100	98	79	100	98	98	3.67	4.12	4.12
241003	2	8	10.8	1	11	10.5	10.5	45.4	0.47	0.24	0.26	3	0.92	10.4	10	79	98	83	100	98	98	5.05	5.07	5.07
241003	2	9	10.4	1	7	11.1	11.1	45.0	0.57	0.36	0.25	2	0.90	10.4	3	74	79	68	100	98	92	6.99	6.97	6.96
241003	2	10	10.2	1	11	10.9	10.9	46.2	0.39	0.21	0.27	3	1.32	10.6	2	88	98	79	100	98	98	4.30	4.46	4.67
241003	3	1	10.7	1	11	10.4	10.4	46.9	0.33	0.21	0.20	3	0.89	10.4	3	92	98	68	100	98	98	3.72	3.75	3.75
241003	3	2	10.3	1	12	10.8	10.8	47.7	0.26	0.23	0.35	3	1.52	10.6	11	100	98	98	100	98	98	3.13	3.62	3.65
241003	3	3	10.8	1	8	10.0	10.0	58.5	0.68	0.32	0.23	3	0.83	10.2	1	58	79	56	100	98	98	3.38	3.98	3.36
241003	3	4	10.1	0	1	10.8	10.8	53.5	0.46	0.20	0.14	1	0.71	10.5	12	100	98	77	100	98	98	3.52	5.25	5.36
241003	3	5	10.4	1	11	9.1	9.1	42.3	0.26	0.28	0.25	3	1.16	10.0	12	48	98	95	100	98	98	3.62	4.09	3.78
241003	3	6	10.2	1	9	8.9	8.9	47.2	0.38	0.27	0.38	1	2.77	10.3	12	79	97	50	100	98	98	2.94	3.35	2.92
241003	3	7	10.3	1	1	11.4	11.4	50.2	0.46	0.16	0.24	3	0.97	10.2	12	62	98	86	100	98	98	2.75	3.00	2.98
241003	3	8	10.5	1	1	9.7	9.7	45.7	0.25	0.21	0.22	1	1.16	10.8	3	100	98	98	100	98	98	4.61	4.61	4.93
241003	3	9	10.1	0	2	10.9	10.9	49.7	0.30	0.18	0.28	2	1.06	10.4	2	91	98	98	100	98	98	4.83	5.42	5.43
241003	3	10	9.9	0	1	11.6	11.6	43.9	0.25	0.36	0.45	3	1.70	10.3	2	71	98	86	100	98	98	4.61	5.10	5.26
241003	4	1	10.2	1	6	9.8	9.8	1.00	0.37	0.35	0.13	1	0.44	10.6	3	95	98	50	100	98	98	4.80	4.61	4.07
241003	4	2	10.4	1	9	9.9	9.9	40.3	0.43	0.21	0.24	2	1.23	10.6	11	100	98	86	100	98	98	5.22	5.47	5.24
241003	4	3	10.7	1	4	8.4	8.4	44.7	0.27	0.18	0.23	2	1.46	10.5	3	100	98	98	100	98	98	3.08	3.08	3.04
241003	4	4	10.1	0	1	11.9	11.9	43.3	0.32	0.22	0.27	3	1.42	10.4	1	91	98	98	100	98	98	5.04	5.58	5.62
241003	4	5	10.7	1	8	11.3	24.5	1.22	0.35	0.26	0.26	1	1.01	10.7	3	100	98	98	100	98	98	4.21	4.23	4.20
241003	4	6	9.8	0	11	8.9	20.1	1.12	0.36	0.40	0.33	1	1.02	10.1	1	45	95	59	100	98	98	4.30	4.61	4.62
241003	4	7	9.7	0	12	9.8	22.6	1.45	0.51	0.28	0.29	2	1.19	9.7	1	27	98	53	97	98	98	5.52	5.83	6.33
241003	4	8	9.4	0	2	14.3	14.3	46.3	0.62	0.46	0.32	1	1.58	10.2	12	58	80	23	100	98	73	6.29	7.17	6.09
241003	4	9	10.2	1	9	9.2	21.9	2.19	0.51	0.40	0.34	2	1.18	10.8	1	97	91	47	100	98	98	3.18	3.21	3.12
241003	4	10	10.0	0	10	9.8	9.8	38.5	0.66	0.26	0.17	3	0.50	10.1	1	48	83	44	100	98	85	4.12	4.21	4.21
241003	5	1	10.3	1	3	8.8	8.8	36.0	0.15	0.22	0.18	3	1.14	10.0	2	55	98	92	100	98	98	5.03	5.22	5.04
241003	5	2	10.5	1	3	7.8	7.8	27.3	0.35	0.37	0.21	3	0.89	10.5	12	88	98	74	100	98	98	2.29	3.15	2.46
241003	5	3	9.9	0	1	9.3	9.3	36.5	0.43	0.27	0.28	3	1.04	10.0	1	42	98	98	100	98	98	3.73	4.11	4.11
241003	5	4	10.1	0	3	9.8	9.8	1.04	0.36	0.39	0.19	3	0.85	10.2	12	70	98	47	100	98	98	2.62	2.98	2.67
241003	5	5	10.8	1	1	7.9	7.9	34.8	0.37	0.20	0.42	3	1.74	10.7	12	100	98	98	100	98	98	3.23	3.25	3.24
241003	5	6	10.3	1	9	7.0	7.0	34.7	0.30	0.22	0.32	3	1.34	10.4	1	100	98	23	100	98	98	3.77	3.92	3.75
241003	5	7	10.7	1	1	9.4	9.4	43.9	0.52	0.24	0.16	2	0.54	10.4	12	76	94	89	100	98	98	4.91	5.67	5.24
241003	5	8	9.4	0	10	10.8	10.8	45.2	0.44	0.27	0.35	1	1.56	10.3	11	85	95	44	100	98	98	5.07	5.17	5.12
241003	5	9	10.1	0	1	8.1	30.1	1.26	0.24	0.48	0.20	1	0.73	10.2	2	65	95	91	100	98	98	2.70	2.71	2.77
241003	5	10	10.6	1	12	12.2	12.2	42.8	0.40	0.35	0.16	3	0.59	10.6	9	92	98	74	100	98	98	6.32	6.33	6.55
241003	6	1	10.4	1	10	10.2	10.2	43.4	0.41	0.29	0.28	3	1.46	10.4	1	76	98	64	100	98	98	5.66	5.73	5.68
241003	6	2	10.1	0	4	10.4	10.4	42.3	0.30	0.39	0.27	3	1.35	10.5	1	86	98	38	100	98	98	5.28	5.31	4.80
241003	6	3	10.2	1	12	14.2	14.2	46.5	0.22	0.27	0.06	2	0.31	10.3	1	100	98	98	100	98	98	11.47	11.58	11.79
241003	6	4	10.4	1	8	10.8	10.8	41.6	0.55	0.35	0.21	2	0.91	10.5	4	85	95	42	100	98	98	6.15	6.13	5.96
241003	6	5	10.3	1	2	9.3	9.3	46.8	0.28	0.34	0.21	1	0.94	10.9	9	100	98	68	100	98	98	5.85	5.85	5.89
241003	6	6	10.6	1	11	10.9	10.9	40.3	0.38	0.28	0.14	3	0.50	10.4	9	85	98	79	100	98	98	9.02	8.94	9.04
241003	6	7	9.2	0	9	11.5	11.5	40.8	0.93	0.16	0.19	1	0.45	10.6	11	62	62	26	100	98	64	7.62	8.38	1.49
241003	6	8	9.4	0	3	8.6	8.6	46.8	0.48	0.23	0.31	1	1.16	10.1	4	47	98	73	100	98	98	5.82	5.80	5.80
241003	6	9	10.0	0	3	7.5	28.8	1.25	0.34	0.30	0.25	1	0.84	10.6	3	94	98	80	100	98	98	2.64	2.64	2.61
241003	6	10	10.3	1	9	9.1	9.1	28.6	0.54	0.49	0.29	2	1.14	10.2	1	55	88	33	100	98	89	6.39	6.43	6.39
241003	7	1	10.3	1	11	16.3	16.3	13.14	0.44	0.38	0.24	1	0.71	10.5	12	89	94	86	100	98	98	7.44	7.93	7.96
241003	7	2	10.9	1	1	10.7	10.8	35.8	0.27	0.30	0.24	3	1.17	10.5	12	95	98	94	100	98	98	3.45	4.54	3.45
241003	7	3	10.6	1	9	10.2	10.2	37.7	0.61	0.19	0.22	1	0.85	10.8	12	88	88	85	100	98	98	4.26	4.28	4.26
241003	7	4	10.1	0	4	7.8	7.8	28.9	0.42	0.17	0.16	1	0.53	10.2	5	76	98	98	100	98	98	3.23	3.03	3.00
241003	7	5	10.5	1	4	10.9	34.7	1.29	0.26	0.22	0.12	3	0.49	10.6	4	100	98	98	100	98	98	5.78	5.76	5.75
241003	7	6	10.4	1	10	13.8	13.8	41.1	0.41	0.38	0.20	2	0.97	10.6	3	92	98	44	100	98	98	10.72	10.57	10.76
241003	7	7	10.5	1	9	8.1	8.1	28.2	0.35	0.27	0.20	2	0.88	10.8	8	100	98	95	100	98	98	3.09	3.08	3.08
241003	7	8	10.6	1	3	10.8	21.6	57.3	0.40	0.25	0.30	2	1.20	10.6	4	95	98	98	100	98	98	6.38	5.83	6.01
241003	7	9	10.5	1	4	10.9	21.1	1.04	0.49	0.24	0.35	2	1.39	10.7	7	92	92	83	100	98	98	6.97	6.76	6.78
241003	7	10	10.8	1	8	9.3	9.3	33.2	0.50	0.18	0.17	1	0.73	10.9	9	100	95	94	100	98	98	6.53	6.53	6.51
