Kasper K.	Ilmakiv‰‰ri	Pysty
Date	Series	Shot	Hit	X ring	Sector	On	Total	Int.(s)			Trigger			COG		Fine %			Rough %			Hold time (s)
						target	time 		dev X	dev Y	ATV	TIRE	RTV	Hit	Sector	Target	COG	Hit	Target	COG	Hit	Target	COG	Hit
240228	1	1	10.9	1	7	7.5	7.5	0.0	0.45	0.28	0.17	3	0.63	10.7	1	88	98	80	100	98	98	5.04	5.14	5.03
240228	1	2	10.3	1	4	7.6	7.6	38.8	0.18	0.26	0.22	3	0.91	10.8	12	100	98	91	100	98	98	4.58	4.61	4.47
240228	1	3	9.9	0	9	10.3	10.3	40.3	0.30	0.21	0.25	3	1.14	10.2	10	68	98	98	100	98	98	8.16	8.16	8.10
240228	1	4	10.4	1	12	10.2	10.2	52.0	0.32	0.20	0.35	1	0.94	10.2	1	79	98	95	100	98	98	8.27	8.40	8.36
240228	1	5	10.4	1	10	10.8	10.8	44.1	0.43	0.21	0.22	3	0.84	10.1	11	67	98	95	100	98	98	8.55	8.61	8.58
240228	1	6	10.1	0	3	10.6	10.6	44.8	0.42	0.22	0.10	1	0.29	10.6	2	100	92	83	100	98	98	7.93	7.96	7.95
240228	1	7	9.9	0	10	9.8	9.8	42.9	0.42	0.42	0.50	3	1.87	10.3	11	67	94	79	100	98	98	7.96	8.05	8.00
240228	1	8	10.9	1	8	9.6	9.6	43.8	0.52	0.17	0.26	3	0.99	10.4	2	83	98	73	100	98	98	7.07	7.11	7.07
240228	1	9	10.4	1	10	8.6	8.6	40.0	0.71	0.28	0.18	1	0.56	10.5	2	82	76	48	100	98	89	5.03	5.04	5.03
240228	1	10	10.2	1	9	10.4	10.4	42.7	0.40	0.28	0.34	1	1.07	10.7	12	100	98	71	100	98	98	8.28	8.56	8.28
240228	2	1	10.2	1	2	8.7	8.7	44.2	0.43	0.21	0.29	1	1.23	10.7	2	91	98	88	100	98	98	6.25	6.30	6.63
240228	2	2	10.8	1	2	8.1	8.1	38.8	0.37	0.22	0.28	2	1.34	10.6	1	100	98	98	100	98	98	5.00	5.14	5.14
240228	2	3	9.8	0	3	9.5	9.5	42.8	0.75	0.19	0.39	1	1.38	10.9	11	76	74	33	100	98	82	6.54	6.54	6.55
240228	2	4	10.8	1	11	9.0	9.0	43.2	0.40	0.33	0.14	3	0.43	10.6	1	92	98	94	100	98	98	6.41	6.45	6.42
240228	2	5	10.8	1	12	9.1	9.1	41.0	0.32	0.32	0.21	1	0.66	10.7	10	100	98	98	100	98	98	5.67	5.68	5.68
240228	2	6	9.6	0	2	10.4	10.4	41.7	0.46	0.23	0.45	2	1.26	10.4	12	86	94	20	100	98	98	8.28	8.34	8.31
240228	2	7	10.6	1	1	10.0	20.3	1.16	0.49	0.31	0.22	2	0.65	10.0	2	58	92	68	94	98	98	7.63	7.72	7.70
240228	2	8	9.8	0	2	7.1	7.1	1.21	0.73	0.17	0.62	3	1.46	10.2	2	65	70	74	100	98	98	4.53	4.59	4.65
240228	2	9	10.4	1	6	9.6	16.0	1.00	0.37	0.24	0.31	2	1.24	10.7	10	95	98	76	100	98	98	7.92	7.96	7.88
240228	2	10	10.5	1	11	10.2	10.2	43.2	0.38	0.21	0.31	3	1.53	10.5	2	95	98	68	100	98	98	8.10	8.31	8.32
240228	3	1	9.6	0	3	9.6	9.6	44.2	0.44	0.27	0.27	1	1.07	10.2	2	64	98	59	100	98	98	6.71	6.75	6.72
240228	3	2	10.6	1	9	8.6	8.6	36.8	0.55	0.22	0.31	2	0.95	10.6	1	88	92	68	100	98	98	6.34	6.38	6.21
240228	3	3	10.3	1	11	9.4	9.4	43.3	0.57	0.37	0.20	2	0.51	10.6	1	82	85	65	100	98	98	6.87	6.88	6.97
240228	3	4	9.7	0	3	10.3	10.3	46.3	0.32	0.23	0.39	1	1.67	10.3	2	79	98	85	100	98	98	8.31	8.31	8.28
240228	3	5	10.5	1	6	9.7	9.7	1.39	0.30	0.34	0.41	3	1.80	10.4	3	91	98	80	100	98	98	8.82	8.76	8.71
240228	3	6	10.3	1	8	10.9	18.2	1.18	0.43	0.27	0.33	3	1.07	10.8	8	100	98	82	100	98	98	8.00	7.96	7.92
240228	3	7	9.6	0	2	10.6	10.6	46.1	0.47	0.27	0.26	1	1.41	10.7	1	95	94	27	100	98	92	8.37	8.41	8.49
240228	3	8	10.2	1	8	8.7	8.7	41.5	0.42	0.35	0.48	3	1.42	10.6	4	88	92	48	100	98	98	6.18	6.08	6.08
240228	3	9	10.1	0	3	12.1	12.1	48.1	0.42	0.25	0.23	1	0.70	10.3	2	82	98	86	100	98	98	11.32	11.37	11.34
240228	3	10	10.5	1	11	10.8	12.7	58.5	0.52	0.27	0.23	3	0.78	10.6	1	94	95	94	100	98	98	9.00	9.04	9.15
240228	4	1	10.3	1	4	8.4	8.4	45.5	0.25	0.15	0.28	2	1.37	10.5	3	100	98	98	100	98	98	5.61	5.58	5.54
240228	4	2	9.1	0	2	9.6	9.6	40.9	0.48	0.35	0.45	1	1.69	10.6	3	89	95	5	100	98	71	8.03	8.03	7.56
240228	4	3	10.5	1	6	11.4	11.4	49.7	0.38	0.13	0.18	2	0.81	10.5	3	89	98	86	100	98	98	10.34	10.34	10.29
240228	4	4	10.3	1	2	8.5	8.5	35.7	0.45	0.31	0.31	1	1.01	10.5	12	86	98	94	100	98	98	5.78	5.96	5.96
240228	4	5	10.2	1	2	8.3	8.3	29.2	0.45	0.16	0.34	1	2.24	10.8	1	98	98	73	100	98	98	4.51	4.51	4.59
240228	4	6	10.4	1	6	7.6	7.6	36.5	0.32	0.38	0.23	2	0.62	10.9	1	100	98	80	100	98	98	4.16	4.17	4.12
240228	4	7	10.6	1	5	11.5	11.5	40.9	0.51	0.59	0.32	2	0.90	10.8	10	73	82	71	100	98	98	10.17	10.19	10.14
240228	4	8	10.2	1	3	8.0	8.0	44.4	0.50	0.31	0.30	1	0.83	10.0	3	48	98	91	100	98	98	5.64	5.62	5.66
240228	4	9	10.5	1	2	8.0	8.0	35.0	0.22	0.22	0.16	1	0.78	10.5	1	97	98	98	100	98	98	5.40	5.47	5.43
240228	4	10	10.9	1	1	9.2	9.2	36.2	0.31	0.19	0.10	1	0.48	10.7	2	100	98	98	100	98	98	7.33	7.37	7.33
