Kasper K.	Ilmakiv‰‰ri	Pysty
Date	Series	Shot	Hit	X ring	Sector	On	Total	Int.(s)			Trigger			COG		Fine %			Rough %			Hold time (s)
						target	time 		dev X	dev Y	ATV	TIRE	RTV	Hit	Sector	Target	COG	Hit	Target	COG	Hit	Target	COG	Hit
240113	1	1	9.2	0	2	8.8	8.8	0.0	0.56	0.38	0.26	1	0.76	9.9	1	35	83	39	100	98	97	4.79	5.01	4.98
240113	1	2	10.7	1	12	8.2	20.4	1.25	0.34	0.22	0.36	2	1.27	10.4	2	91	98	92	100	98	98	5.21	5.47	5.47
240113	1	3	9.3	0	3	8.7	8.7	49.7	0.52	0.16	0.51	3	2.32	10.1	1	56	95	39	100	98	98	4.12	4.21	4.02
240113	1	4	9.7	0	2	8.2	8.2	55.0	0.33	0.29	0.31	1	1.40	10.1	2	71	98	94	100	98	98	3.51	3.52	3.52
240113	1	5	10.4	1	10	8.9	8.9	1.06	0.62	0.36	0.28	3	1.09	9.9	1	55	88	45	91	98	68	4.58	4.59	4.92
240113	1	6	10.7	1	5	8.4	8.4	44.9	0.50	0.16	0.30	3	1.23	10.2	2	58	95	64	100	98	98	5.61	5.67	5.47
240113	1	7	10.2	1	10	9.9	9.9	48.5	0.78	0.15	0.34	3	0.91	10.4	11	59	77	67	100	98	98	7.09	7.25	7.25
240113	1	8	9.5	0	12	8.0	8.0	46.7	0.50	0.30	0.25	3	1.16	9.1	1	0	91	42	67	98	98	2.13	2.73	2.87
240113	1	9	10.2	1	1	7.9	7.9	46.3	0.39	0.20	0.23	3	0.94	9.8	2	26	98	74	100	98	98	4.32	4.46	4.59
240113	1	10	10.3	1	10	8.7	8.7	51.6	0.57	0.15	0.17	3	0.59	10.3	1	65	86	44	100	98	95	4.58	5.25	4.56
240113	2	1	10.6	1	4	9.3	9.3	47.7	0.55	0.34	0.26	3	1.12	9.9	2	41	89	39	100	98	98	5.00	5.13	4.96
240113	2	2	10.4	1	1	8.4	15.8	1.19	0.38	0.25	0.28	1	0.91	10.2	12	68	98	94	100	98	98	3.62	4.21	3.88
240113	2	3	10.0	0	2	8.5	8.5	44.8	0.42	0.24	0.28	3	1.21	9.9	1	52	98	94	98	98	98	3.63	3.63	3.60
240113	2	4	9.4	0	2	6.8	6.8	41.3	0.55	0.35	0.41	1	1.11	9.9	2	42	86	71	97	98	98	2.83	3.30	3.17
240113	2	5	10.0	0	2	9.9	20.7	1.50	0.45	0.23	0.12	2	0.30	10.1	12	70	98	68	100	98	98	5.17	5.42	5.42
240113	2	6	9.1	0	2	9.2	9.2	50.1	0.57	0.20	0.42	1	1.44	10.2	2	68	94	38	100	98	95	5.12	5.89	5.82
240113	2	7	9.7	0	12	7.6	7.6	1.11	0.42	0.26	0.40	2	1.30	9.7	12	20	98	73	100	98	98	2.40	2.58	2.58
240113	2	8	8.9	0	3	7.8	7.8	48.1	0.42	0.49	0.74	1	4.01	10.0	2	50	88	9	97	98	98	4.51	4.59	4.11
240113	2	9	10.4	1	1	8.2	8.2	1.53	0.19	0.32	0.24	3	1.30	10.2	1	77	98	98	100	98	98	3.08	3.57	3.35
240113	2	10	9.7	0	10	11.1	11.1	49.0	0.32	0.21	0.34	2	1.46	10.3	1	92	98	30	100	98	98	7.74	7.79	7.80
240113	3	1	10.6	1	6	9.7	9.7	59.5	0.56	0.29	0.36	2	1.56	10.5	2	83	85	58	100	98	98	4.93	4.93	4.63
240113	3	2	10.7	1	1	9.8	9.8	1.13	0.30	0.18	0.41	3	1.56	10.2	2	73	98	91	100	98	98	7.16	7.20	7.17
240113	3	3	10.7	1	5	10.2	10.2	47.0	0.36	0.23	0.23	2	1.19	10.7	3	100	98	98	100	98	98	7.49	7.50	7.37
240113	3	4	10.7	1	9	12.8	12.8	1.01	0.55	0.27	0.54	3	1.57	10.6	3	80	94	64	100	98	98	10.08	10.10	10.06
240113	3	5	9.5	0	3	9.7	9.7	49.2	0.50	0.13	0.42	2	1.56	9.4	3	18	95	97	80	98	98	5.54	6.12	6.12
240113	3	6	9.1	0	3	11.0	11.0	1.03	0.46	0.30	0.41	1	1.08	9.7	3	27	98	76	95	98	98	8.05	8.04	8.03
240113	3	7	9.6	0	2	10.8	23.6	1.33	0.33	0.20	0.37	2	2.01	10.4	1	80	98	56	100	98	98	4.74	4.80	4.96
240113	3	8	9.2	0	3	9.1	9.1	1.13	0.42	0.21	0.24	1	1.17	10.1	2	56	98	61	100	98	98	5.12	5.22	5.13
240113	3	9	9.6	0	2	9.3	9.3	3.40	0.47	0.19	0.18	1	0.72	9.9	1	24	91	77	100	98	98	5.83	6.21	6.15
240113	3	10	10.5	1	4	11.4	11.4	1.17	0.52	0.16	0.31	2	0.90	10.7	12	100	98	77	100	98	98	7.92	8.21	7.92
240113	4	1	10.5	1	2	10.4	10.4	1.12	0.44	0.17	0.12	3	0.53	10.2	2	67	98	91	100	98	98	5.92	6.04	6.01
240113	4	2	9.9	0	11	10.9	10.9	52.7	1.01	0.33	0.89	3	1.59	9.4	2	24	67	11	65	92	47	8.62	8.56	8.97
240113	4	3	10.7	1	7	8.3	8.3	1.05	0.59	0.17	0.21	1	0.70	10.4	9	76	88	79	100	98	98	5.34	5.31	5.29
240113	4	4	9.7	0	2	10.5	10.5	44.0	0.55	0.32	0.20	1	1.18	9.8	1	52	86	67	85	98	98	7.29	7.67	7.37
240113	4	5	10.8	1	7	9.9	9.9	40.6	0.82	0.21	0.41	3	1.16	10.1	2	59	65	58	92	98	80	7.30	7.65	7.16
240113	4	6	10.1	0	1	9.0	9.0	1.01	0.73	0.11	0.30	1	0.88	10.2	12	61	71	70	100	98	98	5.08	5.26	5.64
240113	4	7	10.3	1	12	10.3	10.3	44.3	0.41	0.21	0.16	3	0.55	10.2	1	73	98	80	100	98	98	7.47	7.59	7.59
240113	4	8	10.0	0	3	9.6	9.6	45.3	0.54	0.29	0.22	1	0.64	10.5	1	79	95	59	100	98	98	6.64	6.75	5.64
240113	4	9	10.2	1	12	9.8	23.2	1.25	0.59	0.25	0.16	1	0.67	10.5	1	77	92	76	100	98	98	5.85	5.97	6.09
240113	4	10	8.9	0	3	9.9	21.4	1.28	0.71	0.33	0.65	1	2.40	10.2	2	67	80	15	92	98	58	7.02	7.14	4.63
240113	5	1	9.8	0	3	10.8	22.2	2.21	0.36	0.16	0.43	1	1.33	10.6	2	92	98	67	100	98	98	7.09	7.09	6.86
240113	5	2	10.4	1	9	9.6	9.6	1.03	0.41	0.30	0.31	3	0.92	10.5	12	92	98	68	100	98	98	5.19	5.22	5.14
240113	5	3	10.7	1	3	10.8	10.8	51.9	0.26	0.20	0.36	2	1.68	10.5	9	100	98	82	100	98	98	8.73	8.73	8.73
240113	5	4	10.7	1	6	7.4	7.4	1.53	0.51	0.14	0.14	3	0.62	10.0	8	41	97	47	100	98	98	3.72	2.19	3.56
240113	5	5	10.5	1	10	11.9	11.9	46.3	0.55	0.31	0.18	2	0.51	10.5	12	80	86	83	100	98	98	9.30	9.45	9.42
240113	5	6	10.5	1	9	10.7	10.7	46.1	0.35	0.17	0.53	1	1.75	10.4	1	92	98	65	100	98	98	7.92	7.95	7.95
240113	5	7	10.4	1	12	7.4	7.4	45.3	0.30	0.21	0.36	1	1.87	10.3	1	94	98	98	100	98	98	4.30	4.49	4.47
240113	5	8	10.4	1	3	9.8	9.8	1.16	0.35	0.21	0.21	1	0.76	10.7	1	100	98	91	100	98	98	6.33	6.57	6.34
240113	5	9	8.9	0	3	10.3	10.3	46.4	0.67	0.21	0.63	1	2.11	10.2	2	64	85	29	100	98	85	6.39	6.39	5.82
240113	5	10	9.2	0	3	9.1	9.1	1.08	0.83	0.15	0.16	1	0.44	10.2	3	52	67	50	100	98	83	6.71	6.72	6.76
240113	6	1	10.1	0	8	9.5	9.5	58.5	0.34	0.17	0.09	3	0.35	10.2	8	71	98	98	100	98	98	5.73	5.68	5.45
240113	6	2	10.7	1	2	9.9	9.9	41.0	0.31	0.28	0.25	1	1.10	10.5	3	95	98	98	100	98	98	7.18	7.23	7.21
240113	6	3	10.2	1	8	9.2	9.2	42.6	0.38	0.14	0.31	3	1.42	10.5	4	100	97	35	100	98	98	6.12	6.06	5.68
240113	6	4	10.3	1	10	8.1	10.3	35.9	0.40	0.21	0.20	1	0.71	10.8	7	100	98	80	100	98	98	6.58	6.57	6.64
240113	6	5	10.7	1	3	9.9	9.9	46.3	0.76	0.24	0.32	2	0.72	10.9	12	73	71	74	100	98	98	6.51	6.51	6.53
240113	6	6	10.4	1	9	10.4	10.4	44.0	0.66	0.22	0.37	3	1.39	10.2	10	58	88	79	100	98	98	7.77	7.80	7.77
240113	6	7	10.3	1	2	8.6	18.4	1.23	0.24	0.18	0.11	1	0.76	10.4	1	100	98	98	100	98	98	5.10	5.24	5.22
240113	6	8	9.9	0	2	8.8	8.8	39.2	0.46	0.26	0.18	2	0.84	9.7	2	36	92	85	86	98	98	6.27	6.64	5.57
240113	6	9	10.7	1	1	9.3	9.3	52.1	0.36	0.27	0.48	3	1.73	9.8	2	18	98	45	100	98	98	4.72	4.96	4.91
240113	6	10	9.3	0	2	9.8	9.8	45.4	0.32	0.23	0.40	3	1.51	9.9	2	35	98	73	100	98	98	6.93	7.58	7.58
