Marko	Ilmakiv‰‰ri
Date	Series	Shot	Hit	X ring	Sector	On	Total	Int.(s)			Trigger			COG		Fine %			Rough %			Hold time (s)
						target	time 		dev X	dev Y	ATV	TIRE	RTV	Hit	Sector	Target	COG	Hit	Target	COG	Hit	Target	COG	Hit
251004	1	1	10.1	0	11	10.7	10.7	0.0	0.39	0.25	0.22	3	0.87	9.8	1	24	98	65	100	98	98	3.08	3.60	3.35
251004	1	2	10.7	1	12	9.9	9.9	41.3	0.19	0.28	0.12	3	0.54	10.2	12	77	98	94	100	98	98	2.73	2.98	2.92
251004	1	3	10.2	1	2	11.1	11.1	37.1	0.25	0.49	0.31	3	1.28	9.4	12	18	95	23	79	98	98	1.95	3.38	2.12
251004	1	4	10.6	1	2	11.8	11.8	33.3	0.25	0.44	0.25	3	0.82	9.6	1	20	98	47	100	98	98	3.96	4.75	4.12
251004	1	5	10.2	1	2	11.8	11.8	38.7	0.44	0.32	0.27	3	1.45	9.8	12	32	94	76	100	98	98	4.67	5.17	4.88
251004	1	6	10.2	1	1	10.3	10.3	35.5	0.35	0.28	0.35	2	1.52	10.1	12	68	98	89	100	98	98	3.19	3.38	3.35
251004	1	7	10.3	1	4	13.6	13.6	42.3	0.37	0.34	0.37	3	1.16	10.3	1	71	98	42	100	98	98	6.57	6.60	6.54
251004	1	8	10.4	1	11	13.2	13.2	42.6	0.27	0.26	0.30	3	1.53	9.8	12	24	98	88	100	98	98	4.44	5.12	4.72
251004	1	9	10.2	1	12	12.0	12.0	37.6	0.24	0.27	0.25	3	1.09	9.7	12	17	98	98	100	98	98	2.83	4.00	3.24
251004	1	10	10.4	1	11	11.2	11.2	34.4	0.32	0.36	0.13	3	0.58	9.8	12	36	98	68	100	98	98	3.39	4.14	3.54
251004	2	1	9.9	0	11	10.9	10.9	36.1	0.30	0.28	0.16	2	0.65	10.2	12	71	98	98	100	98	98	4.71	5.33	5.37
251004	2	2	10.6	1	8	12.8	12.8	39.0	0.31	0.45	0.51	3	2.21	10.2	1	65	89	30	100	98	98	5.66	6.17	5.62
251004	2	3	10.6	1	7	13.1	13.1	38.8	0.26	0.52	0.35	3	1.50	9.9	11	41	94	29	100	98	98	5.01	5.58	4.84
251004	2	4	10.4	1	9	12.2	12.2	35.3	0.35	0.58	0.31	3	0.96	9.7	11	26	82	29	94	98	94	4.58	5.61	4.58
251004	2	5	10.1	0	11	13.2	13.2	38.8	0.17	0.18	0.13	1	0.97	10.1	11	77	98	98	100	98	98	6.25	6.32	6.32
251004	2	6	10.7	1	3	14.1	14.1	40.2	0.36	0.35	0.21	1	0.68	10.2	12	77	98	73	100	98	98	5.08	5.31	5.08
251004	2	7	10.4	1	9	14.8	27.3	1.31	0.51	0.39	0.29	3	1.05	10.3	12	70	91	39	100	98	98	6.36	6.84	6.36
251004	2	8	10.4	1	10	11.6	11.6	36.2	0.25	0.29	0.21	3	0.97	10.3	12	74	98	94	100	98	98	4.17	5.19	4.38
251004	2	9	10.5	1	11	12.8	12.8	37.4	0.39	0.22	0.21	2	0.71	10.3	12	91	98	98	100	98	98	5.88	6.42	6.41
251004	2	10	10.9	1	5	11.8	11.8	34.8	0.28	0.33	0.24	3	1.56	10.4	11	91	98	79	100	98	98	3.96	4.05	3.96
251004	3	1	10.7	1	8	9.8	9.8	33.0	0.36	0.35	0.28	3	1.01	10.1	11	61	98	44	100	98	98	2.50	3.10	2.49
251004	3	2	10.5	1	1	11.3	11.3	33.4	0.28	0.27	0.19	3	0.90	9.7	12	23	98	44	100	98	98	3.00	3.66	3.02
251004	3	3	10.7	1	10	11.4	11.4	35.3	0.37	0.32	0.23	3	0.93	9.7	1	21	98	36	100	98	98	4.32	4.96	4.39
251004	3	4	10.3	1	10	11.7	11.7	33.5	0.32	0.50	0.28	3	1.64	9.3	12	11	94	33	64	98	94	3.78	5.45	4.32
251004	3	5	10.3	1	12	14.2	14.2	40.0	0.34	0.38	0.42	3	1.48	9.8	11	26	98	91	100	98	98	6.03	7.09	6.60
251004	3	6	10.4	1	12	15.8	15.8	41.6	0.36	0.19	0.21	3	1.09	9.9	12	26	98	94	100	98	98	7.25	8.05	7.72
251004	3	7	10.0	0	9	12.1	12.1	37.5	0.39	0.26	0.34	3	1.06	10.4	11	89	98	67	100	98	98	6.72	6.99	6.78
251004	3	8	10.8	1	1	11.5	26.9	1.29	0.47	0.35	0.34	3	1.00	10.1	12	52	95	58	100	98	98	3.85	4.61	3.87
251004	3	9	10.6	1	11	11.5	11.5	34.6	0.37	0.46	0.25	3	0.73	10.1	11	50	98	77	100	98	98	3.92	4.58	4.07
251004	3	10	10.5	1	10	12.0	12.0	36.3	0.22	0.46	0.15	3	0.88	10.0	12	52	98	70	100	98	98	3.03	3.33	3.06
251004	4	1	10.3	1	9	13.3	13.3	46.0	0.26	0.45	0.24	3	1.21	10.1	11	47	98	47	100	98	98	3.33	3.75	3.25
251004	4	2	10.3	1	10	11.5	11.5	38.4	0.24	0.39	0.19	3	0.84	9.7	11	17	98	64	100	98	98	2.61	4.26	3.69
251004	4	3	9.9	0	11	10.5	11.0	34.0	0.38	0.25	0.20	2	0.82	9.6	12	5	98	74	100	98	98	3.51	4.02	4.00
251004	4	4	10.5	1	9	11.4	11.4	40.0	0.36	0.33	0.22	3	1.21	10.0	12	48	98	52	100	98	98	3.17	3.99	3.17
251004	4	5	10.1	0	9	10.9	10.9	32.6	0.55	0.57	0.12	3	0.38	9.8	12	30	79	29	100	98	74	3.13	4.25	3.15
251004	4	6	10.4	1	3	10.0	10.0	37.0	0.41	0.20	0.26	3	1.14	10.2	2	64	98	98	100	98	98	4.56	4.56	4.53
251004	4	7	10.4	1	10	12.5	12.5	35.7	0.43	0.33	0.37	3	1.37	9.8	12	14	98	26	100	98	98	2.85	3.18	3.03
251004	4	8	10.2	1	11	11.5	11.5	33.9	0.26	0.40	0.22	3	0.83	9.6	1	33	98	56	95	98	98	5.12	5.76	5.64
251004	4	9	10.5	1	11	10.6	10.6	33.4	0.41	0.33	0.17	3	0.59	9.7	12	27	98	48	100	98	98	3.42	3.98	3.48
251004	4	10	10.6	1	9	12.1	12.1	36.5	0.27	0.39	0.30	3	1.54	10.2	12	71	98	61	100	98	98	4.39	4.72	4.51
