Kasper K.	Pienoiskiv‰‰ri	Makuu
Date	Series	Shot	Hit	X ring	Sector	On	Total	Int.(s)			Trigger			COG		Fine %			Rough %			Hold time (s)
						target	time 		dev X	dev Y	ATV	TIRE	RTV	Hit	Sector	Target	COG	Hit	Target	COG	Hit	Target	COG	Hit
240504	1	1	9.8	0	4	8.0	8.0	0.0	0.32	0.24	0.30	1	0.93	10.0	4	47	98	98	100	98	98	6.79	6.86	6.79
240504	1	2	10.0	0	3	7.5	8.2	34.7	0.36	0.35	0.43	3	0.86	9.7	3	20	94	94	98	98	98	3.94	3.98	3.94
240504	1	3	9.4	0	3	10.4	10.4	38.3	0.34	0.47	0.27	3	0.54	9.5	3	8	92	91	88	98	98	4.96	4.96	4.91
240504	1	4	9.5	0	4	9.7	9.7	34.5	0.38	0.28	0.29	3	0.56	9.8	4	30	95	92	100	98	98	3.81	3.83	3.83
240504	1	5	9.8	0	5	9.7	9.7	39.1	0.34	0.31	0.26	1	0.59	9.8	4	23	97	94	100	98	98	4.59	4.61	4.80
240504	1	6	10.6	1	10	7.2	8.1	30.7	
240504	1	7	9.3	0	5	9.2	9.6	42.1	0.41	0.41	0.60	1	1.32	9.8	5	24	92	80	100	98	98	4.14	4.39	4.56
240504	1	8	9.7	0	3	3.1	10.7	6.58	0.41	0.35	0.44	2	1.11	9.6	4	12	92	94	95	98	98	3.10	3.10	3.10
240504	1	9	8.9	0	3	7.2	15.6	1.03	0.39	0.37	0.37	1	0.72	8.9	3	0	98	92	38	98	98	7.25	7.28	7.33
240504	1	10	9.7	0	2	7.0	8.1	40.6	0.42	0.50	0.40	2	0.93	9.1	3	2	88	36	50	98	92	2.82	2.60	2.58
240504	2	1	8.9	0	3	3.1	8.4	4.07	0.39	0.35	0.40	2	0.75	9.3	3	9	95	77	83	98	98	3.13	3.10	2.97
240504	2	2	9.4	0	4	13.8	16.1	35.3	0.37	0.32	0.26	2	0.55	9.8	4	29	95	91	100	98	98	11.40	11.31	10.02
240504	2	3	9.1	0	3	11.4	12.3	1.11	0.40	0.43	0.45	1	0.92	9.0	3	0	91	89	45	98	98	8.89	8.79	8.80
240504	2	4	9.1	0	3	7.2	10.8	37.6	0.39	0.62	0.57	2	1.09	9.1	4	5	83	85	50	98	98	7.23	5.91	5.91
240504	2	5	9.6	0	3	10.4	11.4	30.52	0.29	0.40	0.43	3	1.04	9.6	3	8	95	95	97	98	98	2.85	2.85	2.85
240504	2	6	9.2	0	3	12.6	12.8	39.6	0.36	0.33	0.29	1	0.62	9.8	2	21	92	86	97	98	98	4.04	3.92	3.96
240504	2	7	9.7	0	9	8.7	10.7	1.38	0.36	0.49	0.54	2	1.15	10.5	8	86	92	42	100	98	98	3.12	3.23	3.18
240504	2	8	9.1	0	11	8.6	9.4	33.3	0.25	0.48	0.38	1	0.94	10.0	10	48	97	36	100	98	94	4.65	4.44	4.02
240504	2	9	9.7	0	9	10.1	15.4	59.0	0.35	0.31	0.50	3	1.30	10.0	8	56	97	95	100	98	98	5.28	5.29	5.58
240504	2	10	10.5	1	10	7.9	7.9	26.8	0.29	0.35	0.36	3	0.86	10.8	8	98	97	91	100	98	98	3.29	3.29	3.27
240504	3	1	10.4	1	9	5.3	9.7	29.2	0.32	0.26	0.21	3	0.51	10.2	9	68	98	98	100	98	98	5.28	5.33	5.33
240504	3	2	10.1	0	9	9.8	10.2	33.9	0.32	0.25	0.28	3	0.70	10.0	8	58	98	95	100	98	98	3.72	3.73	3.73
240504	3	3	10.6	1	8	8.3	8.3	28.3	0.40	0.31	0.33	3	0.89	10.0	8	44	98	86	100	98	98	2.07	2.40	2.33
240504	3	4	9.6	0	9	3.9	12.6	38.0	0.35	0.39	0.55	1	1.15	10.5	7	91	94	42	100	98	98	3.93	4.02	4.02
240504	3	5	10.0	0	7	8.6	9.2	25.9	0.34	0.36	0.25	1	0.75	10.6	7	86	98	91	100	98	98	2.75	2.82	2.94
240504	3	6	10.5	1	8	2.5	9.2	27.9	0.36	0.63	0.37	2	0.86	10.4	8	71	79	79	100	98	98	1.81	1.95	1.94
240504	3	7	9.8	0	9	8.1	8.6	24.0	0.36	0.38	0.43	2	1.10	9.8	10	23	94	92	97	98	98	3.62	3.38	3.62
240504	3	8	10.8	1	1	8.9	9.3	33.2	0.37	0.41	0.37	3	0.80	10.4	9	85	95	82	100	98	97	3.18	3.18	3.18
240504	3	9	10.8	1	3	10.7	10.7	36.4	0.32	0.30	0.28	2	0.71	10.7	5	100	98	97	100	98	98	4.05	4.05	4.05
240504	3	10	10.5	1	8	8.3	9.4	30.0	0.33	0.44	0.26	3	0.52	10.8	3	95	94	77	100	98	98	2.23	2.22	2.31
240504	4	1	10.8	1	10	9.0	9.8	34.7	0.31	0.32	0.34	1	0.73	10.6	6	95	97	91	100	98	98	2.92	3.02	2.92
240504	4	2	10.4	1	2	9.7	11.3	40.2	0.47	0.42	0.35	2	0.85	10.7	11	92	92	77	100	98	98	4.47	4.47	4.47
240504	4	3	10.4	1	8	9.5	25.9	57.0	0.33	0.49	0.19	1	0.42	10.3	6	70	94	85	100	98	98	2.83	3.15	3.15
240504	4	4	10.4	1	9	9.5	10.2	33.9	0.29	0.44	0.40	3	1.19	10.5	7	92	95	85	100	98	98	3.63	3.77	3.63
240504	4	5	10.4	1	11	8.5	8.6	40.8	0.31	0.39	0.34	1	0.86	10.4	5	82	98	36	100	98	97	3.00	3.29	2.90
240504	4	6	10.6	1	12	0.8	10.5	34.1	
240504	4	7	10.5	1	12	9.4	9.4	32.3	0.30	0.59	0.38	3	0.87	10.8	2	86	86	83	100	98	98	3.60	3.60	3.57
240504	4	8	10.3	1	9	4.3	10.2	40.1	0.31	0.43	0.37	1	0.79	10.7	8	97	97	89	100	98	98	4.29	4.79	4.79
