Laura	Ilmakiv‰‰ri
Date	Series	Shot	Hit	X ring	Sector	On	Total	Int.(s)			Trigger			COG		Fine %			Rough %			Hold time (s)
						target	time 		dev X	dev Y	ATV	TIRE	RTV	Hit	Sector	Target	COG	Hit	Target	COG	Hit	Target	COG	Hit
250126	1	1	9.3	0	8	11.4	11.4	0.0	0.51	0.30	0.29	1	0.86	10.0	9	61	92	45	95	98	98	4.92	4.74	4.00
250126	1	2	10.4	1	6	14.9	15.0	42.6	0.97	0.26	0.41	2	1.02	10.8	3	59	55	47	100	98	98	7.80	7.80	6.90
250126	1	3	10.0	0	8	8.0	17.3	1.19	0.58	0.25	0.32	1	1.11	10.6	5	94	92	48	100	98	98	5.21	5.14	5.04
250126	1	4	9.7	0	2	11.4	11.6	42.9	0.80	0.56	0.56	3	1.39	10.5	10	50	64	23	100	98	71	6.50	6.51	6.60
250126	1	5	9.9	0	5	8.9	22.4	1.35	0.49	0.20	0.47	3	1.96	10.4	8	74	97	38	100	98	98	7.20	6.45	6.45
250126	1	6	9.7	0	12	8.5	26.8	1.37	0.40	0.22	0.22	2	0.94	9.8	12	17	98	98	100	98	98	4.54	5.96	5.97
250126	1	7	10.7	1	5	9.5	9.8	50.2	0.65	0.36	0.30	1	1.03	10.6	7	80	86	79	100	98	98	5.67	5.38	5.64
250126	1	8	9.9	0	10	12.7	22.4	1.33	0.39	0.28	0.24	1	0.89	10.5	11	95	98	79	100	98	98	6.24	6.25	6.24
250126	1	9	10.5	1	7	17.6	17.6	59.4	0.71	0.13	0.21	3	0.76	10.1	8	53	85	64	100	98	98	6.63	6.58	6.60
250126	1	10	10.4	1	6	12.8	12.8	55.9	0.59	0.34	0.40	2	1.69	10.4	3	76	85	76	100	98	92	6.22	6.24	5.25
250126	2	1	9.2	0	10	7.2	22.4	1.55	0.41	0.34	0.14	1	0.94	9.4	10	0	98	64	100	98	98	3.93	3.51	3.10
250126	2	2	10.2	1	12	16.0	16.0	47.5	0.45	0.29	0.13	3	0.45	9.7	1	35	98	71	95	98	98	5.29	6.74	5.62
250126	2	3	9.1	0	3	9.5	9.8	2.07	0.86	0.19	0.45	1	1.52	9.5	2	38	73	48	77	98	98	5.59	6.30	6.22
250126	2	4	10.3	1	12	8.2	10.1	1.08	0.39	0.23	0.19	3	0.92	10.5	2	91	98	73	100	98	98	5.58	5.80	5.87
250126	2	5	9.9	0	4	14.4	14.4	44.3	0.24	0.40	0.42	3	1.99	10.4	12	80	97	14	100	98	98	4.82	5.17	4.50
250126	2	6	10.3	1	1	10.2	10.5	57.7	0.44	0.22	0.23	3	0.78	10.4	3	86	98	97	100	98	98	8.87	8.96	9.09
250126	2	7	10.1	0	3	11.1	11.1	42.1	0.44	0.38	0.38	2	1.79	10.0	1	47	98	33	100	98	98	3.92	4.23	3.92
250126	2	8	9.9	0	10	10.1	10.1	53.3	0.34	0.26	0.27	3	1.94	9.0	9	0	97	44	56	98	98	6.38	5.29	6.66
250126	2	9	10.4	1	8	13.4	13.4	56.0	0.72	0.18	0.16	1	0.64	10.9	4	80	85	53	100	98	98	6.71	6.71	6.63
250126	2	10	10.2	1	9	15.1	15.1	50.5	0.31	0.21	0.17	2	1.01	10.3	10	82	98	98	100	98	98	6.01	6.00	5.97
250126	3	1	10.5	1	5	13.6	13.6	51.2	0.24	0.39	0.19	1	1.28	10.8	1	94	98	88	100	98	98	5.79	5.85	5.75
250126	3	2	10.3	1	7	8.3	16.6	1.13	0.67	0.45	0.26	3	1.50	10.5	1	76	73	30	100	98	85	4.93	5.24	4.80
250126	3	3	10.6	1	1	10.6	10.6	47.6	0.63	0.23	0.22	3	0.54	10.6	9	80	86	74	100	98	97	6.08	6.08	6.20
250126	3	4	10.0	0	10	12.6	24.6	1.25	0.35	0.44	0.32	1	1.28	10.6	11	91	98	70	100	98	98	6.71	6.74	6.76
250126	3	5	10.4	1	1	11.3	11.3	48.4	0.44	0.11	0.37	3	2.13	10.2	12	88	98	76	100	98	98	4.54	5.01	4.92
250126	3	6	10.8	1	8	13.0	13.0	49.0	0.29	0.25	0.18	3	0.84	10.5	5	100	98	98	100	98	98	6.63	5.66	6.30
250126	3	7	10.5	1	8	11.7	28.2	1.37	0.35	0.33	0.11	3	0.68	10.5	1	86	98	42	100	98	98	5.88	6.24	5.34
250126	3	8	10.1	0	10	9.8	9.8	1.34	0.24	0.23	0.29	3	1.63	10.5	11	100	98	98	100	98	98	7.88	8.01	7.92
250126	3	9	10.0	0	4	18.1	34.9	1.34	0.36	0.39	0.34	3	1.28	10.8	5	100	98	45	100	98	98	8.34	8.22	8.14
250126	3	10	10.0	0	2	15.1	15.3	53.0	0.37	0.25	0.24	3	1.22	9.7	1	26	98	95	100	98	98	5.57	6.13	6.01
250126	4	1	9.5	0	9	12.2	25.5	1.20	0.74	0.26	0.19	1	0.62	9.7	10	38	85	77	88	98	98	10.28	9.60	9.53
250126	4	2	10.2	1	8	10.4	10.4	1.17	0.59	0.13	0.26	3	0.87	10.3	4	61	92	41	100	98	95	6.88	6.76	6.79
250126	4	3	9.1	0	9	13.9	13.9	48.2	0.54	0.31	0.41	1	1.35	9.9	10	39	88	45	98	98	95	5.67	5.70	4.42
250126	4	4	10.0	0	12	10.7	37.0	2.35	0.46	0.14	0.17	2	0.73	9.9	12	32	98	98	100	98	98	7.62	8.56	8.56
250126	4	5	10.4	1	4	10.5	23.1	1.24	0.45	0.18	0.49	3	2.63	10.5	8	100	91	29	100	98	98	7.72	7.61	7.72
250126	4	6	10.5	1	12	10.1	10.1	48.2	0.48	0.31	0.18	3	0.65	10.1	11	55	98	80	100	98	98	8.09	8.14	8.12
250126	4	7	10.2	1	10	12.5	31.1	1.31	0.32	0.16	0.31	3	1.54	10.1	12	73	98	82	100	98	98	8.97	10.08	9.97
250126	4	8	10.8	1	2	9.2	9.2	58.5	0.56	0.28	0.37	3	1.17	10.8	10	91	89	91	100	98	98	7.67	7.70	7.70
250126	4	9	10.6	1	9	13.8	13.8	44.2	0.37	0.15	0.25	3	1.07	9.8	9	45	98	70	100	98	98	6.90	6.76	6.79
250126	4	10	10.3	1	9	14.3	14.3	46.9	0.48	0.16	0.21	3	0.79	9.9	9	52	98	85	100	98	98	8.32	8.28	8.28
