Marko	Ilmakiv‰‰ri
Date	Series	Shot	Hit	X ring	Sector	On	Total	Int.(s)			Trigger			COG		Fine %			Rough %			Hold time (s)
						target	time 		dev X	dev Y	ATV	TIRE	RTV	Hit	Sector	Target	COG	Hit	Target	COG	Hit	Target	COG	Hit
251116	1	1	10.3	1	10	9.3	9.3	0.0	0.66	0.19	0.13	1	0.64	10.7	1	80	83	70	100	98	98	8.76	8.79	8.79
251116	1	2	10.3	1	9	10.3	10.3	37.0	0.34	0.15	0.36	2	1.47	10.8	11	100	98	82	100	98	98	10.26	10.29	10.23
251116	1	3	10.5	1	3	11.9	11.9	39.3	0.52	0.13	0.13	1	0.68	10.4	2	77	91	89	100	98	98	11.73	12.16	11.79
251116	1	4	10.7	1	9	10.6	10.6	39.5	0.23	0.16	0.13	3	0.68	10.8	11	100	98	98	100	98	98	10.46	10.47	10.43
251116	1	5	10.8	1	12	11.2	11.2	40.0	0.16	0.12	0.26	2	1.57	10.6	12	100	98	98	100	98	98	10.35	10.90	10.71
251116	1	6	10.2	1	8	11.0	11.0	38.8	0.30	0.20	0.34	1	2.20	10.8	1	100	98	55	100	98	98	10.77	10.80	10.37
251116	1	7	10.5	1	10	11.0	11.0	37.7	0.36	0.13	0.30	1	1.81	10.6	10	92	97	98	100	98	98	10.99	11.10	11.12
251116	1	8	10.4	1	9	11.3	11.3	40.3	0.25	0.17	0.12	3	0.65	10.5	12	100	98	89	100	98	98	10.20	10.35	10.23
251116	1	9	10.4	1	12	9.3	9.3	39.2	0.11	0.13	0.08	1	0.51	10.5	12	100	98	98	100	98	98	8.40	8.52	8.54
251116	1	10	10.3	1	1	9.4	9.4	39.0	0.19	0.11	0.17	3	0.97	10.3	2	100	98	98	100	98	98	8.91	9.13	9.13
251116	2	1	10.3	1	12	11.6	11.6	40.7	0.31	0.19	0.14	1	0.70	10.5	1	100	98	98	100	98	98	11.58	11.88	11.93
251116	2	2	10.7	1	2	10.4	10.4	43.8	0.19	0.09	0.18	3	1.07	10.7	12	100	98	98	100	98	98	10.17	10.34	10.28
251116	2	3	10.2	1	3	11.7	11.7	40.2	0.39	0.18	0.25	2	1.24	10.9	12	100	98	74	100	98	98	11.65	11.65	11.65
251116	2	4	10.6	1	6	13.5	13.5	39.4	0.46	0.18	0.28	3	1.31	10.5	3	85	98	82	100	98	98	13.50	13.50	13.50
251116	2	5	9.9	0	3	11.7	11.7	38.8	0.34	0.18	0.24	2	1.19	10.7	4	98	98	68	100	98	98	11.74	11.71	11.71
251116	2	6	10.2	1	3	11.2	11.2	43.9	0.41	0.16	0.16	1	0.76	10.8	5	100	98	76	100	98	98	11.16	11.16	11.14
251116	2	7	10.9	1	1	12.4	12.4	40.0	0.33	0.08	0.26	3	2.12	10.3	8	86	98	85	100	98	98	12.38	12.35	12.38
251116	2	8	10.2	1	8	9.9	9.9	36.6	0.44	0.14	0.31	3	1.78	10.5	9	85	98	94	100	98	98	9.87	9.91	9.88
251116	2	9	10.7	1	7	11.8	23.8	1.09	0.31	0.16	0.19	1	0.86	10.6	8	100	98	98	100	98	98	11.76	11.71	11.70
251116	2	10	10.3	1	9	13.4	13.4	42.4	0.35	0.15	0.21	2	0.60	10.4	8	86	98	98	100	98	98	13.37	13.37	13.37
251116	3	1	10.5	1	8	9.7	9.7	41.0	0.26	0.14	0.15	3	0.92	10.4	9	98	98	98	100	98	98	9.69	9.69	9.68
251116	3	2	10.9	1	6	10.3	22.1	1.06	0.29	0.11	0.20	1	1.17	10.9	7	100	98	98	100	98	98	10.34	10.34	10.34
251116	3	3	10.5	1	10	12.7	12.7	41.0	0.21	0.15	0.15	3	0.72	10.5	10	100	98	98	100	98	98	12.66	12.69	12.68
251116	3	4	10.4	1	9	10.7	10.7	37.2	0.28	0.17	0.22	2	1.16	10.4	10	100	98	98	100	98	98	10.72	10.89	10.86
251116	3	5	9.5	0	8	12.2	12.2	39.2	0.63	0.16	0.49	1	1.26	10.9	6	89	88	30	100	98	85	12.16	12.15	11.62
251116	3	6	10.7	1	1	10.9	10.9	49.9	0.46	0.18	0.09	3	0.32	10.7	10	100	98	89	100	98	98	10.74	10.74	10.79
251116	3	7	10.2	1	9	13.6	13.6	46.3	0.31	0.19	0.18	1	0.80	10.6	8	100	98	98	100	98	98	13.63	13.63	13.63
251116	3	8	10.1	0	4	13.1	13.1	43.8	0.21	0.19	0.08	1	0.61	10.5	4	100	98	98	100	98	98	13.08	13.02	12.90
251116	3	9	10.5	1	4	10.5	10.5	46.1	0.37	0.17	0.15	1	1.03	10.7	5	100	98	95	100	98	98	10.46	10.43	10.44
251116	3	10	10.7	1	9	11.0	11.0	41.0	0.27	0.12	0.10	2	0.58	10.7	9	100	98	98	100	98	98	10.99	10.99	10.99
251116	4	1	10.2	1	8	12.2	12.2	37.5	0.45	0.18	0.19	1	0.55	10.9	10	100	98	73	100	98	98	12.18	12.20	12.07
251116	4	2	10.4	1	5	13.8	13.8	45.5	0.22	0.17	0.18	2	1.33	10.6	4	100	98	98	100	98	98	13.41	13.41	13.41
251116	4	3	9.9	0	7	14.1	14.1	42.8	0.46	0.27	0.18	1	0.51	10.8	9	98	98	52	100	98	98	13.43	13.43	13.43
251116	4	4	10.2	1	3	10.4	10.4	43.1	0.39	0.14	0.21	1	0.98	10.6	4	100	98	88	100	98	98	10.43	10.38	10.43
251116	4	5	10.8	1	7	12.7	12.7	39.3	0.37	0.15	0.08	2	0.46	10.6	4	100	98	91	100	98	98	12.73	12.63	12.60
251116	4	6	10.6	1	2	13.6	13.6	41.8	0.21	0.15	0.18	1	0.88	10.8	2	100	98	98	100	98	98	13.54	13.54	13.54
251116	4	7	10.5	1	5	13.3	13.3	39.7	0.28	0.15	0.17	1	0.71	10.8	4	100	98	98	100	98	98	13.34	13.32	13.01
251116	4	8	10.8	1	5	13.2	13.2	40.9	0.17	0.22	0.14	3	0.60	10.6	2	100	98	98	100	98	98	13.19	13.19	13.12
251116	4	9	10.7	1	5	12.1	12.1	39.8	0.18	0.10	0.16	2	1.09	10.7	4	100	98	98	100	98	98	12.13	12.13	12.11
251116	4	10	10.8	1	1	10.3	10.3	39.4	0.19	0.16	0.30	2	1.92	10.6	10	100	98	98	100	98	98	10.34	10.37	10.35
