Linda K.	Ilmakiv‰‰ri
Date	Series	Shot	Hit	X ring	Sector	On	Total	Int.(s)			Trigger			COG		Fine %			Rough %			Hold time (s)
						target	time 		dev X	dev Y	ATV	TIRE	RTV	Hit	Sector	Target	COG	Hit	Target	COG	Hit	Target	COG	Hit
250329	1	1	10.9	1	2	8.3	8.3	0.0	0.20	0.15	0.13	3	0.65	10.8	11	100	98	98	100	98	98	5.58	5.62	5.58
250329	1	2	10.3	1	12	8.7	8.7	32.5	0.33	0.21	0.29	3	0.94	10.1	11	68	98	85	100	98	98	5.96	6.03	5.99
250329	1	3	10.2	1	10	9.0	9.0	34.7	0.38	0.14	0.17	1	0.73	10.6	12	100	98	80	100	98	98	6.95	6.99	7.00
250329	1	4	10.0	0	3	7.9	7.9	33.3	0.40	0.14	0.46	3	2.80	10.5	12	100	98	52	100	98	98	4.75	4.89	4.67
250329	1	5	10.2	1	10	10.3	10.3	34.2	0.26	0.16	0.12	2	0.53	10.0	10	68	98	98	100	98	98	8.96	9.21	9.18
250329	1	6	10.7	1	7	9.4	9.4	34.5	0.33	0.15	0.29	2	1.35	10.7	9	100	98	98	100	98	98	7.38	7.42	7.37
250329	1	7	10.5	1	8	9.1	9.1	33.8	0.27	0.15	0.12	3	0.62	10.4	8	92	98	98	100	98	98	6.97	6.97	6.97
250329	1	8	10.7	1	7	8.7	8.7	32.4	0.16	0.18	0.18	2	1.31	10.9	12	100	98	98	100	98	98	6.71	6.71	6.54
250329	1	9	10.4	1	7	8.3	8.3	33.1	0.42	0.22	0.18	2	0.76	10.5	9	86	98	85	100	98	98	5.87	5.96	5.85
250329	1	10	9.8	0	10	7.6	18.1	1.07	0.38	0.16	0.28	1	0.88	10.5	9	92	98	64	100	98	98	5.03	5.04	5.12
250329	2	1	10.6	1	4	10.8	10.8	35.5	0.38	0.14	0.09	3	0.38	10.5	2	86	98	97	100	98	98	9.95	9.95	9.90
250329	2	2	9.7	0	3	8.3	8.3	30.0	0.38	0.11	0.28	1	1.16	10.0	3	58	98	95	100	98	98	6.60	6.42	6.39
250329	2	3	10.4	1	1	9.4	9.4	33.3	0.34	0.14	0.26	1	1.01	10.6	12	100	98	98	100	98	98	7.84	7.91	7.91
250329	2	4	10.2	1	10	7.8	17.9	1.08	0.36	0.21	0.22	1	0.79	10.8	9	100	98	77	100	98	98	6.60	6.60	6.75
250329	2	5	9.9	0	9	8.1	8.1	30.0	0.37	0.10	0.35	1	2.32	10.9	3	100	97	36	100	98	98	6.03	6.03	6.24
250329	2	6	10.3	1	4	9.7	9.7	33.5	0.42	0.10	0.16	1	0.66	10.6	3	89	98	98	100	98	98	7.65	7.58	7.54
250329	2	7	10.7	1	8	9.1	9.1	34.5	0.48	0.25	0.09	3	0.44	10.7	12	95	98	85	100	98	98	5.49	5.50	5.47
250329	2	8	10.3	1	4	8.3	8.3	34.3	0.20	0.26	0.28	1	2.07	10.6	4	100	98	98	100	98	98	5.73	5.70	5.57
250329	2	9	10.2	1	4	7.7	7.7	35.5	0.45	0.21	0.36	2	1.52	10.7	8	100	98	68	100	98	98	5.08	5.07	5.01
250329	2	10	10.6	1	8	10.0	10.0	38.2	0.55	0.11	0.21	1	0.38	10.7	9	89	89	89	100	98	98	6.84	6.86	6.81
250329	3	1	10.5	1	9	7.7	7.7	36.0	0.31	0.14	0.26	2	1.35	10.3	12	97	98	82	100	98	98	5.89	5.92	5.91
250329	3	2	9.9	0	2	9.2	9.2	33.0	0.37	0.06	0.21	1	1.19	10.3	1	85	98	86	100	98	98	6.25	6.53	6.15
250329	3	3	10.1	0	1	7.5	7.5	33.5	0.35	0.13	0.26	1	1.98	10.4	12	97	98	98	100	98	98	6.15	6.24	6.24
250329	3	4	10.0	0	10	7.8	7.8	37.3	0.33	0.15	0.22	3	1.20	10.1	9	65	98	98	100	98	98	4.44	4.50	4.70
250329	3	5	10.6	1	10	9.3	9.3	32.8	0.38	0.21	0.17	3	0.76	10.5	11	95	98	98	100	98	98	8.52	8.54	8.54
250329	3	6	10.4	1	4	9.0	9.0	33.4	0.35	0.13	0.17	3	0.94	10.4	8	94	98	67	100	98	98	7.59	7.58	7.46
250329	3	7	10.4	1	8	8.5	8.5	34.6	0.36	0.12	0.13	2	0.61	10.2	8	86	98	98	100	98	98	6.06	5.99	6.03
250329	3	8	10.8	1	2	8.7	8.7	35.7	0.49	0.22	0.20	3	0.96	10.2	9	77	95	64	100	98	98	5.14	5.21	5.14
250329	3	9	10.5	1	7	8.4	18.4	1.05	0.17	0.12	0.16	3	1.06	10.6	8	100	98	98	100	98	98	6.36	6.38	6.33
250329	3	10	10.7	1	1	8.3	8.3	31.8	0.39	0.14	0.26	3	1.11	10.8	2	100	98	98	100	98	98	6.93	6.93	6.95
250329	4	1	9.8	0	9	9.7	9.7	35.2	0.40	0.11	0.09	1	0.56	10.5	9	88	98	74	100	98	98	8.60	8.71	8.97
250329	4	2	9.9	0	9	8.4	8.4	30.7	0.38	0.12	0.28	2	1.18	10.2	9	71	98	98	100	98	98	6.88	6.93	6.95
250329	4	3	10.5	1	8	8.5	8.5	32.5	0.27	0.16	0.25	3	1.42	10.5	8	100	98	98	100	98	98	7.51	7.51	7.51
250329	4	4	10.8	1	12	9.8	9.8	32.0	0.24	0.14	0.16	3	0.99	10.9	6	100	98	98	100	98	98	9.04	9.04	9.06
250329	4	5	10.1	0	2	8.9	8.9	31.0	0.45	0.14	0.27	3	0.91	10.3	2	76	98	94	100	98	98	8.00	8.04	8.05
250329	4	6	10.7	1	4	8.3	8.3	29.8	0.43	0.17	0.30	3	1.36	10.5	11	100	98	77	100	98	98	7.09	7.21	7.07
250329	4	7	10.7	1	11	8.1	8.1	32.4	0.50	0.17	0.24	2	0.62	10.6	4	83	92	77	100	98	98	6.74	6.69	6.76
250329	4	8	10.8	1	2	8.5	8.5	33.6	0.27	0.11	0.08	3	0.39	10.7	1	100	98	98	100	98	98	7.25	7.26	7.25
250329	4	9	10.5	1	6	9.4	9.4	34.5	0.35	0.11	0.08	3	0.56	10.5	6	97	98	94	100	98	98	8.58	8.52	8.47
250329	4	10	10.5	1	5	8.6	8.6	32.9	0.32	0.13	0.19	2	0.93	10.5	7	100	98	83	100	98	98	7.61	7.59	7.56
