Linda K.	Ilmakiv‰‰ri
Date	Series	Shot	Hit	X ring	Sector	On	Total	Int.(s)			Trigger			COG		Fine %			Rough %			Hold time (s)
						target	time 		dev X	dev Y	ATV	TIRE	RTV	Hit	Sector	Target	COG	Hit	Target	COG	Hit	Target	COG	Hit
250124	1	1	10.3	1	1	6.3	6.3	0.0	0.71	0.28	0.32	3	0.75	10.6	5	65	74	33	100	98	98	3.87	3.83	3.92
250124	1	2	10.8	1	10	8.2	8.7	30.7	0.65	0.16	0.17	2	0.81	10.6	5	89	92	70	100	98	98	5.45	5.21	5.46
250124	1	3	10.5	1	3	7.4	7.4	28.4	0.58	0.32	0.34	3	1.00	10.7	3	80	91	92	100	98	98	4.83	4.82	4.82
250124	1	4	10.8	1	8	8.0	8.0	28.4	0.58	0.19	0.28	3	0.96	10.3	6	73	95	83	100	98	98	5.19	5.14	5.19
250124	1	5	10.1	0	4	8.1	8.1	29.9	0.33	0.34	0.19	3	0.79	10.3	4	89	98	98	100	98	98	5.61	5.40	5.33
250124	1	6	9.8	0	3	6.9	6.9	28.1	0.33	0.25	0.43	2	1.93	10.5	3	89	98	73	100	98	98	4.12	4.12	4.11
250124	1	7	10.5	1	9	7.9	7.9	30.7	0.53	0.22	0.16	1	0.62	10.7	6	92	92	80	100	98	98	5.37	5.36	5.40
250124	1	8	10.3	1	9	7.2	7.5	30.6	0.40	0.23	0.44	2	2.28	10.3	5	85	95	35	100	98	98	5.70	5.66	5.71
250124	1	9	10.1	0	2	7.9	8.2	44.1	0.51	0.21	0.53	2	1.62	10.8	11	100	98	53	100	98	98	5.73	5.75	5.78
250124	1	10	10.1	0	3	8.1	8.1	28.9	0.57	0.31	0.52	3	1.48	10.6	8	85	91	39	100	98	98	4.30	4.30	4.29
250124	2	1	10.3	1	11	7.2	7.2	28.0	0.64	0.20	0.12	3	0.36	10.5	3	76	88	48	100	98	98	4.61	4.59	4.62
250124	2	2	9.9	0	3	5.8	5.8	28.1	0.35	0.23	0.49	1	2.37	10.7	5	94	98	44	100	98	98	3.31	3.30	3.33
250124	2	3	10.5	1	1	7.3	7.3	32.4	0.61	0.21	0.25	2	0.94	10.5	3	67	92	73	100	98	98	4.68	4.65	4.70
250124	2	4	10.6	1	10	5.3	5.3	24.3	0.59	0.34	0.17	2	0.42	10.7	10	79	86	86	100	98	98	1.73	1.74	1.75
250124	2	5	10.7	1	2	7.2	7.2	26.6	0.63	0.22	0.47	2	1.44	10.7	5	80	85	76	100	98	98	4.77	4.75	4.77
250124	2	6	10.0	0	4	8.9	8.9	31.4	0.41	0.17	0.10	1	0.41	10.2	3	70	98	97	100	98	98	6.08	5.68	5.66
250124	2	7	10.4	1	4	9.2	9.2	30.0	0.60	0.23	0.23	1	0.81	10.5	5	77	83	85	100	98	98	5.57	5.52	5.50
250124	2	8	10.3	1	3	6.9	6.9	27.7	0.71	0.26	0.37	1	1.36	10.2	5	53	76	64	100	98	98	3.83	3.75	3.79
250124	2	9	10.5	1	7	7.8	7.8	34.9	0.33	0.22	0.18	2	0.66	10.3	6	91	98	95	100	98	98	5.40	5.31	5.37
250124	2	10	10.6	1	11	8.0	8.0	29.0	0.41	0.27	0.41	1	1.21	10.2	4	64	98	33	100	98	98	4.82	4.72	5.14
250124	3	1	10.2	1	9	6.4	6.4	26.6	0.41	0.17	0.35	2	1.70	10.9	3	100	98	67	100	98	98	4.07	4.07	4.12
250124	3	2	10.4	1	4	7.8	7.8	28.5	0.55	0.39	0.37	1	1.08	10.7	4	85	85	77	100	98	98	5.66	5.64	5.62
250124	3	3	10.6	1	12	7.5	7.5	26.9	0.23	0.26	0.22	3	1.02	10.7	4	100	98	97	100	98	98	5.31	5.29	5.31
250124	3	4	10.6	1	9	7.6	7.6	27.3	0.59	0.26	0.25	2	0.59	10.9	12	91	91	82	100	98	98	5.07	5.07	5.07
250124	3	5	10.5	1	8	8.2	8.2	29.0	0.78	0.24	0.55	3	1.81	10.8	6	76	76	68	100	98	98	5.49	5.47	5.47
250124	3	6	9.9	0	3	7.7	7.7	32.4	0.65	0.35	0.59	3	2.43	10.6	5	86	91	47	100	98	98	5.00	4.98	4.96
250124	3	7	10.7	1	12	6.4	6.5	28.2	0.67	0.19	0.36	3	0.94	10.7	6	82	82	70	100	98	98	4.28	4.20	4.32
250124	3	8	10.5	1	8	7.3	7.3	26.4	0.30	0.19	0.21	2	0.87	10.5	6	100	98	95	100	98	98	5.21	5.14	5.16
250124	3	9	10.5	1	8	6.4	6.4	27.5	0.49	0.23	0.17	2	0.65	10.8	6	94	92	86	100	98	98	3.93	3.52	3.87
250124	3	10	8.2	0	9	5.6	5.6	24.2	1.01	0.43	0.52	1	0.93	10.7	9	67	58	14	89	91	21	2.98	2.98	2.65
250124	4	1	10.7	1	7	6.2	6.2	37.3	0.47	0.23	0.14	3	0.67	10.6	4	95	98	86	100	98	98	5.08	5.08	5.08
250124	4	2	10.7	1	6	7.8	7.8	27.2	0.44	0.19	0.35	2	1.06	10.4	7	95	98	97	100	98	98	6.09	6.01	6.08
250124	4	3	10.5	1	10	7.0	7.0	25.8	0.27	0.24	0.27	3	1.28	10.3	5	92	98	36	100	98	98	5.58	5.55	5.61
250124	4	4	10.6	1	5	7.3	7.3	28.5	0.57	0.19	0.45	3	1.50	10.8	8	94	91	82	100	98	98	5.49	5.49	5.40
250124	4	5	10.4	1	2	6.8	6.8	25.2	0.35	0.21	0.16	1	0.82	10.6	4	100	98	98	100	98	98	3.90	3.88	3.92
250124	4	6	10.3	1	5	6.3	6.3	25.0	0.94	0.34	0.44	3	1.66	10.1	3	53	53	33	85	98	98	4.42	4.37	4.32
250124	4	7	9.8	0	4	7.5	7.5	26.3	0.51	0.21	0.38	3	1.45	10.4	4	82	91	70	100	98	98	5.42	4.95	4.80
250124	4	8	10.6	1	6	5.6	5.6	22.7	0.56	0.15	0.26	2	0.96	10.5	7	80	88	79	100	98	98	3.13	3.13	3.13
250124	4	9	10.2	1	7	7.3	7.3	25.4	0.45	0.22	0.10	1	0.34	10.7	5	100	98	58	100	98	98	5.57	5.54	5.49
250124	4	10	10.3	1	8	8.3	8.3	28.6	0.43	0.27	0.10	2	0.26	10.8	1	100	98	64	100	98	98	6.50	6.50	6.46
