Marko	Ilmakiv‰‰ri
Date	Series	Shot	Hit	X ring	Sector	On	Total	Int.(s)			Trigger			COG		Fine %			Rough %			Hold time (s)
						target	time 		dev X	dev Y	ATV	TIRE	RTV	Hit	Sector	Target	COG	Hit	Target	COG	Hit	Target	COG	Hit
260123	1	1	10.3	1	1	6.7	6.7	0.0	0.30	0.19	0.18	3	1.26	10.2	1	77	98	98	100	98	98	6.01	6.24	6.20
260123	1	2	10.3	1	12	7.8	7.8	32.3	0.16	0.24	0.14	3	1.28	10.3	12	95	98	98	100	98	98	6.69	6.92	6.92
260123	1	3	10.9	1	6	9.5	19.1	1.07	0.24	0.10	0.16	3	1.13	10.6	3	100	98	98	100	98	98	8.74	8.73	8.74
260123	1	4	10.5	1	2	8.6	8.6	34.0	0.21	0.09	0.15	1	1.00	10.6	3	100	98	98	100	98	98	8.55	8.61	8.65
260123	1	5	10.7	1	4	7.1	7.1	34.2	0.26	0.13	0.14	3	0.77	10.9	3	100	98	98	100	98	98	5.97	5.97	5.94
260123	1	6	10.3	1	12	7.6	17.2	1.05	0.23	0.10	0.11	3	0.80	10.5	1	100	98	98	100	98	98	5.58	5.78	5.87
260123	1	7	10.7	1	9	8.9	8.9	38.2	0.34	0.12	0.19	1	1.22	10.9	12	100	98	98	100	98	98	7.88	7.89	7.86
260123	1	8	10.8	1	2	9.4	19.2	1.08	0.21	0.11	0.20	3	1.06	10.6	3	100	98	98	100	98	98	8.65	8.65	8.65
260123	1	9	10.6	1	6	9.8	9.8	34.1	0.33	0.14	0.14	2	0.79	10.8	9	100	98	98	100	98	98	9.06	9.06	8.96
260123	1	10	10.5	1	12	10.4	10.4	35.6	0.24	0.10	0.24	2	1.64	10.6	1	100	98	98	100	98	98	9.20	9.29	9.38
260123	2	1	10.5	1	9	9.0	18.2	1.10	0.23	0.12	0.19	3	1.91	10.9	4	100	98	98	100	98	98	7.71	7.71	7.71
260123	2	2	10.6	1	10	6.9	6.9	31.6	0.27	0.13	0.04	2	0.37	10.7	12	100	98	98	100	98	98	6.45	6.50	6.48
260123	2	3	10.7	1	2	8.3	8.3	35.0	0.31	0.13	0.19	2	1.44	10.6	4	94	98	98	100	98	98	7.20	7.17	7.21
260123	2	4	10.4	1	1	8.9	8.9	34.4	0.26	0.09	0.18	3	1.00	10.5	11	100	98	98	100	98	98	8.40	8.51	8.54
260123	2	5	10.7	1	3	7.2	7.2	33.1	0.19	0.16	0.14	2	1.19	10.3	2	100	98	98	100	98	98	6.06	6.21	6.08
260123	2	6	10.6	1	10	7.6	37.4	2.10	0.21	0.17	0.06	3	0.33	10.7	10	100	98	98	100	98	98	7.61	7.61	7.63
260123	2	7	10.7	1	3	8.5	8.5	35.0	0.25	0.20	0.11	2	0.70	10.8	2	100	98	98	100	98	98	8.25	8.27	8.25
260123	2	8	10.7	1	10	8.7	8.7	31.9	0.22	0.10	0.18	3	1.68	10.6	12	100	98	98	100	98	98	7.17	7.30	7.18
260123	2	9	10.7	1	1	9.8	9.8	36.2	0.27	0.11	0.16	2	1.17	10.5	1	100	98	98	100	98	98	9.79	9.95	9.91
260123	2	10	10.8	1	1	11.7	11.7	37.7	0.27	0.14	0.08	3	0.45	10.7	1	100	98	98	100	98	98	11.16	11.43	11.43
260123	3	1	10.5	1	2	8.5	16.9	1.04	0.27	0.09	0.16	3	0.87	10.7	3	100	98	98	100	98	98	8.29	8.31	8.32
260123	3	2	10.6	1	4	8.6	8.6	33.8	0.17	0.08	0.11	2	1.13	10.7	3	100	98	98	100	98	98	8.00	8.09	7.96
260123	3	3	9.7	0	5	8.9	19.8	1.05	0.33	0.27	0.19	1	1.47	10.7	6	98	97	29	100	98	98	8.96	8.88	8.61
260123	3	4	10.0	0	4	8.5	19.4	1.44	0.22	0.17	0.22	1	1.98	10.5	4	98	98	98	100	98	98	8.49	8.47	8.27
260123	3	5	10.7	1	7	9.8	9.8	37.3	0.15	0.14	0.16	2	1.71	10.5	8	100	98	98	100	98	98	9.79	9.73	9.75
260123	3	6	10.6	1	9	8.2	8.2	32.5	0.27	0.10	0.14	1	1.14	10.7	9	100	98	98	100	98	98	8.21	8.21	8.25
260123	3	7	10.5	1	11	11.0	11.0	36.7	0.15	0.17	0.09	1	0.84	10.6	10	100	98	98	100	98	98	11.03	11.14	11.18
260123	3	8	10.8	1	10	9.2	9.2	33.2	0.27	0.22	0.20	3	1.65	10.8	11	100	98	98	100	98	98	9.22	9.26	9.24
260123	3	9	10.7	1	3	8.9	8.9	32.3	0.19	0.09	0.12	3	0.79	10.7	12	100	98	98	100	98	98	8.46	8.47	8.46
260123	3	10	10.2	1	2	7.3	29.0	1.35	0.31	0.12	0.20	3	1.03	10.3	2	86	98	98	100	98	98	7.33	7.44	7.42
260123	4	1	10.6	1	8	6.5	6.5	29.0	0.18	0.10	0.12	1	1.14	10.6	9	100	98	98	100	98	98	5.91	5.91	5.89
260123	4	2	10.5	1	1	9.3	38.5	2.00	0.19	0.15	0.14	2	1.02	10.5	1	100	98	98	100	98	98	9.15	9.20	9.20
260123	4	3	10.8	1	6	11.2	21.6	1.06	0.15	0.10	0.10	3	1.07	10.9	10	100	98	98	100	98	98	11.16	11.18	11.14
260123	4	4	9.8	0	3	11.2	11.2	36.5	0.30	0.10	0.50	2	2.16	10.7	3	97	98	65	100	98	98	10.35	10.37	10.19
260123	4	5	10.7	1	12	10.0	10.0	45.3	0.14	0.12	0.14	3	1.13	10.7	11	100	98	98	100	98	98	10.04	10.08	10.08
260123	4	6	10.8	1	10	8.4	18.9	1.03	0.36	0.07	0.23	3	1.82	10.7	12	100	98	98	100	98	98	8.38	8.49	8.38
260123	4	7	10.5	1	10	12.0	12.0	35.8	0.24	0.12	0.11	3	1.11	10.5	12	100	98	98	100	98	98	12.03	12.27	12.13
260123	4	8	10.3	1	12	9.1	9.1	33.7	0.33	0.21	0.20	3	0.96	10.6	11	100	98	98	100	98	98	8.88	8.97	9.03
260123	4	9	10.6	1	3	9.0	9.0	34.1	0.18	0.11	0.18	1	1.59	10.8	12	100	98	98	100	98	98	8.74	8.78	8.74
260123	4	10	10.4	1	9	10.4	10.4	36.0	0.22	0.13	0.22	3	1.37	10.6	9	100	98	98	100	98	98	10.37	10.35	10.34
