Linda K.	Ilmakiv‰‰ri
Date	Series	Shot	Hit	X ring	Sector	On	Total	Int.(s)			Trigger			COG		Fine %			Rough %			Hold time (s)
						target	time 		dev X	dev Y	ATV	TIRE	RTV	Hit	Sector	Target	COG	Hit	Target	COG	Hit	Target	COG	Hit
241122	1	1	10.6	1	2	4.1	4.1	0.0	0.71	0.27	0.24	3	0.64	10.5	2	79	76	77	100	98	98	4.05	4.05	4.05
241122	1	2	10.5	1	8	3.7	3.7	20.4	0.92	0.35	0.53	3	1.40	10.2	1	48	65	26	88	98	85	3.19	3.24	3.18
241122	1	3	10.8	1	11	3.6	3.6	46.1	0.59	0.23	0.12	3	0.23	10.5	1	79	82	82	100	98	98	3.44	3.46	3.45
241122	1	4	10.3	1	9	4.4	4.4	19.0	0.74	0.29	0.16	3	0.32	10.6	12	65	73	65	100	98	98	3.18	3.25	3.18
241122	1	5	10.7	1	2	6.3	6.3	22.9	0.39	0.18	0.15	2	0.66	10.8	10	100	98	89	100	98	98	6.27	6.29	6.29
241122	1	6	10.3	1	10	4.5	4.5	19.9	0.57	0.24	0.32	2	0.97	10.5	2	85	85	56	100	98	89	4.46	4.46	4.47
241122	1	7	10.5	1	11	3.6	3.6	20.4	0.63	0.26	0.10	3	0.26	10.4	1	82	85	82	100	98	98	3.19	3.23	3.27
241122	1	8	9.7	0	2	3.6	3.6	19.9	0.59	0.16	0.49	2	2.59	10.2	2	53	94	71	100	98	98	3.38	3.38	3.36
241122	1	9	10.4	1	10	4.7	4.7	41.6	0.53	0.16	0.18	3	0.69	10.4	2	77	92	64	100	98	98	3.96	3.96	3.98
241122	1	10	10.4	1	10	4.3	4.3	21.5	1.21	0.23	0.41	3	0.68	10.5	11	48	56	56	88	89	83	4.23	4.35	4.35
241122	2	1	9.4	0	2	4.0	4.0	20.4	0.79	0.16	0.15	1	0.30	10.0	1	50	79	55	100	98	94	3.48	3.52	3.50
241122	2	2	9.9	0	2	5.4	5.4	22.1	0.52	0.20	0.21	1	1.04	9.9	1	30	98	98	100	98	98	5.40	5.43	5.43
241122	2	3	10.6	1	9	6.0	6.0	22.1	0.54	0.40	0.34	3	1.73	9.9	2	36	86	30	92	98	89	5.96	6.00	5.96
241122	2	4	10.2	1	2	4.0	4.0	21.2	0.56	0.23	0.20	2	0.71	9.9	1	26	83	82	100	98	98	3.54	3.78	3.72
241122	2	5	10.0	0	2	4.5	4.5	20.8	0.54	0.20	0.39	3	1.59	10.3	10	68	92	15	100	98	77	4.30	4.30	4.33
241122	2	6	9.6	0	2	3.9	3.9	20.5	0.68	0.13	0.55	2	1.39	10.4	1	68	82	53	100	98	88	3.00	3.03	3.02
241122	2	7	10.4	1	9	5.1	5.1	24.1	0.71	0.27	0.25	3	0.69	10.5	1	77	76	74	100	98	85	5.14	5.16	4.33
241122	2	8	10.6	1	9	4.9	4.9	24.6	0.55	0.18	0.21	2	1.02	10.6	4	86	98	58	100	98	98	4.86	4.86	4.86
241122	2	9	10.2	1	1	4.1	4.1	19.2	0.67	0.21	0.24	2	0.77	10.7	11	88	86	61	100	98	94	3.33	3.35	3.35
241122	2	10	10.3	1	10	5.2	5.2	21.1	0.60	0.12	0.31	2	1.18	10.5	2	74	89	56	100	98	98	4.39	4.42	4.46
241122	3	1	10.5	1	8	4.9	4.9	20.8	0.40	0.21	0.36	2	1.35	10.2	11	77	97	83	100	98	98	4.89	5.00	4.91
241122	3	2	10.0	0	1	5.7	5.7	23.2	0.47	0.28	0.17	1	0.52	10.3	12	67	94	95	100	98	98	5.73	5.78	5.79
241122	3	3	10.7	1	2	4.3	4.3	20.9	0.51	0.15	0.27	3	1.25	10.2	2	71	98	73	100	98	98	4.02	3.96	3.99
241122	3	4	10.2	1	2	5.3	5.3	21.9	0.38	0.24	0.28	2	0.98	10.7	1	100	98	83	100	98	98	5.26	5.29	5.29
241122	3	5	10.0	0	2	4.5	4.5	20.2	0.71	0.16	0.16	1	0.40	10.2	1	59	76	80	100	98	98	4.23	4.26	4.25
241122	3	6	9.6	0	10	6.6	6.6	24.2	0.75	0.10	0.35	2	0.96	10.2	1	53	73	24	100	98	68	6.58	6.58	6.67
241122	3	7	10.4	1	5	6.6	6.6	23.3	0.55	0.25	0.37	3	1.33	10.9	7	94	94	82	100	98	98	6.62	6.62	6.58
241122	3	8	10.6	1	8	5.5	5.5	23.7	0.36	0.30	0.30	3	1.39	10.4	2	77	98	52	100	98	98	5.54	5.55	5.54
241122	3	9	10.3	1	12	5.3	5.3	20.0	0.58	0.27	0.13	3	0.63	10.3	2	68	97	56	100	98	98	5.19	5.21	5.22
241122	3	10	9.8	0	9	6.9	6.9	22.2	0.62	0.19	0.41	1	1.46	10.6	10	88	89	64	100	98	92	6.90	6.92	6.92
241122	4	1	9.8	0	8	6.5	6.5	23.2	0.62	0.17	0.23	1	0.70	10.8	9	89	85	53	100	98	91	6.50	6.50	6.50
241122	4	2	10.7	1	7	6.0	6.0	22.6	0.56	0.17	0.23	3	0.86	10.5	2	83	91	77	100	98	98	6.00	6.00	5.99
241122	4	3	9.1	0	2	4.0	4.0	19.0	0.59	0.30	0.20	1	0.48	9.7	2	21	88	71	95	98	98	3.73	3.77	3.56
241122	4	4	10.0	0	4	5.8	5.8	23.5	0.54	0.19	0.34	2	1.77	10.5	3	86	94	76	100	98	98	5.80	5.82	5.80
241122	4	5	10.0	0	11	6.3	6.3	22.0	0.36	0.22	0.36	1	1.68	10.6	2	94	98	64	100	98	98	6.27	6.29	6.43
241122	4	6	9.7	0	3	4.5	4.5	19.9	0.51	0.12	0.24	1	0.86	10.2	2	68	98	82	100	98	98	4.47	4.23	4.17
241122	4	7	10.4	1	3	6.9	6.9	23.2	0.54	0.32	0.10	1	0.50	10.7	11	88	91	71	100	98	94	6.87	6.88	6.84
241122	4	8	10.6	1	1	6.2	6.2	22.3	0.63	0.20	0.30	1	1.04	10.2	3	58	89	64	100	98	98	6.18	6.13	6.18
241122	4	9	10.2	1	9	5.2	5.2	21.5	0.83	0.19	0.51	3	2.14	9.8	3	38	80	12	89	98	47	5.19	5.16	5.21
241122	4	10	10.0	0	2	4.4	4.4	21.0	0.34	0.14	0.14	2	0.97	9.8	3	42	98	88	100	98	98	3.52	3.56	3.63
