Lufeng	Ilmakivääri
Date	Series	Shot	Hit	X ring	Sector	On	Total	Int.(s)			Trigger			COG		Fine %			Rough %			Hold time (s)
						target	time 		dev X	dev Y	ATV	TIRE	RTV	Hit	Sector	Target	COG	Hit	Target	COG	Hit	Target	COG	Hit
251004	1	1	9.9	0	2	10.8	16.6	0.0	0.57	0.16	0.65	2	1.32	10.5	11	95	89	29	100	98	98	10.39	10.39	10.35
251004	1	2	10.7	1	12	16.0	16.6	42.0	0.58	0.18	0.12	3	0.27	10.3	10	67	92	65	100	98	98	13.30	13.30	13.30
251004	1	3	10.3	1	5	16.2	16.2	43.7	0.71	0.17	0.33	2	1.12	10.2	8	70	82	59	97	98	86	13.30	13.30	13.05
251004	1	4	10.5	1	7	15.2	16.3	44.2	0.59	0.15	0.32	2	0.88	10.0	9	58	95	59	100	98	98	13.28	6.22	13.28
251004	1	5	10.5	1	6	14.6	30.8	1.28	0.54	0.11	0.19	3	0.59	10.7	7	91	89	89	100	98	98	10.61	10.61	10.61
251004	1	6	10.4	1	8	14.8	17.5	47.3	0.42	0.13	0.21	2	0.86	10.3	9	82	98	98	100	98	98	12.96	12.93	12.93
251004	1	7	10.6	1	10	11.8	12.6	38.1	0.59	0.13	0.32	2	0.99	9.8	10	38	92	55	97	98	98	11.12	11.62	11.14
251004	1	8	10.7	1	12	12.9	13.8	45.7	0.32	0.24	0.29	3	0.94	10.4	10	97	98	94	100	98	98	11.69	11.69	11.67
251004	1	9	10.7	1	12	13.0	13.9	38.2	0.80	0.17	0.21	3	0.49	10.3	10	53	73	56	100	98	98	10.88	10.90	10.88
251004	1	10	10.5	1	10	12.5	13.2	37.8	0.53	0.20	0.13	2	0.34	10.4	9	86	88	88	100	98	98	11.10	11.18	11.16
251004	2	1	10.5	1	3	10.2	13.8	1.12	0.50	0.20	0.18	2	0.42	10.8	2	91	91	94	100	98	98	6.54	6.53	6.50
251004	2	2	10.4	1	3	12.6	12.6	35.0	0.54	0.15	0.17	3	0.75	10.7	11	92	91	50	100	98	98	11.64	11.64	6.99
251004	2	3	10.2	1	9	15.7	15.7	42.8	0.58	0.20	0.21	1	0.58	10.3	10	68	88	85	100	98	98	12.84	12.87	12.87
251004	2	4	10.2	1	9	13.0	14.4	38.4	0.51	0.20	0.22	2	0.64	10.6	8	85	97	79	100	98	98	10.76	10.77	10.81
251004	2	5	10.8	1	6	11.5	12.2	36.9	0.56	0.21	0.25	3	0.98	10.6	9	89	92	89	100	98	98	10.57	10.56	10.56
251004	2	6	10.3	1	1	10.9	11.4	36.7	0.46	0.20	0.25	1	1.00	10.3	11	89	92	56	100	98	98	8.37	8.32	6.09
251004	2	7	10.6	1	12	10.9	10.9	33.8	0.25	0.17	0.11	2	0.40	10.6	1	100	98	98	100	98	98	7.39	7.35	7.35
251004	2	8	10.6	1	2	11.7	12.2	35.1	0.44	0.15	0.15	2	0.48	10.5	12	94	98	88	100	98	98	8.27	8.29	8.28
251004	2	9	10.9	1	1	14.3	28.9	1.26	0.60	0.20	0.15	3	0.48	10.5	10	85	83	85	100	98	98	13.57	13.57	13.57
251004	2	10	10.1	0	3	11.8	12.6	32.7	0.79	0.25	0.15	3	0.49	10.6	11	73	73	42	100	98	86	10.10	10.10	10.06
251004	3	1	10.7	1	10	11.4	11.4	50.8	0.56	0.20	0.34	1	0.70	10.5	10	77	89	86	100	98	98	7.56	7.54	7.56
251004	3	2	9.9	0	9	10.2	25.6	1.22	0.50	0.22	0.27	1	0.76	10.5	10	82	95	74	100	98	98	7.98	8.01	8.32
251004	3	3	10.7	1	2	11.6	11.8	37.6	0.52	0.16	0.23	3	0.73	10.4	10	82	94	61	100	98	98	10.57	9.15	10.59
251004	3	4	10.7	1	3	10.6	28.1	1.33	0.55	0.19	0.11	3	0.39	10.7	1	91	92	89	100	98	98	8.64	8.64	8.64
251004	3	5	10.3	1	1	12.6	12.6	37.6	0.59	0.19	0.13	2	0.45	10.4	12	73	94	88	100	98	98	11.12	11.12	11.13
251004	3	6	10.6	1	3	13.9	29.2	1.27	0.81	0.19	0.26	3	0.50	10.6	9	58	73	58	100	98	98	13.14	13.17	13.10
251004	3	7	10.3	1	10	11.6	11.7	35.4	0.60	0.19	0.22	1	0.60	10.3	10	62	88	88	100	98	98	8.93	8.91	8.87
251004	3	8	10.6	1	8	14.8	29.3	1.33	0.54	0.21	0.21	2	0.76	10.4	9	82	89	88	100	98	98	13.52	13.52	13.52
251004	3	9	10.0	0	3	13.4	13.4	35.1	0.66	0.21	0.31	2	0.60	10.8	10	83	83	47	100	98	91	13.38	13.38	13.38
251004	3	10	10.3	1	10	9.8	9.8	36.5	0.50	0.19	0.23	2	0.75	10.1	10	64	92	91	100	98	98	8.22	8.27	8.23
251004	4	1	10.2	1	11	11.3	15.9	40.8	0.64	0.16	0.19	3	0.61	10.0	11	52	88	88	97	98	98	11.34	11.37	11.36
251004	4	2	10.3	1	3	11.3	20.9	58.3	0.43	0.24	0.32	3	1.01	10.5	10	91	92	29	100	98	95	10.63	10.66	10.62
251004	4	3	10.0	0	9	10.1	10.1	42.3	0.57	0.18	0.25	2	0.80	10.2	9	67	91	82	97	98	98	9.24	9.26	9.24
251004	4	4	10.6	1	11	13.2	13.2	35.1	0.53	0.23	0.13	3	0.42	10.4	10	88	89	86	100	98	98	11.60	11.62	11.64
251004	4	5	10.4	1	9	10.7	11.6	32.8	0.60	0.25	0.28	2	0.80	10.3	10	79	83	77	100	98	98	9.84	10.66	10.70
251004	4	6	10.1	0	9	10.9	10.9	32.0	0.59	0.20	0.23	2	0.62	10.0	10	58	94	91	97	98	98	8.88	8.52	8.54
251004	4	7	10.3	1	10	9.0	10.4	31.3	0.66	0.17	0.35	3	0.62	10.2	11	64	80	77	100	98	98	7.42	7.42	7.46
251004	4	8	10.4	1	11	11.1	13.3	38.9	0.61	0.21	0.09	3	0.30	10.5	11	85	88	86	100	98	98	5.73	5.71	5.70
251004	4	9	10.6	1	1	11.7	11.7	35.6	0.52	0.24	0.20	3	0.81	10.5	12	83	89	91	100	98	98	9.48	9.48	9.48
251004	4	10	10.2	1	4	10.1	25.5	1.04	0.63	0.32	0.20	3	0.56	10.7	2	77	82	74	100	98	98	7.77	7.79	8.40

