Marko	Ilmakiv‰‰ri
Date	Series	Shot	Hit	X ring	Sector	On	Total	Int.(s)			Trigger			COG		Fine %			Rough %			Hold time (s)
						target	time 		dev X	dev Y	ATV	TIRE	RTV	Hit	Sector	Target	COG	Hit	Target	COG	Hit	Target	COG	Hit
241014	1	1	10.1	0	7	16.3	48.6	0.0	0.17	0.23	0.18	1	1.01	10.7	7	100	98	95	100	98	98	8.07	8.07	8.10
241014	1	2	10.8	1	10	13.6	13.6	31.4	0.27	0.30	0.09	3	0.34	10.8	10	100	98	98	100	98	98	9.75	9.73	9.73
241014	1	3	10.0	0	1	12.8	12.8	26.0	0.20	0.33	0.11	2	0.58	10.2	1	74	98	98	100	98	98	9.03	8.96	8.94
241014	1	4	10.6	1	1	18.1	18.1	35.4	0.11	0.15	0.25	2	2.21	10.7	9	100	98	98	100	98	98	11.79	11.80	11.78
241014	1	5	10.8	1	4	15.6	15.6	31.1	0.12	0.26	0.16	3	0.87	10.7	1	100	98	98	100	98	98	11.65	11.64	11.65
241014	1	6	10.6	1	11	13.4	13.4	27.1	0.20	0.15	0.22	3	1.62	10.8	1	100	98	98	100	98	98	8.45	8.43	8.40
241014	1	7	10.6	1	12	12.0	36.0	1.02	0.21	0.31	0.17	3	0.69	10.7	12	97	98	98	100	98	98	11.97	11.97	11.97
241014	1	8	10.6	1	11	8.4	25.8	47.3	0.26	0.16	0.12	3	0.89	10.6	2	100	98	98	100	98	98	6.25	6.21	6.21
241014	1	9	10.0	0	3	15.8	25.4	2.35	0.19	0.21	0.14	1	0.78	10.2	3	92	98	98	100	98	98	6.55	6.55	6.55
241014	1	10	10.7	1	6	17.9	17.9	34.1	0.17	0.17	0.21	3	1.01	10.7	1	100	98	98	100	98	98	10.19	10.17	10.23
241014	2	1	10.8	1	4	14.5	14.7	35.9	0.16	0.14	0.17	2	0.95	10.7	2	100	98	98	100	98	98	10.24	10.24	10.24
241014	2	2	10.6	1	2	14.1	14.1	27.7	0.22	0.27	0.21	1	1.55	10.6	3	100	98	98	100	98	98	10.14	10.14	10.12
241014	2	3	10.6	1	3	19.2	19.2	35.6	0.17	0.22	0.12	3	0.56	10.4	2	100	98	98	100	98	98	10.53	10.41	10.50
241014	2	4	10.0	0	2	14.7	14.7	29.2	0.16	0.21	0.31	1	1.90	10.4	2	97	98	98	100	98	98	10.54	10.54	10.53
241014	2	5	10.4	1	8	15.0	15.0	33.5	0.18	0.24	0.11	2	0.47	10.6	9	100	98	98	100	98	98	11.09	11.07	11.09
241014	2	6	10.8	1	9	24.3	24.3	43.9	0.19	0.24	0.21	2	0.92	10.7	10	100	98	98	100	98	98	10.62	10.62	10.62
241014	2	7	10.4	1	10	16.3	16.3	31.8	0.15	0.27	0.21	3	1.28	10.5	10	100	98	98	100	98	98	11.38	11.36	11.36
241014	2	8	10.7	1	1	8.8	21.1	40.6	0.12	0.23	0.19	3	1.77	10.6	1	100	98	98	100	98	98	8.76	8.73	8.73
241014	2	9	10.5	1	2	17.4	80.2	9.52	0.16	0.12	0.11	3	0.92	10.6	2	100	98	98	100	98	98	7.54	7.54	7.54
241014	2	10	10.5	1	12	14.6	15.3	40.9	0.17	0.29	0.15	2	0.83	10.6	11	100	98	98	100	98	98	8.85	8.80	8.80
241014	3	1	10.3	1	2	14.8	15.2	35.2	0.10	0.23	0.13	3	0.75	10.4	2	100	98	98	100	98	98	8.96	8.93	8.93
241014	3	2	10.6	1	3	13.8	13.8	34.3	0.20	0.27	0.16	3	0.64	10.3	2	89	98	92	100	98	98	8.47	8.43	8.49
241014	3	3	10.5	1	2	14.7	14.7	30.9	0.19	0.25	0.07	3	0.39	10.4	1	97	98	98	100	98	98	10.77	10.66	10.74
241014	3	4	10.6	1	2	14.5	14.5	32.4	0.19	0.16	0.11	3	0.62	10.5	12	100	98	98	100	98	98	8.49	8.36	8.46
241014	3	5	10.3	1	9	18.2	18.2	39.8	0.16	0.18	0.19	3	1.15	10.3	11	95	98	98	100	98	98	6.08	6.06	6.09
241014	3	6	10.7	1	7	15.3	15.3	32.7	0.17	0.29	0.06	2	0.29	10.8	12	100	98	98	100	98	98	10.95	10.94	10.99
241014	3	7	10.7	1	10	15.4	15.4	33.9	0.21	0.26	0.27	3	1.25	10.6	12	95	98	98	100	98	98	9.87	9.81	9.82
241014	3	8	10.5	1	1	15.1	15.1	32.1	0.20	0.26	0.11	3	0.60	10.5	12	100	98	98	100	98	98	9.69	9.59	9.59
241014	3	9	10.1	0	11	11.6	16.7	48.0	0.12	0.17	0.16	1	1.35	10.3	10	100	98	98	100	98	98	8.85	8.76	8.73
241014	3	10	10.5	1	11	13.9	15.5	35.9	0.12	0.13	0.13	2	1.06	10.4	11	100	98	98	100	98	98	9.71	9.62	9.63
241014	4	1	10.6	1	8	13.3	16.4	45.6	0.15	0.19	0.19	3	0.89	10.7	8	100	98	98	100	98	98	10.77	10.86	10.88
241014	4	2	10.7	1	8	14.9	14.9	29.6	0.14	0.16	0.13	3	0.85	10.9	9	100	98	98	100	98	98	10.57	10.57	10.61
241014	4	3	10.2	1	7	14.1	14.1	28.4	0.15	0.14	0.15	1	0.93	10.3	7	100	98	98	100	98	98	11.10	11.18	11.18
241014	4	4	10.3	1	10	12.9	13.1	27.3	0.20	0.17	0.18	3	1.24	10.4	12	100	98	89	100	98	98	8.27	8.21	8.23
241014	4	5	10.5	1	10	14.2	17.4	40.4	0.14	0.12	0.12	2	1.00	10.5	9	100	98	98	100	98	98	10.79	10.74	10.71
241014	4	6	10.8	1	12	30.9	33.8	1.01	0.27	0.27	0.07	3	0.34	10.6	12	97	98	98	100	98	98	13.59	13.59	13.59
241014	4	7	10.3	1	10	16.9	16.9	33.4	0.24	0.30	0.11	3	0.37	10.3	10	92	98	98	100	98	98	12.59	12.59	12.59
241014	4	8	10.9	1	4	25.6	25.6	52.2	
241014	4	9	10.6	1	12	26.4	26.4	49.2	
241014	4	10	10.5	1	10	24.3	24.3	45.8	0.19	0.17	0.16	3	0.83	10.5	10	97	98	98	100	98	98	12.06	12.04	12.04
