Marko	Ilmakiv‰‰ri
Date	Series	Shot	Hit	X ring	Sector	On	Total	Int.(s)			Trigger			COG		Fine %			Rough %			Hold time (s)
						target	time 		dev X	dev Y	ATV	TIRE	RTV	Hit	Sector	Target	COG	Hit	Target	COG	Hit	Target	COG	Hit
251230	1	1	10.3	1	2	16.2	16.2	0.0	0.23	0.24	0.17	2	0.77	10.8	1	100	98	98	100	98	98	7.59	7.56	7.54
251230	1	2	10.7	1	6	12.1	12.1	24.1	0.17	0.22	0.20	3	1.12	10.7	7	100	98	98	100	98	98	7.08	7.09	7.11
251230	1	3	10.4	1	9	9.5	13.7	26.2	0.29	0.30	0.29	2	1.08	10.7	8	98	98	98	100	98	98	9.46	9.46	9.46
251230	1	4	10.7	1	3	13.7	13.7	26.9	0.22	0.27	0.10	3	0.41	10.7	5	100	98	98	100	98	98	9.95	9.95	9.95
251230	1	5	10.5	1	4	13.2	13.2	25.5	0.17	0.29	0.12	3	0.67	10.7	3	100	98	98	100	98	98	8.71	8.71	8.71
251230	1	6	10.2	1	5	11.6	11.6	23.0	0.17	0.23	0.13	1	0.71	10.5	6	100	98	98	100	98	98	6.32	6.34	6.36
251230	1	7	10.8	1	9	16.3	16.3	30.9	0.23	0.26	0.15	2	0.68	10.6	9	100	98	98	100	98	98	13.20	13.20	13.20
251230	1	8	10.4	1	6	13.1	13.1	25.5	0.15	0.23	0.18	2	1.21	10.9	2	100	98	98	100	98	98	7.70	7.70	7.88
251230	1	9	10.6	1	1	10.4	14.6	30.0	0.19	0.29	0.18	3	0.86	10.7	1	100	98	98	100	98	98	10.46	10.44	10.44
251230	1	10	10.6	1	5	14.5	14.5	27.8	0.14	0.27	0.12	3	0.66	10.6	2	100	98	97	100	98	98	10.06	10.02	10.10
251230	2	1	10.6	1	9	15.3	15.3	29.8	0.18	0.22	0.20	2	1.65	10.8	8	100	98	98	100	98	98	11.52	11.54	11.51
251230	2	2	10.8	1	1	17.0	17.2	32.0	0.16	0.27	0.22	3	1.25	10.7	11	100	98	98	100	98	98	13.72	13.72	13.72
251230	2	3	10.3	1	6	36.4	36.6	1.02	0.19	0.21	0.14	1	0.83	10.6	7	100	98	98	100	98	98	13.08	13.21	13.26
251230	2	4	10.9	1	5	12.7	12.7	26.0	0.22	0.15	0.08	3	0.57	10.8	10	100	98	98	100	98	98	10.29	10.29	10.30
251230	2	5	10.5	1	8	15.3	15.3	29.4	0.21	0.18	0.12	3	0.82	10.6	8	100	98	98	100	98	98	9.97	10.01	9.99
251230	2	6	10.4	1	10	12.4	12.4	25.6	0.25	0.24	0.15	1	1.03	10.7	12	100	98	98	100	98	98	9.75	9.72	9.73
251230	2	7	10.7	1	9	16.4	16.4	31.8	0.15	0.22	0.17	3	1.02	10.7	10	100	98	98	100	98	98	13.19	13.19	13.19
251230	2	8	10.7	1	10	12.6	12.7	26.0	0.27	0.14	0.12	3	0.91	10.8	8	100	98	98	100	98	98	8.10	8.10	8.10
251230	2	9	10.5	1	11	14.4	14.4	29.1	0.16	0.17	0.21	1	2.01	10.9	1	100	98	98	100	98	98	9.72	9.71	9.57
251230	2	10	10.9	1	12	13.3	13.3	27.1	0.15	0.21	0.21	3	1.15	10.4	6	100	98	98	100	98	98	8.70	8.74	8.70
251230	3	1	10.7	1	2	14.5	14.5	29.2	0.17	0.18	0.13	3	0.99	10.9	1	100	98	98	100	98	98	10.71	10.70	10.65
251230	3	2	10.5	1	11	13.9	13.9	27.1	0.20	0.19	0.15	1	1.28	10.7	1	100	98	98	100	98	98	9.45	9.44	9.40
251230	3	3	10.7	1	3	11.1	11.1	23.0	0.18	0.25	0.14	3	0.94	10.4	4	98	98	98	100	98	98	5.99	5.99	5.97
251230	3	4	10.5	1	7	15.0	15.0	28.2	0.16	0.20	0.08	1	0.51	10.7	7	100	98	98	100	98	98	11.67	11.76	11.79
251230	3	5	10.5	1	11	15.1	15.1	29.7	0.16	0.20	0.13	1	0.70	10.8	12	100	98	98	100	98	98	10.21	10.20	10.19
251230	3	6	10.2	1	3	14.8	32.2	2.47	0.21	0.18	0.08	2	0.59	10.2	2	89	98	98	100	98	98	7.79	7.72	7.72
251230	3	7	10.4	1	4	15.5	15.5	32.6	0.23	0.29	0.13	2	0.66	10.8	5	100	98	98	100	98	98	10.90	10.92	10.95
251230	3	8	10.5	1	7	28.4	28.4	49.9	0.15	0.19	0.14	3	0.93	10.7	7	100	98	98	100	98	98	12.46	12.51	12.54
251230	3	9	10.5	1	3	5.8	10.6	23.0	0.16	0.18	0.09	3	0.52	10.6	2	100	98	98	100	98	98	5.66	5.59	5.59
251230	3	10	10.8	1	6	15.4	15.4	29.1	0.18	0.18	0.24	3	1.54	10.6	8	100	98	98	100	98	98	11.65	11.67	11.67
251230	4	1	10.7	1	6	15.5	15.5	29.7	0.20	0.27	0.20	3	0.90	10.8	9	100	98	98	100	98	98	12.55	12.55	12.55
251230	4	2	10.4	1	5	15.3	15.3	28.5	0.21	0.20	0.11	1	0.64	10.4	5	100	98	98	100	98	98	10.99	11.14	11.14
251230	4	3	10.6	1	4	14.6	14.6	29.1	0.17	0.13	0.18	1	1.36	10.7	3	100	98	98	100	98	98	11.87	11.82	11.89
251230	4	4	10.5	1	5	13.8	13.8	27.0	0.14	0.17	0.09	2	0.64	10.6	4	100	98	98	100	98	98	9.49	9.49	9.53
251230	4	5	10.9	1	8	43.0	43.0	1.11	0.14	0.21	0.15	3	1.48	10.9	4	100	98	98	100	98	98	10.24	10.24	10.24
251230	4	6	10.4	1	6	17.0	17.1	31.7	0.20	0.15	0.27	2	1.47	10.4	6	100	98	98	100	98	98	8.87	8.93	8.93
251230	4	7	10.8	1	12	13.6	13.6	28.3	0.16	0.21	0.26	2	1.97	10.8	7	100	98	98	100	98	98	10.41	10.41	10.39
251230	4	8	10.7	1	12	14.2	14.2	26.9	0.18	0.19	0.28	3	1.92	10.6	11	100	98	98	100	98	98	10.14	10.06	10.06
251230	4	9	10.4	1	2	14.0	14.0	27.0	0.19	0.24	0.26	1	1.51	10.7	3	100	98	98	100	98	98	9.77	9.77	9.73
251230	4	10	10.7	1	2	16.7	16.7	33.8	0.20	0.25	0.16	2	0.98	10.8	11	100	98	98	100	98	98	11.07	11.04	11.04
251230	5	1	10.8	1	5	13.5	13.5	27.2	0.27	0.21	0.19	1	1.19	10.9	3	100	98	98	100	98	98	9.77	9.77	9.78
251230	5	2	10.6	1	10	15.5	15.5	29.4	0.16	0.16	0.16	3	0.91	10.7	10	100	98	98	100	98	98	11.73	11.71	11.71
251230	5	3	10.6	1	7	14.3	14.3	27.9	0.16	0.19	0.18	3	1.21	10.6	8	100	98	98	100	98	98	10.37	10.39	10.43
251230	5	4	10.8	1	6	13.9	14.0	27.6	0.17	0.18	0.21	3	1.14	10.7	8	100	98	98	100	98	98	9.91	9.93	9.93
251230	5	5	10.7	1	6	14.4	14.4	27.8	0.14	0.27	0.16	2	0.95	10.8	5	100	98	98	100	98	98	9.71	9.72	9.73
251230	5	6	10.0	0	9	11.9	11.9	24.4	0.13	0.15	0.14	2	1.26	10.2	9	100	98	98	100	98	98	5.80	5.89	5.83
251230	5	7	10.6	1	11	18.8	18.8	34.1	0.19	0.22	0.13	2	1.28	10.7	2	100	98	98	100	98	98	11.54	11.41	11.34
251230	5	8	10.5	1	1	16.3	16.3	30.9	0.19	0.26	0.13	3	0.76	10.5	1	100	98	98	100	98	98	12.75	12.64	12.64
251230	5	9	10.7	1	1	15.9	15.9	31.0	0.25	0.25	0.15	2	0.84	10.5	2	100	98	98	100	98	98	12.11	12.06	11.93
251230	5	10	10.5	1	3	14.7	14.7	29.2	0.16	0.19	0.15	3	1.01	10.7	4	100	98	98	100	98	98	9.53	9.53	9.51
251230	6	1	10.7	1	1	15.8	30.9	3.28	0.15	0.14	0.16	3	1.20	10.6	12	100	98	98	100	98	98	8.52	8.45	8.46
251230	6	2	10.3	1	2	32.4	32.4	55.6	0.14	0.16	0.08	2	0.64	10.4	2	100	98	98	100	98	98	9.66	9.62	9.63
251230	6	3	10.7	1	11	17.3	17.3	33.7	0.27	0.17	0.21	2	1.42	10.8	1	100	98	98	100	98	98	13.19	13.19	13.19
251230	6	4	10.8	1	11	14.2	14.2	30.3	0.14	0.18	0.12	3	0.73	10.7	12	100	98	98	100	98	98	11.89	11.84	11.87
251230	6	5	10.8	1	3	39.3	39.3	1.05	0.09	0.16	0.08	3	0.63	10.8	1	100	98	98	100	98	98	7.35	7.33	7.33
251230	6	6	10.5	1	1	14.3	14.3	27.8	0.09	0.13	0.14	3	1.32	10.6	1	100	98	98	100	98	98	10.59	10.52	10.52
251230	6	7	10.2	1	11	14.3	14.3	29.1	0.24	0.22	0.19	1	1.71	10.7	11	100	98	98	100	98	98	9.48	9.48	9.45
251230	6	8	10.6	1	3	16.8	16.8	33.8	0.21	0.17	0.08	2	0.49	10.8	3	100	98	98	100	98	98	9.99	9.99	9.97
251230	6	9	10.6	1	3	15.1	15.1	29.4	0.11	0.13	0.09	1	0.86	10.6	3	100	98	98	100	98	98	12.53	12.53	12.53
251230	6	10	10.9	1	12	15.3	15.3	32.1	0.10	0.23	0.11	3	1.01	10.8	2	100	98	98	100	98	98	11.16	11.16	11.16
251230	7	1	10.6	1	12	12.8	12.8	26.5	0.13	0.12	0.20	3	3.39	10.8	2	100	98	98	100	98	98	9.45	9.45	9.42
251230	7	2	10.6	1	8	15.6	15.6	29.4	0.28	0.16	0.07	3	0.48	10.7	9	100	98	98	100	98	98	13.10	13.10	13.10
251230	7	3	10.6	1	11	11.2	11.2	25.3	0.18	0.16	0.17	3	2.12	10.6	4	100	98	98	100	98	98	7.17	7.20	7.14
251230	7	4	10.7	1	8	15.2	15.2	29.0	0.14	0.20	0.13	3	0.89	10.7	9	100	98	98	100	98	98	12.33	12.33	12.36
251230	7	5	10.6	1	5	14.1	14.1	27.5	0.20	0.20	0.06	1	0.48	10.7	6	100	98	98	100	98	98	10.96	10.99	11.01
251230	7	6	10.7	1	2	14.8	14.8	29.0	0.15	0.17	0.18	3	1.31	10.9	1	100	98	98	100	98	98	11.01	11.01	10.98
251230	7	7	10.7	1	1	15.1	15.1	28.9	0.20	0.18	0.30	3	2.20	10.5	2	100	98	98	100	98	98	12.66	12.66	12.66
251230	7	8	10.5	1	6	12.4	12.4	24.3	0.21	0.15	0.16	3	0.71	10.6	7	100	98	98	100	98	98	7.33	7.35	7.37
251230	7	9	10.7	1	3	13.7	13.7	26.9	0.14	0.20	0.16	3	1.09	10.7	4	100	98	98	100	98	98	9.44	9.45	9.44
251230	7	10	10.1	0	4	13.2	13.2	26.5	0.20	0.12	0.08	2	0.70	10.2	4	85	98	98	100	98	98	9.07	9.13	9.13
