Marko	Ilmakiv‰‰ri
Date	Series	Shot	Hit	X ring	Sector	On	Total	Int.(s)			Trigger			COG		Fine %			Rough %			Hold time (s)
						target	time 		dev X	dev Y	ATV	TIRE	RTV	Hit	Sector	Target	COG	Hit	Target	COG	Hit	Target	COG	Hit
251118	1	1	10.7	1	1	20.7	22.9	0.0	0.12	0.17	0.10	2	0.71	10.6	12	100	98	98	100	98	98	8.79	8.76	8.78
251118	1	2	10.4	1	11	13.3	13.3	27.1	0.29	0.18	0.18	3	0.97	10.3	11	88	98	98	100	98	98	9.93	9.87	9.87
251118	1	3	10.6	1	1	15.2	15.2	30.4	0.10	0.17	0.05	3	0.34	10.4	12	100	98	98	100	98	98	13.23	13.23	13.23
251118	1	4	10.0	0	12	11.4	11.4	24.3	0.13	0.17	0.18	1	1.73	10.5	12	100	98	98	100	98	98	7.04	6.97	6.87
251118	1	5	10.2	1	1	8.6	21.2	41.1	0.15	0.14	0.16	2	0.99	10.4	3	100	98	98	100	98	98	6.08	5.96	5.91
251118	1	6	10.4	1	4	12.9	12.9	27.5	0.13	0.16	0.09	1	0.62	10.5	3	100	98	98	100	98	98	8.91	8.67	8.67
251118	1	7	10.7	1	12	12.1	12.1	25.8	0.17	0.23	0.11	3	0.69	10.8	12	100	98	98	100	98	98	7.23	7.20	7.17
251118	1	8	10.6	1	3	12.9	12.9	26.0	0.10	0.15	0.13	1	1.05	10.6	2	100	98	98	100	98	98	8.93	8.91	8.94
251118	1	9	10.7	1	6	14.7	14.7	29.2	0.18	0.20	0.11	2	0.72	10.8	6	100	98	98	100	98	98	9.69	9.71	9.75
251118	1	10	10.5	1	3	12.5	12.5	25.3	0.24	0.20	0.20	2	1.13	10.8	6	100	98	97	100	98	98	6.99	7.00	6.99
251118	2	1	10.6	1	5	14.0	14.0	28.2	0.22	0.17	0.11	1	0.64	10.7	6	100	98	98	100	98	98	10.48	10.52	10.52
251118	2	2	10.6	1	10	14.4	14.4	27.5	0.10	0.18	0.17	3	1.51	10.8	8	100	98	98	100	98	98	10.81	10.83	10.79
251118	2	3	10.8	1	11	14.8	14.8	28.0	0.12	0.16	0.12	3	0.91	10.6	11	100	98	98	100	98	98	11.69	11.60	11.67
251118	2	4	10.5	1	7	15.5	15.5	29.3	0.08	0.26	0.07	1	0.45	10.8	8	100	98	98	100	98	98	12.36	12.38	12.51
251118	2	5	10.6	1	8	13.4	13.4	26.9	0.13	0.15	0.06	3	0.44	10.5	8	100	98	98	100	98	98	9.45	9.49	9.49
251118	2	6	10.6	1	10	14.3	14.3	28.8	0.12	0.26	0.12	2	0.75	10.6	9	100	98	98	100	98	98	11.21	11.19	11.19
251118	2	7	10.7	1	11	13.6	13.6	26.3	0.21	0.20	0.10	2	0.52	10.7	11	100	98	98	100	98	98	10.04	9.96	9.96
251118	2	8	10.5	1	1	13.2	13.2	24.9	0.06	0.26	0.07	3	0.56	10.6	1	100	98	98	100	98	98	8.43	8.29	8.29
251118	2	9	10.7	1	7	14.6	14.6	27.8	0.14	0.23	0.11	1	0.58	10.6	8	100	98	98	100	98	98	10.52	10.52	10.53
251118	2	10	10.3	1	5	14.4	14.4	27.1	0.19	0.15	0.12	1	0.63	10.5	5	100	98	98	100	98	98	9.35	9.40	9.53
251118	3	1	10.8	1	2	15.0	15.0	29.3	0.13	0.15	0.16	3	1.27	10.8	2	100	98	98	100	98	98	11.40	11.43	11.43
251118	3	2	10.8	1	12	13.4	13.4	26.1	0.16	0.18	0.08	3	0.63	10.7	10	100	98	98	100	98	98	9.66	9.64	9.64
251118	3	3	10.9	1	8	13.9	13.9	26.9	0.14	0.20	0.08	3	0.46	10.8	6	100	98	98	100	98	98	10.38	10.41	10.38
251118	3	4	10.7	1	6	14.4	14.4	27.6	0.14	0.17	0.13	2	1.08	10.7	5	100	98	98	100	98	98	9.96	9.99	10.01
251118	3	5	10.7	1	12	15.1	15.1	28.4	0.09	0.18	0.13	3	0.93	10.6	12	100	98	98	100	98	98	11.32	11.29	11.29
251118	3	6	10.8	1	8	16.4	16.4	30.9	0.16	0.21	0.16	3	0.89	10.9	12	100	98	98	100	98	98	13.48	13.48	13.48
251118	3	7	10.9	1	11	16.7	16.7	31.0	0.11	0.20	0.10	3	0.85	10.8	9	100	98	98	100	98	98	12.49	12.48	12.46
251118	3	8	10.6	1	12	16.9	16.9	32.1	0.16	0.19	0.21	1	1.53	10.7	1	100	98	98	100	98	98	13.24	13.23	13.21
251118	3	9	10.3	1	7	15.3	15.3	30.2	0.14	0.17	0.17	1	1.15	10.5	7	100	98	98	100	98	98	12.35	12.42	12.44
251118	3	10	10.9	1	5	14.4	14.4	29.2	0.11	0.18	0.10	3	0.80	10.9	6	100	98	98	100	98	98	9.53	9.57	9.55
251118	4	1	10.8	1	5	16.7	18.0	2.37	0.15	0.23	0.09	2	0.42	10.9	3	100	98	98	100	98	98	11.04	11.04	11.05
251118	4	2	10.5	1	3	13.5	13.5	26.4	0.21	0.19	0.10	2	0.52	10.6	3	100	98	98	100	98	98	9.78	9.78	9.78
251118	4	3	10.7	1	2	14.6	14.6	28.4	0.21	0.23	0.17	1	0.83	10.7	2	100	98	98	100	98	98	11.22	11.21	11.22
251118	4	4	10.8	1	5	19.1	19.1	36.3	0.19	0.14	0.09	2	0.60	10.9	10	100	98	98	100	98	98	13.46	13.46	13.46
251118	4	5	10.6	1	7	17.2	17.2	31.3	0.16	0.20	0.13	3	0.81	10.8	7	100	98	98	100	98	98	13.50	13.50	13.50
251118	4	6	10.8	1	9	16.9	16.9	31.0	0.22	0.23	0.13	3	0.51	10.8	8	100	98	98	100	98	98	13.21	13.21	13.21
251118	4	7	10.7	1	4	17.1	17.1	31.5	0.24	0.24	0.17	3	0.96	10.8	7	100	98	98	100	98	98	13.57	13.57	13.57
251118	4	8	10.6	1	8	18.5	18.5	33.2	0.14	0.19	0.15	2	1.36	10.7	6	100	98	98	100	98	98	13.74	13.74	13.74
251118	4	9	10.8	1	3	17.1	17.1	31.9	0.12	0.15	0.09	2	0.66	10.9	7	100	98	98	100	98	98	13.62	13.62	13.62
251118	4	10	10.7	1	7	16.2	16.2	30.1	0.12	0.20	0.08	1	0.49	10.8	7	100	98	98	100	98	98	11.61	11.62	11.62
251118	5	1	10.8	1	4	14.1	14.1	28.6	0.12	0.19	0.11	2	0.65	10.8	3	100	98	98	100	98	98	10.29	10.29	10.29
251118	5	2	10.4	1	11	14.0	14.0	28.4	0.14	0.16	0.17	2	1.65	10.9	9	100	98	98	100	98	98	11.65	11.65	11.55
251118	5	3	10.7	1	12	16.6	16.6	31.5	0.17	0.20	0.17	3	1.25	10.8	6	100	98	98	100	98	98	13.53	13.53	13.53
251118	5	4	10.8	1	6	13.9	13.9	27.2	0.10	0.16	0.18	3	2.42	10.7	4	100	98	98	100	98	98	9.69	9.75	9.75
251118	5	5	10.4	1	6	12.5	12.5	25.1	0.18	0.15	0.11	2	0.76	10.5	5	100	98	98	100	98	98	8.13	8.18	8.18
251118	5	6	10.7	1	6	16.4	16.4	31.1	0.11	0.14	0.10	3	1.01	10.9	6	100	98	98	100	98	98	12.84	12.84	12.87
251118	5	7	10.7	1	6	15.8	15.8	29.6	0.12	0.18	0.06	2	0.57	10.8	4	100	98	98	100	98	98	13.28	13.28	13.32
251118	5	8	10.6	1	3	14.4	14.4	27.8	0.17	0.17	0.08	1	0.55	10.7	3	100	98	98	100	98	98	10.41	10.41	10.43
251118	5	9	10.5	1	5	17.7	17.7	32.7	0.13	0.21	0.13	1	0.79	10.6	5	100	98	98	100	98	98	13.62	13.62	13.62
251118	5	10	10.6	1	4	15.7	15.7	30.7	0.16	0.21	0.11	3	0.68	10.5	4	100	98	98	100	98	98	11.10	11.12	11.12
251118	6	1	10.4	1	5	16.7	16.7	33.2	0.18	0.19	0.13	1	0.77	10.6	4	100	98	98	100	98	98	12.36	12.39	12.44
251118	6	2	10.5	1	5	13.7	13.7	29.4	0.19	0.18	0.08	2	0.49	10.5	6	100	98	98	100	98	98	9.44	9.48	9.49
251118	6	3	10.6	1	8	14.2	14.2	28.4	0.15	0.19	0.08	3	0.56	10.7	8	100	98	98	100	98	98	11.58	11.60	11.61
251118	6	4	10.6	1	12	17.4	17.4	34.6	0.16	0.18	0.14	2	0.83	10.6	11	100	98	98	100	98	98	13.71	13.71	13.71
251118	6	5	10.8	1	5	16.4	16.4	30.6	0.08	0.18	0.06	2	0.63	10.9	2	100	98	98	100	98	98	13.70	13.70	13.70
251118	6	6	10.7	1	11	17.9	17.9	32.4	0.12	0.25	0.14	3	1.09	10.6	11	100	98	98	100	98	98	13.59	13.59	13.59
251118	6	7	10.6	1	11	15.6	15.6	28.7	0.14	0.18	0.16	1	1.30	10.6	12	100	98	98	100	98	98	12.29	12.24	12.22
251118	6	8	10.5	1	7	16.2	16.2	30.2	0.19	0.15	0.15	2	0.81	10.7	7	100	98	98	100	98	98	12.26	12.26	12.26
251118	6	9	10.7	1	1	17.5	17.5	32.7	0.17	0.22	0.12	3	0.85	10.7	1	100	98	98	100	98	98	13.53	13.53	13.53
251118	6	10	10.9	1	12	24.3	24.3	42.7	0.13	0.22	0.09	3	0.84	10.8	9	100	98	98	100	98	98	13.54	13.54	13.54
