Marko	Ilmakiv‰‰ri
Date	Series	Shot	Hit	X ring	Sector	On	Total	Int.(s)			Trigger			COG		Fine %			Rough %			Hold time (s)
						target	time 		dev X	dev Y	ATV	TIRE	RTV	Hit	Sector	Target	COG	Hit	Target	COG	Hit	Target	COG	Hit
251030	1	1	10.8	1	8	15.2	49.0	0.0	0.18	0.18	0.09	3	0.37	10.9	1	100	98	98	100	98	98	11.93	11.93	11.93
251030	1	2	10.1	0	3	12.4	12.4	24.9	0.16	0.20	0.13	3	0.73	10.2	2	94	98	98	100	98	98	9.04	9.04	9.09
251030	1	3	10.4	1	2	14.6	14.6	31.2	0.20	0.26	0.28	2	1.17	10.7	1	100	98	98	100	98	98	12.30	12.30	12.30
251030	1	4	10.5	1	2	13.6	13.6	28.0	0.22	0.17	0.17	2	0.86	10.6	1	100	98	98	100	98	98	8.64	8.64	8.82
251030	1	5	10.7	1	2	14.7	14.7	30.7	0.22	0.19	0.14	3	0.82	10.6	1	100	98	98	100	98	98	11.89	11.91	11.91
251030	1	6	10.6	1	3	16.3	16.3	32.7	0.19	0.19	0.22	2	0.92	10.7	1	100	98	98	100	98	98	12.88	12.88	12.88
251030	1	7	10.6	1	1	14.9	14.9	29.2	0.22	0.24	0.28	3	1.03	10.5	2	100	98	98	100	98	98	12.00	11.98	11.98
251030	1	8	10.5	1	12	15.1	15.1	30.9	0.17	0.16	0.08	3	0.34	10.3	12	95	98	98	100	98	98	10.61	10.32	10.47
251030	1	9	10.4	1	2	16.9	16.9	33.1	0.15	0.17	0.12	3	0.68	10.4	2	100	98	98	100	98	98	12.90	12.88	12.90
251030	1	10	10.9	1	9	13.2	15.7	32.2	0.21	0.17	0.18	3	0.87	10.9	10	100	98	98	100	98	98	9.77	9.72	9.75
251030	2	1	10.7	1	12	12.1	13.6	30.1	0.16	0.26	0.11	2	0.68	10.7	10	100	98	98	100	98	98	9.31	9.29	9.29
251030	2	2	10.6	1	11	16.1	16.1	30.6	0.14	0.16	0.11	3	0.58	10.4	10	100	98	98	100	98	98	11.40	11.34	11.36
251030	2	3	10.7	1	4	14.8	14.8	28.4	0.16	0.14	0.11	3	0.53	10.8	3	100	98	98	100	98	98	11.47	11.49	11.51
251030	2	4	10.8	1	2	13.1	13.1	26.5	0.15	0.14	0.14	3	0.72	10.5	1	100	98	98	100	98	98	8.14	8.12	8.14
251030	2	5	10.6	1	12	14.8	14.8	28.7	0.25	0.19	0.19	3	1.10	10.6	1	100	98	98	100	98	98	10.81	10.80	10.79
251030	2	6	10.7	1	12	15.1	15.1	28.7	0.16	0.20	0.09	3	0.47	10.8	1	100	98	98	100	98	98	11.51	11.47	11.46
251030	2	7	10.5	1	1	16.4	16.4	30.7	0.18	0.15	0.20	2	0.98	10.5	1	100	98	98	100	98	98	12.16	12.16	12.16
251030	2	8	10.8	1	6	13.8	13.8	27.7	0.18	0.17	0.12	3	0.80	10.6	2	100	98	98	100	98	98	9.18	9.18	9.18
251030	2	9	10.3	1	11	15.3	15.3	29.0	0.19	0.17	0.22	3	1.52	10.9	10	100	98	98	100	98	98	11.40	11.40	11.38
251030	2	10	10.6	1	3	13.4	13.4	26.9	0.17	0.14	0.16	3	0.83	10.9	0	100	98	98	100	98	98	9.30	9.30	9.33
251030	3	1	10.3	1	1	11.3	11.3	23.1	0.18	0.18	0.19	1	1.09	10.6	12	100	98	98	100	98	98	6.48	6.42	6.39
251030	3	2	10.8	1	10	14.0	14.0	27.2	0.21	0.15	0.15	3	0.75	10.8	3	100	98	98	100	98	98	11.82	11.84	11.82
251030	3	3	10.6	1	11	14.5	14.5	27.6	0.18	0.17	0.13	3	0.64	10.6	12	100	98	98	100	98	98	11.27	11.23	11.23
251030	3	4	10.5	1	3	11.9	11.9	23.5	0.09	0.15	0.10	3	0.97	10.4	2	100	98	98	100	98	98	8.60	8.58	8.60
251030	3	5	10.5	1	9	14.3	14.3	27.7	0.18	0.17	0.17	2	1.36	10.9	1	100	98	98	100	98	98	11.88	11.88	11.87
251030	3	6	10.2	1	1	13.7	13.7	29.0	0.14	0.20	0.16	1	1.12	10.6	2	100	98	98	100	98	98	11.22	11.23	11.19
251030	3	7	10.7	1	2	13.2	13.2	28.7	0.18	0.14	0.14	2	0.74	10.8	1	100	98	98	100	98	98	11.82	11.80	11.80
251030	3	8	10.5	1	4	13.5	13.5	26.9	0.12	0.20	0.14	3	0.97	10.7	2	100	98	98	100	98	98	10.19	10.19	10.21
251030	3	9	10.4	1	1	7.8	22.1	42.3	0.28	0.18	0.11	1	0.93	10.5	3	100	98	98	100	98	98	7.75	7.74	7.67
251030	3	10	10.7	1	4	16.4	16.4	34.3	0.11	0.25	0.11	2	0.84	10.7	4	100	98	98	100	98	98	12.12	12.16	12.16
251030	4	1	10.4	1	5	15.4	19.1	2.42	0.16	0.20	0.15	1	0.84	10.8	4	100	98	98	100	98	98	7.63	7.65	7.71
251030	4	2	10.5	1	5	15.6	15.6	29.9	0.14	0.20	0.17	1	0.98	10.7	5	100	98	98	100	98	98	12.16	12.18	12.20
251030	4	3	10.5	1	6	11.7	11.7	24.1	0.20	0.16	0.17	1	1.11	10.6	4	100	98	98	100	98	98	8.45	8.46	8.49
251030	4	4	10.4	1	3	14.2	14.2	29.6	0.20	0.13	0.14	2	0.74	10.5	4	100	98	98	100	98	98	11.31	11.32	11.31
251030	4	5	10.4	1	4	16.1	16.1	31.3	0.15	0.19	0.14	2	0.81	10.6	5	100	98	98	100	98	98	11.96	12.03	12.03
251030	4	6	10.7	1	6	14.3	14.3	29.9	0.13	0.15	0.10	1	0.69	10.8	5	100	98	98	100	98	98	10.14	10.15	10.17
251030	4	7	10.4	1	3	14.4	14.4	27.8	0.18	0.19	0.15	1	0.95	10.5	4	100	98	98	100	98	98	9.96	9.97	9.96
251030	4	8	10.3	1	1	31.2	31.2	54.2	0.13	0.22	0.15	2	0.88	10.4	12	95	98	98	100	98	98	11.56	11.51	11.51
251030	4	9	10.7	1	5	17.8	18.5	36.7	0.20	0.15	0.09	3	0.48	10.8	8	100	98	98	100	98	98	12.15	12.16	12.18
251030	4	10	10.4	1	8	19.4	19.4	37.9	0.16	0.15	0.19	3	1.22	10.7	9	100	98	98	100	98	98	12.18	12.18	12.18
251030	5	1	10.6	1	10	15.5	15.9	34.3	0.11	0.21	0.10	3	0.68	10.7	10	100	98	98	100	98	98	11.58	11.56	11.56
251030	5	2	10.3	1	3	15.2	15.2	29.6	0.26	0.18	0.08	1	0.36	10.6	2	100	98	98	100	98	98	13.02	13.01	12.99
251030	5	3	10.9	1	7	16.6	16.6	33.2	0.15	0.11	0.14	3	1.01	10.8	8	100	98	98	100	98	98	13.77	13.77	13.77
251030	5	4	10.6	1	7	13.1	13.1	26.5	0.20	0.11	0.13	2	0.89	10.7	5	100	98	98	100	98	98	9.27	9.30	9.30
251030	5	5	10.6	1	12	16.3	16.3	30.9	0.23	0.14	0.25	2	2.23	10.7	10	100	98	98	100	98	98	12.57	12.57	12.57
251030	5	6	10.8	1	7	14.7	14.7	29.4	0.18	0.13	0.09	3	0.54	10.7	9	100	98	98	100	98	98	11.38	11.37	11.38
251030	5	7	10.6	1	11	13.9	13.9	27.4	0.16	0.17	0.20	3	1.51	10.8	1	100	98	98	100	98	98	9.95	9.95	9.93
251030	5	8	10.7	1	1	12.8	12.8	25.5	0.22	0.10	0.14	3	1.17	10.8	1	100	98	98	100	98	98	8.52	8.52	8.45
251030	5	9	10.7	1	7	16.4	16.4	30.8	0.13	0.14	0.09	3	0.59	10.9	10	100	98	98	100	98	98	13.21	13.21	13.21
251030	5	10	10.6	1	8	16.1	16.1	30.2	0.23	0.13	0.17	3	1.16	10.8	10	100	98	98	100	98	98	12.57	12.55	12.59
251030	6	1	10.8	1	10	13.2	13.2	26.7	0.19	0.29	0.13	3	0.76	10.8	3	100	98	98	100	98	98	9.51	9.51	9.49
251030	6	2	10.4	1	4	12.0	12.0	24.2	0.22	0.15	0.35	2	2.41	10.8	7	100	98	98	100	98	98	9.69	9.71	9.72
251030	6	3	10.8	1	2	15.4	15.4	31.4	0.15	0.14	0.09	1	0.59	10.8	1	100	98	98	100	98	98	13.23	13.23	13.23
251030	6	4	10.5	1	5	13.4	13.4	27.8	0.27	0.15	0.11	1	0.61	10.8	5	100	98	98	100	98	98	10.28	10.29	10.30
251030	6	5	10.8	1	11	16.6	16.6	31.3	0.13	0.18	0.13	3	0.90	10.8	11	100	98	98	100	98	98	13.57	13.57	13.57
251030	6	6	10.4	1	7	12.6	12.6	26.4	0.11	0.13	0.22	1	2.83	10.6	5	100	98	98	100	98	98	9.26	9.27	9.27
251030	6	7	10.9	1	4	16.9	17.2	34.0	0.14	0.19	0.19	2	1.69	10.8	5	100	98	98	100	98	98	13.48	13.48	13.48
251030	6	8	10.4	1	12	15.6	15.6	30.6	0.17	0.15	0.18	1	1.65	10.8	2	100	98	98	100	98	98	12.27	12.27	12.24
251030	6	9	10.7	1	10	14.3	14.3	29.7	0.13	0.27	0.18	2	1.41	10.6	9	100	98	98	100	98	98	11.82	11.80	11.79
251030	6	10	10.8	1	9	16.6	16.6	31.3	0.07	0.18	0.13	3	1.53	10.7	10	100	98	98	100	98	98	13.29	13.29	13.29
