Marko	Ilmakiv‰‰ri
Date	Series	Shot	Hit	X ring	Sector	On	Total	Int.(s)			Trigger			COG		Fine %			Rough %			Hold time (s)
						target	time 		dev X	dev Y	ATV	TIRE	RTV	Hit	Sector	Target	COG	Hit	Target	COG	Hit	Target	COG	Hit
231216	1	1	10.7	1	9	13.8	17.0	0.0	0.26	0.22	0.12	3	0.57	10.7	1	100	98	98	100	98	98	6.34	6.33	6.34
231216	1	2	10.1	0	1	13.8	13.8	28.0	0.19	0.26	0.19	3	0.83	10.2	1	73	98	98	100	98	98	5.82	5.71	5.70
231216	1	3	10.2	1	2	10.0	23.8	44.9	0.25	0.21	0.25	3	1.19	10.1	2	64	98	98	100	98	98	4.51	4.51	4.51
231216	1	4	10.8	1	1	12.2	12.2	29.6	0.25	0.19	0.10	3	0.45	10.4	2	92	98	98	100	98	98	5.94	5.91	5.92
231216	1	5	10.5	1	3	16.6	16.6	33.2	0.22	0.14	0.21	1	1.21	10.5	3	100	98	98	100	98	98	5.78	5.83	5.83
231216	1	6	10.0	0	2	13.4	13.4	29.2	0.17	0.20	0.31	3	1.96	10.0	3	35	98	98	100	98	98	6.97	6.97	6.95
231216	1	7	10.1	0	3	12.4	15.1	32.9	0.13	0.16	0.12	1	0.73	10.3	3	100	98	98	100	98	98	6.03	6.00	5.99
231216	1	8	10.6	1	1	16.9	16.9	34.6	0.12	0.22	0.14	2	0.70	10.6	2	100	98	98	100	98	98	7.67	7.62	7.56
231216	1	9	10.3	1	3	13.6	13.8	30.7	0.17	0.19	0.08	1	0.40	10.3	3	100	98	98	100	98	98	5.88	5.88	5.87
231216	1	10	10.5	1	4	12.4	17.6	33.9	0.14	0.22	0.11	2	0.61	10.6	2	100	98	98	100	98	98	8.13	8.12	8.14
231216	2	1	10.6	1	5	11.8	15.2	34.8	0.17	0.37	0.11	3	0.75	10.6	3	100	98	89	100	98	98	7.18	7.18	7.21
231216	2	2	10.9	1	1	12.8	12.8	26.2	0.17	0.15	0.11	2	0.79	10.7	1	100	98	98	100	98	98	6.83	6.69	6.81
231216	2	3	10.5	1	3	8.9	18.1	36.9	0.19	0.24	0.13	3	0.59	10.5	4	100	98	98	100	98	98	8.94	8.94	8.91
231216	2	4	10.6	1	2	13.1	13.1	26.7	0.19	0.10	0.14	2	0.79	10.6	1	100	98	98	100	98	98	7.08	7.02	7.05
231216	2	5	10.3	1	1	11.3	11.3	24.0	0.11	0.22	0.15	1	1.04	10.5	1	100	98	98	100	98	98	4.32	4.26	4.21
231216	2	6	10.6	1	5	17.0	17.0	33.3	0.10	0.15	0.08	3	0.70	10.6	4	100	98	98	100	98	98	8.41	8.46	8.55
231216	2	7	10.7	1	2	22.2	36.3	1.04	0.14	0.15	0.17	3	1.86	10.6	3	100	98	98	100	98	98	7.59	7.59	7.59
231216	2	8	10.6	1	5	12.5	12.5	25.7	0.15	0.16	0.18	2	1.41	10.5	4	100	98	98	100	98	98	6.83	6.86	6.87
231216	2	9	10.7	1	2	18.1	18.1	35.0	0.24	0.14	0.09	1	0.40	10.7	3	100	98	98	100	98	98	6.01	6.03	6.01
231216	2	10	10.4	1	2	12.7	12.7	26.0	0.20	0.25	0.20	2	1.08	10.4	3	100	98	98	100	98	98	5.61	5.58	5.57
231216	3	1	10.7	1	6	12.1	12.9	30.2	0.19	0.20	0.16	2	0.94	10.9	7	100	98	98	100	98	98	6.66	6.67	6.67
231216	3	2	10.7	1	6	15.1	15.1	31.5	0.20	0.14	0.25	1	1.27	10.7	3	100	98	98	100	98	98	10.08	10.10	10.10
231216	3	3	10.5	1	3	12.8	12.8	25.8	0.19	0.13	0.29	3	1.64	10.6	3	100	98	98	100	98	98	6.67	6.69	6.69
231216	3	4	10.6	1	7	11.8	11.8	24.0	0.19	0.18	0.12	1	0.63	10.8	5	100	98	98	100	98	98	6.36	6.38	6.41
231216	3	5	10.7	1	5	11.2	11.2	23.5	0.27	0.21	0.07	3	0.23	10.6	7	100	98	98	100	98	98	6.90	6.92	6.92
231216	3	6	10.1	0	3	12.9	12.9	25.3	0.26	0.17	0.13	2	0.70	10.4	3	100	98	98	100	98	98	7.67	7.67	7.67
231216	3	7	10.5	1	3	12.5	12.5	25.2	0.24	0.16	0.08	1	0.36	10.6	2	100	98	98	100	98	98	7.30	7.32	7.35
231216	3	8	10.7	1	4	12.4	12.4	25.0	0.17	0.22	0.14	3	0.85	10.5	3	100	98	98	100	98	98	6.42	6.41	6.43
231216	3	9	10.6	1	2	14.6	14.6	28.2	0.21	0.15	0.10	1	0.58	10.7	2	100	98	98	100	98	98	9.62	9.62	9.62
231216	3	10	10.3	1	5	12.8	12.8	25.5	0.22	0.17	0.21	2	1.05	10.6	4	100	98	98	100	98	98	7.38	7.42	7.46
231216	4	1	10.5	1	3	20.1	22.1	3.20	0.23	0.24	0.19	1	0.89	10.7	4	100	98	98	100	98	98	7.02	7.04	7.05
231216	4	2	10.2	1	2	14.5	14.5	27.8	0.14	0.17	0.16	2	0.85	10.4	2	100	98	98	100	98	98	7.88	7.86	7.86
231216	4	3	10.7	1	6	18.6	18.6	36.3	0.16	0.20	0.20	1	1.08	10.7	4	100	98	98	100	98	98	7.91	7.92	7.92
231216	4	4	10.7	1	3	19.5	19.5	36.2	0.19	0.20	0.14	3	0.73	10.7	2	100	98	98	100	98	98	8.78	8.73	8.73
231216	4	5	9.7	0	1	13.9	13.9	28.3	0.22	0.21	0.34	1	2.30	10.5	1	94	98	82	100	98	98	7.62	7.59	7.49
231216	4	6	10.4	1	5	17.0	17.0	34.2	0.19	0.21	0.22	2	1.06	10.4	5	95	98	98	100	98	98	6.09	6.21	6.21
231216	4	7	10.3	1	4	14.0	14.0	27.6	0.19	0.16	0.15	1	0.96	10.5	4	100	98	98	100	98	98	8.94	9.04	9.06
231216	4	8	10.6	1	5	14.2	14.2	27.4	0.19	0.17	0.10	3	0.58	10.8	3	100	98	98	100	98	98	8.27	8.27	8.29
231216	4	9	10.2	1	3	11.7	11.7	23.3	0.25	0.34	0.18	2	0.92	10.4	4	100	98	98	100	98	98	5.25	5.29	5.25
231216	4	10	10.9	1	1	13.9	13.9	26.0	0.33	0.20	0.17	2	0.67	10.6	3	100	98	98	100	98	98	9.21	9.26	9.18
231216	5	1	10.8	1	6	12.0	12.0	25.2	0.20	0.32	0.20	3	0.77	10.7	4	100	98	98	100	98	98	6.30	6.32	6.32
231216	5	2	10.4	1	7	12.1	12.1	23.7	0.12	0.22	0.09	1	0.65	10.8	5	100	98	98	100	98	98	6.88	6.90	6.99
231216	5	3	10.9	1	4	13.6	13.6	25.9	0.18	0.28	0.21	2	1.01	10.6	3	100	98	98	100	98	98	8.46	8.54	8.46
231216	5	4	10.6	1	5	11.7	11.7	23.1	0.36	0.27	0.21	3	0.88	10.3	5	77	98	98	100	98	98	5.25	5.42	5.29
231216	5	5	10.5	1	3	14.1	14.1	26.8	0.17	0.18	0.28	3	1.40	10.7	4	100	98	98	100	98	98	9.69	9.78	9.78
231216	5	6	10.6	1	3	14.5	14.5	28.9	0.23	0.22	0.09	3	0.56	10.7	4	100	98	98	100	98	98	8.46	8.49	8.49
231216	5	7	10.7	1	6	13.2	13.2	25.2	0.22	0.19	0.19	3	1.32	10.8	8	100	98	98	100	98	98	7.89	7.91	7.93
231216	5	8	10.7	1	3	14.3	14.3	27.0	0.20	0.20	0.09	3	0.45	10.9	3	100	98	98	100	98	98	9.09	9.09	9.11
231216	5	9	10.8	1	4	12.7	12.7	24.5	0.19	0.29	0.17	3	0.70	10.7	6	100	98	98	100	98	98	6.60	6.62	6.62
231216	5	10	10.3	1	5	14.6	14.6	27.6	0.19	0.15	0.06	3	0.35	10.3	5	100	98	98	100	98	98	8.82	8.88	8.89
231216	6	1	10.6	1	3	13.4	13.4	26.9	0.13	0.29	0.07	3	0.40	10.5	3	100	98	98	100	98	98	7.28	7.29	7.29
231216	6	2	10.0	0	2	13.4	13.4	25.8	0.28	0.17	0.17	2	0.73	10.1	2	67	98	98	100	98	98	8.73	8.56	8.56
231216	6	3	10.0	0	4	14.8	14.8	28.8	0.23	0.16	0.15	2	0.57	10.2	4	91	98	98	100	98	98	7.16	7.17	7.26
231216	6	4	10.5	1	3	20.8	20.8	38.1	0.23	0.15	0.22	3	1.16	10.7	3	100	98	98	100	98	98	7.86	7.86	7.86
231216	6	5	10.7	1	7	12.4	12.4	24.8	0.14	0.22	0.17	2	1.40	10.7	3	100	98	98	100	98	98	5.78	5.78	5.79
231216	6	6	10.6	1	5	20.2	53.7	3.21	0.20	0.25	0.16	2	0.81	10.9	6	100	98	97	100	98	98	8.01	8.01	8.10
231216	6	7	10.8	1	7	13.3	13.3	25.2	0.17	0.16	0.10	2	0.47	10.8	6	100	98	98	100	98	98	7.70	7.71	7.70
231216	6	8	10.2	1	3	12.9	12.9	25.1	0.20	0.24	0.30	1	1.72	10.2	3	76	98	98	100	98	98	7.00	7.04	7.00
231216	6	9	10.3	1	5	12.9	12.9	25.8	0.13	0.20	0.08	1	0.44	10.4	5	100	98	98	100	98	98	6.43	6.48	6.50
231216	6	10	10.6	1	2	14.9	14.9	28.5	0.13	0.27	0.18	2	1.10	10.5	3	100	98	98	100	98	98	8.34	8.37	8.34
231216	7	1	10.0	0	4	8.8	23.8	45.1	0.18	0.23	0.23	1	1.19	10.5	4	100	98	98	100	98	98	8.82	8.84	8.84
231216	7	2	10.7	1	7	12.1	12.1	25.7	0.31	0.29	0.36	3	1.67	10.4	4	85	98	83	100	98	98	5.85	5.91	5.88
231216	7	3	10.3	1	4	12.9	12.9	25.1	0.22	0.12	0.23	1	1.21	10.7	6	100	98	94	100	98	98	7.47	7.49	7.50
231216	7	4	10.6	1	7	14.6	14.6	27.9	0.18	0.25	0.09	1	0.56	10.9	10	100	98	95	100	98	98	8.34	8.34	8.36
231216	7	5	10.4	1	7	12.0	12.0	23.4	0.24	0.19	0.21	2	1.21	10.6	5	100	98	92	100	98	98	6.53	6.67	6.71
231216	7	6	10.7	1	5	15.0	15.0	28.2	0.24	0.24	0.32	2	1.78	10.6	3	100	98	98	100	98	98	8.27	8.32	8.36
231216	7	7	10.7	1	7	29.1	29.1	50.3	0.15	0.24	0.18	3	1.39	10.5	7	100	98	98	100	98	98	10.32	10.38	10.35
231216	7	8	10.9	1	6	13.2	13.2	26.0	0.14	0.18	0.16	3	0.76	10.7	1	100	98	98	100	98	98	8.00	7.96	8.03
231216	7	9	10.7	1	7	13.9	13.9	26.5	0.25	0.11	0.17	1	0.69	10.6	5	100	98	98	100	98	98	8.71	8.74	8.74
231216	7	10	10.5	1	4	15.4	15.4	28.2	0.29	0.25	0.17	3	0.58	10.8	4	100	98	94	100	98	98	9.60	9.62	9.63
231216	8	1	10.3	1	4	14.9	14.9	28.7	0.41	0.13	0.18	1	1.06	10.7	4	94	98	98	100	98	98	10.54	10.54	10.57
231216	8	2	10.7	1	5	12.1	12.1	25.0	0.18	0.19	0.35	2	2.00	10.4	2	98	98	98	100	98	98	7.37	7.33	7.39
231216	8	3	10.6	1	5	12.0	12.0	23.5	0.15	0.27	0.24	3	1.60	10.5	3	100	98	98	100	98	98	6.63	6.64	6.66
231216	8	4	10.4	1	4	13.1	13.1	24.9	0.18	0.23	0.11	3	1.17	10.3	3	95	98	98	100	98	98	8.87	8.87	8.88
231216	8	5	10.9	1	11	12.7	12.7	25.0	0.24	0.16	0.17	3	0.95	10.6	2	100	98	98	100	98	98	7.91	7.89	7.89
231216	8	6	10.6	1	6	13.6	13.6	25.8	0.21	0.17	0.11	2	0.52	10.6	5	100	98	98	100	98	98	8.74	8.78	8.78
231216	8	7	10.5	1	4	14.2	14.2	26.4	0.36	0.16	0.21	2	0.89	10.5	4	98	98	98	100	98	98	9.03	9.03	9.06
231216	8	8	10.4	1	3	14.0	14.0	27.0	0.35	0.26	0.10	3	0.47	10.6	3	100	98	98	100	98	98	9.24	9.24	9.24
231216	8	9	10.4	1	5	15.9	15.9	29.7	0.17	0.14	0.12	2	0.74	10.5	4	100	98	98	100	98	98	9.95	10.01	10.04
231216	8	10	10.6	1	3	16.5	16.5	30.9	0.18	0.20	0.09	1	0.47	10.7	4	100	98	98	100	98	98	8.61	8.65	8.61
