Marko	Ilmakiv‰‰ri
Date	Series	Shot	Hit	X ring	Sector	On	Total	Int.(s)			Trigger			COG		Fine %			Rough %			Hold time (s)
						target	time 		dev X	dev Y	ATV	TIRE	RTV	Hit	Sector	Target	COG	Hit	Target	COG	Hit	Target	COG	Hit
260120	1	1	10.4	1	2	17.6	19.9	0.0	0.15	0.15	0.16	1	1.08	10.4	2	100	98	98	100	98	98	10.12	10.11	10.10
260120	1	2	10.6	1	11	13.7	13.7	28.7	0.22	0.14	0.18	3	1.06	10.8	12	100	98	98	100	98	98	8.89	8.87	8.70
260120	1	3	10.8	1	11	18.1	18.1	34.0	0.13	0.10	0.14	3	0.96	10.8	12	100	98	98	100	98	98	11.87	11.85	11.85
260120	1	4	10.5	1	8	15.4	15.4	29.4	0.21	0.18	0.25	3	1.05	10.6	11	100	98	98	100	98	98	10.08	9.91	10.04
260120	1	5	10.7	1	12	13.7	13.7	27.2	0.16	0.18	0.20	3	1.38	10.5	2	100	98	98	100	98	98	8.14	8.12	8.10
260120	1	6	10.6	1	8	15.3	15.3	31.6	0.14	0.19	0.12	1	0.70	10.5	10	100	98	98	100	98	98	10.05	10.02	10.05
260120	1	7	10.7	1	10	21.6	21.6	38.6	0.31	0.17	0.24	3	0.82	10.7	11	98	98	98	100	98	98	10.98	10.90	10.90
260120	1	8	10.3	1	2	14.1	14.1	26.9	0.20	0.12	0.25	2	1.46	10.6	12	100	98	98	100	98	98	8.41	8.21	8.40
260120	1	9	10.8	1	6	15.1	15.5	30.2	0.10	0.15	0.16	1	1.25	10.7	6	100	98	98	100	98	98	11.52	11.56	11.54
260120	1	10	10.6	1	2	15.1	15.1	28.5	0.13	0.11	0.12	3	0.94	10.7	2	100	98	98	100	98	98	9.64	9.64	9.66
260120	2	1	10.9	1	9	14.5	14.5	28.1	0.24	0.13	0.19	2	0.73	10.9	2	100	98	98	100	98	98	9.00	9.00	8.98
260120	2	2	10.4	1	2	14.6	14.6	27.1	0.21	0.13	0.19	1	1.37	10.4	1	100	98	98	100	98	98	9.09	9.11	9.12
260120	2	3	10.8	1	11	15.5	15.5	30.1	0.21	0.15	0.13	3	0.72	10.8	7	100	98	98	100	98	98	11.18	11.18	11.16
260120	2	4	10.7	1	5	13.4	13.4	26.4	0.34	0.17	0.12	2	0.42	10.7	4	97	98	98	100	98	98	7.30	7.46	7.47
260120	2	5	10.7	1	10	15.4	15.8	29.9	0.20	0.19	0.17	2	0.88	10.8	12	100	98	98	100	98	98	11.65	11.62	11.61
260120	2	6	10.8	1	12	15.7	15.7	28.9	0.21	0.18	0.24	1	1.10	10.9	9	100	98	98	100	98	98	9.93	9.93	9.73
260120	2	7	10.5	1	12	13.2	13.2	24.8	0.20	0.10	0.24	2	1.80	10.8	1	100	98	98	100	98	98	7.63	7.63	7.56
260120	2	8	10.3	1	2	13.9	13.9	27.6	0.18	0.19	0.18	1	1.00	10.7	4	100	98	98	100	98	98	8.80	8.89	8.80
260120	2	9	10.7	1	7	13.1	25.6	44.2	0.13	0.12	0.13	1	0.83	10.8	7	100	98	98	100	98	98	10.90	10.90	10.90
260120	2	10	10.5	1	5	16.1	16.2	30.3	0.26	0.13	0.19	1	1.12	10.6	5	100	98	98	100	98	98	11.62	11.65	11.67
260120	3	1	10.7	1	8	14.5	14.7	27.5	0.18	0.11	0.18	3	1.04	10.7	8	100	98	98	100	98	98	9.77	9.73	9.77
260120	3	2	10.6	1	6	16.0	16.0	29.2	0.15	0.17	0.09	2	0.50	10.7	5	100	98	98	100	98	98	12.57	12.66	12.79
260120	3	3	10.6	1	1	13.7	13.7	27.1	0.17	0.10	0.19	2	1.74	10.7	3	100	98	98	100	98	98	10.01	10.02	9.99
260120	3	4	10.8	1	9	16.6	16.6	30.3	0.21	0.14	0.21	3	1.45	10.6	7	100	98	98	100	98	98	13.54	13.54	13.54
260120	3	5	10.7	1	10	23.8	23.9	41.2	0.22	0.17	0.16	2	0.88	10.7	11	100	98	98	100	98	98	12.00	11.98	11.98
260120	3	6	10.7	1	2	13.2	13.2	25.6	0.21	0.18	0.15	1	0.86	10.7	3	100	98	98	100	98	98	9.00	9.02	8.98
260120	3	7	10.7	1	3	14.8	14.8	26.4	0.27	0.16	0.09	3	0.39	10.6	2	94	98	98	100	98	98	10.72	10.71	10.72
260120	3	8	10.9	1	12	13.8	13.8	25.8	0.31	0.15	0.06	3	0.29	10.6	2	100	98	98	100	98	98	8.29	8.31	8.29
260120	3	9	10.6	1	2	26.7	26.7	44.4	0.27	0.18	0.21	3	0.90	10.5	1	100	98	98	100	98	98	9.64	9.64	9.66
260120	3	10	10.7	1	5	29.4	29.4	50.8	0.19	0.16	0.06	1	0.29	10.7	4	100	98	98	100	98	98	9.88	9.91	9.93
260120	4	1	10.6	1	8	16.2	19.1	9.21	0.16	0.14	0.13	2	0.72	10.8	8	100	98	98	100	98	98	10.88	10.88	10.88
260120	4	2	10.2	1	11	16.5	17.1	44.8	0.15	0.12	0.26	1	2.24	10.6	11	100	98	98	100	98	98	11.98	11.85	11.74
260120	4	3	10.4	1	8	13.5	14.2	34.0	0.21	0.17	0.21	2	1.32	10.8	8	100	98	98	100	98	98	10.56	10.56	10.56
260120	4	4	10.1	0	3	19.2	19.2	36.3	0.25	0.17	0.26	2	2.20	10.5	4	100	98	86	100	98	98	10.14	10.37	10.17
260120	4	5	10.7	1	9	14.0	19.8	43.0	0.13	0.09	0.15	3	1.40	10.8	4	100	98	98	100	98	98	11.45	11.55	11.43
260120	4	6	10.3	1	4	11.9	18.4	34.3	0.16	0.13	0.07	1	0.70	10.5	4	100	98	98	100	98	98	11.91	12.12	12.21
260120	4	7	10.7	1	2	13.9	13.9	28.3	0.18	0.11	0.11	2	0.63	10.8	12	100	98	98	100	98	98	9.02	9.02	9.02
260120	4	8	10.7	1	6	14.9	15.3	29.3	0.21	0.10	0.15	3	0.77	10.4	7	100	98	98	100	98	98	11.88	11.89	11.89
260120	4	9	10.5	1	6	16.6	16.6	31.0	0.19	0.14	0.15	1	0.77	10.6	5	100	98	98	100	98	98	11.97	12.00	12.00
260120	4	10	10.5	1	4	11.9	15.8	35.3	0.23	0.15	0.25	3	2.05	10.8	1	100	98	98	100	98	98	8.94	8.78	9.00
260120	5	1	10.7	1	6	14.1	14.1	28.5	0.15	0.14	0.09	1	0.59	10.7	7	100	98	98	100	98	98	10.08	10.12	10.14
260120	5	2	10.4	1	7	14.9	14.9	28.0	0.17	0.13	0.09	1	0.58	10.6	6	100	98	98	100	98	98	10.50	10.54	10.52
260120	5	3	10.4	1	9	11.8	11.8	25.2	0.21	0.12	0.14	1	1.12	10.9	1	100	98	98	100	98	98	7.00	7.00	6.99
260120	5	4	10.9	1	3	17.1	17.1	31.5	0.22	0.12	0.06	3	0.32	10.9	11	100	98	98	100	98	98	13.66	13.66	13.66
260120	5	5	10.7	1	12	15.2	15.2	29.0	0.23	0.13	0.18	1	0.92	10.7	11	100	98	98	100	98	98	11.37	11.31	11.32
260120	5	6	10.9	1	3	16.1	16.1	30.1	0.13	0.14	0.11	3	0.68	10.7	1	100	98	98	100	98	98	12.81	12.81	12.82
260120	5	7	10.7	1	1	17.1	17.1	30.9	0.18	0.09	0.09	3	0.42	10.6	1	100	98	98	100	98	98	12.30	12.27	12.26
260120	5	8	10.6	1	1	17.4	17.4	31.6	0.21	0.15	0.11	3	0.44	10.6	1	100	98	98	100	98	98	12.84	12.84	12.84
260120	5	9	10.3	1	1	16.1	16.1	29.9	0.21	0.13	0.21	3	1.49	10.5	2	100	98	98	100	98	98	11.97	11.97	11.80
260120	5	10	10.3	1	2	16.2	16.2	32.0	0.20	0.12	0.15	3	0.66	10.5	3	100	98	98	100	98	98	13.46	13.46	13.46
