Marko	Ilmakiv‰‰ri
Date	Series	Shot	Hit	X ring	Sector	On	Total	Int.(s)			Trigger			COG		Fine %			Rough %			Hold time (s)
						target	time 		dev X	dev Y	ATV	TIRE	RTV	Hit	Sector	Target	COG	Hit	Target	COG	Hit	Target	COG	Hit
251113	1	1	9.9	0	7	10.5	14.9	0.0	0.13	0.15	0.13	1	0.87	10.3	7	97	98	98	100	98	98	7.05	7.05	6.97
251113	1	2	10.4	1	11	11.4	12.1	37.4	0.21	0.22	0.24	3	2.15	10.5	10	100	98	98	100	98	98	8.76	8.60	8.58
251113	1	3	10.8	1	7	10.7	10.7	29.8	0.18	0.18	0.13	3	0.89	10.9	9	100	98	98	100	98	98	6.01	6.03	6.08
251113	1	4	10.4	1	6	12.9	12.9	26.2	0.20	0.17	0.17	1	1.02	10.6	7	100	98	98	100	98	98	9.87	9.88	9.90
251113	1	5	10.6	1	9	12.6	12.6	28.9	0.14	0.22	0.13	3	0.70	10.6	9	100	98	98	100	98	98	10.39	10.30	10.39
251113	1	6	10.7	1	9	14.9	14.9	30.0	0.14	0.12	0.17	3	1.17	10.6	10	100	98	98	100	98	98	11.78	11.74	11.78
251113	1	7	10.9	1	12	16.3	16.3	32.5	0.11	0.16	0.08	3	0.49	10.6	12	100	98	98	100	98	98	12.75	12.75	12.75
251113	1	8	10.7	1	2	15.6	15.6	30.6	0.12	0.17	0.16	3	1.13	10.6	2	100	98	98	100	98	98	11.09	11.05	11.09
251113	1	9	10.7	1	2	14.9	14.9	29.5	0.14	0.14	0.08	3	0.67	10.5	1	100	98	98	100	98	98	11.61	11.52	11.61
251113	1	10	10.7	1	1	15.5	15.5	31.2	0.16	0.17	0.09	3	0.55	10.6	11	100	98	98	100	98	98	11.38	11.28	11.37
251113	2	1	10.6	1	2	12.9	12.9	27.0	0.10	0.22	0.14	1	1.15	10.6	1	100	98	98	100	98	98	8.70	8.64	8.69
251113	2	2	10.8	1	1	14.6	14.6	28.2	0.28	0.23	0.09	2	0.38	10.7	1	100	98	98	100	98	98	11.71	11.69	11.69
251113	2	3	10.0	0	12	14.4	14.4	28.3	0.14	0.16	0.23	1	2.01	10.1	12	82	98	98	100	98	98	10.95	10.85	10.83
251113	2	4	10.4	1	1	14.6	14.6	36.2	0.22	0.20	0.08	3	0.49	10.4	12	95	98	98	100	98	98	13.66	13.66	13.66
251113	2	5	10.6	1	3	14.5	14.5	29.0	0.15	0.20	0.11	3	0.95	10.4	2	100	98	98	100	98	98	11.65	11.65	11.73
251113	2	6	10.6	1	1	23.7	23.7	43.2	0.18	0.15	0.06	2	0.34	10.5	1	100	98	98	100	98	98	9.69	9.68	9.68
251113	2	7	10.5	1	10	10.9	18.3	36.5	0.18	0.20	0.21	3	1.79	10.5	12	100	98	98	100	98	98	10.94	10.94	10.94
251113	2	8	10.7	1	12	13.6	13.6	28.2	0.29	0.14	0.15	2	0.87	10.5	12	100	98	98	100	98	98	11.05	11.03	11.04
251113	2	9	10.5	1	2	19.4	19.4	37.1	0.19	0.17	0.12	1	0.81	10.7	3	100	98	98	100	98	98	8.89	8.89	8.89
251113	2	10	10.9	1	6	13.4	13.4	27.9	0.17	0.13	0.12	3	0.84	10.8	1	100	98	98	100	98	98	11.18	11.16	11.18
251113	3	1	10.7	1	12	7.2	16.8	32.3	0.14	0.16	0.15	2	1.16	10.8	1	100	98	98	100	98	98	7.18	7.18	7.18
251113	3	2	10.5	1	1	13.2	13.2	26.1	0.12	0.21	0.08	3	0.49	10.4	1	98	98	98	100	98	98	12.79	12.66	12.68
251113	3	3	10.6	1	3	13.7	13.7	27.0	0.18	0.17	0.16	2	1.28	10.6	3	98	98	98	100	98	98	11.27	11.27	11.28
251113	3	4	10.6	1	9	12.5	12.5	25.3	0.23	0.14	0.10	1	0.78	10.7	12	100	98	98	100	98	98	8.97	8.89	8.96
251113	3	5	10.8	1	4	15.3	15.3	31.0	0.14	0.21	0.09	3	0.60	10.7	1	100	98	98	100	98	98	13.79	13.79	13.79
251113	3	6	10.5	1	3	14.6	16.3	2.41	0.17	0.27	0.15	1	1.05	10.7	4	100	98	98	100	98	98	9.59	9.63	9.63
251113	3	7	10.7	1	7	12.9	12.9	25.9	0.15	0.20	0.17	2	2.16	10.8	4	100	98	98	100	98	98	10.90	10.90	10.90
251113	3	8	10.7	1	6	15.2	15.2	29.4	0.15	0.19	0.10	3	0.57	10.8	8	100	98	98	100	98	98	12.96	12.96	12.96
251113	3	9	10.4	1	4	14.0	14.1	28.3	0.19	0.19	0.10	1	0.55	10.5	5	100	98	98	100	98	98	10.86	10.96	10.98
251113	3	10	10.5	1	5	14.8	14.8	29.6	0.22	0.17	0.06	1	0.38	10.8	6	100	98	98	100	98	98	11.10	11.12	11.13
251113	4	1	10.7	1	10	13.2	13.2	27.7	0.12	0.32	0.16	3	0.98	10.8	5	100	98	98	100	98	98	12.09	12.11	11.67
251113	4	2	10.8	1	7	14.0	14.0	27.5	0.22	0.24	0.10	3	0.57	10.7	7	100	98	98	100	98	98	11.46	11.49	11.49
251113	4	3	10.1	0	3	11.9	11.9	27.0	0.21	0.18	0.13	1	0.91	10.3	3	89	98	98	100	98	98	8.49	8.54	8.55
251113	4	4	10.9	1	6	14.5	14.5	38.7	0.13	0.23	0.08	3	0.52	10.8	6	100	98	98	100	98	98	13.50	13.50	13.50
251113	4	5	10.6	1	5	14.8	14.9	35.5	0.26	0.17	0.16	2	0.96	10.6	3	98	98	98	100	98	98	11.73	11.74	11.76
251113	4	6	10.5	1	4	15.3	15.3	30.2	0.11	0.17	0.09	3	0.71	10.6	3	100	98	98	100	98	98	13.06	13.06	13.06
251113	4	7	10.7	1	7	14.7	14.7	29.9	0.22	0.28	0.10	3	0.75	10.6	7	100	98	98	100	98	98	12.45	12.48	12.46
251113	4	8	10.5	1	4	16.7	35.5	1.01	0.16	0.17	0.10	1	0.56	10.8	4	100	98	98	100	98	98	12.51	12.51	12.51
251113	4	9	10.5	1	9	23.7	23.9	45.7	0.23	0.21	0.11	3	0.75	10.6	1	100	98	86	100	98	98	13.32	13.32	13.32
251113	4	10	10.5	1	1	13.7	24.4	46.8	0.10	0.21	0.16	1	1.28	10.5	3	100	98	98	100	98	98	13.66	13.66	13.66
251113	5	1	10.7	1	4	15.8	15.8	31.4	0.17	0.20	0.08	3	0.59	10.6	3	100	98	98	100	98	98	13.47	13.47	13.47
251113	5	2	10.4	1	3	11.0	17.0	33.8	0.16	0.18	0.11	2	0.86	10.6	2	100	98	98	100	98	98	10.96	10.95	10.96
251113	5	3	10.4	1	1	7.5	26.7	51.0	0.26	0.25	0.19	1	1.03	10.7	1	97	98	98	100	98	98	7.46	7.44	7.42
251113	5	4	10.8	1	11	14.5	14.5	30.2	0.17	0.17	0.21	1	1.87	10.8	11	100	98	98	100	98	98	13.81	13.81	13.81
251113	5	5	10.7	1	11	15.5	15.5	30.4	0.18	0.27	0.20	1	1.26	10.8	9	100	98	98	100	98	98	13.52	13.52	13.52
251113	5	6	10.6	1	8	14.6	14.6	28.7	0.14	0.20	0.17	1	1.61	10.9	2	100	98	98	100	98	98	13.12	13.12	13.15
251113	5	7	10.5	1	9	16.0	16.0	30.4	0.20	0.19	0.21	3	1.47	10.8	10	100	98	98	100	98	98	13.72	13.72	13.72
251113	5	8	10.5	1	5	15.7	15.7	31.0	0.20	0.22	0.09	1	0.52	10.8	4	100	98	98	100	98	98	13.70	13.70	13.70
251113	5	9	10.3	1	5	14.5	14.5	29.8	0.18	0.20	0.16	1	1.06	10.5	6	100	98	98	100	98	98	12.36	12.36	12.36
251113	5	10	10.4	1	5	18.4	18.4	35.4	0.11	0.15	0.09	2	0.76	10.6	4	100	98	98	100	98	98	13.53	13.65	13.68
251113	6	1	10.3	1	3	8.7	29.6	3.40	0.32	0.17	0.33	3	1.86	10.0	3	35	98	98	100	98	98	6.18	6.20	6.18
251113	6	2	9.9	0	3	14.4	14.4	30.5	0.31	0.23	0.30	1	2.23	10.4	5	92	98	38	100	98	98	10.39	10.44	10.39
251113	6	3	10.7	1	4	13.8	14.4	40.0	0.22	0.19	0.08	3	0.47	10.6	5	100	98	98	100	98	98	11.37	11.43	11.40
251113	6	4	10.5	1	9	27.1	27.2	49.5	0.19	0.21	0.09	2	0.45	10.5	8	100	98	98	100	98	98	10.41	10.41	10.39
251113	6	5	10.2	1	6	14.3	14.3	29.1	0.15	0.14	0.11	2	0.91	10.4	6	100	98	98	100	98	98	11.49	11.55	11.62
251113	6	6	10.5	1	7	17.4	17.4	34.2	0.19	0.17	0.16	1	0.77	10.8	7	100	98	98	100	98	98	13.38	13.38	13.38
251113	6	7	10.3	1	6	16.2	16.2	31.9	0.21	0.12	0.12	1	0.80	10.5	7	100	98	98	100	98	98	13.63	13.63	13.63
251113	6	8	10.7	1	2	15.9	15.9	32.2	0.22	0.14	0.11	3	0.74	10.9	10	100	98	98	100	98	98	13.68	13.68	13.68
251113	6	9	10.6	1	5	17.3	17.3	33.1	0.28	0.22	0.14	3	0.52	10.7	2	98	98	94	100	98	98	13.63	13.63	13.63
251113	6	10	10.5	1	1	14.8	14.8	30.1	0.21	0.15	0.19	1	1.46	10.6	1	100	98	98	100	98	98	12.63	12.62	12.62
251113	7	1	10.5	1	2	13.4	13.4	27.9	0.25	0.18	0.07	3	0.56	10.5	3	100	98	98	100	98	98	11.25	11.25	11.23
251113	7	2	10.8	1	8	14.8	14.8	28.5	0.21	0.16	0.15	3	0.98	10.8	4	100	98	98	100	98	98	13.14	13.17	13.15
251113	7	3	10.6	1	6	15.0	15.0	28.9	0.31	0.15	0.09	2	0.43	10.7	4	100	98	98	100	98	98	13.61	13.61	13.61
251113	7	4	10.7	1	7	13.5	13.5	26.6	0.25	0.14	0.15	3	0.87	10.7	3	100	98	97	100	98	98	12.20	12.21	12.20
251113	7	5	10.7	1	3	15.3	15.3	30.5	0.30	0.18	0.14	2	0.78	10.8	2	100	98	98	100	98	98	13.38	13.38	13.38
251113	7	6	10.0	0	3	11.4	11.6	23.8	0.15	0.15	0.12	1	0.85	10.3	3	98	98	98	100	98	98	9.09	9.12	9.12
251113	7	7	10.6	1	3	13.4	13.4	37.4	0.16	0.19	0.06	3	0.46	10.5	3	100	98	98	100	98	98	13.44	13.44	13.44
251113	7	8	10.6	1	7	16.1	16.1	31.6	0.28	0.14	0.20	3	1.30	10.9	6	100	98	98	100	98	98	13.50	13.50	13.50
251113	7	9	10.7	1	10	13.7	13.7	27.0	0.20	0.09	0.17	3	1.69	10.8	2	100	98	98	100	98	98	12.00	12.00	12.00
251113	7	10	10.6	1	4	16.6	16.6	31.4	0.18	0.15	0.14	2	1.07	10.7	4	100	98	98	100	98	98	13.61	13.61	13.61
