Marko	Ilmakiv‰‰ri
Date	Series	Shot	Hit	X ring	Sector	On	Total	Int.(s)			Trigger			COG		Fine %			Rough %			Hold time (s)
						target	time 		dev X	dev Y	ATV	TIRE	RTV	Hit	Sector	Target	COG	Hit	Target	COG	Hit	Target	COG	Hit
231222	1	1	10.2	1	12	26.6	609.0	0.0	0.34	0.17	0.16	3	1.02	9.9	1	56	98	83	100	98	98	10.11	9.99	9.96
231222	1	2	10.4	1	3	26.5	26.5	46.4	
231222	1	3	9.8	0	2	21.8	21.8	42.4	0.33	0.19	0.27	1	1.64	10.1	2	62	98	98	100	98	98	8.41	8.36	8.34
231222	1	4	9.8	0	2	17.2	17.2	53.7	0.25	0.20	0.27	2	1.23	10.1	2	59	98	98	100	98	98	6.42	6.39	6.39
231222	1	5	9.6	0	2	13.8	17.1	35.0	0.32	0.19	0.30	1	1.81	10.1	2	65	98	91	100	98	98	7.07	7.07	7.05
231222	1	6	10.1	0	3	18.1	18.1	31.6	0.25	0.18	0.05	3	0.24	10.0	2	59	98	98	100	98	98	8.10	8.09	8.09
231222	1	7	10.3	1	2	12.8	13.3	28.6	0.19	0.21	0.11	3	0.52	10.0	2	62	98	98	100	98	98	8.38	8.34	8.36
231222	1	8	9.5	0	2	37.7	37.7	1.04	0.24	0.26	0.17	2	0.93	9.7	2	27	98	98	100	98	98	8.16	8.09	8.09
231222	1	9	10.4	1	11	18.1	18.1	33.2	0.25	0.28	0.16	3	0.96	10.0	1	45	98	71	100	98	98	7.56	7.47	7.49
231222	1	10	10.6	1	12	11.8	11.8	25.6	0.29	0.29	0.23	3	0.74	10.3	1	71	98	95	100	98	98	8.14	8.13	8.13
231222	2	1	10.2	1	8	16.8	16.8	1.59	0.22	0.16	0.16	1	1.21	10.4	8	100	98	98	100	98	98	5.33	5.36	5.34
231222	2	2	10.7	1	6	12.9	12.9	25.1	0.23	0.23	0.11	3	0.47	10.5	6	100	98	98	100	98	98	7.70	7.74	7.71
231222	2	3	10.7	1	5	11.2	11.2	23.0	0.27	0.15	0.16	3	0.91	10.7	5	100	98	98	100	98	98	6.99	7.02	7.02
231222	2	4	10.2	1	7	10.6	10.6	22.1	0.28	0.20	0.07	1	0.30	10.5	7	100	98	98	100	98	98	5.08	5.22	5.26
231222	2	5	10.3	1	8	11.4	11.4	25.3	0.24	0.18	0.26	1	1.29	10.5	9	100	98	98	100	98	98	6.04	6.04	6.06
231222	2	6	10.6	1	6	12.6	12.6	26.4	0.23	0.15	0.21	2	1.01	10.5	7	100	98	98	100	98	98	6.81	6.88	6.90
231222	2	7	10.2	1	7	11.4	11.4	23.2	0.18	0.15	0.16	2	0.82	10.3	7	98	98	98	100	98	98	6.29	6.32	6.32
231222	2	8	10.9	1	9	12.4	12.4	27.3	0.29	0.14	0.16	1	1.00	10.7	1	100	98	98	100	98	98	7.77	7.68	7.77
231222	2	9	10.8	1	3	11.0	11.0	22.4	0.27	0.19	0.24	3	1.37	10.7	2	100	98	98	100	98	98	5.31	5.31	5.33
231222	2	10	10.9	1	3	13.1	13.1	25.8	0.18	0.17	0.12	3	0.79	10.8	8	100	98	98	100	98	98	8.88	8.88	8.88
231222	3	1	10.1	0	8	10.1	10.1	21.4	0.35	0.21	0.18	3	0.73	10.2	8	80	98	98	100	98	98	3.30	3.31	3.31
231222	3	2	10.7	1	5	11.0	11.1	22.9	0.16	0.18	0.05	1	0.45	10.9	4	100	98	98	100	98	98	7.35	7.37	7.51
231222	3	3	10.3	1	8	10.7	10.7	21.9	0.19	0.17	0.09	1	0.46	10.4	8	100	98	98	100	98	98	5.70	5.73	5.78
231222	3	4	10.2	1	8	10.3	15.2	29.3	0.33	0.26	0.22	1	1.55	10.7	6	100	98	76	100	98	98	8.69	8.71	8.74
231222	3	5	10.7	1	2	13.8	14.9	29.5	0.19	0.16	0.22	3	1.48	10.7	5	100	98	98	100	98	98	6.60	6.62	6.57
231222	3	6	10.7	1	9	13.9	23.6	43.0	0.18	0.20	0.10	3	0.83	10.7	8	100	98	98	100	98	98	9.87	9.87	9.87
231222	3	7	10.7	1	5	13.2	14.3	28.2	0.21	0.26	0.07	1	0.41	10.8	12	100	98	98	100	98	98	7.91	7.91	7.92
231222	3	8	10.7	1	4	13.1	13.1	25.6	0.27	0.20	0.18	3	0.98	10.8	4	100	98	98	100	98	98	9.86	9.86	9.87
231222	3	9	10.1	0	2	11.3	11.3	23.6	0.17	0.21	0.07	1	0.46	10.5	3	100	98	98	100	98	98	7.07	7.05	7.02
231222	3	10	10.5	1	3	10.6	10.6	22.3	0.22	0.12	0.14	1	1.00	10.5	2	100	98	98	100	98	98	6.15	6.13	6.15
231222	4	1	10.9	1	5	15.4	17.1	3.04	0.29	0.22	0.09	2	0.34	10.7	7	98	98	97	100	98	98	8.29	8.31	8.31
231222	4	2	10.7	1	6	17.4	17.4	32.3	0.15	0.19	0.07	1	0.61	10.8	9	100	98	98	100	98	98	9.79	9.78	9.82
231222	4	3	10.6	1	2	12.8	12.8	24.6	0.22	0.25	0.13	1	0.57	10.8	2	100	98	98	100	98	98	8.80	8.80	8.71
231222	4	4	10.7	1	5	12.9	12.9	25.6	0.12	0.19	0.04	2	0.23	10.6	5	100	98	98	100	98	98	8.97	9.00	8.98
231222	4	5	10.7	1	6	12.5	12.5	24.3	0.17	0.24	0.13	2	0.69	10.7	6	100	98	98	100	98	98	7.61	7.74	7.74
231222	4	6	10.4	1	5	11.6	11.6	23.4	0.26	0.15	0.18	2	0.88	10.6	6	100	98	98	100	98	98	6.96	6.99	7.00
231222	4	7	10.3	1	8	14.6	14.6	28.1	0.20	0.16	0.06	1	0.39	10.5	8	100	98	98	100	98	98	10.95	10.95	10.95
231222	4	8	10.5	1	7	14.0	14.0	27.4	0.20	0.20	0.13	1	0.88	10.8	6	100	98	98	100	98	98	9.18	9.20	9.22
231222	4	9	10.5	1	8	17.1	17.1	30.9	0.24	0.22	0.22	3	1.01	10.6	8	98	98	98	100	98	98	9.59	9.59	9.57
231222	4	10	10.6	1	3	11.3	11.3	22.2	0.18	0.17	0.15	1	1.10	10.8	1	100	98	98	100	98	98	6.75	6.74	6.74
231222	5	1	10.9	1	7	12.1	12.1	23.7	0.19	0.16	0.17	3	0.82	10.9	10	100	98	98	100	98	98	6.58	6.57	6.60
231222	5	2	10.7	1	8	12.7	12.7	25.9	0.24	0.16	0.17	3	1.14	10.6	8	100	98	98	100	98	98	8.94	8.97	8.97
231222	5	3	10.4	1	8	19.7	19.7	35.4	0.16	0.16	0.13	3	0.67	10.6	8	100	98	98	100	98	98	6.15	6.20	6.20
231222	5	4	10.7	1	8	14.0	14.0	27.2	0.18	0.19	0.20	3	1.11	10.7	7	100	98	98	100	98	98	8.97	10.11	10.11
231222	5	5	10.6	1	4	12.3	12.3	23.8	0.28	0.22	0.13	2	0.84	10.6	7	100	98	98	100	98	98	7.83	7.88	7.83
231222	5	6	10.6	1	4	12.8	12.8	24.1	0.25	0.19	0.13	3	0.89	10.7	7	100	98	98	100	98	98	8.60	8.69	8.71
231222	5	7	10.8	1	8	12.0	12.0	23.7	0.14	0.15	0.14	3	1.02	10.7	8	100	98	98	100	98	98	7.26	7.51	7.28
231222	5	8	10.7	1	5	12.8	12.8	24.7	0.14	0.17	0.08	2	0.78	10.6	7	100	98	98	100	98	98	8.41	8.46	8.43
231222	5	9	10.5	1	6	13.8	13.8	25.9	0.17	0.17	0.18	3	1.16	10.6	6	100	98	98	100	98	98	9.29	9.31	9.31
231222	5	10	10.9	1	6	13.8	13.8	26.8	0.17	0.15	0.11	3	0.72	10.7	9	100	98	98	100	98	98	8.60	8.62	8.61
231222	6	1	10.1	0	5	10.9	20.0	3.15	0.29	0.19	0.09	3	0.60	10.3	4	100	98	98	100	98	98	6.60	6.63	6.66
231222	6	2	10.5	1	3	17.2	17.2	32.1	0.16	0.23	0.20	1	1.06	10.5	3	100	98	98	100	98	98	8.38	8.43	8.41
231222	6	3	10.8	1	6	13.3	13.3	25.5	0.14	0.20	0.07	3	0.48	10.9	4	100	98	98	100	98	98	6.79	6.79	6.83
231222	6	4	10.5	1	6	12.1	12.1	23.8	0.15	0.25	0.17	2	0.98	10.5	5	100	98	98	100	98	98	7.09	7.14	7.12
231222	6	5	10.5	1	6	12.9	12.9	24.5	0.14	0.14	0.16	1	0.95	10.8	7	100	98	98	100	98	98	8.13	8.14	8.16
231222	6	6	10.4	1	5	12.9	12.9	25.1	0.10	0.13	0.11	3	1.45	10.5	4	100	98	98	100	98	98	8.12	8.16	8.19
231222	6	7	10.6	1	5	13.5	13.5	27.3	0.16	0.14	0.13	1	0.93	10.7	4	100	98	98	100	98	98	7.08	7.12	7.14
231222	6	8	10.7	1	3	12.3	12.3	24.0	0.12	0.16	0.09	3	0.66	10.9	6	100	98	98	100	98	98	6.20	6.20	6.20
231222	6	9	10.4	1	6	12.7	12.7	24.5	0.20	0.19	0.12	1	0.67	10.7	7	100	98	98	100	98	98	7.18	7.21	7.23
231222	6	10	10.5	1	6	12.5	12.5	26.0	0.15	0.16	0.13	1	1.29	10.9	6	100	98	98	100	98	98	7.30	7.32	7.38
231222	7	1	10.7	1	6	13.5	13.5	26.8	0.19	0.21	0.07	1	0.39	10.7	6	100	98	98	100	98	98	7.84	7.88	7.88
231222	7	2	10.2	1	12	11.3	11.3	22.2	0.16	0.21	0.32	1	2.53	10.7	12	100	98	98	100	98	98	6.09	6.01	5.97
231222	7	3	10.5	1	7	13.9	13.9	27.3	0.14	0.15	0.12	1	0.92	10.6	6	100	98	98	100	98	98	9.90	9.95	9.96
231222	7	4	10.7	1	7	13.4	13.4	25.8	0.14	0.21	0.16	3	0.97	10.5	7	100	98	98	100	98	98	9.40	9.44	9.44
231222	7	5	10.5	1	4	15.0	15.0	28.0	0.14	0.23	0.07	3	0.50	10.7	3	100	98	98	100	98	98	11.45	11.45	11.47
231222	7	6	10.6	1	7	13.8	13.8	27.4	0.13	0.12	0.07	3	0.92	10.6	9	100	98	98	100	98	98	9.93	9.93	9.95
231222	7	7	10.8	1	10	13.3	13.3	25.1	0.14	0.19	0.16	3	1.53	10.6	11	100	98	98	100	98	98	9.06	8.69	9.06
231222	7	8	10.2	1	5	13.5	13.5	25.7	0.16	0.29	0.08	1	0.90	10.7	5	100	98	92	100	98	98	8.96	9.00	9.18
231222	7	9	10.9	1	1	13.8	13.8	26.9	0.13	0.21	0.07	3	0.33	10.9	0	100	98	98	100	98	98	9.97	9.97	9.97
231222	7	10	10.7	1	12	13.7	13.7	27.1	0.27	0.27	0.06	3	0.29	10.8	11	100	98	98	100	98	98	8.78	8.76	8.74
