Marko	Ilmakiv‰‰ri
Date	Series	Shot	Hit	X ring	Sector	On	Total	Int.(s)			Trigger			COG		Fine %			Rough %			Hold time (s)
						target	time 		dev X	dev Y	ATV	TIRE	RTV	Hit	Sector	Target	COG	Hit	Target	COG	Hit	Target	COG	Hit
241030	1	1	10.5	1	11	14.3	14.6	0.0	0.16	0.29	0.25	3	1.21	10.2	12	83	98	98	100	98	98	7.28	7.16	7.21
241030	1	2	10.5	1	3	11.5	11.5	24.0	0.11	0.17	0.10	3	0.65	10.5	2	100	98	98	100	98	98	7.56	7.53	7.53
241030	1	3	10.2	1	2	12.9	12.9	25.8	0.16	0.31	0.07	3	0.44	10.1	2	71	98	98	100	98	98	9.59	9.53	9.54
241030	1	4	10.3	1	11	13.8	13.8	32.0	0.11	0.23	0.12	3	0.71	10.3	12	92	98	98	100	98	98	8.18	8.07	8.07
241030	1	5	10.2	1	1	12.8	12.8	28.0	0.14	0.19	0.10	2	0.75	10.4	2	100	98	98	100	98	98	8.05	8.03	8.01
241030	1	6	10.8	1	6	15.1	15.1	34.1	0.09	0.25	0.13	1	1.23	10.9	6	100	98	98	100	98	98	10.52	10.53	10.54
241030	1	7	10.6	1	7	14.2	14.2	28.4	0.16	0.18	0.13	2	0.70	10.7	7	100	98	98	100	98	98	10.85	10.86	10.88
241030	1	8	10.8	1	7	13.9	14.1	29.0	0.10	0.32	0.16	3	1.04	10.8	7	100	98	98	100	98	98	11.76	11.78	11.78
241030	1	9	10.8	1	2	16.4	16.4	33.0	0.17	0.31	0.16	3	1.34	10.2	2	73	98	85	100	98	98	11.58	11.52	11.58
241030	1	10	10.8	1	6	16.3	16.3	33.2	0.12	0.17	0.09	3	0.60	10.8	3	100	98	98	100	98	98	11.80	11.82	11.82
241030	2	1	10.9	1	2	15.8	15.8	35.9	0.18	0.24	0.09	3	0.67	10.8	1	100	98	98	100	98	98	10.52	10.52	10.52
241030	2	2	10.6	1	3	13.2	13.2	26.8	0.14	0.19	0.12	3	0.67	10.6	2	100	98	98	100	98	98	8.71	8.64	8.67
241030	2	3	10.6	1	9	15.0	15.0	28.9	0.14	0.15	0.09	1	0.69	10.7	10	100	98	98	100	98	98	12.48	12.48	12.48
241030	2	4	10.9	1	1	15.1	15.1	29.4	0.11	0.26	0.08	3	0.50	10.7	2	100	98	98	100	98	98	11.62	11.62	11.62
241030	2	5	10.7	1	12	15.3	15.3	30.4	0.16	0.25	0.13	3	0.79	10.3	12	92	98	98	100	98	98	11.23	11.13	11.19
241030	2	6	10.6	1	6	16.7	16.7	33.6	0.18	0.21	0.09	2	0.57	10.8	7	100	98	98	100	98	98	13.29	13.29	13.29
241030	2	7	10.7	1	9	16.6	16.6	32.3	0.13	0.25	0.10	3	0.70	10.7	11	100	98	98	100	98	98	13.38	13.37	13.38
241030	2	8	10.9	1	3	15.3	15.3	30.8	0.18	0.24	0.14	3	0.76	10.9	4	100	98	98	100	98	98	10.28	10.28	10.28
241030	2	9	10.6	1	8	15.4	15.4	30.5	0.14	0.22	0.09	3	0.64	10.7	12	100	98	98	100	98	98	11.79	11.76	11.80
241030	2	10	10.3	1	1	18.6	18.6	35.8	0.12	0.15	0.13	2	0.91	10.5	1	100	98	98	100	98	98	13.71	13.71	13.71
241030	3	1	10.7	1	12	25.6	34.5	2.42	
241030	3	2	10.3	1	1	17.3	17.3	34.1	0.10	0.15	0.20	1	1.87	10.6	1	100	98	98	100	98	98	13.48	13.48	13.48
241030	3	3	10.3	1	2	14.7	14.7	30.4	0.14	0.25	0.17	3	0.96	10.4	1	94	98	98	100	98	98	11.03	10.98	10.98
241030	3	4	10.6	1	6	14.7	14.7	32.2	0.18	0.28	0.10	2	0.67	10.6	3	100	98	91	100	98	98	11.18	11.18	11.21
241030	3	5	10.8	1	12	15.4	15.4	30.5	0.12	0.23	0.21	1	1.54	10.8	1	100	98	98	100	98	98	13.30	13.30	13.30
241030	3	6	10.6	1	12	17.2	17.2	33.2	0.13	0.23	0.13	2	0.80	10.7	11	100	98	98	100	98	98	13.02	12.96	12.95
241030	3	7	10.7	1	7	15.5	15.5	31.3	0.08	0.21	0.14	3	0.94	10.6	8	100	98	98	100	98	98	12.38	12.38	12.38
241030	3	8	10.7	1	10	17.1	17.1	33.4	0.14	0.19	0.12	3	0.72	10.8	11	100	98	98	100	98	98	13.47	13.47	13.47
241030	3	9	10.8	1	1	15.5	15.5	30.2	0.15	0.19	0.14	3	0.73	10.6	1	100	98	98	100	98	98	11.97	11.94	11.96
241030	3	10	10.7	1	11	14.6	14.6	31.9	0.07	0.17	0.23	2	2.61	10.8	9	100	98	98	100	98	98	10.14	10.14	10.12
241030	4	1	10.4	1	2	14.9	14.9	33.0	0.08	0.34	0.14	3	0.89	10.5	2	100	98	98	100	98	98	11.76	11.71	11.70
241030	4	2	10.5	1	6	13.4	13.4	26.9	0.20	0.35	0.11	3	0.68	10.4	2	91	98	53	100	98	98	10.17	9.99	10.21
241030	4	3	10.7	1	10	15.5	15.5	30.5	0.14	0.18	0.13	3	0.76	10.7	11	100	98	98	100	98	98	13.56	13.56	13.56
241030	4	4	10.5	1	9	17.6	17.6	33.7	0.11	0.16	0.16	1	1.28	10.5	9	100	98	98	100	98	98	13.65	13.65	13.65
241030	4	5	10.6	1	8	17.3	17.3	38.3	0.05	0.22	0.12	3	0.78	10.6	10	100	98	98	100	98	98	13.76	13.76	13.76
241030	4	6	10.8	1	12	14.4	14.4	30.7	0.13	0.18	0.06	3	0.54	10.5	12	100	98	98	100	98	98	11.82	11.82	11.82
241030	4	7	10.5	1	1	14.8	14.8	29.7	0.15	0.17	0.19	3	1.07	10.2	1	92	98	98	100	98	98	11.38	11.32	11.37
241030	4	8	10.5	1	10	31.9	31.9	56.8	0.07	0.26	0.12	3	0.83	10.6	11	100	98	98	100	98	98	13.61	13.61	13.61
241030	4	9	10.6	1	9	14.7	14.7	30.6	0.13	0.18	0.13	3	0.68	10.6	10	100	98	98	100	98	98	11.73	11.71	11.73
241030	4	10	10.5	1	10	17.2	17.2	33.4	0.08	0.22	0.10	2	1.32	10.6	11	100	98	98	100	98	98	13.53	13.53	13.53
241030	5	1	10.8	1	12	17.7	33.7	2.55	0.13	0.27	0.13	2	0.69	10.8	6	100	98	98	100	98	98	12.48	12.48	12.48
241030	5	2	10.3	1	7	15.1	15.1	30.8	0.17	0.14	0.08	2	0.48	10.4	7	100	98	98	100	98	98	9.73	9.78	9.81
241030	5	3	10.7	1	7	15.3	15.3	32.9	0.10	0.24	0.09	2	0.61	10.8	12	100	98	98	100	98	98	12.45	12.42	12.49
241030	5	4	10.6	1	6	16.7	16.7	33.0	0.13	0.34	0.07	1	0.30	10.8	6	100	98	98	100	98	98	13.14	13.14	13.14
241030	5	5	10.6	1	9	15.8	15.8	32.7	0.15	0.21	0.25	2	1.86	10.7	10	100	98	98	100	98	98	12.96	12.95	12.96
241030	5	6	10.5	1	9	17.7	17.7	34.6	0.08	0.24	0.04	3	0.34	10.5	9	100	98	98	100	98	98	13.57	13.57	13.57
241030	5	7	10.7	1	10	14.6	14.6	30.8	0.17	0.32	0.19	3	1.12	10.9	4	100	98	98	100	98	98	11.43	11.43	11.41
241030	5	8	10.6	1	8	17.6	17.6	34.9	0.11	0.27	0.12	3	0.74	10.6	10	100	98	95	100	98	98	13.50	13.50	13.50
241030	5	9	10.7	1	8	13.7	21.4	45.2	0.10	0.25	0.09	3	0.56	10.7	11	100	98	98	100	98	98	13.44	13.44	13.44
241030	5	10	10.3	1	12	29.4	29.8	54.4	0.12	0.19	0.08	2	0.49	10.4	12	100	98	98	100	98	98	12.49	12.45	12.44
241030	6	1	10.8	1	10	15.1	16.9	38.5	0.07	0.15	0.09	3	0.60	10.7	11	100	98	98	100	98	98	12.73	12.69	12.71
241030	6	2	10.1	0	2	17.1	17.1	33.1	0.17	0.29	0.12	1	0.73	10.5	2	92	98	98	100	98	98	13.68	13.68	13.68
241030	6	3	10.4	1	11	16.2	16.2	36.9	0.09	0.21	0.09	2	0.74	10.4	10	100	98	98	100	98	98	13.43	13.43	13.43
241030	6	4	10.5	1	11	16.3	16.3	32.9	0.10	0.32	0.29	1	2.36	10.6	9	98	98	98	100	98	98	12.95	12.95	12.95
241030	6	5	10.5	1	7	16.3	16.4	34.1	0.07	0.20	0.04	2	0.28	10.6	8	100	98	98	100	98	98	13.04	13.04	13.04
241030	6	6	10.7	1	3	17.6	17.6	35.2	0.07	0.23	0.11	3	0.64	10.8	1	100	98	98	100	98	98	13.70	13.70	13.70
241030	6	7	10.7	1	11	23.9	23.9	43.1	0.07	0.17	0.06	3	0.50	10.5	11	100	98	98	100	98	98	13.50	13.50	13.50
241030	6	8	10.7	1	8	17.1	17.2	35.3	0.10	0.23	0.09	3	0.91	10.7	12	100	98	98	100	98	98	13.37	13.37	13.37
241030	6	9	10.8	1	8	15.1	15.1	31.6	0.13	0.28	0.11	2	0.57	10.7	6	100	98	98	100	98	98	10.38	10.39	10.39
241030	6	10	10.3	1	9	16.5	16.5	32.5	0.06	0.28	0.05	3	0.38	10.3	9	98	98	98	100	98	98	13.26	13.26	13.26
241030	7	1	10.3	1	7	18.5	23.4	3.39	0.12	0.23	0.12	1	0.73	10.6	7	100	98	98	100	98	98	13.44	13.44	13.44
241030	7	2	10.5	1	12	17.2	17.2	33.6	0.14	0.30	0.20	1	1.13	10.7	10	100	98	98	100	98	98	13.77	13.77	13.77
241030	7	3	10.8	1	11	18.0	18.0	38.2	0.14	0.18	0.12	3	0.91	10.8	10	100	98	98	100	98	98	13.56	13.56	13.56
241030	7	4	10.9	1	2	17.7	17.7	34.0	0.09	0.24	0.10	3	0.52	10.8	1	100	98	98	100	98	98	13.72	13.72	13.72
241030	7	5	10.7	1	7	15.8	15.8	32.0	0.11	0.17	0.14	3	0.94	10.8	3	100	98	98	100	98	98	12.20	12.20	12.20
241030	7	6	10.8	1	1	17.1	17.1	33.8	0.12	0.18	0.12	3	0.80	10.6	1	100	98	98	100	98	98	13.66	13.66	13.66
241030	7	7	10.7	1	9	18.0	18.0	35.7	0.09	0.20	0.11	3	1.37	10.5	12	100	98	98	100	98	98	13.76	13.76	13.76
241030	7	8	10.8	1	11	18.1	18.1	34.5	0.10	0.24	0.14	3	1.00	10.4	12	95	98	98	100	98	98	13.50	13.50	13.50
241030	7	9	10.6	1	11	17.5	17.5	33.9	0.09	0.19	0.21	3	1.90	10.3	11	92	98	98	100	98	98	13.62	13.62	13.62
241030	7	10	10.1	0	1	13.5	13.5	29.6	0.21	0.20	0.17	1	1.31	10.4	12	97	98	98	100	98	98	8.28	8.22	8.19
241030	8	1	10.6	1	5	18.4	18.4	44.0	0.07	0.21	0.09	2	0.93	10.7	2	100	98	98	100	98	98	13.74	13.74	13.74
241030	8	2	10.8	1	10	16.7	16.7	33.9	0.15	0.17	0.07	2	0.54	10.7	11	100	98	98	100	98	98	13.72	13.72	13.72
241030	8	3	10.7	1	2	16.1	16.1	31.3	0.07	0.18	0.06	3	0.53	10.6	1	100	98	98	100	98	98	12.49	12.49	12.49
241030	8	4	10.5	1	1	17.9	17.9	33.9	0.09	0.22	0.11	3	0.71	10.5	12	100	98	98	100	98	98	13.47	13.47	13.47
241030	8	5	10.9	1	12	18.0	18.0	34.4	0.08	0.17	0.09	3	0.63	10.5	12	100	98	98	100	98	98	13.71	13.71	13.71
241030	8	6	10.4	1	1	19.6	19.6	36.5	0.11	0.16	0.08	3	0.63	10.4	1	100	98	98	100	98	98	13.56	13.56	13.56
241030	8	7	10.6	1	8	14.2	14.2	29.2	0.13	0.17	0.10	1	1.15	10.8	10	100	98	98	100	98	98	11.43	11.43	11.45
241030	8	8	10.5	1	7	15.7	15.7	30.9	0.07	0.20	0.08	1	0.98	10.6	8	100	98	98	100	98	98	13.62	13.62	13.62
241030	8	9	10.7	1	6	16.3	16.3	32.3	0.09	0.22	0.09	3	0.56	10.9	6	100	98	98	100	98	98	13.19	13.19	13.19
241030	8	10	10.7	1	1	16.7	16.7	32.1	0.10	0.22	0.08	3	0.49	10.8	1	100	98	98	100	98	98	13.39	13.39	13.39
