Marko	Ilmakiv‰‰ri
Date	Series	Shot	Hit	X ring	Sector	On	Total	Int.(s)			Trigger			COG		Fine %			Rough %			Hold time (s)
						target	time 		dev X	dev Y	ATV	TIRE	RTV	Hit	Sector	Target	COG	Hit	Target	COG	Hit	Target	COG	Hit
240412	1	1	10.6	1	1	13.0	22.3	0.0	0.24	0.20	0.12	3	0.46	10.6	1	100	98	98	100	98	98	8.13	8.10	8.10
240412	1	2	10.8	1	4	13.8	13.8	26.5	0.23	0.19	0.15	3	0.70	10.4	2	98	98	98	100	98	98	7.46	7.44	7.47
240412	1	3	10.6	1	2	13.0	13.0	25.6	0.27	0.25	0.17	3	0.55	10.6	12	100	98	98	100	98	98	6.64	6.63	6.63
240412	1	4	10.5	1	2	16.2	16.2	30.4	0.23	0.21	0.23	1	0.99	10.6	1	100	98	98	100	98	98	7.96	7.93	7.93
240412	1	5	10.7	1	7	15.0	15.0	32.3	0.15	0.20	0.07	1	0.32	10.9	7	100	98	98	100	98	98	9.00	9.00	9.02
240412	1	6	10.5	1	3	13.7	13.7	27.0	0.32	0.24	0.23	1	1.26	10.4	2	85	98	98	100	98	98	8.36	8.34	8.36
240412	1	7	10.5	1	9	14.9	14.9	29.2	0.20	0.20	0.16	1	0.76	10.7	10	100	98	98	100	98	98	9.16	9.15	9.16
240412	1	8	10.2	1	2	13.3	13.3	26.5	0.19	0.18	0.24	2	1.30	10.5	1	100	98	98	100	98	98	7.89	7.86	7.80
240412	1	9	10.8	1	2	14.6	14.6	28.9	0.19	0.19	0.20	1	1.33	10.6	12	100	98	98	100	98	98	8.54	8.51	8.52
240412	1	10	10.8	1	5	14.1	14.1	27.2	0.27	0.27	0.26	2	0.95	10.7	2	100	98	98	100	98	98	7.54	7.51	7.54
240412	2	1	10.7	1	11	14.5	14.5	28.7	0.19	0.25	0.16	3	0.76	10.7	11	100	98	98	100	98	98	8.14	8.10	8.10
240412	2	2	10.3	1	2	12.5	12.5	25.0	0.16	0.16	0.18	2	0.98	10.4	2	100	98	98	100	98	98	6.00	5.97	5.96
240412	2	3	10.5	1	3	15.1	15.1	29.9	0.20	0.21	0.21	2	1.27	10.5	1	98	98	98	100	98	98	8.84	8.80	8.82
240412	2	4	10.8	1	11	13.7	13.7	27.4	0.18	0.13	0.23	1	1.25	10.6	11	100	98	98	100	98	98	8.40	8.38	8.38
240412	2	5	10.3	1	9	13.4	13.4	25.9	0.18	0.27	0.13	3	0.67	10.4	11	94	98	80	100	98	98	7.18	7.11	7.17
240412	2	6	10.3	1	3	23.1	23.1	41.2	0.17	0.11	0.14	1	0.97	10.5	2	100	98	98	100	98	98	6.83	6.79	6.79
240412	2	7	10.5	1	1	14.2	14.2	29.1	0.18	0.20	0.16	1	0.68	10.5	1	100	98	98	100	98	98	8.73	8.70	8.70
240412	2	8	10.5	1	12	27.4	33.0	57.6	0.17	0.16	0.19	2	0.94	10.5	12	100	98	98	100	98	98	9.45	9.35	9.36
240412	2	9	10.8	1	6	16.7	16.7	33.6	0.21	0.18	0.12	1	0.88	10.9	1	100	98	98	100	98	98	11.56	11.55	11.56
240412	2	10	10.3	1	2	13.5	13.5	26.3	0.21	0.25	0.16	1	0.71	10.5	2	100	98	98	100	98	98	7.53	7.51	7.50
240412	3	1	10.6	1	6	14.8	24.9	3.03	0.21	0.24	0.18	3	1.00	10.5	2	97	98	89	100	98	98	8.46	8.45	8.74
240412	3	2	10.1	0	1	11.6	11.6	24.6	0.24	0.24	0.46	3	2.47	10.5	4	100	98	67	100	98	98	5.45	5.49	5.21
240412	3	3	10.5	1	3	14.3	14.3	30.5	0.35	0.29	0.22	3	0.76	10.5	3	92	98	98	100	98	98	8.13	8.13	8.18
240412	3	4	10.4	1	2	17.8	17.8	33.8	0.19	0.21	0.22	1	1.31	10.7	2	100	98	98	100	98	98	8.34	8.32	8.31
240412	3	5	10.5	1	2	16.5	16.5	31.3	0.19	0.29	0.18	1	0.89	10.6	2	100	98	98	100	98	98	8.64	8.62	8.61
240412	3	6	10.7	1	6	13.4	13.4	26.9	0.25	0.23	0.07	3	0.37	10.6	3	100	98	98	100	98	98	7.58	7.62	7.65
240412	3	7	10.3	1	6	13.1	13.1	26.4	0.17	0.21	0.17	1	1.10	10.6	5	100	98	98	100	98	98	7.11	7.17	7.20
240412	3	8	10.6	1	6	12.8	12.8	25.6	0.22	0.22	0.20	1	0.79	10.8	4	100	98	98	100	98	98	8.07	8.09	8.10
240412	3	9	10.1	0	8	13.3	13.3	28.0	0.22	0.28	0.31	2	1.93	10.8	3	100	98	50	100	98	98	7.50	7.50	7.53
240412	3	10	10.1	0	3	15.8	15.8	31.9	0.22	0.22	0.19	2	1.52	10.5	4	100	98	98	100	98	98	10.56	10.61	10.59
240412	4	1	10.7	1	7	18.3	18.3	45.0	0.26	0.27	0.13	3	0.52	10.8	8	100	98	98	100	98	98	11.34	11.32	11.34
240412	4	2	10.3	1	1	21.2	21.2	36.7	0.15	0.27	0.15	1	0.84	10.6	1	100	98	98	100	98	98	7.70	7.68	7.65
240412	4	3	10.9	1	5	13.5	13.5	26.4	0.16	0.25	0.20	3	1.18	10.9	4	100	98	98	100	98	98	9.53	9.53	9.54
240412	4	4	10.8	1	3	14.6	14.6	26.8	0.17	0.31	0.15	3	0.89	10.8	2	100	98	98	100	98	98	10.76	10.71	10.76
240412	4	5	10.9	1	3	13.5	13.5	25.4	0.16	0.20	0.11	3	0.70	10.9	12	100	98	98	100	98	98	9.11	9.07	9.11
240412	4	6	10.7	1	2	12.8	12.8	25.2	0.24	0.26	0.11	2	0.42	10.8	3	100	98	98	100	98	98	8.28	8.28	8.27
240412	4	7	10.2	1	7	21.1	21.1	37.3	0.16	0.25	0.11	1	0.70	10.6	7	100	98	98	100	98	98	11.69	11.71	11.78
240412	4	8	10.7	1	12	13.6	13.6	26.3	0.21	0.24	0.27	2	0.98	10.8	2	100	98	98	100	98	98	8.45	8.45	8.43
240412	4	9	10.8	1	7	28.5	28.5	48.6	0.14	0.24	0.10	3	0.69	10.9	11	100	98	98	100	98	98	8.29	8.29	8.31
240412	4	10	10.7	1	4	13.3	13.3	26.2	0.16	0.22	0.20	2	0.95	10.7	4	100	98	98	100	98	98	7.70	7.71	7.71
240412	5	1	10.3	1	8	18.9	45.1	2.46	0.17	0.32	0.28	2	2.05	10.7	4	100	98	73	100	98	98	7.68	7.74	7.68
240412	5	2	10.3	1	2	12.6	12.6	25.3	0.21	0.24	0.20	1	1.20	10.9	3	100	98	92	100	98	98	7.09	7.08	7.07
240412	5	3	10.1	0	4	13.4	13.4	27.3	0.22	0.31	0.08	2	0.43	10.4	3	97	98	91	100	98	98	6.00	6.01	6.11
240412	5	4	10.4	1	3	14.3	14.3	28.0	0.21	0.21	0.13	1	0.68	10.7	5	100	98	98	100	98	98	9.12	9.15	9.12
240412	5	5	10.5	1	10	12.2	12.2	23.7	0.34	0.20	0.24	1	1.69	10.8	5	100	98	98	100	98	98	6.66	6.67	6.62
240412	5	6	10.3	1	6	14.4	14.4	27.1	0.18	0.25	0.10	1	0.61	10.6	7	100	98	98	100	98	98	9.35	9.39	9.40
240412	5	7	10.8	1	7	13.8	13.8	26.2	0.13	0.17	0.14	3	0.94	10.8	7	100	98	98	100	98	98	9.97	9.99	9.99
240412	5	8	10.7	1	8	13.7	13.7	25.9	0.15	0.21	0.18	3	1.36	10.8	10	100	98	98	100	98	98	8.55	8.52	8.55
240412	5	9	10.8	1	4	19.5	19.5	34.3	0.10	0.24	0.13	3	0.83	10.7	5	100	98	98	100	98	98	8.94	8.98	8.97
240412	5	10	10.5	1	6	20.3	20.3	36.6	0.10	0.24	0.09	1	1.01	10.6	5	100	98	98	100	98	98	10.70	10.72	10.77
240412	6	1	10.4	1	7	15.4	15.4	30.9	0.20	0.28	0.22	1	1.10	10.6	6	100	98	98	100	98	98	11.18	11.22	11.23
240412	6	2	10.6	1	5	11.4	11.4	22.5	0.18	0.24	0.09	3	0.58	10.6	2	100	98	98	100	98	98	5.88	5.85	5.91
240412	6	3	10.8	1	5	9.6	9.6	20.3	0.23	0.42	0.16	3	0.70	10.5	5	92	98	98	100	98	98	3.38	3.58	3.51
240412	6	4	10.5	1	3	10.7	23.0	39.4	0.20	0.27	0.08	2	0.37	10.6	4	100	98	98	100	98	98	10.72	10.76	10.71
240412	6	5	10.6	1	2	13.9	13.9	26.1	0.18	0.16	0.15	1	1.05	10.8	4	100	98	98	100	98	98	9.06	9.07	8.98
240412	6	6	10.6	1	4	20.5	20.5	36.6	0.15	0.29	0.17	2	1.13	10.6	4	100	98	98	100	98	98	8.41	8.49	8.47
240412	6	7	10.4	1	7	19.6	19.6	35.8	0.13	0.20	0.14	1	0.90	10.8	7	100	98	98	100	98	98	10.02	10.04	10.06
240412	6	8	10.6	1	5	17.8	17.8	32.9	0.20	0.22	0.10	1	0.53	10.6	5	100	98	98	100	98	98	7.83	7.89	7.89
240412	6	9	10.5	1	5	15.5	15.5	29.9	0.32	0.28	0.18	1	0.59	10.5	4	100	98	98	100	98	98	11.07	11.12	11.13
240412	6	10	10.4	1	7	20.8	20.8	37.9	0.18	0.27	0.16	2	0.99	10.6	7	100	98	98	100	98	98	8.03	8.05	8.05
