Marko	Ilmakiv‰‰ri
Date	Series	Shot	Hit	X ring	Sector	On	Total	Int.(s)			Trigger			COG		Fine %			Rough %			Hold time (s)
						target	time 		dev X	dev Y	ATV	TIRE	RTV	Hit	Sector	Target	COG	Hit	Target	COG	Hit	Target	COG	Hit
240401	1	1	10.5	1	8	13.7	25.1	0.0	0.30	0.20	0.07	2	0.33	10.3	8	70	98	98	100	98	98	6.93	6.99	6.97
240401	1	2	10.4	1	7	11.8	11.8	23.9	0.25	0.13	0.27	3	1.12	10.2	7	80	98	98	100	98	98	6.27	6.34	6.34
240401	1	3	10.4	1	6	12.0	12.0	26.1	0.18	0.13	0.25	3	1.62	10.2	8	86	98	98	100	98	98	7.46	7.49	7.49
240401	1	4	10.2	1	7	11.1	11.1	24.6	0.16	0.16	0.13	2	0.74	10.1	8	77	98	98	100	98	98	5.73	5.78	5.78
240401	1	5	10.3	1	8	11.3	11.3	25.1	0.13	0.12	0.11	2	0.76	10.3	8	100	98	98	100	98	98	6.03	6.11	6.11
240401	1	6	10.4	1	9	11.9	11.9	26.2	0.19	0.11	0.17	3	1.04	10.5	9	100	98	98	100	98	98	5.92	5.91	5.92
240401	1	7	10.5	1	11	11.0	11.0	24.7	0.14	0.11	0.23	3	2.24	10.4	10	100	98	98	100	98	98	6.74	6.69	6.69
240401	1	8	10.8	1	2	10.2	10.2	22.9	0.22	0.15	0.10	3	0.70	10.6	9	100	98	98	100	98	98	6.36	6.38	6.34
240401	1	9	10.6	1	8	10.9	10.9	22.4	0.13	0.11	0.11	3	0.73	10.7	9	100	98	98	100	98	98	6.57	6.55	6.57
240401	1	10	10.4	1	12	13.1	13.1	24.9	0.18	0.20	0.11	2	0.61	10.5	12	100	98	98	100	98	98	8.47	8.40	8.40
240401	2	1	10.8	1	8	11.8	11.8	25.5	0.15	0.15	0.13	3	0.87	10.6	10	100	98	98	100	98	98	7.02	7.00	7.02
240401	2	2	10.8	1	10	15.7	15.7	29.3	0.14	0.12	0.11	3	0.86	10.6	10	100	98	98	100	98	98	5.79	5.79	5.79
240401	2	3	10.0	0	1	12.2	12.2	24.2	0.16	0.14	0.30	2	2.35	10.6	12	100	98	98	100	98	98	7.20	7.17	7.12
240401	2	4	10.8	1	10	12.8	13.1	28.2	0.10	0.18	0.11	3	0.74	10.8	2	100	98	98	100	98	98	7.35	7.35	7.33
240401	2	5	10.7	1	12	17.1	17.1	30.5	0.17	0.16	0.17	3	1.06	10.6	10	100	98	98	100	98	98	6.34	6.33	6.32
240401	2	6	10.7	1	10	12.0	12.0	23.6	0.08	0.14	0.07	3	0.61	10.8	10	100	98	98	100	98	98	7.77	7.77	7.77
240401	2	7	10.6	1	8	12.0	12.0	24.1	0.19	0.17	0.19	3	2.36	10.6	12	100	98	98	100	98	98	8.41	8.40	8.43
240401	2	8	10.6	1	9	12.6	12.6	26.1	0.19	0.18	0.18	3	0.77	10.7	11	100	98	98	100	98	98	8.91	8.89	8.89
240401	2	9	10.6	1	8	17.7	17.7	34.9	0.15	0.20	0.11	2	1.06	10.7	11	100	98	98	100	98	98	8.27	8.25	8.31
240401	2	10	10.7	1	12	11.5	11.5	24.7	0.14	0.15	0.18	1	1.28	10.8	1	100	98	98	100	98	98	6.25	6.22	6.22
240401	3	1	10.7	1	7	18.0	26.2	3.13	0.14	0.16	0.08	3	0.80	10.8	1	100	98	98	100	98	98	7.29	7.29	7.30
240401	3	2	10.6	1	7	16.2	16.2	32.1	0.18	0.17	0.10	1	0.81	10.7	5	100	98	98	100	98	98	6.71	6.72	6.79
240401	3	3	10.8	1	4	10.7	10.7	22.0	0.19	0.27	0.15	3	0.71	10.7	5	100	98	98	100	98	98	4.33	4.37	4.35
240401	3	4	10.6	1	3	11.4	11.4	23.8	0.19	0.13	0.28	2	1.44	10.7	1	100	98	98	100	98	98	5.37	5.33	5.34
240401	3	5	10.6	1	2	13.1	14.1	28.2	0.20	0.23	0.18	1	1.01	10.8	2	100	98	98	100	98	98	7.44	7.42	7.38
240401	3	6	10.7	1	12	12.2	12.2	26.1	0.15	0.15	0.14	2	1.02	10.9	4	100	98	98	100	98	98	6.43	6.43	6.42
240401	3	7	10.7	1	9	16.4	16.4	31.4	0.22	0.20	0.21	3	2.30	10.7	8	100	98	98	100	98	98	5.26	5.29	5.28
240401	3	8	10.6	1	1	11.9	11.9	24.2	0.19	0.18	0.14	1	0.99	10.9	12	100	98	98	100	98	98	6.30	6.30	6.27
240401	3	9	10.8	1	2	12.7	12.7	26.2	0.14	0.22	0.18	3	1.16	10.8	12	100	98	98	100	98	98	7.05	7.02	7.02
240401	3	10	10.7	1	8	20.6	20.6	38.1	0.12	0.14	0.08	3	0.69	10.6	8	100	98	98	100	98	98	5.55	5.59	5.57
240401	4	1	10.4	1	11	11.7	11.7	25.6	0.16	0.18	0.23	1	1.59	10.7	11	100	98	98	100	98	98	7.04	6.96	6.93
240401	4	2	10.9	1	5	11.2	11.2	23.5	0.15	0.10	0.09	3	0.62	10.9	7	100	98	98	100	98	98	5.66	5.66	5.66
240401	4	3	10.8	1	10	9.5	9.5	20.8	0.16	0.15	0.11	3	0.74	10.7	10	100	98	98	100	98	98	2.42	2.38	2.40
240401	4	4	10.7	1	6	17.1	17.1	31.7	0.20	0.15	0.08	2	0.54	10.9	4	100	98	98	100	98	98	7.16	7.16	7.18
240401	4	5	10.7	1	11	16.0	16.0	30.0	0.14	0.14	0.11	3	0.69	10.7	10	100	98	98	100	98	98	6.62	6.62	6.58
240401	4	6	10.8	1	6	13.5	13.5	28.4	0.13	0.20	0.11	3	1.19	10.6	1	100	98	98	100	98	98	7.83	7.82	7.84
240401	4	7	10.8	1	4	11.2	11.2	23.5	0.14	0.17	0.13	1	0.71	10.7	3	100	98	98	100	98	98	5.31	5.33	5.33
240401	4	8	10.5	1	2	8.7	8.7	19.1	0.10	0.21	0.19	2	1.40	10.3	3	100	98	98	100	98	98	2.00	1.97	1.94
240401	4	9	10.9	1	0	16.9	16.9	32.8	0.17	0.14	0.12	3	1.08	10.7	9	100	98	98	100	98	98	9.16	9.15	9.16
240401	4	10	10.8	1	8	21.9	51.5	1.24	0.19	0.23	0.13	3	0.63	10.6	12	100	98	98	100	98	98	9.93	9.86	9.95
240401	5	1	10.6	1	3	22.3	29.2	2.52	0.23	0.23	0.08	3	0.34	10.5	3	95	98	98	100	98	98	7.71	7.68	7.71
240401	5	2	10.7	1	3	12.7	12.7	25.9	0.20	0.18	0.09	2	0.83	10.9	2	100	98	98	100	98	98	7.56	7.56	7.56
240401	5	3	10.5	1	4	13.2	13.2	26.6	0.12	0.24	0.09	3	0.45	10.8	4	100	98	98	100	98	98	7.95	7.95	7.95
240401	5	4	10.7	1	2	19.4	19.4	37.1	0.14	0.21	0.14	3	0.79	10.7	3	100	98	98	100	98	98	6.72	6.69	6.66
240401	5	5	10.4	1	11	10.3	10.3	22.9	0.25	0.12	0.14	1	1.17	10.5	12	100	98	98	100	98	98	4.74	4.65	4.62
240401	5	6	10.7	1	7	12.1	12.1	26.6	0.13	0.15	0.05	1	0.35	10.7	8	100	98	98	100	98	98	7.33	7.35	7.35
240401	5	7	10.7	1	7	11.3	11.3	23.2	0.17	0.19	0.11	2	0.93	10.9	9	100	98	98	100	98	98	5.13	5.12	5.29
240401	5	8	10.6	1	1	12.2	12.2	24.2	0.09	0.12	0.17	3	1.85	10.9	3	100	98	98	100	98	98	6.33	6.33	6.27
240401	5	9	10.7	1	6	11.7	11.7	24.0	0.12	0.16	0.11	3	0.83	10.6	6	100	98	98	100	98	98	5.82	5.85	5.85
240401	5	10	10.8	1	3	12.7	12.7	24.9	0.14	0.20	0.13	3	0.74	10.8	6	100	98	98	100	98	98	6.63	6.63	6.62
240401	6	1	10.8	1	10	12.3	12.3	24.4	0.15	0.14	0.08	3	0.49	10.7	10	100	98	98	100	98	98	6.99	6.97	6.99
240401	6	2	10.6	1	11	12.8	12.8	25.1	0.15	0.22	0.09	3	0.65	10.5	11	100	98	98	100	98	98	8.18	8.09	8.09
240401	6	3	10.5	1	8	15.3	15.3	28.2	0.16	0.14	0.05	1	0.44	10.8	9	100	98	98	100	98	98	11.32	11.32	11.32
240401	6	4	10.6	1	7	12.4	12.4	25.2	0.15	0.17	0.18	1	1.43	10.9	6	100	98	98	100	98	98	6.29	6.30	6.33
240401	6	5	10.4	1	8	12.6	12.6	25.4	0.19	0.22	0.13	3	0.76	10.6	9	100	98	98	100	98	98	7.53	7.56	7.58
240401	6	6	10.5	1	8	12.1	12.1	25.2	0.11	0.20	0.09	3	0.66	10.6	9	100	98	98	100	98	98	7.21	7.23	7.25
240401	6	7	10.9	1	7	12.2	12.2	25.0	0.18	0.23	0.05	3	0.23	10.9	0	100	98	98	100	98	98	7.65	7.65	7.67
240401	6	8	10.6	1	9	17.6	17.6	32.2	0.13	0.17	0.18	3	1.27	10.9	10	100	98	98	100	98	98	8.74	8.74	8.76
240401	6	9	10.8	1	7	13.5	13.5	27.8	0.16	0.24	0.09	3	0.40	10.7	8	100	98	98	100	98	98	10.70	10.70	10.70
240401	6	10	10.4	1	9	17.8	17.8	33.1	0.13	0.18	0.06	2	0.50	10.5	10	100	98	98	100	98	98	9.57	9.55	9.57
240401	7	1	10.7	1	8	17.8	18.0	2.38	0.21	0.21	0.13	3	0.94	10.8	1	100	98	98	100	98	98	8.47	8.47	8.51
240401	7	2	10.8	1	6	12.0	12.0	24.7	0.12	0.16	0.08	3	0.65	10.7	1	100	98	98	100	98	98	8.10	8.09	8.12
240401	7	3	10.6	1	2	12.2	12.2	24.9	0.24	0.21	0.24	3	1.43	10.4	2	92	98	98	100	98	98	7.11	7.08	7.09
240401	7	4	10.6	1	4	12.4	12.4	26.4	0.19	0.18	0.12	2	1.32	10.9	3	100	98	98	100	98	98	6.97	6.97	7.02
240401	7	5	10.6	1	5	16.6	16.6	31.9	0.22	0.20	0.04	2	0.21	10.7	4	100	98	98	100	98	98	7.58	7.59	7.61
240401	7	6	10.7	1	8	11.5	11.5	23.7	0.20	0.18	0.07	3	0.44	10.7	8	100	98	98	100	98	98	6.64	6.66	6.66
240401	7	7	10.8	1	9	14.1	14.1	27.7	0.15	0.21	0.12	3	0.71	10.7	8	100	98	98	100	98	98	9.75	9.77	9.75
240401	7	8	10.2	1	9	11.3	11.3	23.6	0.24	0.18	0.13	3	0.69	10.5	9	100	98	98	100	98	98	6.09	6.11	6.09
240401	7	9	10.7	1	7	13.6	13.6	27.7	0.08	0.23	0.13	3	1.73	10.8	2	100	98	98	100	98	98	8.31	8.29	8.31
240401	7	10	10.7	1	4	11.4	11.4	24.0	0.17	0.21	0.08	2	0.53	10.8	6	100	98	98	100	98	98	6.22	6.22	6.24
240401	8	1	10.6	1	1	13.4	13.4	26.5	0.13	0.19	0.08	2	0.74	10.8	12	100	98	98	100	98	98	10.29	10.26	10.24
240401	8	2	10.7	1	6	17.8	17.8	33.3	0.20	0.24	0.06	3	0.43	10.8	8	100	98	98	100	98	98	8.70	8.71	8.73
240401	8	3	10.9	1	8	13.3	13.3	26.1	0.19	0.18	0.11	3	0.67	10.9	12	100	98	98	100	98	98	9.78	9.78	9.78
240401	8	4	10.6	1	8	13.3	13.3	26.0	0.12	0.20	0.11	2	0.72	10.8	8	100	98	98	100	98	98	10.04	10.05	10.05
240401	8	5	10.7	1	12	13.5	13.5	27.1	0.16	0.18	0.17	3	1.37	10.6	1	100	98	98	100	98	98	9.12	9.09	9.09
240401	8	6	10.8	1	7	12.9	12.9	26.3	0.13	0.16	0.07	3	0.80	10.8	11	100	98	98	100	98	98	8.61	8.60	8.61
240401	8	7	10.8	1	10	18.2	18.2	33.6	0.21	0.19	0.11	3	0.82	10.7	11	100	98	98	100	98	98	9.03	9.02	9.03
240401	8	8	10.8	1	5	13.3	13.3	26.0	0.23	0.23	0.14	3	0.60	10.9	9	100	98	98	100	98	98	9.64	9.66	9.66
240401	8	9	10.6	1	9	17.5	17.5	33.3	0.14	0.17	0.10	3	0.76	10.5	10	100	98	98	100	98	98	11.89	11.88	11.89
240401	8	10	10.6	1	9	18.5	18.5	35.5	0.11	0.22	0.08	3	0.56	10.6	9	100	98	98	100	98	98	11.62	11.62	11.62
