Marko	Ilmakiv‰‰ri
Date	Series	Shot	Hit	X ring	Sector	On	Total	Int.(s)			Trigger			COG		Fine %			Rough %			Hold time (s)
						target	time 		dev X	dev Y	ATV	TIRE	RTV	Hit	Sector	Target	COG	Hit	Target	COG	Hit	Target	COG	Hit
231207	1	1	10.9	1	3	13.3	28.2	0.0	0.30	0.25	0.14	3	0.87	10.6	12	100	98	98	100	98	98	5.83	5.79	5.82
231207	1	2	10.6	1	11	13.1	13.1	25.3	0.30	0.19	0.16	3	1.26	10.2	1	67	98	82	100	98	98	8.21	8.16	8.19
231207	1	3	10.7	1	2	11.3	11.3	22.3	0.24	0.19	0.23	3	1.31	10.6	10	100	98	94	100	98	98	6.38	6.36	6.38
231207	1	4	10.7	1	8	9.2	9.2	19.0	0.20	0.14	0.20	1	1.62	10.9	11	100	98	98	100	98	98	7.67	7.67	7.70
231207	1	5	10.8	1	9	9.0	9.0	18.7	0.19	0.17	0.09	3	0.59	10.7	12	100	98	98	100	98	98	6.78	6.76	6.78
231207	1	6	10.5	1	8	8.7	8.7	18.3	0.11	0.11	0.13	1	1.11	10.6	8	100	98	98	100	98	98	6.58	6.60	6.62
231207	1	7	10.9	1	12	9.9	9.9	19.6	0.16	0.15	0.18	3	1.22	10.8	8	100	98	98	100	98	98	8.37	8.38	8.36
231207	1	8	10.6	1	1	9.9	9.9	19.6	0.28	0.29	0.07	3	0.31	10.6	11	97	98	98	100	98	98	7.63	7.61	7.62
231207	1	9	10.5	1	3	8.7	8.7	18.0	0.20	0.18	0.17	2	0.84	10.5	3	100	98	98	100	98	98	7.02	7.02	7.02
231207	1	10	10.6	1	10	7.6	12.4	24.5	0.13	0.24	0.08	3	0.46	10.5	11	98	98	98	100	98	98	7.41	7.37	7.39
231207	2	1	10.7	1	11	12.2	23.9	47.0	0.24	0.18	0.21	3	1.30	10.4	12	98	98	98	100	98	98	12.21	12.16	12.21
231207	2	2	10.3	1	12	11.8	11.8	24.7	0.17	0.15	0.15	3	0.89	10.2	12	94	98	98	100	98	98	6.86	6.78	6.81
231207	2	3	10.2	1	8	10.1	10.8	26.1	0.27	0.36	0.08	1	0.48	10.5	9	100	95	88	100	98	98	5.82	5.83	5.88
231207	2	4	10.6	1	11	13.7	13.7	25.6	0.22	0.22	0.22	3	1.31	10.6	12	100	98	98	100	98	98	9.68	9.63	9.63
231207	2	5	10.6	1	12	10.7	10.7	21.5	0.12	0.13	0.08	3	0.62	10.5	12	100	98	98	100	98	98	6.48	6.43	6.43
231207	2	6	10.6	1	2	11.4	11.4	22.5	0.11	0.13	0.11	1	1.04	10.9	3	100	98	98	100	98	98	8.01	8.01	7.95
231207	2	7	10.6	1	12	13.0	13.0	24.7	0.12	0.12	0.09	3	0.59	10.5	1	100	98	98	100	98	98	8.52	8.47	8.47
231207	2	8	10.1	0	12	10.7	10.7	22.2	0.24	0.17	0.19	1	1.81	10.5	1	100	98	89	100	98	98	4.71	4.68	4.59
231207	2	9	10.3	1	1	12.8	12.8	24.7	0.15	0.13	0.13	3	0.82	10.4	1	100	98	98	100	98	98	8.03	7.98	7.96
231207	2	10	10.4	1	1	16.3	33.0	56.4	0.17	0.20	0.15	2	0.75	10.4	11	100	98	98	100	98	98	8.43	8.36	8.34
231207	3	1	10.8	1	9	16.9	31.1	2.51	0.24	0.18	0.08	3	0.54	10.8	1	100	98	98	100	98	98	7.18	7.16	7.20
231207	3	2	10.3	1	7	11.8	11.8	24.4	0.19	0.19	0.09	1	0.59	10.5	8	100	98	98	100	98	98	5.08	5.12	5.17
231207	3	3	10.2	1	6	13.0	13.0	27.3	0.15	0.19	0.14	1	1.01	10.5	5	100	98	98	100	98	98	5.67	5.73	5.88
231207	3	4	10.5	1	8	13.5	13.5	27.8	0.13	0.15	0.19	3	1.16	10.7	8	100	98	98	100	98	98	6.88	6.95	6.96
231207	3	5	10.6	1	8	12.1	12.1	26.7	0.21	0.28	0.04	1	0.20	10.9	9	100	98	94	100	98	98	5.71	5.71	5.78
231207	3	6	10.2	1	8	37.8	37.8	1.04	0.20	0.11	0.25	1	2.82	10.6	6	100	98	98	100	98	98	10.20	11.03	10.81
231207	3	7	10.7	1	11	17.4	19.3	37.3	0.09	0.18	0.13	1	1.05	10.8	9	100	98	98	100	98	98	7.20	7.20	7.17
231207	3	8	10.7	1	7	11.3	11.3	24.9	0.25	0.18	0.23	3	1.21	10.8	4	100	98	98	100	98	98	4.08	4.08	4.11
231207	3	9	10.5	1	9	18.2	18.2	35.9	0.13	0.20	0.16	2	1.11	10.6	9	100	98	98	100	98	98	8.22	8.28	8.22
231207	3	10	10.7	1	10	13.4	13.4	28.1	0.20	0.17	0.06	3	0.44	10.6	11	100	98	98	100	98	98	7.14	7.07	7.14
231207	4	1	10.2	1	8	13.5	13.5	28.2	0.13	0.14	0.07	2	0.57	10.4	8	100	98	98	100	98	98	7.44	7.47	7.47
231207	4	2	10.8	1	11	12.7	12.7	27.7	0.16	0.18	0.12	2	0.80	10.8	12	100	98	98	100	98	98	6.74	6.72	6.72
231207	4	3	10.1	0	9	12.4	12.4	26.3	0.21	0.19	0.08	2	0.60	10.4	9	100	98	98	100	98	98	6.29	6.27	6.27
231207	4	4	10.5	1	2	12.5	12.5	26.5	0.16	0.21	0.14	2	1.19	10.7	1	100	98	98	100	98	98	8.12	8.04	8.04
231207	4	5	10.7	1	1	14.6	14.6	30.1	0.15	0.15	0.09	3	0.87	10.4	2	100	98	98	100	98	98	8.73	8.64	8.70
231207	4	6	10.4	1	4	14.4	14.4	28.0	0.12	0.27	0.11	1	0.74	10.7	3	100	98	98	100	98	98	8.55	8.54	8.55
231207	4	7	10.5	1	1	10.0	10.0	22.9	0.17	0.16	0.09	2	0.68	10.5	3	100	98	98	100	98	98	4.50	4.46	4.39
231207	4	8	10.8	1	7	12.4	12.4	26.4	0.14	0.21	0.12	2	1.22	10.7	8	100	98	98	100	98	98	7.88	7.88	7.89
231207	4	9	10.6	1	5	14.0	14.0	28.7	0.15	0.12	0.15	2	0.80	10.7	4	100	98	98	100	98	98	9.22	9.24	9.26
231207	4	10	10.8	1	8	12.1	12.1	25.7	0.14	0.16	0.22	1	1.91	10.8	1	100	98	98	100	98	98	7.53	7.51	7.54
231207	5	1	10.5	1	8	13.3	15.7	2.54	0.18	0.24	0.18	1	0.85	10.5	9	100	98	98	100	98	98	8.00	8.01	8.04
231207	5	2	10.2	1	3	12.2	12.2	26.0	0.36	0.18	0.12	2	0.70	10.4	3	94	98	98	100	98	98	5.25	5.24	5.22
231207	5	3	10.4	1	5	16.2	16.2	29.2	0.14	0.33	0.09	2	0.64	10.7	2	100	98	77	100	98	98	8.18	8.16	8.27
231207	5	4	10.5	1	12	16.8	16.8	33.0	0.22	0.27	0.16	1	1.15	10.8	2	100	98	98	100	98	98	8.74	8.71	8.64
231207	5	5	10.8	1	9	12.8	12.8	28.2	0.14	0.21	0.09	3	0.49	10.9	6	100	98	98	100	98	98	6.41	6.41	6.41
231207	5	6	10.3	1	7	12.5	12.5	26.8	0.15	0.22	0.20	3	1.20	10.5	7	100	98	98	100	98	98	6.15	6.22	6.22
231207	5	7	10.8	1	8	19.4	19.4	37.0	0.19	0.28	0.16	3	1.06	10.4	2	100	98	92	100	98	98	9.21	9.07	9.81
231207	5	8	10.7	1	1	14.7	14.7	29.5	0.21	0.24	0.14	3	1.22	10.7	11	100	98	98	100	98	98	7.54	7.46	7.44
231207	5	9	10.9	1	9	12.1	12.1	26.1	0.14	0.12	0.15	2	0.97	10.7	9	100	98	98	100	98	98	6.33	6.33	6.33
231207	5	10	10.6	1	8	15.7	15.7	32.1	0.16	0.23	0.15	3	0.65	10.9	7	100	98	98	100	98	98	9.71	9.72	9.77
231207	6	1	10.4	1	11	15.9	15.9	33.2	0.09	0.25	0.11	2	0.97	10.6	11	100	98	98	100	98	98	10.79	10.76	10.72
231207	6	2	10.8	1	10	15.0	15.0	30.7	0.14	0.15	0.11	3	1.03	10.6	1	100	98	98	100	98	98	9.99	9.93	9.97
231207	6	3	10.5	1	9	12.0	12.0	26.3	0.19	0.23	0.16	2	0.83	10.6	9	100	98	98	100	98	98	5.28	5.29	5.29
231207	6	4	10.7	1	7	13.8	13.8	27.6	0.07	0.21	0.09	2	0.64	10.8	9	100	98	98	100	98	98	8.23	8.23	8.46
231207	6	5	10.7	1	6	14.2	14.2	28.4	0.26	0.19	0.17	2	0.70	10.8	6	100	98	98	100	98	98	8.47	8.51	8.51
231207	6	6	10.7	1	10	13.3	13.3	27.7	0.11	0.24	0.09	3	0.61	10.7	11	100	98	98	100	98	98	7.98	7.82	7.84
231207	6	7	10.4	1	9	14.8	14.8	31.9	0.14	0.21	0.13	2	1.15	10.6	11	100	98	98	100	98	98	9.62	9.57	9.63
231207	6	8	10.8	1	9	11.8	11.8	25.6	0.22	0.21	0.15	3	1.20	10.7	8	100	98	98	100	98	98	5.29	5.34	5.31
231207	6	9	10.6	1	9	12.6	12.6	24.8	0.14	0.24	0.33	2	3.07	10.9	6	100	98	98	100	98	98	6.90	6.90	6.92
231207	6	10	10.5	1	8	13.0	13.0	29.4	0.17	0.20	0.09	1	0.63	10.8	7	100	98	98	100	98	98	5.46	5.49	5.52
231207	7	1	10.7	1	5	14.2	14.9	3.35	0.20	0.25	0.12	1	0.62	10.8	7	100	98	98	100	98	98	8.64	8.71	8.71
231207	7	2	10.7	1	7	14.1	14.1	28.3	0.19	0.14	0.08	1	0.42	10.8	9	100	98	98	100	98	98	8.38	8.37	8.41
231207	7	3	10.6	1	4	14.6	14.6	29.2	0.22	0.13	0.11	1	0.61	10.8	4	100	98	98	100	98	98	7.33	7.33	7.33
231207	7	4	10.7	1	7	15.4	16.1	33.2	0.30	0.18	0.16	2	1.10	10.7	6	100	98	98	100	98	98	10.85	10.90	10.89
231207	7	5	10.4	1	1	15.0	15.0	29.3	0.18	0.11	0.19	2	1.77	10.7	1	100	98	98	100	98	98	10.74	10.74	10.72
231207	7	6	10.6	1	12	12.2	12.2	26.3	0.28	0.09	0.14	3	1.13	10.6	3	100	98	98	100	98	98	7.04	7.07	7.00
231207	7	7	10.7	1	9	13.0	13.0	27.0	0.18	0.15	0.13	3	0.78	10.8	9	100	98	98	100	98	98	7.89	7.92	7.92
231207	7	8	10.6	1	7	13.5	13.5	28.2	0.14	0.27	0.10	1	0.71	10.6	6	100	98	98	100	98	98	8.70	8.78	8.76
231207	7	9	10.7	1	1	12.6	12.6	27.1	0.20	0.31	0.10	3	0.47	10.6	2	100	98	98	100	98	98	6.20	6.17	6.17
231207	7	10	10.9	1	7	14.0	14.0	29.0	0.15	0.14	0.20	3	2.09	10.9	6	100	98	98	100	98	98	8.74	8.76	8.74
231207	8	1	10.5	1	3	19.9	21.7	2.55	0.18	0.21	0.05	3	0.33	10.2	3	85	98	98	100	98	98	11.79	11.79	11.79
231207	8	2	10.6	1	4	13.0	17.3	38.9	0.14	0.12	0.04	3	0.28	10.5	3	100	98	98	100	98	98	10.30	10.29	10.30
231207	8	3	10.4	1	5	13.0	13.0	26.2	0.16	0.11	0.06	3	0.69	10.6	5	100	98	98	100	98	98	7.80	7.82	7.83
231207	8	4	10.9	1	11	12.2	12.2	25.0	0.15	0.15	0.18	3	1.83	10.5	3	100	98	98	100	98	98	6.88	6.92	6.87
231207	8	5	10.3	1	5	15.0	15.0	30.3	0.13	0.19	0.06	2	0.35	10.4	5	100	98	98	100	98	98	10.01	10.06	10.05
231207	8	6	10.5	1	5	13.8	13.8	30.6	0.17	0.13	0.11	2	0.70	10.5	5	100	98	98	100	98	98	7.11	7.21	7.21
231207	8	7	10.8	1	6	18.8	18.8	36.3	0.14	0.19	0.05	1	0.39	10.9	3	100	98	98	100	98	98	9.90	9.88	9.93
231207	8	8	10.8	1	2	15.5	15.5	31.7	0.15	0.15	0.17	3	1.50	10.6	3	100	98	98	100	98	98	9.88	9.87	9.87
231207	8	9	10.4	1	10	15.5	15.5	31.0	0.17	0.16	0.15	3	0.88	10.5	9	100	98	98	100	98	98	9.71	9.68	9.60
231207	8	10	10.8	1	3	15.3	15.3	32.0	0.20	0.19	0.07	3	0.30	10.7	2	100	98	98	100	98	98	9.20	9.18	9.20
