Marko	Ilmakiv‰‰ri
Date	Series	Shot	Hit	X ring	Sector	On	Total	Int.(s)			Trigger			COG		Fine %			Rough %			Hold time (s)
						target	time 		dev X	dev Y	ATV	TIRE	RTV	Hit	Sector	Target	COG	Hit	Target	COG	Hit	Target	COG	Hit
240421	1	1	10.7	1	6	15.0	47.3	0.0	0.32	0.19	0.12	3	0.56	10.2	3	76	98	74	100	98	98	7.12	7.14	7.16
240421	1	2	10.8	1	4	15.2	15.2	28.7	0.41	0.24	0.25	3	1.04	10.6	3	92	98	97	100	98	98	7.17	7.18	7.18
240421	1	3	10.4	1	3	15.8	15.8	28.8	0.14	0.17	0.17	3	1.41	10.1	3	79	98	98	100	98	98	7.96	7.96	7.98
240421	1	4	10.0	0	2	15.4	21.5	42.0	0.22	0.14	0.12	1	0.77	10.3	3	97	98	98	100	98	98	6.33	6.34	6.33
240421	1	5	10.7	1	5	15.4	15.4	29.5	0.26	0.17	0.18	1	0.90	10.7	4	100	98	98	100	98	98	8.31	8.34	8.34
240421	1	6	10.2	1	5	14.3	14.3	30.6	0.26	0.16	0.13	3	0.59	10.2	4	77	98	98	100	98	98	7.74	7.82	7.84
240421	1	7	10.3	1	3	15.2	15.2	30.0	0.27	0.16	0.17	1	0.61	10.6	4	100	98	95	100	98	98	7.28	7.35	7.28
240421	1	8	10.7	1	4	14.2	14.2	28.0	0.38	0.19	0.26	2	1.48	10.5	3	86	98	97	100	98	98	8.64	8.62	8.65
240421	1	9	10.4	1	4	13.0	13.0	26.7	0.19	0.14	0.09	3	0.41	10.4	4	98	98	98	100	98	98	6.51	6.63	6.64
240421	1	10	10.3	1	3	14.3	14.3	27.8	0.22	0.15	0.17	3	0.67	10.3	3	94	98	98	100	98	98	4.63	4.67	4.67
240421	2	1	10.2	1	4	13.3	13.3	28.4	0.37	0.23	0.21	2	0.65	10.5	4	100	98	91	100	98	98	6.71	6.75	6.78
240421	2	2	10.5	1	4	12.9	12.9	25.4	0.23	0.20	0.15	3	0.95	10.6	6	100	98	98	100	98	98	7.30	7.46	7.30
240421	2	3	10.5	1	8	12.0	12.0	24.2	0.35	0.20	0.40	3	1.74	10.5	3	92	98	61	100	98	98	5.62	5.64	5.67
240421	2	4	10.6	1	3	13.3	13.3	26.5	0.14	0.15	0.10	2	0.63	10.8	3	100	98	98	100	98	98	8.16	8.16	8.13
240421	2	5	10.7	1	6	12.0	12.0	25.5	0.25	0.12	0.13	2	0.77	10.8	6	100	98	98	100	98	98	6.60	6.62	6.63
240421	2	6	10.6	1	7	9.4	9.4	21.7	0.20	0.24	0.29	3	1.45	10.5	6	100	98	98	100	98	98	3.77	3.81	3.81
240421	2	7	10.4	1	3	10.9	10.9	22.0	0.30	0.25	0.13	1	0.47	10.5	4	100	98	97	100	98	98	4.92	4.93	4.91
240421	2	8	10.4	1	5	13.1	13.1	25.7	0.17	0.18	0.11	1	0.96	10.9	6	100	98	98	100	98	98	8.85	8.87	8.89
240421	2	9	10.8	1	6	11.4	11.4	23.4	0.19	0.18	0.13	3	0.99	10.5	6	100	98	98	100	98	98	6.12	6.15	6.13
240421	2	10	10.9	1	6	13.7	13.7	26.2	0.18	0.17	0.16	1	1.06	10.7	4	100	98	98	100	98	98	9.30	9.31	9.30
240421	3	1	10.5	1	6	16.8	27.6	2.30	0.28	0.21	0.22	1	1.52	10.5	5	100	98	98	100	98	98	8.12	8.16	8.16
240421	3	2	10.8	1	4	13.4	13.4	27.1	0.42	0.27	0.16	3	0.67	10.6	4	89	98	91	100	98	98	6.81	6.83	6.83
240421	3	3	10.3	1	5	9.4	9.4	20.9	0.11	0.25	0.12	1	0.75	10.2	5	85	98	98	100	98	98	3.08	3.18	3.17
240421	3	4	10.1	0	3	11.5	11.5	23.7	0.32	0.22	0.19	1	1.01	10.5	4	95	98	88	100	98	98	6.48	6.53	6.46
240421	3	5	10.4	1	4	10.8	10.8	23.3	0.22	0.16	0.16	3	0.86	10.5	4	100	98	98	100	98	98	5.00	5.07	5.07
240421	3	6	10.4	1	2	10.8	10.8	22.3	0.15	0.22	0.21	2	1.46	10.7	5	100	98	94	100	98	98	5.16	5.21	5.16
240421	3	7	10.5	1	6	11.9	11.9	24.1	0.23	0.18	0.08	3	0.80	10.6	5	100	98	98	100	98	98	6.63	6.67	6.69
240421	3	8	10.3	1	5	13.2	13.2	26.2	0.26	0.19	0.04	3	0.25	10.4	4	100	98	98	100	98	98	8.01	8.05	8.05
240421	3	9	10.4	1	4	9.7	30.7	56.0	0.26	0.22	0.19	3	0.90	10.7	5	100	98	92	100	98	98	9.07	9.09	9.09
240421	3	10	10.4	1	9	14.3	14.3	28.5	0.27	0.14	0.25	1	1.56	10.9	11	100	98	89	100	98	98	9.68	9.66	9.71
240421	4	1	10.8	1	2	11.4	11.5	25.4	0.22	0.19	0.15	1	0.52	10.6	2	100	98	98	100	98	98	7.39	7.39	7.39
240421	4	2	10.7	1	4	17.6	17.6	31.5	0.11	0.12	0.14	3	1.28	10.6	4	100	98	98	100	98	98	6.81	6.84	6.81
240421	4	3	10.5	1	10	8.9	8.9	19.3	0.26	0.23	0.17	3	0.80	10.5	11	100	98	98	100	98	98	4.38	4.32	4.33
240421	4	4	10.8	1	4	12.1	12.1	24.6	0.22	0.15	0.10	3	0.48	10.8	7	100	98	98	100	98	98	8.29	8.31	8.31
240421	4	5	10.9	1	12	10.2	10.2	21.7	0.27	0.17	0.11	3	0.39	10.8	5	100	98	98	100	98	98	5.62	5.66	5.59
240421	4	6	10.4	1	7	9.9	9.9	20.8	0.20	0.16	0.17	2	0.93	10.8	5	100	98	97	100	98	98	4.67	4.67	4.70
240421	4	7	10.8	1	7	9.9	9.9	21.4	0.14	0.17	0.09	2	0.51	10.7	6	100	98	98	100	98	98	4.88	4.92	4.91
240421	4	8	10.3	1	4	12.1	12.1	24.1	0.16	0.21	0.13	2	0.93	10.6	6	100	98	98	100	98	98	7.23	7.25	7.28
240421	4	9	10.8	1	9	12.0	12.0	23.0	0.18	0.32	0.18	3	1.32	10.6	1	100	98	98	100	98	98	7.41	7.38	7.39
240421	4	10	10.5	1	3	5.8	16.2	30.6	0.23	0.22	0.13	2	0.57	10.8	5	100	98	92	100	98	98	5.62	5.66	5.59
