Marko	Ilmakiv‰‰ri
Date	Series	Shot	Hit	X ring	Sector	On	Total	Int.(s)			Trigger			COG		Fine %			Rough %			Hold time (s)
						target	time 		dev X	dev Y	ATV	TIRE	RTV	Hit	Sector	Target	COG	Hit	Target	COG	Hit	Target	COG	Hit
251203	1	1	10.0	0	9	14.9	27.5	0.0	0.17	0.19	0.26	2	1.42	10.4	9	100	98	98	100	98	98	8.98	8.96	8.93
251203	1	2	10.6	1	8	14.7	14.8	37.4	0.24	0.18	0.20	3	0.88	10.6	8	100	98	98	100	98	98	8.70	8.71	8.73
251203	1	3	10.6	1	10	13.5	13.5	29.8	0.23	0.14	0.20	3	0.85	10.7	1	100	98	97	100	98	98	7.79	7.79	7.77
251203	1	4	10.7	1	9	11.9	26.2	48.4	0.20	0.22	0.13	1	0.74	10.9	8	100	98	98	100	98	98	10.32	10.32	10.30
251203	1	5	10.7	1	10	23.9	35.4	1.01	0.15	0.13	0.10	3	0.62	10.8	1	100	98	98	100	98	98	9.78	9.78	9.77
251203	1	6	10.3	1	2	13.0	13.0	28.0	0.24	0.20	0.13	3	0.58	10.0	3	64	98	98	100	98	98	10.12	10.29	10.19
251203	1	7	10.4	1	3	28.5	42.5	2.02	0.19	0.18	0.21	1	1.04	10.7	3	100	98	98	100	98	98	10.11	10.11	10.11
251203	1	8	10.7	1	4	13.9	13.9	30.0	0.19	0.13	0.23	3	0.96	10.9	3	100	98	98	100	98	98	8.21	8.21	8.22
251203	1	9	10.4	1	3	13.1	13.2	26.6	0.12	0.12	0.23	2	1.87	10.6	4	100	98	98	100	98	98	8.64	8.69	8.70
251203	1	10	10.5	1	4	14.3	14.3	27.8	0.16	0.14	0.15	1	0.92	10.6	4	100	98	98	100	98	98	8.74	8.78	8.78
251203	2	1	10.5	1	1	14.7	14.7	29.3	0.25	0.15	0.26	1	2.08	10.6	3	100	98	98	100	98	98	10.11	10.11	10.08
251203	2	2	10.7	1	4	14.1	14.2	27.2	0.18	0.16	0.18	3	1.05	10.6	4	100	98	98	100	98	98	10.43	10.47	10.46
251203	2	3	10.3	1	5	15.2	15.2	28.5	0.14	0.16	0.08	2	0.61	10.2	4	100	98	98	100	98	98	10.61	10.79	10.79
251203	2	4	10.6	1	4	12.1	12.2	25.0	0.14	0.13	0.19	3	1.56	10.6	4	100	98	98	100	98	98	7.28	7.29	7.29
251203	2	5	10.4	1	7	14.7	14.7	28.6	0.15	0.18	0.11	1	0.70	10.9	5	100	98	98	100	98	98	10.05	10.06	10.11
251203	2	6	10.7	1	6	14.6	14.6	28.8	0.15	0.15	0.08	2	0.47	10.8	4	100	98	98	100	98	98	9.78	9.81	9.82
251203	2	7	10.7	1	8	15.2	15.2	28.5	0.15	0.16	0.14	3	1.09	10.9	9	100	98	98	100	98	98	10.56	10.56	10.56
251203	2	8	10.6	1	10	15.0	15.0	27.9	0.23	0.14	0.07	3	0.26	10.6	10	100	98	98	100	98	98	11.21	11.18	11.18
251203	2	9	10.9	1	3	16.1	16.1	30.3	0.13	0.19	0.18	3	1.14	10.7	2	100	98	98	100	98	98	12.68	12.68	12.68
251203	2	10	10.6	1	9	16.9	16.9	31.7	0.12	0.14	0.18	3	1.25	10.9	10	100	98	98	100	98	98	12.77	12.77	12.77
251203	3	1	10.8	1	7	14.2	14.2	27.2	0.12	0.30	0.22	2	2.04	10.8	4	100	98	98	100	98	98	9.39	9.44	9.44
251203	3	2	10.2	1	3	8.9	14.4	27.9	0.29	0.24	0.34	3	2.75	10.6	5	100	98	74	100	98	98	8.89	8.89	8.89
251203	3	3	10.2	1	2	1.3	20.6	39.3	0.30	0.19	0.17	3	1.03	10.5	3	100	98	98	100	98	98	1.33	1.33	1.33
251203	3	4	10.3	1	4	14.9	17.1	36.3	0.26	0.15	0.08	1	0.48	10.6	4	100	98	98	100	98	98	11.64	11.65	11.65
251203	3	5	10.6	1	6	27.1	27.6	48.3	0.14	0.21	0.08	1	0.57	10.7	6	100	98	98	100	98	98	13.21	13.21	13.21
251203	3	6	10.4	1	5	16.6	16.6	31.0	0.17	0.20	0.09	2	0.56	10.7	5	100	98	98	100	98	98	13.48	13.48	13.48
251203	3	7	10.6	1	6	18.6	18.6	34.2	0.14	0.19	0.18	3	0.90	10.5	7	100	98	98	100	98	98	13.59	13.59	13.59
251203	3	8	10.6	1	6	19.2	19.2	34.5	0.20	0.09	0.09	2	0.51	10.8	6	100	98	98	100	98	98	13.39	13.39	13.39
251203	3	9	10.6	1	4	18.6	18.6	34.6	0.21	0.20	0.09	3	0.52	10.7	6	100	98	98	100	98	98	13.41	13.41	13.41
251203	3	10	10.7	1	11	19.5	19.5	36.6	0.18	0.20	0.18	2	0.92	10.7	11	100	98	98	100	98	98	13.54	13.54	13.54
251203	4	1	10.5	1	1	26.8	44.2	3.43	0.15	0.21	0.14	2	1.15	10.8	12	100	98	98	100	98	98	11.05	11.05	11.05
251203	4	2	10.8	1	8	13.4	20.5	36.9	0.18	0.22	0.20	3	1.21	10.8	1	100	98	98	100	98	98	13.41	13.41	13.41
251203	4	3	10.8	1	4	13.1	13.2	25.9	0.25	0.15	0.06	3	0.42	10.8	4	100	98	98	100	98	98	9.22	9.22	9.22
251203	4	4	10.8	1	4	15.9	15.9	29.7	0.20	0.13	0.16	3	1.02	10.5	5	100	98	98	100	98	98	12.63	12.71	12.66
251203	4	5	10.8	1	4	18.1	18.1	31.8	0.11	0.15	0.08	1	0.50	10.7	4	100	98	98	100	98	98	13.30	13.30	13.30
251203	4	6	10.5	1	7	12.8	25.0	44.7	0.11	0.19	0.08	1	0.68	10.8	7	100	98	98	100	98	98	11.82	11.85	11.94
251203	4	7	10.7	1	1	13.4	27.3	48.5	0.09	0.18	0.09	2	0.59	10.7	1	100	98	98	100	98	98	13.37	13.37	13.37
251203	4	8	10.7	1	6	16.3	19.9	37.3	0.13	0.20	0.07	3	0.38	10.8	5	100	98	98	100	98	98	13.68	13.68	13.68
251203	4	9	10.6	1	4	9.5	26.4	47.1	0.14	0.17	0.21	2	1.61	10.7	3	100	98	98	100	98	98	9.49	9.53	9.54
251203	4	10	10.4	1	7	13.8	25.3	44.5	0.25	0.18	0.07	1	0.38	10.6	6	100	98	98	100	98	98	13.53	13.53	13.53
251203	5	1	10.7	1	4	17.0	17.0	31.4	0.22	0.13	0.07	2	0.50	10.8	7	100	98	98	100	98	98	12.99	12.99	12.99
251203	5	2	10.8	1	1	18.9	18.9	32.0	0.18	0.16	0.13	3	0.63	10.8	1	100	98	98	100	98	98	13.65	13.65	13.65
251203	5	3	10.5	1	8	16.1	16.1	29.3	0.14	0.09	0.12	3	0.99	10.7	9	100	98	98	100	98	98	11.80	11.80	11.80
251203	5	4	10.4	1	4	15.5	15.5	28.9	0.21	0.17	0.11	1	0.69	10.6	4	100	98	98	100	98	98	11.32	11.36	11.37
251203	5	5	10.9	1	0	18.0	18.0	31.3	0.12	0.22	0.08	3	0.54	10.7	7	100	98	98	100	98	98	13.44	13.44	13.44
251203	5	6	10.7	1	6	17.1	17.1	30.2	0.20	0.18	0.07	1	0.46	10.7	4	100	98	98	100	98	98	12.45	12.49	12.53
251203	5	7	10.4	1	4	14.8	14.8	27.8	0.09	0.17	0.11	2	1.18	10.7	3	100	98	98	100	98	98	10.80	10.81	10.83
251203	5	8	10.3	1	1	14.0	14.0	25.8	0.18	0.14	0.18	2	1.23	10.6	1	100	98	98	100	98	98	8.93	8.91	8.89
251203	5	9	10.7	1	8	33.2	33.2	54.9	0.14	0.17	0.11	3	0.66	10.6	8	100	98	98	100	98	98	11.71	11.71	11.73
251203	5	10	10.4	1	2	31.2	31.2	50.0	0.14	0.25	0.09	2	0.54	10.5	2	100	98	98	100	98	98	8.94	8.94	8.93
251203	6	1	10.1	0	4	17.1	58.0	3.11	0.25	0.16	0.16	2	0.66	10.3	4	97	98	98	100	98	98	4.11	4.18	4.14
251203	6	2	10.7	1	3	15.4	15.4	28.6	0.12	0.20	0.09	3	0.76	10.5	2	100	98	98	100	98	98	8.49	8.49	8.49
251203	6	3	10.4	1	1	16.1	16.1	29.4	0.20	0.21	0.16	2	1.23	10.5	1	100	98	98	100	98	98	11.04	10.99	10.98
251203	6	4	10.5	1	1	14.4	14.4	28.3	0.14	0.17	0.16	2	1.32	10.6	1	100	98	98	100	98	98	10.23	10.20	10.20
251203	6	5	10.6	1	10	15.1	15.1	30.1	0.15	0.19	0.06	3	0.44	10.6	10	100	98	98	100	98	98	11.78	11.73	11.70
251203	6	6	10.7	1	1	13.9	17.8	32.4	0.11	0.14	0.05	3	0.42	10.6	1	100	98	98	100	98	98	11.09	10.98	10.98
251203	6	7	10.8	1	5	12.1	12.1	25.9	0.12	0.20	0.12	3	0.79	10.8	3	100	98	98	100	98	98	6.63	6.64	6.66
251203	6	8	10.9	1	12	14.4	14.4	26.6	0.22	0.13	0.13	3	1.01	10.8	12	100	98	98	100	98	98	9.33	9.31	9.31
251203	6	9	10.5	1	12	15.4	15.4	29.1	0.19	0.17	0.15	3	1.40	10.8	10	100	98	98	100	98	98	12.09	12.09	12.09
251203	6	10	10.3	1	9	20.4	20.4	37.1	0.27	0.12	0.20	2	1.65	10.7	10	100	98	98	100	98	98	12.31	12.30	12.30
251203	7	1	10.5	1	3	17.5	19.4	35.7	0.14	0.20	0.11	1	0.73	10.8	4	100	98	98	100	98	98	13.34	13.34	13.34
251203	7	2	10.7	1	4	19.6	19.6	35.2	0.16	0.11	0.07	3	0.56	10.8	6	100	98	98	100	98	98	12.39	12.45	12.45
251203	7	3	10.5	1	11	15.2	15.2	28.7	0.16	0.14	0.09	2	0.54	10.8	10	100	98	98	100	98	98	10.98	10.95	10.86
251203	7	4	10.9	1	12	14.7	14.7	27.7	0.23	0.15	0.09	3	0.41	10.7	11	100	98	98	100	98	98	9.30	9.27	9.29
251203	7	5	10.8	1	5	14.5	14.5	26.8	0.17	0.14	0.15	3	1.22	10.8	1	100	98	98	100	98	98	8.97	8.96	9.04
251203	7	6	10.8	1	4	16.1	16.1	28.8	0.19	0.18	0.09	3	0.60	10.8	2	100	98	98	100	98	98	10.80	10.72	10.80
251203	7	7	10.7	1	3	13.9	13.9	25.4	0.13	0.20	0.08	1	0.52	10.6	4	100	98	98	100	98	98	7.74	7.75	7.74
251203	7	8	10.4	1	7	12.7	12.7	23.7	0.24	0.15	0.09	1	0.47	10.6	6	100	98	98	100	98	98	6.86	6.97	7.02
251203	7	9	10.9	1	6	17.1	17.1	30.6	0.14	0.13	0.11	2	0.62	10.9	7	100	98	98	100	98	98	12.73	12.73	12.73
251203	7	10	10.8	1	9	17.6	17.6	31.0	0.13	0.15	0.09	3	0.62	10.9	12	100	98	98	100	98	98	12.36	12.36	12.36
