Marko	Ilmakiv‰‰ri
Date	Series	Shot	Hit	X ring	Sector	On	Total	Int.(s)			Trigger			COG		Fine %			Rough %			Hold time (s)
						target	time 		dev X	dev Y	ATV	TIRE	RTV	Hit	Sector	Target	COG	Hit	Target	COG	Hit	Target	COG	Hit
241227	1	1	10.7	1	3	12.4	15.1	0.0	0.16	0.17	0.13	1	0.81	10.6	3	100	98	98	100	98	98	7.18	7.20	7.18
241227	1	2	10.4	1	3	10.4	10.4	23.0	0.19	0.19	0.20	1	1.18	10.4	3	100	98	98	100	98	98	7.91	7.91	7.91
241227	1	3	10.7	1	4	11.7	11.7	26.8	0.14	0.14	0.07	2	0.44	10.8	4	100	98	98	100	98	98	10.50	10.50	10.53
241227	1	4	10.7	1	12	8.0	8.0	21.0	0.16	0.15	0.13	1	0.70	10.7	1	100	98	98	100	98	98	5.55	5.54	5.54
241227	1	5	10.4	1	12	10.9	10.9	23.5	0.32	0.26	0.31	2	2.19	10.9	1	98	98	98	100	98	98	8.43	8.43	8.37
241227	1	6	10.3	1	2	19.6	19.6	38.1	0.22	0.28	0.13	3	0.53	10.4	1	89	98	98	100	98	98	12.90	12.90	12.90
241227	1	7	10.6	1	7	4.6	7.3	25.5	0.32	0.27	0.08	2	0.38	10.6	6	100	98	95	100	98	98	4.58	4.59	4.59
241227	1	8	10.6	1	11	6.2	9.2	21.9	0.23	0.18	0.21	2	0.95	10.9	1	100	98	98	100	98	98	6.24	6.22	6.20
241227	1	9	10.6	1	2	11.2	17.1	35.5	0.14	0.24	0.20	2	1.16	10.7	2	100	98	98	100	98	98	11.25	11.22	11.22
241227	1	10	10.5	1	4	21.9	30.1	1.01	0.17	0.25	0.07	2	0.32	10.5	4	100	98	98	100	98	98	12.99	12.99	12.99
241227	2	1	10.5	1	1	16.8	16.8	36.7	0.10	0.14	0.16	3	2.02	10.5	1	100	98	98	100	98	98	8.94	8.91	8.91
241227	2	2	10.6	1	12	15.4	29.2	53.4	0.17	0.25	0.24	3	1.17	10.5	1	98	98	98	100	98	98	12.24	12.18	12.18
241227	2	3	10.8	1	6	12.0	12.0	28.9	0.15	0.23	0.17	2	1.09	10.8	4	100	98	98	100	98	98	10.96	10.98	10.99
241227	2	4	10.2	1	2	11.4	11.4	26.1	0.19	0.23	0.16	1	0.91	10.3	2	91	98	98	100	98	98	10.05	10.04	10.04
241227	2	5	10.5	1	4	11.4	11.4	26.9	0.16	0.23	0.04	3	0.33	10.7	3	100	98	98	100	98	98	10.10	10.10	10.11
241227	2	6	10.7	1	4	24.1	24.1	45.0	0.12	0.16	0.09	2	0.56	10.6	2	100	98	98	100	98	98	9.77	9.75	9.77
241227	2	7	10.7	1	12	10.6	10.6	24.1	0.22	0.24	0.13	3	0.59	10.8	1	100	98	98	100	98	98	8.80	8.79	8.79
241227	2	8	10.8	1	4	12.9	12.9	27.1	0.21	0.29	0.14	3	0.61	10.8	4	100	98	98	100	98	98	12.45	12.45	12.45
241227	2	9	10.6	1	6	13.1	13.1	28.4	0.16	0.16	0.13	1	0.67	10.6	6	100	98	98	100	98	98	12.29	12.29	12.29
241227	2	10	10.6	1	2	11.1	12.1	26.6	0.21	0.22	0.09	3	0.49	10.8	1	100	98	98	100	98	98	9.90	9.88	9.87
241227	3	1	10.9	1	6	12.8	12.8	28.8	0.11	0.34	0.18	3	0.85	10.9	4	100	98	98	100	98	98	12.21	12.21	12.21
241227	3	2	10.6	1	3	11.1	11.1	24.2	0.13	0.25	0.07	3	0.36	10.7	3	100	98	98	100	98	98	9.38	9.38	9.38
241227	3	3	10.8	1	9	9.2	10.1	24.0	0.23	0.20	0.28	1	1.28	10.8	6	100	98	98	100	98	98	8.60	8.61	8.58
241227	3	4	10.5	1	1	12.1	12.1	26.0	0.18	0.15	0.09	2	0.56	10.7	1	100	98	98	100	98	98	11.03	11.01	10.99
241227	3	5	10.2	1	3	12.2	12.2	27.2	0.11	0.20	0.12	3	0.91	10.3	2	100	98	98	100	98	98	10.76	10.74	10.80
241227	3	6	10.6	1	12	10.1	19.2	40.2	0.15	0.31	0.06	3	0.24	10.6	12	100	98	98	100	98	98	10.11	9.99	9.99
241227	3	7	10.5	1	3	5.4	9.6	24.4	0.17	0.14	0.13	1	0.86	10.6	3	100	98	98	100	98	98	5.43	5.43	5.43
241227	3	8	10.9	1	12	13.3	13.3	29.8	0.15	0.24	0.13	2	0.67	10.8	1	100	98	98	100	98	98	12.29	12.29	12.29
241227	3	9	10.9	1	12	15.3	15.3	31.2	0.13	0.21	0.17	3	1.20	10.8	2	100	98	98	100	98	98	13.62	13.62	13.62
241227	3	10	10.7	1	12	14.8	14.8	31.0	0.17	0.20	0.25	1	1.92	10.6	1	100	98	98	100	98	98	13.44	13.44	13.44
241227	4	1	10.8	1	12	25.7	25.9	8.10	
241227	4	2	10.5	1	2	10.5	10.5	22.9	0.17	0.13	0.12	3	0.69	10.5	2	100	98	98	100	98	98	8.22	8.19	8.19
241227	4	3	10.3	1	12	11.5	11.5	24.6	0.24	0.23	0.09	1	0.47	10.5	11	100	98	98	100	98	98	9.75	9.72	9.69
241227	4	4	10.6	1	8	12.9	12.9	27.8	0.27	0.23	0.25	3	1.43	10.7	1	100	98	85	100	98	98	11.60	11.56	11.61
241227	4	5	10.6	1	12	14.6	14.6	29.6	0.18	0.23	0.17	3	0.93	10.6	1	100	98	98	100	98	98	13.79	13.79	13.79
241227	4	6	10.7	1	10	20.6	20.6	41.8	0.18	0.21	0.07	3	0.41	10.5	11	100	98	98	100	98	98	13.26	13.26	13.26
241227	4	7	10.8	1	11	13.0	13.0	26.8	0.20	0.16	0.23	3	1.11	10.5	1	100	98	98	100	98	98	12.03	11.98	12.02
241227	4	8	10.6	1	8	14.6	14.6	30.0	0.13	0.17	0.06	3	0.44	10.7	10	100	98	98	100	98	98	13.34	13.34	13.34
241227	4	9	10.7	1	12	14.1	14.1	29.2	0.20	0.26	0.09	3	0.47	10.5	12	97	98	98	100	98	98	13.05	13.05	13.05
241227	4	10	10.7	1	1	15.0	15.0	31.0	0.16	0.18	0.07	3	0.40	10.8	12	100	98	98	100	98	98	13.47	13.47	13.47
241227	5	1	10.7	1	5	12.4	12.4	27.1	0.19	0.14	0.16	2	1.29	10.7	2	100	98	98	100	98	98	10.62	10.61	10.63
241227	5	2	10.6	1	1	12.3	12.3	26.1	0.17	0.21	0.21	2	0.98	10.7	1	100	98	98	100	98	98	10.99	10.98	10.98
241227	5	3	10.6	1	1	12.2	32.0	59.6	0.16	0.31	0.16	2	0.80	10.8	1	100	98	98	100	98	98	9.09	9.07	9.07
241227	5	4	10.9	1	7	16.6	16.6	33.1	0.17	0.24	0.04	3	0.20	10.9	12	100	98	98	100	98	98	13.52	13.52	13.52
241227	5	5	10.6	1	7	23.2	23.2	43.3	0.24	0.28	0.09	2	0.38	10.9	3	100	98	92	100	98	98	13.38	13.38	13.38
241227	5	6	10.6	1	7	12.9	21.6	41.1	0.12	0.22	0.09	1	0.47	10.8	7	100	98	98	100	98	98	12.91	12.91	12.91
241227	5	7	10.9	1	11	12.6	12.6	26.3	0.11	0.31	0.18	2	1.12	10.5	8	100	98	98	100	98	98	11.55	11.61	11.54
241227	5	8	10.8	1	11	15.3	15.3	30.5	0.14	0.24	0.13	2	0.70	10.9	12	100	98	98	100	98	98	13.52	13.52	13.52
241227	5	9	10.5	1	10	15.4	15.4	30.5	0.25	0.20	0.31	3	2.87	10.9	6	100	98	98	100	98	98	13.47	13.47	13.47
241227	5	10	10.8	1	7	14.1	14.1	29.5	0.14	0.20	0.15	3	0.95	10.8	6	100	98	98	100	98	98	13.62	13.62	13.62
241227	6	1	10.6	1	2	14.7	14.7	31.2	0.14	0.18	0.15	3	0.94	10.9	11	100	98	98	100	98	98	13.48	13.48	13.48
241227	6	2	10.6	1	5	12.5	12.5	26.2	0.13	0.24	0.09	1	0.56	10.8	6	100	98	98	100	98	98	11.84	11.84	11.85
241227	6	3	10.6	1	2	14.8	14.8	30.0	0.14	0.18	0.22	3	1.99	10.8	4	100	98	98	100	98	98	13.44	13.44	13.44
241227	6	4	10.6	1	3	12.4	12.4	27.5	0.18	0.16	0.08	2	0.58	10.8	3	100	98	98	100	98	98	10.95	10.92	10.88
241227	6	5	10.8	1	7	12.5	12.5	27.9	0.11	0.17	0.09	3	0.55	10.9	10	100	98	98	100	98	98	11.49	11.49	11.51
241227	6	6	10.5	1	7	13.8	13.8	29.1	0.17	0.21	0.08	2	0.44	10.5	9	100	98	98	100	98	98	13.53	13.53	13.53
241227	6	7	10.8	1	7	14.0	14.0	27.5	0.10	0.19	0.16	3	1.08	10.9	10	100	98	98	100	98	98	12.29	12.29	12.39
241227	6	8	10.7	1	8	15.3	15.3	30.3	0.17	0.30	0.22	3	1.12	10.7	10	100	98	98	100	98	98	13.63	13.63	13.63
241227	6	9	10.9	1	10	22.2	22.2	41.6	0.12	0.16	0.08	3	0.49	10.8	1	100	98	98	100	98	98	13.81	13.81	13.81
241227	6	10	10.9	1	12	13.1	13.1	27.6	0.20	0.24	0.19	3	0.85	10.8	10	100	98	98	100	98	98	12.04	12.04	12.04
