Marko	Ilmakiv‰‰ri
Date	Series	Shot	Hit	X ring	Sector	On	Total	Int.(s)			Trigger			COG		Fine %			Rough %			Hold time (s)
						target	time 		dev X	dev Y	ATV	TIRE	RTV	Hit	Sector	Target	COG	Hit	Target	COG	Hit	Target	COG	Hit
240302	1	1	10.1	0	2	12.2	22.1	0.0	0.24	0.28	0.24	1	1.12	10.4	1	86	98	98	100	98	98	7.47	7.41	7.39
240302	1	2	10.4	1	10	12.6	12.6	25.8	0.28	0.26	0.18	3	0.82	10.6	11	98	98	95	100	98	98	8.21	8.19	8.19
240302	1	3	10.5	1	9	19.3	20.2	54.2	0.27	0.23	0.04	1	0.17	10.6	10	100	98	98	100	98	98	8.79	8.76	8.78
240302	1	4	10.7	1	3	12.8	12.8	26.0	0.25	0.16	0.13	1	0.45	10.7	3	100	98	98	100	98	98	8.52	8.54	8.54
240302	1	5	10.6	1	1	12.0	12.0	24.0	0.16	0.11	0.11	1	1.08	10.7	3	100	98	98	100	98	98	7.02	7.04	7.00
240302	1	6	10.8	1	1	13.0	13.0	27.7	0.20	0.19	0.15	3	0.95	10.7	2	100	98	98	100	98	98	6.64	6.63	6.63
240302	1	7	10.6	1	6	20.8	20.8	37.8	0.15	0.13	0.15	1	0.89	10.7	4	100	98	98	100	98	98	8.16	8.18	8.18
240302	1	8	10.4	1	3	14.4	14.4	27.2	0.19	0.19	0.21	3	1.48	10.4	3	100	98	98	100	98	98	5.67	5.66	5.66
240302	1	9	10.5	1	2	15.8	15.8	30.6	0.17	0.29	0.18	3	0.90	10.5	2	100	98	98	100	98	98	8.49	8.49	8.49
240302	1	10	10.7	1	6	13.9	13.9	27.9	0.22	0.13	0.19	2	1.05	10.5	4	100	98	98	100	98	98	6.41	6.42	6.42
240302	2	1	10.4	1	3	13.7	13.7	27.1	0.16	0.17	0.21	3	1.63	10.2	3	92	98	98	100	98	98	4.86	4.86	4.86
240302	2	2	10.2	1	2	16.9	16.9	31.8	0.16	0.26	0.14	2	0.88	10.5	2	100	98	98	100	98	98	10.05	10.32	10.71
240302	2	3	10.9	1	1	12.3	35.0	1.02	0.12	0.14	0.08	3	0.67	10.6	1	100	98	98	100	98	98	8.78	8.74	8.78
240302	2	4	10.6	1	2	15.1	15.1	28.4	0.23	0.18	0.15	2	0.73	10.7	2	100	98	98	100	98	98	8.14	8.13	8.13
240302	2	5	10.3	1	2	15.9	15.9	29.4	0.15	0.22	0.10	2	0.61	10.4	2	95	98	98	100	98	98	9.27	9.26	9.26
240302	2	6	10.5	1	12	28.8	28.8	49.7	0.19	0.22	0.12	3	0.65	10.6	1	100	98	98	100	98	98	8.79	8.78	8.76
240302	2	7	10.6	1	10	16.3	16.3	31.8	0.17	0.18	0.12	3	0.65	10.7	11	100	98	98	100	98	98	5.96	5.94	5.96
240302	2	8	10.8	1	1	16.6	16.6	30.8	0.17	0.17	0.18	2	1.60	10.6	2	100	98	98	100	98	98	9.73	9.72	9.72
240302	2	9	10.2	1	1	13.5	13.5	27.1	0.19	0.19	0.22	2	1.64	10.3	2	91	98	98	100	98	98	8.46	8.40	8.37
240302	2	10	10.5	1	2	16.0	16.0	33.2	0.18	0.21	0.12	3	0.62	10.6	1	100	98	98	100	98	98	6.03	5.99	5.99
240302	3	1	10.4	1	4	16.8	28.8	2.59	0.24	0.20	0.14	1	0.86	10.5	5	100	98	98	100	98	98	8.52	8.56	8.56
240302	3	2	10.6	1	2	13.6	13.6	28.0	0.22	0.21	0.20	3	1.35	10.6	4	100	98	98	100	98	98	8.69	8.70	8.69
240302	3	3	10.2	1	5	12.2	12.2	24.9	0.18	0.25	0.08	2	0.45	10.2	5	86	98	98	100	98	98	7.28	7.41	7.41
240302	3	4	10.6	1	2	13.4	13.4	27.0	0.15	0.20	0.20	3	1.82	10.5	4	100	98	98	100	98	98	7.63	7.65	7.61
240302	3	5	10.4	1	5	16.1	16.1	33.8	0.17	0.22	0.17	1	0.86	10.6	5	100	98	98	100	98	98	7.53	7.54	7.56
240302	3	6	10.3	1	6	18.1	18.1	36.1	0.15	0.19	0.13	2	0.93	10.5	5	100	98	98	100	98	98	10.05	10.11	10.12
240302	3	7	10.3	1	6	14.7	14.7	28.7	0.21	0.34	0.17	2	1.15	10.4	5	97	98	98	100	98	98	9.13	9.15	9.16
240302	3	8	10.5	1	3	14.9	14.9	30.3	0.24	0.28	0.13	3	0.73	10.7	4	100	98	98	100	98	98	10.08	10.10	10.04
240302	3	9	10.5	1	7	20.5	20.5	41.6	0.21	0.27	0.13	1	0.99	10.9	6	100	98	95	100	98	98	10.68	10.70	10.72
240302	3	10	10.4	1	7	17.1	17.1	33.0	0.14	0.24	0.06	1	0.32	10.6	6	100	98	98	100	98	98	9.45	9.49	9.51
240302	4	1	10.6	1	4	15.3	15.3	29.8	0.14	0.29	0.18	1	0.97	10.7	4	100	98	98	100	98	98	9.53	9.57	9.59
240302	4	2	10.7	1	11	12.8	12.8	25.0	0.28	0.21	0.24	1	2.66	10.9	1	100	98	98	100	98	98	7.77	7.77	7.74
240302	4	3	10.8	1	8	13.6	13.6	26.9	0.10	0.27	0.09	3	0.52	10.9	6	100	98	98	100	98	98	9.18	9.18	9.18
240302	4	4	10.7	1	10	28.5	28.5	49.2	0.19	0.29	0.16	3	0.70	10.9	10	100	98	98	100	98	98	11.34	11.32	11.32
240302	4	5	10.4	1	8	12.5	12.5	25.0	0.11	0.15	0.11	2	0.72	10.6	8	100	98	98	100	98	98	7.38	7.41	7.42
240302	4	6	10.7	1	9	26.1	26.1	45.4	
240302	4	7	10.6	1	8	26.7	26.7	46.1	0.17	0.30	0.17	3	0.83	10.8	5	100	98	98	100	98	98	7.14	7.16	7.12
240302	4	8	10.8	1	1	14.3	14.3	27.9	0.15	0.31	0.10	3	0.54	10.9	9	100	98	98	100	98	98	10.01	10.01	9.99
240302	4	9	10.8	1	4	14.2	14.2	27.0	0.21	0.24	0.16	2	0.66	10.6	3	100	98	98	100	98	98	8.64	8.65	8.65
240302	4	10	10.7	1	7	13.5	13.5	26.6	0.15	0.23	0.15	3	0.84	10.9	1	100	98	98	100	98	98	7.37	7.37	7.37
240302	5	1	10.0	0	3	18.2	23.1	3.18	0.20	0.24	0.16	1	0.95	10.4	4	100	98	98	100	98	98	10.37	10.38	10.35
240302	5	2	10.6	1	5	8.5	20.7	42.6	0.09	0.29	0.17	1	1.13	10.5	4	100	98	98	100	98	98	6.60	6.64	6.63
240302	5	3	10.0	0	3	13.5	13.5	27.0	0.21	0.21	0.09	2	0.75	10.3	4	100	98	98	100	98	98	7.44	7.46	7.46
240302	5	4	10.4	1	6	13.9	13.9	27.8	0.12	0.20	0.10	1	0.55	10.6	5	100	98	98	100	98	98	7.35	7.39	7.42
240302	5	5	10.6	1	4	14.7	14.7	28.8	0.19	0.26	0.19	3	1.02	10.5	4	100	98	98	100	98	98	8.82	8.89	8.87
240302	5	6	10.3	1	3	14.1	14.1	27.2	0.19	0.21	0.13	2	0.68	10.6	4	100	98	98	100	98	98	7.72	7.74	7.74
240302	5	7	10.4	1	2	14.2	14.2	28.5	0.14	0.34	0.10	2	0.53	10.7	4	100	98	98	100	98	98	8.74	8.76	8.73
240302	5	8	10.6	1	3	15.2	15.2	29.8	0.14	0.22	0.08	3	0.67	10.6	1	100	98	98	100	98	98	9.39	9.33	9.38
240302	5	9	10.5	1	7	16.6	16.6	32.6	0.26	0.31	0.16	2	0.81	10.7	9	100	98	94	100	98	98	10.41	10.41	10.46
240302	5	10	10.7	1	11	13.9	14.1	29.7	0.21	0.23	0.19	3	1.12	10.7	9	100	98	98	100	98	98	7.54	7.54	7.53
240302	6	1	10.4	1	1	14.0	14.4	28.1	0.21	0.28	0.13	1	1.02	10.9	12	100	98	98	100	98	98	7.41	7.39	7.30
240302	6	2	10.1	0	7	13.1	13.1	26.6	0.25	0.27	0.11	1	0.68	10.6	8	100	98	89	100	98	98	7.28	7.37	7.39
240302	6	3	10.7	1	8	12.7	12.7	25.9	0.27	0.25	0.13	2	0.82	10.5	9	92	98	98	100	98	98	6.83	6.83	6.84
240302	6	4	10.5	1	9	14.0	14.0	27.1	0.19	0.26	0.11	3	0.55	10.7	7	100	98	98	100	98	98	7.91	7.92	7.89
240302	6	5	10.5	1	10	16.1	16.1	30.4	0.10	0.26	0.13	3	0.74	10.5	9	100	98	98	100	98	98	10.43	10.30	10.30
240302	6	6	9.6	0	8	14.0	14.0	28.0	0.26	0.32	0.13	1	0.83	10.2	9	73	98	70	100	98	98	9.84	9.86	9.87
240302	6	7	10.7	1	2	22.3	22.7	38.8	0.16	0.30	0.16	2	0.78	10.7	3	100	98	98	100	98	98	9.02	9.02	9.00
240302	6	8	10.7	1	9	13.2	13.2	26.6	0.27	0.29	0.26	3	1.15	10.7	8	100	98	98	100	98	98	8.10	8.13	8.10
240302	6	9	10.8	1	1	14.6	14.6	28.0	0.37	0.36	0.11	3	0.45	10.8	5	100	98	98	100	98	98	9.99	10.01	9.96
240302	6	10	10.6	1	4	13.9	13.9	27.4	0.22	0.23	0.11	3	0.74	10.7	5	100	98	98	100	98	98	9.12	9.13	9.13
