Marko	Ilmakiv‰‰ri
Date	Series	Shot	Hit	X ring	Sector	On	Total	Int.(s)			Trigger			COG		Fine %			Rough %			Hold time (s)
						target	time 		dev X	dev Y	ATV	TIRE	RTV	Hit	Sector	Target	COG	Hit	Target	COG	Hit	Target	COG	Hit
241016	1	1	10.0	0	2	13.9	27.2	0.0	0.14	0.23	0.22	3	2.01	10.2	1	95	98	98	100	98	98	7.11	7.05	7.07
241016	1	2	10.4	1	1	11.7	11.7	32.0	0.31	0.27	0.11	1	0.40	10.4	1	94	98	98	100	98	98	7.62	7.58	7.58
241016	1	3	10.1	0	11	11.5	11.5	32.3	0.25	0.10	0.23	3	1.41	10.1	12	77	98	94	100	98	98	7.14	7.08	7.07
241016	1	4	10.7	1	9	14.3	14.3	38.8	0.23	0.23	0.24	3	1.86	10.8	1	100	98	98	100	98	98	10.32	10.30	10.30
241016	1	5	10.5	1	12	13.7	13.7	30.8	0.18	0.21	0.21	3	1.75	10.7	11	100	98	98	100	98	98	9.46	9.44	9.42
241016	1	6	10.3	1	3	11.7	11.7	27.6	0.20	0.11	0.11	2	0.58	10.6	2	100	98	98	100	98	98	6.74	6.71	6.74
241016	1	7	10.5	1	10	13.9	13.9	37.1	0.20	0.12	0.09	3	0.93	10.5	9	100	98	98	100	98	98	10.14	10.11	10.11
241016	1	8	10.7	1	12	13.9	13.9	33.3	0.18	0.21	0.26	3	2.01	10.6	5	100	98	98	100	98	98	8.91	8.94	8.87
241016	1	9	10.7	1	4	15.2	15.2	35.4	0.24	0.19	0.26	1	1.31	10.8	4	100	98	98	100	98	98	11.21	11.21	11.22
241016	1	10	10.4	1	6	15.7	15.7	33.2	0.14	0.17	0.06	1	0.46	10.7	7	100	98	98	100	98	98	11.54	11.55	11.56
241016	2	1	10.8	1	8	12.8	12.8	29.5	0.29	0.23	0.08	3	0.51	10.8	7	100	98	98	100	98	98	9.09	9.11	9.11
241016	2	2	10.9	1	3	15.1	15.1	30.8	0.16	0.21	0.12	3	1.00	10.7	1	100	98	98	100	98	98	12.16	12.16	12.16
241016	2	3	10.9	1	12	13.9	13.9	29.4	0.15	0.15	0.15	3	0.97	10.9	6	100	98	98	100	98	98	9.45	9.48	9.45
241016	2	4	10.7	1	4	15.4	15.4	32.2	0.17	0.21	0.11	1	0.57	10.8	2	100	98	98	100	98	98	10.72	10.74	10.80
241016	2	5	10.7	1	6	14.9	14.9	32.0	0.21	0.30	0.16	2	1.22	10.7	1	100	98	97	100	98	98	9.57	9.54	9.60
241016	2	6	10.6	1	12	15.7	15.7	32.1	0.20	0.15	0.21	3	1.73	10.5	1	100	98	98	100	98	98	10.77	10.76	10.74
241016	2	7	10.8	1	8	13.8	13.8	30.5	0.20	0.20	0.17	3	1.19	10.5	8	100	98	98	100	98	98	8.47	8.52	8.49
241016	2	8	10.7	1	12	15.8	15.8	33.2	0.11	0.14	0.12	3	0.70	10.7	12	100	98	98	100	98	98	10.86	10.80	10.80
241016	2	9	10.6	1	8	17.4	17.4	36.8	0.16	0.21	0.15	3	0.75	10.7	9	100	98	98	100	98	98	13.52	13.52	13.52
241016	2	10	10.6	1	9	18.5	18.5	37.6	0.18	0.19	0.09	3	0.73	10.6	9	100	98	98	100	98	98	13.59	13.59	13.59
241016	3	1	10.3	1	2	24.9	43.4	2.58	0.17	0.24	0.10	2	0.64	10.5	2	100	98	98	100	98	98	11.85	11.78	11.78
241016	3	2	10.2	1	4	14.6	14.6	30.3	0.19	0.20	0.04	2	0.22	10.3	4	100	98	98	100	98	98	9.81	9.95	9.97
241016	3	3	10.5	1	2	20.4	20.4	39.8	0.23	0.29	0.15	1	0.67	10.7	1	100	98	98	100	98	98	13.10	13.06	13.05
241016	3	4	10.5	1	5	20.3	20.3	40.0	0.16	0.13	0.11	3	0.88	10.8	4	100	98	98	100	98	98	11.22	11.23	11.29
241016	3	5	10.8	1	4	16.1	16.1	34.2	0.22	0.12	0.09	2	0.52	10.9	3	100	98	98	100	98	98	12.97	12.97	12.97
241016	3	6	10.3	1	10	15.0	15.0	32.3	0.25	0.22	0.20	2	1.32	10.6	10	100	98	98	100	98	98	10.15	10.11	10.10
241016	3	7	10.5	1	2	33.4	33.4	1.00	0.24	0.22	0.16	3	1.00	10.4	1	91	98	98	100	98	98	13.53	13.53	13.53
241016	3	8	10.4	1	12	14.7	14.7	31.5	0.12	0.15	0.09	3	0.56	10.4	12	100	98	98	100	98	98	10.62	10.50	10.50
241016	3	9	10.5	1	11	15.5	15.5	34.7	0.24	0.19	0.23	2	1.34	10.4	12	100	98	98	100	98	98	11.64	11.56	11.58
241016	3	10	10.6	1	11	18.4	18.4	38.1	0.15	0.27	0.14	3	0.69	10.4	12	94	98	98	100	98	98	13.50	13.50	13.50
241016	4	1	10.7	1	9	16.8	16.8	34.6	0.13	0.15	0.07	3	0.44	10.8	9	100	98	98	100	98	98	13.43	13.43	13.43
241016	4	2	10.9	1	0	33.3	33.3	58.9	0.15	0.24	0.11	3	0.73	10.5	1	98	98	97	100	98	98	13.68	13.68	13.68
241016	4	3	10.4	1	11	16.7	16.7	34.2	0.11	0.22	0.12	3	1.62	10.7	12	100	98	98	100	98	98	13.47	13.47	13.47
241016	4	4	10.8	1	9	15.1	15.1	30.7	0.18	0.20	0.06	3	0.32	10.8	10	100	98	98	100	98	98	13.05	13.05	13.05
241016	4	5	10.8	1	8	16.7	16.7	32.5	0.12	0.16	0.13	3	0.81	10.8	10	100	98	98	100	98	98	13.54	13.54	13.54
241016	4	6	10.3	1	12	17.7	17.7	36.2	0.14	0.19	0.16	3	1.07	10.4	12	95	98	98	100	98	98	13.77	13.77	13.77
241016	4	7	10.6	1	3	30.3	30.3	55.8	0.10	0.24	0.07	3	0.51	10.4	2	97	98	95	100	98	98	11.62	11.58	11.62
241016	4	8	10.3	1	12	17.7	17.7	36.2	0.14	0.20	0.23	1	2.63	10.7	1	100	98	98	100	98	98	13.72	13.72	13.72
241016	4	9	10.7	1	5	14.2	14.2	31.5	0.15	0.16	0.06	3	0.31	10.6	5	100	98	98	100	98	98	10.08	10.15	10.14
241016	4	10	10.8	1	1	16.4	16.4	33.1	0.14	0.14	0.11	1	0.86	10.8	2	100	98	98	100	98	98	12.91	12.91	12.91
241016	5	1	10.5	1	7	20.3	41.6	3.15	0.14	0.18	0.17	3	1.59	10.1	6	76	98	98	100	98	98	9.87	10.11	10.06
241016	5	2	10.9	1	1	13.6	13.6	32.9	0.19	0.20	0.13	1	0.75	10.8	2	100	98	98	100	98	98	9.64	9.66	9.64
241016	5	3	10.6	1	5	14.6	14.6	30.0	0.18	0.19	0.06	2	0.43	10.9	1	100	98	98	100	98	98	10.15	10.15	10.19
241016	5	4	10.8	1	1	15.3	15.3	31.8	0.13	0.24	0.12	3	0.77	10.6	1	98	98	98	100	98	98	11.25	11.22	11.25
241016	5	5	10.4	1	2	15.3	15.3	31.8	0.20	0.24	0.10	3	0.47	10.5	1	100	98	98	100	98	98	12.00	11.97	11.98
241016	5	6	10.6	1	2	13.6	13.6	30.9	0.17	0.27	0.12	3	0.66	10.6	3	100	98	98	100	98	98	9.44	9.40	9.39
241016	5	7	10.3	1	4	13.1	31.7	58.1	0.13	0.24	0.05	1	0.34	10.5	3	100	98	98	100	98	98	13.08	13.14	13.19
241016	5	8	10.8	1	3	16.9	16.9	33.6	0.20	0.18	0.15	3	1.12	10.5	3	100	98	98	100	98	98	12.69	12.69	12.69
241016	5	9	10.5	1	2	14.3	14.3	29.6	0.18	0.30	0.25	1	1.47	10.8	3	100	98	98	100	98	98	10.01	10.01	9.99
241016	5	10	10.4	1	8	14.6	14.6	33.2	0.17	0.15	0.09	3	0.65	10.4	9	100	98	98	100	98	98	10.37	10.39	10.41
241016	6	1	10.7	1	2	15.4	15.4	32.3	0.14	0.22	0.11	3	0.60	10.7	1	100	98	98	100	98	98	11.65	11.64	11.64
241016	6	2	10.7	1	9	13.0	13.0	28.4	0.15	0.18	0.09	3	0.47	10.5	10	100	98	98	100	98	98	9.40	9.40	9.40
241016	6	3	10.9	1	6	23.0	23.0	43.0	0.15	0.27	0.10	3	0.63	10.6	11	98	98	94	100	98	98	12.15	12.11	12.16
241016	6	4	10.4	1	10	16.4	16.4	33.7	0.13	0.16	0.15	1	1.10	10.6	11	100	98	98	100	98	98	13.52	13.46	13.46
241016	6	5	10.8	1	11	16.2	16.2	31.8	0.13	0.26	0.14	3	0.93	10.6	10	100	98	98	100	98	98	13.35	13.35	13.35
241016	6	6	10.3	1	12	14.5	14.8	30.2	0.13	0.30	0.21	2	1.44	10.5	11	94	98	98	100	98	98	10.98	10.90	10.85
241016	6	7	10.4	1	11	14.2	14.2	31.1	0.18	0.30	0.10	3	0.49	10.5	11	97	98	98	100	98	98	10.56	10.52	10.48
241016	6	8	10.3	1	9	13.8	13.8	32.1	0.17	0.14	0.18	3	0.99	10.6	8	100	98	98	100	98	98	8.54	8.55	8.55
241016	6	9	10.3	1	10	16.4	16.4	34.1	0.21	0.24	0.19	3	1.06	10.2	9	73	98	98	100	98	98	12.15	12.16	12.16
241016	6	10	10.6	1	2	13.8	13.8	31.2	0.14	0.41	0.08	1	0.42	10.7	4	100	98	97	100	98	98	8.29	8.32	8.27
241016	7	1	10.6	1	1	16.5	30.8	3.45	0.15	0.26	0.25	1	1.74	10.7	12	100	98	98	100	98	98	8.40	8.36	8.36
241016	7	2	10.5	1	10	14.8	14.8	29.8	0.18	0.19	0.29	1	2.35	10.9	12	100	98	98	100	98	98	10.94	10.92	10.85
241016	7	3	10.7	1	7	15.5	17.0	36.3	0.17	0.32	0.12	3	0.55	10.6	9	100	98	98	100	98	98	12.16	12.16	12.16
241016	7	4	10.7	1	6	14.3	14.3	30.0	0.13	0.19	0.09	1	0.57	10.8	6	100	98	98	100	98	98	10.15	10.19	10.19
241016	7	5	10.9	1	9	14.6	14.6	30.4	0.16	0.16	0.16	2	0.92	10.8	2	100	98	98	100	98	98	10.61	10.59	10.61
241016	7	6	10.7	1	1	14.5	14.5	30.8	0.18	0.28	0.11	3	0.64	10.7	12	100	98	98	100	98	98	10.88	10.85	10.85
241016	7	7	10.5	1	9	16.2	16.2	32.9	0.11	0.19	0.16	3	1.26	10.5	11	100	98	98	100	98	98	12.03	12.03	12.03
241016	7	8	10.6	1	12	15.3	15.3	31.7	0.19	0.36	0.16	3	0.77	10.7	12	100	98	98	100	98	98	12.04	12.04	12.04
241016	7	9	10.5	1	9	25.8	25.8	47.6	
241016	7	10	10.3	1	12	15.9	16.0	33.3	0.13	0.33	0.10	3	0.61	10.2	11	89	98	98	100	98	98	12.39	12.33	12.33
241016	8	1	10.3	1	11	15.6	15.6	35.2	0.18	0.14	0.18	1	1.56	10.5	11	100	98	98	100	98	98	10.19	10.15	10.14
241016	8	2	10.6	1	4	15.7	15.7	31.0	0.17	0.22	0.11	3	0.89	10.6	3	100	98	98	100	98	98	13.34	13.34	13.34
241016	8	3	10.5	1	8	13.9	13.9	28.2	0.11	0.20	0.08	3	0.67	10.5	9	100	98	98	100	98	98	10.92	11.25	11.27
241016	8	4	10.3	1	10	15.8	15.8	31.0	0.10	0.25	0.07	3	0.47	10.1	10	79	98	98	100	98	98	12.63	12.55	12.55
241016	8	5	9.9	0	9	13.7	13.7	29.6	0.15	0.25	0.22	1	1.84	10.2	9	95	98	98	100	98	98	9.72	9.72	9.73
241016	8	6	10.1	0	1	12.1	12.1	33.2	0.17	0.34	0.13	1	0.97	10.3	1	89	98	98	100	98	98	8.23	8.19	8.18
241016	8	7	10.5	1	12	14.2	14.2	38.4	0.09	0.20	0.17	1	1.30	10.6	12	100	98	98	100	98	98	10.52	10.50	10.48
241016	8	8	10.5	1	7	12.4	12.4	26.6	0.09	0.21	0.13	3	1.18	10.7	11	100	98	92	100	98	98	8.43	8.37	8.45
241016	8	9	9.9	0	9	20.1	20.1	38.3	0.11	0.23	0.11	3	0.71	9.9	9	26	98	98	100	98	98	12.35	12.30	12.30
241016	8	10	10.2	1	9	17.3	17.3	42.8	0.12	0.22	0.14	3	0.84	10.1	9	85	98	98	100	98	98	13.66	13.66	13.66
