Marko	Ilmakiv‰‰ri
Date	Series	Shot	Hit	X ring	Sector	On	Total	Int.(s)			Trigger			COG		Fine %			Rough %			Hold time (s)
						target	time 		dev X	dev Y	ATV	TIRE	RTV	Hit	Sector	Target	COG	Hit	Target	COG	Hit	Target	COG	Hit
231128	1	1	10.7	1	9	16.0	18.2	0.0	0.25	0.19	0.19	3	0.64	10.8	5	100	98	98	100	98	98	4.86	4.96	4.86
231128	1	2	10.4	1	7	26.9	26.9	46.8	0.15	0.12	0.16	3	1.08	10.2	7	95	98	98	100	98	98	4.30	4.30	4.32
231128	1	3	10.4	1	9	12.1	12.1	26.2	0.17	0.14	0.08	3	0.38	10.2	9	89	98	98	100	98	98	5.42	5.40	5.42
231128	1	4	10.4	1	9	11.7	11.7	24.7	0.18	0.13	0.30	3	2.40	10.0	9	55	98	98	100	98	98	5.61	5.67	5.64
231128	1	5	10.8	1	8	12.3	12.3	23.6	0.24	0.14	0.21	3	1.20	10.6	7	100	98	98	100	98	98	4.50	4.54	4.51
231128	1	6	10.4	1	8	13.1	13.1	26.5	0.18	0.27	0.11	1	0.70	10.4	9	94	98	98	100	98	98	7.80	7.80	7.88
231128	1	7	10.4	1	11	13.9	13.9	28.0	0.19	0.21	0.11	3	0.59	10.4	9	100	98	98	100	98	98	7.88	7.84	7.75
231128	1	8	10.7	1	11	12.4	12.4	26.1	0.18	0.34	0.09	2	0.51	10.7	8	100	98	98	100	98	98	6.27	6.27	6.25
231128	1	9	10.8	1	3	11.2	11.2	23.2	0.17	0.20	0.12	3	0.74	10.7	4	100	98	98	100	98	98	3.79	3.83	3.81
231128	1	10	10.5	1	10	14.4	14.4	26.9	0.16	0.22	0.22	3	1.23	10.7	8	100	98	98	100	98	98	7.58	7.58	7.51
231128	2	1	10.8	1	1	24.6	27.1	2.55	0.23	0.29	0.27	3	1.13	10.6	9	100	98	98	100	98	98	5.43	5.37	5.36
231128	2	2	10.6	1	8	12.3	12.3	24.4	0.29	0.21	0.19	3	0.89	10.3	8	91	98	98	100	98	98	5.52	5.61	5.57
231128	2	3	10.4	1	9	14.3	14.3	28.9	0.24	0.19	0.16	3	0.92	10.3	9	92	98	98	100	98	98	8.19	8.19	8.19
231128	2	4	10.9	1	9	13.2	13.2	28.5	0.24	0.19	0.07	3	0.35	10.6	9	100	98	98	100	98	98	8.46	8.46	8.46
231128	2	5	10.7	1	9	12.4	12.4	26.2	0.23	0.18	0.10	3	0.48	10.6	9	100	98	98	100	98	98	6.50	6.48	6.51
231128	2	6	10.2	1	9	11.7	11.7	24.1	0.21	0.24	0.11	1	0.47	10.5	9	100	98	98	100	98	98	6.30	6.32	6.34
231128	2	7	10.6	1	7	12.1	12.1	25.5	0.16	0.23	0.15	3	1.15	10.7	11	100	98	98	100	98	98	6.43	6.42	6.46
231128	2	8	10.4	1	9	14.0	14.0	28.8	0.30	0.20	0.22	2	1.17	10.8	1	100	98	85	100	98	98	8.51	8.51	8.51
231128	2	9	10.6	1	10	14.5	14.5	29.7	0.23	0.23	0.16	2	1.32	10.8	5	100	98	98	100	98	98	10.19	10.21	10.12
231128	2	10	10.7	1	11	14.3	14.3	29.2	0.33	0.21	0.17	2	0.79	10.7	10	100	98	98	100	98	98	8.55	8.54	8.51
231128	3	1	10.7	1	1	14.7	15.3	2.47	0.16	0.34	0.31	3	1.62	10.7	5	100	98	92	100	98	98	6.96	6.99	6.95
231128	3	2	10.8	1	3	14.2	14.2	28.4	0.21	0.30	0.10	3	0.44	10.7	3	100	98	98	100	98	98	8.88	8.88	8.88
231128	3	3	10.6	1	2	13.0	13.0	26.2	0.19	0.17	0.15	3	0.89	10.8	2	100	98	98	100	98	98	7.29	7.29	7.29
231128	3	4	10.7	1	10	17.8	17.8	33.7	0.14	0.24	0.13	3	0.78	10.7	1	100	98	98	100	98	98	10.21	10.20	10.20
231128	3	5	10.8	1	4	12.1	12.1	25.2	0.19	0.14	0.12	2	0.79	10.7	5	100	98	98	100	98	98	6.08	6.15	6.13
231128	3	6	10.5	1	1	12.5	12.5	25.5	0.30	0.15	0.17	2	0.92	10.4	1	94	98	98	100	98	98	6.87	6.78	6.78
231128	3	7	10.7	1	11	11.8	11.8	25.0	0.18	0.22	0.21	3	1.59	10.8	6	100	98	98	100	98	98	6.33	6.34	6.32
231128	3	8	10.7	1	3	13.2	13.2	26.7	0.19	0.26	0.16	1	0.74	10.6	3	100	98	98	100	98	98	7.16	7.17	7.17
231128	3	9	10.6	1	3	12.8	12.8	26.0	0.24	0.17	0.15	1	0.80	10.6	4	100	98	98	100	98	98	6.63	6.63	6.63
231128	3	10	10.7	1	10	26.8	26.8	46.3	0.34	0.25	0.29	1	1.39	10.7	11	100	98	98	100	98	98	9.93	9.79	9.88
231128	4	1	10.5	1	10	16.6	18.0	2.28	0.30	0.22	0.18	3	0.94	10.5	9	97	98	98	100	98	98	9.31	9.30	9.26
231128	4	2	10.7	1	6	11.3	11.3	22.8	0.12	0.15	0.10	3	0.63	10.7	2	100	98	98	100	98	98	5.91	5.89	5.96
231128	4	3	10.7	1	10	11.8	11.8	23.4	0.22	0.17	0.24	3	1.63	10.8	3	100	98	98	100	98	98	5.37	5.38	5.33
231128	4	4	10.8	1	4	11.5	11.5	22.7	0.19	0.24	0.10	2	0.62	10.7	4	100	98	98	100	98	98	5.73	5.73	5.73
231128	4	5	10.7	1	11	12.5	12.5	24.6	0.21	0.25	0.14	3	0.71	10.7	2	100	98	98	100	98	98	7.08	7.08	7.04
231128	4	6	10.9	1	10	13.1	13.1	25.4	0.20	0.21	0.26	1	1.59	10.9	3	100	98	98	100	98	98	7.32	7.35	7.32
231128	4	7	10.4	1	6	16.1	16.1	30.2	0.21	0.37	0.13	1	0.67	10.8	1	100	98	70	100	98	98	7.33	7.33	7.49
231128	4	8	10.7	1	5	13.8	13.8	27.3	0.16	0.23	0.18	2	0.94	10.8	4	100	98	98	100	98	98	9.57	9.60	9.63
231128	4	9	10.7	1	4	13.1	13.1	26.2	0.17	0.21	0.16	3	1.40	10.4	4	100	98	98	100	98	98	8.19	8.31	8.23
231128	4	10	10.4	1	4	13.3	13.3	26.6	0.19	0.19	0.11	1	0.61	10.4	4	100	98	98	100	98	98	7.44	7.50	7.50
231128	5	1	10.0	0	2	12.3	26.7	4.16	0.24	0.23	0.13	1	0.66	10.5	3	100	98	97	100	98	98	5.66	5.66	5.61
231128	5	2	10.3	1	3	13.4	13.4	28.6	0.14	0.18	0.13	2	0.78	10.5	3	100	98	98	100	98	98	5.49	5.59	5.62
231128	5	3	10.7	1	8	11.3	11.3	25.1	0.12	0.22	0.10	2	0.74	10.6	7	100	98	98	100	98	98	5.89	5.92	5.91
231128	5	4	10.4	1	12	12.4	12.4	25.4	0.20	0.21	0.14	2	0.75	10.5	12	98	98	98	100	98	98	7.05	6.96	6.93
231128	5	5	10.8	1	11	12.6	12.6	26.2	0.14	0.15	0.08	3	0.60	10.6	11	100	98	98	100	98	98	7.88	7.84	7.84
231128	5	6	10.7	1	10	12.1	12.1	25.2	0.16	0.14	0.09	3	0.50	10.7	11	100	98	98	100	98	98	7.41	7.38	7.39
231128	5	7	10.6	1	8	12.1	12.1	25.4	0.17	0.17	0.13	3	0.73	10.6	10	100	98	98	100	98	98	5.50	5.47	5.50
231128	5	8	10.5	1	1	16.1	16.1	31.1	0.22	0.22	0.22	3	1.24	10.7	11	100	98	98	100	98	98	7.33	7.32	7.30
231128	5	9	10.6	1	1	12.5	12.5	26.7	0.20	0.13	0.16	3	0.86	10.7	12	100	98	98	100	98	98	6.27	6.24	6.24
231128	5	10	10.2	1	12	11.3	11.3	23.9	0.18	0.43	0.15	1	0.67	10.8	1	97	98	89	100	98	98	4.53	4.53	4.46
231128	6	1	10.8	1	3	15.5	15.6	33.5	0.15	0.18	0.14	3	1.11	10.7	6	100	98	98	100	98	98	7.32	7.33	7.32
231128	6	2	10.5	1	8	7.5	17.3	33.4	0.18	0.18	0.17	1	1.33	10.7	9	100	98	98	100	98	98	7.49	7.50	7.53
231128	6	3	10.5	1	9	14.0	14.0	30.1	0.25	0.19	0.11	1	0.79	10.7	10	100	98	98	100	98	98	7.26	7.23	7.28
231128	6	4	10.5	1	4	22.2	22.2	39.8	0.12	0.13	0.13	3	0.90	10.6	4	100	98	98	100	98	98	7.18	7.25	7.25
231128	6	5	10.7	1	10	13.6	13.6	27.9	0.16	0.19	0.11	3	0.65	10.5	12	100	98	98	100	98	98	8.10	8.04	8.09
231128	6	6	10.6	1	9	12.9	12.9	26.5	0.19	0.17	0.18	2	1.45	10.8	4	100	98	98	100	98	98	6.76	6.76	6.74
231128	6	7	10.7	1	12	13.0	13.0	26.0	0.13	0.19	0.13	3	0.92	10.6	1	100	98	98	100	98	98	6.27	6.22	6.22
231128	6	8	10.3	1	3	16.4	26.9	47.9	0.23	0.19	0.17	2	1.10	10.6	1	100	98	98	100	98	98	5.99	5.92	6.01
231128	6	9	10.8	1	6	11.4	27.1	50.3	0.24	0.22	0.22	1	1.63	10.6	4	100	98	98	100	98	98	8.03	8.01	8.10
231128	6	10	10.8	1	10	12.3	12.3	25.3	0.17	0.14	0.11	3	0.85	10.7	11	100	98	98	100	98	98	6.30	6.29	6.29
231128	7	1	9.8	0	7	14.0	14.0	2.19	0.13	0.36	0.21	1	1.79	10.3	7	91	98	89	100	98	98	6.41	6.45	6.55
231128	7	2	10.6	1	2	11.1	11.7	26.6	0.17	0.21	0.11	1	0.61	10.6	2	100	98	98	100	98	98	7.67	7.65	7.65
231128	7	3	10.8	1	8	14.7	14.7	28.9	0.23	0.19	0.22	3	1.96	10.8	5	100	98	98	100	98	98	5.42	5.43	5.42
231128	7	4	10.9	1	7	11.1	11.1	23.9	0.18	0.15	0.26	2	1.94	10.7	9	100	98	98	100	98	98	5.40	5.40	5.43
231128	7	5	10.8	1	6	11.8	12.8	26.6	0.16	0.20	0.27	3	1.68	10.7	7	100	98	98	100	98	98	6.90	6.96	6.93
231128	7	6	10.7	1	7	12.1	12.1	25.0	0.15	0.16	0.11	3	0.66	10.6	8	100	98	98	100	98	98	6.95	7.00	6.99
231128	7	7	10.7	1	12	11.3	11.3	24.5	0.19	0.17	0.33	2	2.88	10.6	7	100	98	98	100	98	98	6.12	6.13	6.09
231128	7	8	10.8	1	7	12.6	12.6	25.4	0.17	0.18	0.16	2	0.96	10.6	9	100	98	98	100	98	98	7.32	7.32	7.38
231128	7	9	10.8	1	5	11.6	11.6	23.9	0.08	0.17	0.07	3	0.48	10.8	1	100	98	98	100	98	98	6.17	6.12	6.18
231128	7	10	10.7	1	5	11.9	11.9	24.5	0.17	0.20	0.11	2	0.44	10.7	6	100	98	98	100	98	98	7.04	7.08	7.07
231128	8	1	10.7	1	12	27.8	27.8	50.0	0.12	0.15	0.11	1	0.73	10.8	2	100	98	98	100	98	98	9.22	9.21	9.21
231128	8	2	10.9	1	12	8.0	25.6	44.3	0.11	0.15	0.08	3	0.45	10.8	12	100	98	98	100	98	98	7.29	7.28	7.29
231128	8	3	10.6	1	1	12.1	12.1	25.8	0.19	0.17	0.17	3	1.43	10.6	12	100	98	98	100	98	98	6.08	6.03	6.03
231128	8	4	10.2	1	12	11.6	11.6	24.4	0.15	0.23	0.32	1	2.41	10.6	12	100	98	98	100	98	98	5.38	5.28	5.25
231128	8	5	10.6	1	2	11.7	11.7	29.5	0.16	0.24	0.10	1	0.46	10.7	2	100	98	98	100	98	98	5.14	5.14	5.08
231128	8	6	10.7	1	4	14.5	14.5	28.1	0.15	0.29	0.12	2	0.57	10.6	5	100	98	98	100	98	98	9.57	9.63	9.60
231128	8	7	10.7	1	1	12.9	12.9	26.8	0.20	0.22	0.21	2	1.33	10.6	3	100	98	98	100	98	98	7.80	7.79	7.75
231128	8	8	10.9	1	4	12.0	12.0	24.6	0.17	0.25	0.12	1	0.72	10.8	7	100	98	98	100	98	98	5.80	5.87	5.80
231128	8	9	10.5	1	6	8.7	22.7	43.0	0.16	0.20	0.13	1	0.66	10.6	6	100	98	98	100	98	98	8.71	8.82	8.82
231128	8	10	10.6	1	6	12.4	12.4	26.5	0.08	0.19	0.08	1	0.57	10.8	6	100	98	98	100	98	98	6.43	6.45	6.46
