Marko	Ilmakiv‰‰ri
Date	Series	Shot	Hit	X ring	Sector	On	Total	Int.(s)			Trigger			COG		Fine %			Rough %			Hold time (s)
						target	time 		dev X	dev Y	ATV	TIRE	RTV	Hit	Sector	Target	COG	Hit	Target	COG	Hit	Target	COG	Hit
250114	1	1	10.7	1	1	21.6	22.8	0.0	0.21	0.17	0.17	3	0.87	10.8	10	100	98	98	100	98	98	11.25	11.23	11.22
250114	1	2	10.2	1	12	11.0	11.0	24.8	0.16	0.18	0.09	1	0.52	10.4	12	98	98	98	100	98	98	7.96	7.92	7.91
250114	1	3	10.5	1	3	11.7	11.7	27.1	0.22	0.28	0.22	3	1.10	10.5	3	100	98	98	100	98	98	11.07	11.05	11.04
250114	1	4	10.6	1	1	11.3	11.3	24.0	0.18	0.21	0.11	2	0.62	10.8	1	100	98	98	100	98	98	10.08	10.05	10.02
250114	1	5	10.3	1	2	12.6	12.6	29.8	0.21	0.23	0.17	2	0.90	10.5	2	100	98	98	100	98	98	12.06	12.03	12.02
250114	1	6	10.6	1	9	11.8	11.8	29.1	0.21	0.24	0.10	3	0.56	10.4	10	100	98	98	100	98	98	10.59	10.54	10.59
250114	1	7	10.6	1	5	10.5	10.5	25.7	0.14	0.25	0.09	3	0.66	10.6	2	100	98	92	100	98	98	8.13	8.12	8.16
250114	1	8	10.7	1	3	11.1	11.1	25.1	0.20	0.22	0.11	3	0.53	10.6	5	100	98	98	100	98	98	9.31	9.35	9.31
250114	1	9	10.7	1	4	9.2	9.8	22.1	0.12	0.13	0.16	3	1.25	10.5	4	100	98	98	100	98	98	6.00	6.01	6.01
250114	1	10	10.8	1	4	12.1	12.8	26.1	0.15	0.21	0.23	2	1.50	10.8	4	100	98	98	100	98	98	9.73	9.73	9.73
250114	2	1	10.6	1	4	12.5	12.9	27.1	0.17	0.20	0.12	3	0.61	10.7	3	100	98	98	100	98	98	11.87	11.89	11.94
250114	2	2	10.6	1	2	11.2	11.2	25.5	0.15	0.16	0.09	3	0.70	10.5	3	100	98	98	100	98	98	10.50	10.48	10.48
250114	2	3	10.3	1	2	10.3	11.1	24.0	0.20	0.31	0.18	2	1.12	10.8	2	100	98	94	100	98	98	8.43	8.41	8.28
250114	2	4	10.7	1	5	13.7	13.7	29.5	0.14	0.21	0.06	2	0.43	10.8	3	100	98	98	100	98	98	13.17	13.17	13.19
250114	2	5	10.6	1	9	12.6	12.9	26.6	0.12	0.19	0.15	3	1.42	10.7	8	100	98	98	100	98	98	11.60	11.60	11.60
250114	2	6	10.6	1	6	11.4	11.8	24.6	0.15	0.16	0.10	1	0.65	10.7	7	100	98	98	100	98	98	9.16	9.22	9.26
250114	2	7	10.9	1	6	12.0	12.0	25.5	0.23	0.34	0.16	1	0.75	10.8	6	100	98	98	100	98	98	9.86	9.87	9.86
250114	2	8	10.7	1	5	17.4	32.1	55.8	0.19	0.23	0.11	2	0.59	10.7	3	100	98	98	100	98	98	13.46	13.46	13.46
250114	2	9	10.6	1	5	13.2	13.2	27.2	0.17	0.21	0.15	2	0.78	10.7	4	100	98	98	100	98	98	11.40	11.40	11.40
250114	2	10	10.5	1	4	13.6	13.6	28.2	0.22	0.18	0.17	3	0.89	10.4	3	97	98	98	100	98	98	13.32	13.32	13.32
250114	3	1	10.5	1	3	11.4	12.3	26.0	0.13	0.25	0.09	1	0.64	10.6	3	100	98	98	100	98	98	9.78	9.77	9.75
250114	3	2	10.3	1	7	13.5	13.7	27.5	0.17	0.21	0.05	1	0.34	10.5	7	100	98	98	100	98	98	11.88	11.88	11.88
250114	3	3	10.4	1	5	11.1	11.1	23.8	0.13	0.17	0.07	3	0.35	10.4	5	98	98	98	100	98	98	8.78	8.80	8.80
250114	3	4	10.4	1	2	12.4	12.4	27.5	0.16	0.20	0.17	1	1.50	10.5	3	100	98	98	100	98	98	11.13	11.14	11.12
250114	3	5	10.6	1	6	13.6	13.6	28.9	0.13	0.20	0.15	1	0.83	10.7	6	100	98	98	100	98	98	12.39	12.39	12.39
250114	3	6	10.3	1	7	14.7	14.8	30.4	0.09	0.18	0.08	2	0.71	10.5	6	100	98	98	100	98	98	13.56	13.56	13.56
250114	3	7	10.6	1	5	12.7	12.7	27.3	0.13	0.21	0.11	2	0.62	10.6	6	100	98	98	100	98	98	11.38	11.41	11.40
250114	3	8	10.8	1	3	13.7	13.7	29.0	0.14	0.18	0.09	3	0.59	10.8	2	100	98	98	100	98	98	12.45	12.44	12.45
250114	3	9	10.6	1	4	15.3	15.3	30.6	0.07	0.15	0.10	1	0.90	10.6	3	100	98	98	100	98	98	13.77	13.77	13.77
250114	3	10	10.9	1	12	14.1	14.1	30.4	0.08	0.20	0.14	2	1.38	10.9	7	100	98	98	100	98	98	13.26	13.26	13.26
250114	4	1	10.7	1	12	14.7	14.7	30.0	0.13	0.20	0.18	1	2.07	10.8	9	100	98	98	100	98	98	13.50	13.50	13.50
250114	4	2	10.7	1	1	14.9	14.9	29.6	0.15	0.22	0.14	2	0.74	10.8	2	100	98	98	100	98	98	13.63	13.63	13.50
250114	4	3	10.8	1	1	16.6	16.6	32.8	0.14	0.24	0.12	3	0.68	10.8	12	100	98	98	100	98	98	13.68	13.68	13.68
250114	4	4	10.9	1	5	13.4	17.8	35.0	0.13	0.20	0.10	3	0.59	10.9	1	100	98	98	100	98	98	13.39	13.39	13.39
250114	4	5	10.7	1	3	12.9	30.9	55.3	0.15	0.19	0.09	3	0.67	10.6	2	100	98	98	100	98	98	12.55	12.54	12.54
250114	4	6	10.6	1	4	18.5	44.1	3.01	0.15	0.15	0.11	3	1.00	10.5	2	100	98	98	100	98	98	9.81	9.79	9.81
250114	4	7	10.6	1	8	13.9	13.9	28.8	0.19	0.19	0.17	1	1.70	10.8	10	100	98	98	100	98	98	12.73	12.73	12.73
250114	4	8	10.8	1	7	13.4	13.4	27.7	0.17	0.22	0.15	3	0.79	10.8	10	100	98	98	100	98	98	11.97	11.97	11.97
250114	4	9	10.8	1	7	17.0	17.0	33.2	0.11	0.17	0.07	2	0.44	10.8	8	100	98	98	100	98	98	13.63	13.63	13.63
250114	4	10	10.7	1	12	35.6	35.6	1.01	0.11	0.21	0.14	2	0.92	10.9	10	100	98	98	100	98	98	13.70	13.70	13.70
250114	5	1	10.7	1	10	12.5	12.5	28.4	0.16	0.19	0.24	3	1.47	10.8	9	100	98	98	100	98	98	10.56	10.56	10.54
250114	5	2	10.6	1	11	16.1	16.1	31.5	0.14	0.26	0.11	3	0.58	10.7	10	100	98	98	100	98	98	13.65	13.65	13.65
250114	5	3	10.4	1	9	12.9	12.9	27.1	0.16	0.22	0.28	2	2.01	10.8	10	100	98	98	100	98	98	11.01	11.01	11.01
250114	5	4	10.8	1	6	10.7	10.7	27.9	0.18	0.12	0.12	2	0.79	10.9	7	100	98	98	100	98	98	8.28	8.28	8.34
250114	5	5	10.9	1	4	13.9	13.9	27.8	0.07	0.23	0.06	3	0.40	10.7	1	100	98	98	100	98	98	12.53	12.51	12.53
250114	5	6	10.6	1	8	16.0	16.0	31.5	0.11	0.19	0.21	3	2.04	10.5	8	100	98	98	100	98	98	13.74	13.74	13.74
250114	5	7	10.6	1	9	13.2	13.2	27.2	0.15	0.23	0.18	1	1.89	10.8	7	100	98	98	100	98	98	11.96	11.96	11.96
250114	5	8	10.6	1	1	15.6	16.0	36.5	0.12	0.17	0.16	2	1.34	10.7	1	100	98	98	100	98	98	13.61	13.61	13.61
250114	5	9	10.8	1	6	14.0	14.0	29.6	0.08	0.18	0.05	3	0.39	10.9	11	100	98	98	100	98	98	12.68	12.66	12.69
250114	5	10	10.9	1	8	12.6	12.6	29.6	0.16	0.19	0.10	3	0.55	10.9	10	100	98	98	100	98	98	11.34	11.34	11.34
250114	6	1	10.7	1	4	13.5	13.5	29.0	0.13	0.22	0.07	3	0.50	10.7	1	100	98	98	100	98	98	11.96	11.93	11.96
250114	6	2	10.7	1	5	16.2	16.2	31.5	0.13	0.24	0.08	3	0.57	10.6	3	100	98	98	100	98	98	13.71	13.71	13.71
250114	6	3	10.8	1	1	15.6	15.6	30.6	0.11	0.16	0.11	2	0.89	10.9	1	100	98	98	100	98	98	13.56	13.56	13.56
250114	6	4	10.6	1	1	15.1	15.1	30.3	0.12	0.18	0.08	3	0.48	10.6	12	100	98	98	100	98	98	13.76	13.76	13.76
250114	6	5	10.9	1	1	15.7	15.7	30.5	0.10	0.20	0.08	3	0.42	10.8	2	100	98	98	100	98	98	13.39	13.39	13.39
250114	6	6	10.5	1	2	13.4	13.4	29.0	0.16	0.25	0.18	3	1.14	10.6	3	100	98	98	100	98	98	12.02	12.03	11.97
250114	6	7	10.9	1	1	13.9	13.9	29.2	0.12	0.19	0.11	3	0.77	10.9	1	100	98	98	100	98	98	13.05	13.01	13.01
250114	6	8	10.5	1	8	14.7	14.7	29.6	0.13	0.20	0.16	1	1.80	10.9	12	100	98	98	100	98	98	13.43	13.39	13.46
250114	6	9	10.7	1	2	15.7	15.7	31.9	0.08	0.17	0.08	3	0.58	10.5	2	100	98	98	100	98	98	13.66	13.66	13.66
250114	6	10	10.4	1	4	17.2	17.2	33.0	0.16	0.22	0.09	2	0.52	10.6	3	100	98	98	100	98	98	13.63	13.63	13.63
250114	7	1	10.8	1	4	14.4	32.2	3.12	0.15	0.25	0.05	3	0.21	10.9	4	100	98	98	100	98	98	10.52	10.53	10.53
250114	7	2	10.6	1	2	12.3	12.3	24.5	0.15	0.41	0.17	2	0.85	10.7	6	100	98	91	100	98	98	10.56	10.59	10.53
250114	7	3	10.6	1	4	14.7	14.7	29.4	0.13	0.27	0.15	3	0.92	10.7	5	100	98	98	100	98	98	13.08	13.10	13.06
250114	7	4	10.6	1	5	14.2	14.2	29.3	0.13	0.20	0.06	2	0.34	10.7	5	100	98	98	100	98	98	13.37	13.37	13.37
250114	7	5	10.4	1	5	11.3	11.3	24.8	0.09	0.19	0.09	1	0.82	10.6	5	100	98	98	100	98	98	8.91	8.98	9.00
250114	7	6	10.5	1	3	13.7	13.7	36.6	0.15	0.20	0.11	3	0.63	10.7	3	100	98	98	100	98	98	12.84	12.84	12.84
250114	7	7	10.5	1	7	14.4	14.4	31.4	0.15	0.15	0.07	1	0.44	10.5	7	100	98	98	100	98	98	13.48	13.53	13.53
250114	7	8	10.3	1	6	15.7	15.7	31.6	0.13	0.25	0.08	1	0.75	10.6	7	100	98	98	100	98	98	13.71	13.71	13.71
250114	7	9	10.4	1	7	13.1	13.1	28.9	0.24	0.19	0.17	1	1.01	10.6	7	100	98	98	100	98	98	10.54	10.59	10.63
250114	7	10	10.7	1	5	13.5	13.5	29.7	0.15	0.23	0.11	1	0.47	10.8	4	100	98	98	100	98	98	10.41	10.41	10.43
250114	8	1	10.9	1	7	12.5	12.5	27.2	0.15	0.41	0.06	3	0.33	10.8	8	100	98	98	100	98	98	9.71	9.71	9.71
250114	8	2	10.6	1	5	13.4	13.4	27.1	0.10	0.16	0.06	1	0.80	10.8	5	100	98	98	100	98	98	12.88	12.90	12.96
250114	8	3	10.7	1	2	13.7	13.7	28.1	0.16	0.21	0.10	3	0.46	10.9	12	100	98	98	100	98	98	11.27	11.27	11.25
250114	8	4	10.9	1	9	14.9	14.9	30.1	0.10	0.14	0.15	3	1.10	10.7	9	100	98	98	100	98	98	13.48	13.47	13.48
250114	8	5	10.7	1	5	16.2	16.2	32.0	0.10	0.15	0.19	2	1.79	10.8	6	100	98	98	100	98	98	13.68	13.68	13.68
250114	8	6	10.5	1	7	14.9	14.9	30.9	0.13	0.13	0.07	2	0.68	10.6	8	100	98	98	100	98	98	13.43	13.43	13.43
250114	8	7	10.7	1	5	14.6	14.6	30.2	0.11	0.25	0.12	3	1.26	10.7	1	100	98	98	100	98	98	13.54	13.54	13.54
250114	8	8	10.7	1	11	13.8	13.8	28.6	0.12	0.36	0.14	2	0.65	10.9	3	100	98	98	100	98	98	10.76	10.76	10.74
250114	8	9	10.5	1	7	16.9	16.9	33.5	0.09	0.16	0.06	1	0.51	10.7	7	100	98	98	100	98	98	13.48	13.48	13.48
250114	8	10	10.7	1	12	13.2	13.2	28.6	0.16	0.18	0.10	3	0.51	10.9	12	100	98	98	100	98	98	10.29	10.28	10.14
