Marko	Ilmakiv‰‰ri
Date	Series	Shot	Hit	X ring	Sector	On	Total	Int.(s)			Trigger			COG		Fine %			Rough %			Hold time (s)
						target	time 		dev X	dev Y	ATV	TIRE	RTV	Hit	Sector	Target	COG	Hit	Target	COG	Hit	Target	COG	Hit
251025	1	1	10.1	0	3	12.8	28.2	0.0	0.13	0.12	0.08	1	0.50	10.3	3	100	98	98	100	98	98	9.48	9.49	9.49
251025	1	2	10.7	1	2	11.8	11.8	29.2	0.11	0.12	0.11	3	1.02	10.6	3	100	98	98	100	98	98	8.03	8.07	8.03
251025	1	3	10.2	1	5	11.9	16.4	37.8	0.15	0.15	0.14	3	1.16	10.2	4	97	98	98	100	98	98	11.91	11.91	11.91
251025	1	4	10.4	1	3	11.6	11.8	28.5	0.20	0.22	0.14	2	0.71	10.6	3	100	98	98	100	98	98	10.71	10.76	10.77
251025	1	5	10.9	1	4	12.3	12.3	27.3	0.16	0.09	0.13	2	1.09	10.9	3	100	98	98	100	98	98	9.45	9.45	9.45
251025	1	6	10.5	1	3	15.4	15.4	31.2	0.14	0.13	0.09	3	0.53	10.6	2	100	98	98	100	98	98	11.82	11.82	11.85
251025	1	7	10.8	1	1	13.6	13.6	28.8	0.19	0.17	0.16	3	0.77	10.7	1	100	98	98	100	98	98	10.43	10.41	10.41
251025	1	8	10.8	1	5	12.0	12.0	25.0	0.13	0.17	0.10	3	0.60	10.7	1	100	98	98	100	98	98	10.28	10.24	10.32
251025	1	9	10.3	1	3	13.1	19.2	38.7	0.17	0.11	0.14	2	1.02	10.5	3	100	98	98	100	98	98	12.22	12.26	12.27
251025	1	10	9.9	0	3	14.7	14.7	31.8	0.23	0.15	0.19	1	1.67	10.3	2	91	98	97	100	98	98	11.74	11.70	11.73
251025	2	1	10.7	1	5	9.8	9.8	34.5	0.18	0.23	0.10	2	1.01	10.7	12	100	98	98	100	98	98	9.03	9.02	9.06
251025	2	2	10.7	1	11	11.4	11.4	25.3	0.19	0.25	0.12	3	0.73	10.8	1	100	98	98	100	98	98	9.39	9.38	9.38
251025	2	3	10.6	1	12	12.5	12.5	26.0	0.24	0.15	0.19	3	0.95	10.5	1	100	98	98	100	98	98	10.98	10.95	10.95
251025	2	4	10.8	1	12	12.0	12.0	26.3	0.25	0.16	0.19	3	0.79	10.6	2	100	98	98	100	98	98	11.07	11.03	11.04
251025	2	5	10.5	1	12	12.2	12.2	25.5	0.21	0.14	0.13	3	1.01	10.3	1	100	98	98	100	98	98	9.55	9.48	9.49
251025	2	6	10.8	1	3	14.8	14.8	30.8	0.14	0.15	0.08	3	0.51	10.7	3	100	98	98	100	98	98	11.03	11.04	11.03
251025	2	7	10.3	1	12	14.2	14.2	29.0	0.22	0.19	0.43	1	2.94	10.3	1	85	98	94	100	98	98	11.37	11.32	11.28
251025	2	8	10.8	1	3	14.8	14.8	30.9	0.27	0.21	0.13	3	1.42	10.4	2	98	98	98	100	98	98	10.35	10.28	10.34
251025	2	9	10.7	1	4	15.4	15.4	31.2	0.16	0.17	0.14	3	0.89	10.5	3	100	98	98	100	98	98	11.73	11.73	11.73
251025	2	10	10.4	1	11	16.5	16.5	32.6	0.18	0.23	0.12	2	0.63	10.6	11	100	98	98	100	98	98	12.04	12.04	12.04
251025	3	1	10.5	1	12	12.9	12.9	27.4	0.18	0.15	0.15	3	1.60	10.6	1	100	98	98	100	98	98	8.12	8.05	8.04
251025	3	2	10.4	1	2	13.8	13.8	27.8	0.13	0.16	0.09	1	0.63	10.5	3	100	98	98	100	98	98	10.74	10.74	10.74
251025	3	3	10.6	1	1	13.8	13.8	27.5	0.12	0.18	0.21	2	1.64	10.7	3	100	98	98	100	98	98	10.88	10.88	10.81
251025	3	4	10.8	1	12	13.5	13.5	28.5	0.18	0.14	0.06	3	0.48	10.7	1	100	98	98	100	98	98	9.87	9.86	9.86
251025	3	5	10.5	1	4	13.8	13.9	27.1	0.17	0.14	0.11	1	1.29	10.6	3	100	98	98	100	98	98	10.94	10.95	10.98
251025	3	6	10.5	1	5	13.4	13.4	27.1	0.12	0.14	0.10	3	0.96	10.4	4	100	98	98	100	98	98	10.08	10.15	10.15
251025	3	7	10.5	1	3	13.6	13.6	28.6	0.18	0.17	0.07	3	0.51	10.5	2	100	98	98	100	98	98	10.71	10.70	10.72
251025	3	8	10.8	1	10	15.4	15.4	30.7	0.23	0.21	0.13	3	0.59	10.8	2	100	98	98	100	98	98	12.30	12.30	12.30
251025	3	9	10.5	1	10	14.0	14.0	27.8	0.16	0.21	0.08	3	0.59	10.7	10	100	98	98	100	98	98	10.04	10.02	10.02
251025	3	10	10.6	1	7	14.8	14.8	29.6	0.12	0.19	0.08	1	0.55	10.9	6	100	98	98	100	98	98	10.66	10.68	10.68
251025	4	1	10.3	1	9	14.1	27.0	3.22	0.35	0.19	0.08	1	0.46	10.6	8	100	98	98	100	98	98	12.22	12.22	12.22
251025	4	2	10.1	0	7	15.4	15.4	30.9	0.19	0.10	0.09	1	0.56	10.3	6	100	98	98	100	98	98	12.27	12.27	12.27
251025	4	3	10.2	1	7	28.0	28.2	54.7	0.19	0.17	0.11	1	0.69	10.7	7	100	98	98	100	98	98	13.01	13.01	13.01
251025	4	4	10.4	1	6	12.7	16.6	36.4	0.15	0.18	0.06	1	0.39	10.7	6	100	98	98	100	98	98	12.71	12.73	12.78
251025	4	5	10.6	1	8	14.9	14.9	31.8	0.12	0.17	0.14	3	0.99	10.9	12	100	98	98	100	98	98	10.85	10.85	10.83
251025	4	6	10.4	1	4	13.0	13.0	27.3	0.10	0.17	0.12	1	0.76	10.7	3	100	98	98	100	98	98	8.89	8.91	8.93
251025	4	7	10.9	1	6	15.8	15.8	31.8	0.19	0.19	0.14	3	1.30	10.7	5	100	98	98	100	98	98	12.26	12.29	12.27
251025	4	8	10.8	1	3	14.8	14.8	29.2	0.15	0.20	0.11	2	0.77	10.8	4	100	98	98	100	98	98	10.01	10.04	10.02
251025	4	9	10.8	1	4	16.1	16.1	30.7	0.15	0.13	0.07	2	0.51	10.9	3	100	98	98	100	98	98	12.40	12.40	12.42
251025	4	10	10.5	1	6	16.3	16.3	32.3	0.08	0.21	0.13	1	1.31	10.6	4	100	98	98	100	98	98	12.42	12.42	12.42
251025	5	1	10.5	1	5	13.9	14.1	29.1	0.13	0.19	0.11	2	0.61	10.5	4	100	98	98	100	98	98	11.07	11.10	11.10
251025	5	2	10.7	1	4	15.8	15.8	32.2	0.21	0.14	0.12	2	0.94	10.8	4	100	98	98	100	98	98	12.38	12.46	12.51
251025	5	3	10.6	1	4	14.8	14.8	29.4	0.12	0.15	0.08	2	0.57	10.6	4	100	98	98	100	98	98	12.00	12.00	12.00
251025	5	4	10.7	1	11	14.7	14.7	31.0	0.15	0.21	0.11	3	0.67	10.6	12	100	98	98	100	98	98	11.32	11.28	11.28
251025	5	5	10.5	1	11	24.2	24.2	43.5	0.11	0.15	0.11	2	0.82	10.6	11	100	98	98	100	98	98	12.18	12.12	12.12
251025	5	6	10.4	1	10	14.8	14.8	29.3	0.20	0.15	0.11	1	0.68	10.7	9	100	98	98	100	98	98	11.56	11.55	11.51
251025	5	7	10.5	1	12	12.1	18.7	35.7	0.10	0.21	0.09	2	0.63	10.7	1	100	98	98	100	98	98	12.12	12.12	12.11
251025	5	8	10.3	1	11	13.9	14.0	27.5	0.14	0.13	0.17	2	1.72	10.5	12	100	98	98	100	98	98	10.52	10.34	10.29
251025	5	9	9.9	0	3	15.2	15.2	31.1	0.37	0.20	0.23	1	1.32	10.3	4	76	98	91	100	98	98	11.43	11.46	11.41
251025	5	10	10.7	1	12	16.5	17.0	43.7	0.26	0.24	0.12	3	0.78	10.7	3	100	98	98	100	98	98	13.71	13.71	13.71
251025	6	1	10.8	1	5	14.6	14.6	30.3	0.16	0.25	0.09	3	0.67	10.7	4	100	98	98	100	98	98	12.88	12.88	12.88
251025	6	2	10.6	1	7	15.2	15.2	28.8	0.18	0.21	0.09	1	0.64	10.8	4	100	98	98	100	98	98	11.87	11.89	11.91
251025	6	3	10.7	1	2	17.2	17.2	32.7	0.17	0.20	0.18	3	0.95	10.6	2	100	98	98	100	98	98	13.62	13.62	13.62
251025	6	4	10.3	1	1	16.1	16.2	30.8	0.18	0.15	0.23	1	3.17	10.6	3	100	98	98	100	98	98	12.73	12.97	12.71
251025	6	5	10.4	1	3	14.1	17.4	35.5	0.12	0.17	0.13	3	1.03	10.2	3	100	98	98	100	98	98	12.59	12.71	12.60
251025	6	6	10.5	1	4	16.9	16.9	32.7	0.12	0.15	0.09	3	1.21	10.5	2	100	98	98	100	98	98	12.57	12.57	12.57
251025	6	7	10.6	1	4	16.6	17.2	33.5	0.24	0.22	0.09	2	0.63	10.7	6	100	98	98	100	98	98	13.50	13.50	13.50
251025	6	8	10.5	1	2	16.2	16.7	34.0	0.17	0.14	0.07	2	0.67	10.7	1	100	98	98	100	98	98	13.62	13.62	13.62
251025	6	9	10.5	1	11	17.5	27.6	49.9	0.15	0.19	0.13	3	0.94	10.6	1	100	98	98	100	98	98	13.62	13.62	13.62
251025	6	10	10.7	1	10	15.4	15.4	30.2	0.23	0.18	0.09	3	0.56	10.6	1	100	98	98	100	98	98	12.97	12.86	12.84
