Marko	Ilmakiv‰‰ri
Date	Series	Shot	Hit	X ring	Sector	On	Total	Int.(s)			Trigger			COG		Fine %			Rough %			Hold time (s)
						target	time 		dev X	dev Y	ATV	TIRE	RTV	Hit	Sector	Target	COG	Hit	Target	COG	Hit	Target	COG	Hit
251012	1	1	10.0	0	8	12.2	23.0	0.0	0.11	0.33	0.16	1	1.20	10.5	9	100	98	71	100	98	98	11.91	11.87	12.07
251012	1	2	10.4	1	12	13.1	13.1	27.4	0.19	0.17	0.13	3	0.60	10.3	11	92	98	98	100	98	98	12.21	12.02	12.03
251012	1	3	10.6	1	8	10.9	10.9	24.1	0.23	0.26	0.16	3	0.69	10.3	10	83	98	89	100	98	98	8.61	8.46	8.61
251012	1	4	10.5	1	10	10.7	10.7	22.5	0.13	0.21	0.08	3	0.46	10.3	11	92	98	98	100	98	98	9.09	8.98	9.04
251012	1	5	9.9	0	10	16.6	17.0	32.0	0.18	0.23	0.14	1	1.01	10.3	9	100	98	98	100	98	98	12.31	12.27	12.09
251012	1	6	10.7	1	7	11.6	11.6	25.5	0.16	0.22	0.14	3	1.01	10.4	10	100	98	97	100	98	98	9.69	9.55	9.69
251012	1	7	10.1	0	11	11.9	11.9	25.3	0.22	0.26	0.17	1	1.17	10.4	9	94	98	98	100	98	98	10.14	9.91	9.84
251012	1	8	10.2	1	10	11.1	11.1	24.1	0.18	0.24	0.16	2	0.90	10.1	10	73	98	98	100	98	98	9.46	9.31	9.31
251012	1	9	10.2	1	9	13.3	13.3	29.4	0.24	0.27	0.14	3	0.55	10.3	10	95	98	98	100	98	98	12.82	12.49	12.51
251012	1	10	10.4	1	9	13.2	13.2	28.0	0.24	0.20	0.17	1	1.24	10.5	9	100	98	98	100	98	98	11.91	11.91	11.88
251012	2	1	10.8	1	5	11.9	22.8	3.49	0.16	0.21	0.06	2	0.61	10.8	2	100	98	98	100	98	98	10.47	10.47	10.48
251012	2	2	10.7	1	1	15.2	15.2	31.5	0.17	0.21	0.19	3	1.20	10.8	9	100	98	98	100	98	98	10.44	10.43	10.43
251012	2	3	10.9	1	7	11.8	11.8	25.8	0.14	0.23	0.29	3	2.35	10.7	7	100	98	98	100	98	98	11.29	11.31	11.31
251012	2	4	10.8	1	4	12.6	12.6	26.4	0.11	0.25	0.06	2	0.37	10.6	6	100	98	98	100	98	98	11.97	12.00	11.98
251012	2	5	10.5	1	6	12.5	12.5	26.8	0.15	0.27	0.15	3	0.86	10.3	6	85	98	98	100	98	98	12.24	12.29	12.27
251012	2	6	10.7	1	9	12.1	12.1	25.8	0.20	0.35	0.21	3	0.92	10.7	9	100	98	98	100	98	98	10.35	10.34	10.34
251012	2	7	10.3	1	10	11.5	11.5	23.8	0.22	0.18	0.23	1	2.02	10.8	8	100	98	98	100	98	98	9.48	9.48	9.36
251012	2	8	10.6	1	9	12.7	12.7	26.6	0.15	0.22	0.12	3	0.67	10.6	8	100	98	98	100	98	98	11.61	11.58	11.55
251012	2	9	10.8	1	8	12.3	12.3	26.4	0.10	0.27	0.14	3	0.75	10.5	7	100	98	98	100	98	98	11.31	11.32	11.31
251012	2	10	10.6	1	7	13.1	13.1	27.5	0.14	0.27	0.17	3	0.84	10.5	7	100	98	98	100	98	98	11.54	11.55	11.55
251012	3	1	10.8	1	10	19.0	69.3	1.55	0.15	0.24	0.13	3	0.67	10.9	12	100	98	98	100	98	98	13.19	13.19	13.19
251012	3	2	10.8	1	7	11.7	29.6	54.0	0.12	0.15	0.08	2	0.44	10.8	9	100	98	98	100	98	98	11.67	11.67	11.69
251012	3	3	10.5	1	9	12.8	12.9	27.2	0.14	0.20	0.22	2	1.94	10.9	7	100	98	98	100	98	98	12.86	13.01	12.84
251012	3	4	10.5	1	7	13.8	22.5	41.9	0.16	0.20	0.11	1	0.74	10.9	7	100	98	98	100	98	98	12.97	12.97	12.97
251012	3	5	10.9	1	7	13.3	24.6	1.00	0.16	0.21	0.13	3	0.66	10.8	8	100	98	98	100	98	98	13.26	13.26	13.26
251012	3	6	10.8	1	11	13.7	21.4	40.0	0.18	0.19	0.21	3	2.41	10.8	2	100	98	98	100	98	98	13.70	13.70	13.70
251012	3	7	10.7	1	5	13.9	13.9	29.4	0.15	0.20	0.08	1	0.37	10.8	4	100	98	98	100	98	98	13.32	13.32	13.32
251012	3	8	10.8	1	1	15.2	15.2	30.2	0.15	0.16	0.11	3	0.56	10.9	1	100	98	98	100	98	98	13.57	13.57	13.57
251012	3	9	10.5	1	7	12.4	12.4	26.1	0.22	0.15	0.10	1	0.59	10.7	6	100	98	98	100	98	98	11.41	11.45	11.45
251012	3	10	10.8	1	7	13.6	13.6	30.2	0.16	0.18	0.09	3	0.64	10.8	11	100	98	98	100	98	98	12.84	12.81	12.86
251012	4	1	10.3	1	6	18.3	19.6	3.30	0.13	0.27	0.16	1	1.33	10.6	3	100	98	79	100	98	98	8.47	8.49	8.60
251012	4	2	10.3	1	6	10.3	10.3	23.8	0.12	0.19	0.16	1	2.14	10.7	4	100	98	98	100	98	98	9.13	9.31	9.39
251012	4	3	10.5	1	7	12.9	12.9	27.4	0.13	0.19	0.14	3	0.93	10.6	7	100	98	98	100	98	98	12.31	12.33	12.39
251012	4	4	10.6	1	8	12.7	12.7	27.6	0.20	0.23	0.26	3	2.00	10.9	4	100	98	98	100	98	98	12.49	12.49	12.49
251012	4	5	10.7	1	3	12.8	26.5	48.2	0.12	0.20	0.08	3	0.42	10.6	3	100	98	98	100	98	98	12.84	12.84	12.84
251012	4	6	10.5	1	5	12.1	12.1	24.6	0.10	0.12	0.09	1	0.80	10.6	5	100	98	98	100	98	98	10.65	10.71	10.72
251012	4	7	10.5	1	4	17.7	17.7	35.2	0.12	0.19	0.07	2	0.41	10.5	3	100	98	98	100	98	98	12.21	12.21	12.21
251012	4	8	10.7	1	6	14.0	14.1	27.6	0.12	0.25	0.07	2	0.42	10.9	6	100	98	98	100	98	98	13.46	13.46	13.46
251012	4	9	10.8	1	9	13.9	13.9	27.5	0.10	0.15	0.09	3	1.07	10.8	12	100	98	98	100	98	98	12.54	12.53	12.53
251012	4	10	10.4	1	1	14.5	14.5	30.5	0.10	0.24	0.15	2	0.87	10.6	12	97	98	98	100	98	98	13.12	13.12	13.12
251012	5	1	10.7	1	1	14.4	31.4	3.15	0.17	0.15	0.10	3	0.64	10.6	10	100	98	98	100	98	98	12.91	12.86	12.88
251012	5	2	10.8	1	11	12.2	13.7	30.2	0.09	0.14	0.07	3	0.55	10.6	12	100	98	98	100	98	98	10.29	10.24	10.26
251012	5	3	10.8	1	12	13.2	13.2	26.2	0.11	0.14	0.07	3	0.53	10.7	12	100	98	98	100	98	98	10.94	10.92	10.92
251012	5	4	10.8	1	6	14.1	14.1	28.6	0.13	0.15	0.10	2	0.56	10.8	9	100	98	98	100	98	98	13.21	13.21	13.23
251012	5	5	10.6	1	11	13.2	13.2	26.5	0.16	0.20	0.19	1	1.34	10.7	12	100	98	98	100	98	98	11.40	11.37	11.34
251012	5	6	10.7	1	1	10.8	10.8	23.6	0.13	0.11	0.05	3	0.53	10.7	1	100	98	98	100	98	98	8.19	8.18	8.18
251012	5	7	10.5	1	10	12.8	13.3	26.7	0.11	0.18	0.21	1	3.36	10.9	9	100	98	98	100	98	98	10.06	10.01	9.88
251012	5	8	10.7	1	8	11.9	11.9	25.7	0.13	0.13	0.10	3	0.77	10.9	9	100	98	98	100	98	98	9.30	9.30	9.31
251012	5	9	10.7	1	7	13.7	13.7	27.3	0.12	0.13	0.06	1	0.63	10.8	7	100	98	98	100	98	98	11.58	11.58	11.58
251012	5	10	10.5	1	9	12.7	12.7	28.4	0.16	0.14	0.08	3	0.52	10.5	10	100	98	98	100	98	98	10.52	10.44	10.44
251012	6	1	10.8	1	7	11.9	11.9	33.1	0.17	0.18	0.08	3	0.49	10.9	8	100	98	98	100	98	98	11.36	11.34	11.36
251012	6	2	10.4	1	10	12.3	12.3	25.1	0.22	0.18	0.17	2	1.41	10.8	11	100	98	98	100	98	98	9.88	9.81	9.73
251012	6	3	10.6	1	8	12.9	13.0	26.1	0.10	0.17	0.06	1	0.57	10.8	10	100	98	98	100	98	98	10.94	10.89	10.88
251012	6	4	10.8	1	12	13.5	16.7	33.3	0.13	0.29	0.11	3	0.57	10.6	11	100	98	98	100	98	98	13.54	13.54	13.54
251012	6	5	10.7	1	7	20.2	20.2	36.8	0.11	0.18	0.14	3	0.87	10.8	12	100	98	98	100	98	98	12.07	12.06	12.09
251012	6	6	10.7	1	6	12.9	12.9	28.3	0.14	0.22	0.12	1	1.45	10.9	12	100	98	98	100	98	98	11.32	11.32	11.32
251012	6	7	10.8	1	3	13.7	13.8	27.6	0.11	0.17	0.06	3	0.51	10.8	1	100	98	98	100	98	98	13.05	13.05	13.05
251012	6	8	10.7	1	1	23.2	23.2	41.9	0.12	0.17	0.08	3	0.54	10.6	1	100	98	98	100	98	98	11.47	11.45	11.46
251012	6	9	10.8	1	12	16.2	16.2	30.7	0.09	0.13	0.21	2	2.36	10.7	10	100	98	98	100	98	98	13.59	13.59	13.59
251012	6	10	10.6	1	10	16.3	16.3	31.5	0.11	0.16	0.23	1	2.10	10.8	11	100	98	98	100	98	98	13.54	13.54	13.54
