Marko	Ilmakiv‰‰ri
Date	Series	Shot	Hit	X ring	Sector	On	Total	Int.(s)			Trigger			COG		Fine %			Rough %			Hold time (s)
						target	time 		dev X	dev Y	ATV	TIRE	RTV	Hit	Sector	Target	COG	Hit	Target	COG	Hit	Target	COG	Hit
240106	1	1	10.9	1	7	23.3	23.3	0.0	0.15	0.19	0.08	3	0.47	10.9	4	100	98	98	100	98	98	5.38	5.38	5.38
240106	1	2	10.4	1	4	9.7	9.7	19.5	0.17	0.17	0.29	1	1.63	10.1	3	82	98	98	100	98	98	2.94	3.03	3.04
240106	1	3	10.2	1	6	9.9	22.3	45.3	0.23	0.23	0.27	2	1.15	10.6	4	100	98	92	100	98	98	4.75	4.75	4.79
240106	1	4	10.3	1	3	10.5	10.5	21.6	0.25	0.24	0.26	3	1.31	9.9	3	30	98	94	100	98	98	3.88	3.93	3.93
240106	1	5	10.1	0	3	12.3	12.3	22.8	0.22	0.24	0.23	2	1.11	10.5	2	100	98	98	100	98	98	5.79	5.80	5.82
240106	1	6	9.5	0	2	8.3	10.8	27.2	0.28	0.29	0.15	1	0.63	10.2	2	67	98	74	100	98	98	3.48	3.39	3.36
240106	1	7	10.5	1	3	19.3	19.3	35.3	0.24	0.19	0.14	3	0.58	10.4	2	92	98	98	100	98	98	4.35	4.32	4.35
240106	1	8	10.5	1	1	12.9	12.9	24.9	0.12	0.17	0.12	3	0.59	10.3	1	94	98	98	100	98	98	7.46	7.44	7.44
240106	1	9	10.8	1	3	13.4	13.4	25.9	0.13	0.18	0.06	3	0.40	10.6	1	100	98	98	100	98	98	8.84	8.82	8.85
240106	1	10	10.5	1	3	12.0	12.0	23.7	0.18	0.23	0.16	1	0.76	10.5	3	100	98	98	100	98	98	6.42	6.42	6.42
240106	2	1	10.7	1	4	11.6	11.6	23.1	0.19	0.21	0.16	2	0.91	10.5	4	100	98	98	100	98	98	5.38	5.47	5.47
240106	2	2	10.7	1	1	11.2	11.2	21.6	0.28	0.23	0.22	1	0.97	10.8	3	100	98	98	100	98	98	5.55	5.57	5.50
240106	2	3	10.0	0	1	14.9	14.9	27.5	0.23	0.18	0.13	1	0.69	10.3	2	95	98	98	100	98	98	10.29	10.28	10.26
240106	2	4	10.4	1	2	12.2	12.2	26.8	0.22	0.21	0.21	2	0.89	10.5	1	100	98	98	100	98	98	7.00	6.93	6.95
240106	2	5	10.3	1	7	15.2	15.2	30.0	0.28	0.33	0.27	3	1.25	10.5	6	100	98	91	100	98	98	4.96	5.03	5.05
240106	2	6	10.7	1	12	10.8	10.8	22.0	0.18	0.18	0.18	3	1.10	10.6	1	100	98	98	100	98	98	4.46	4.44	4.44
240106	2	7	10.1	0	1	12.9	12.9	24.5	0.18	0.18	0.10	1	0.57	10.5	1	100	98	98	100	98	98	7.96	7.91	7.86
240106	2	8	10.2	1	11	12.7	12.7	29.6	0.21	0.19	0.28	1	1.86	10.7	10	100	98	98	100	98	98	8.46	8.45	8.38
240106	2	9	10.6	1	5	11.4	11.4	23.7	0.27	0.25	0.13	3	0.58	10.5	5	100	98	98	100	98	98	6.08	6.09	6.09
240106	2	10	10.8	1	4	14.3	14.3	28.3	0.21	0.19	0.25	1	1.04	10.6	3	100	98	98	100	98	98	9.04	9.03	9.07
240106	3	1	9.9	0	3	24.7	24.7	2.34	0.24	0.24	0.35	2	1.48	10.6	2	98	98	88	100	98	98	6.45	6.34	6.30
240106	3	2	10.8	1	11	11.6	11.6	24.1	0.26	0.21	0.19	1	0.80	10.7	4	100	98	98	100	98	98	6.18	6.18	6.18
240106	3	3	10.6	1	8	11.9	11.9	22.2	0.31	0.19	0.36	3	1.82	10.4	3	92	98	74	100	98	98	4.58	4.56	4.58
240106	3	4	10.6	1	3	12.9	12.9	24.8	0.28	0.29	0.09	3	0.28	10.7	3	100	98	98	100	98	98	7.67	7.67	7.67
240106	3	5	10.8	1	3	12.9	12.9	25.4	0.20	0.24	0.06	3	0.33	10.8	2	100	98	98	100	98	98	8.51	8.49	8.51
240106	3	6	10.4	1	5	13.4	46.2	1.17	0.23	0.26	0.19	2	0.56	10.7	4	100	98	94	100	98	98	10.01	10.01	10.02
240106	3	7	10.7	1	3	10.8	10.8	22.3	0.28	0.26	0.15	1	0.65	10.8	2	100	98	98	100	98	98	5.94	5.92	5.94
240106	3	8	10.5	1	2	16.9	16.9	31.5	0.15	0.22	0.11	1	0.65	10.8	4	100	98	98	100	98	98	8.79	8.79	8.76
240106	3	9	10.8	1	4	16.1	16.1	32.0	0.21	0.18	0.13	3	0.68	10.9	1	100	98	98	100	98	98	7.16	7.14	7.16
240106	3	10	10.8	1	4	13.4	13.4	25.7	0.16	0.21	0.07	3	0.43	10.8	6	100	98	98	100	98	98	7.70	7.71	7.71
240106	4	1	10.3	1	4	9.8	9.8	20.8	0.25	0.20	0.29	3	1.77	10.7	4	100	98	98	100	98	98	4.11	4.12	4.14
240106	4	2	10.6	1	10	12.2	12.2	23.9	0.26	0.24	0.16	3	0.65	10.3	10	91	98	98	100	98	98	7.00	6.93	6.96
240106	4	3	10.6	1	6	13.5	13.5	26.2	0.24	0.17	0.18	3	0.85	10.7	6	100	98	98	100	98	98	9.71	9.72	9.73
240106	4	4	10.5	1	8	10.5	10.5	21.4	0.27	0.21	0.15	3	0.93	10.7	8	100	98	98	100	98	98	5.94	5.96	5.94
240106	4	5	10.7	1	12	16.8	16.8	30.8	0.16	0.24	0.21	2	1.12	10.9	1	100	98	98	100	98	98	7.49	7.49	7.47
240106	4	6	10.9	1	5	12.5	12.5	24.7	0.15	0.24	0.19	3	1.02	10.8	3	100	98	98	100	98	98	8.04	8.04	8.05
240106	4	7	10.9	1	8	13.4	13.4	25.4	0.16	0.22	0.11	2	0.64	10.8	8	100	98	98	100	98	98	8.73	8.73	8.73
240106	4	8	10.7	1	6	11.8	11.8	23.0	0.27	0.15	0.08	3	0.33	10.6	7	100	98	98	100	98	98	6.64	6.66	6.66
240106	4	9	10.5	1	1	14.3	14.3	27.1	0.34	0.15	0.22	2	1.09	10.7	12	100	98	98	100	98	98	9.93	9.88	9.87
240106	4	10	10.2	1	12	15.3	15.3	29.1	0.20	0.22	0.19	2	1.27	10.6	11	100	98	98	100	98	98	12.33	12.26	12.15
240106	5	1	10.4	1	3	19.5	19.9	2.17	0.23	0.18	0.14	2	0.67	10.8	1	100	98	98	100	98	98	10.83	10.83	10.83
240106	5	2	10.7	1	7	16.4	16.4	30.1	0.19	0.23	0.22	3	1.06	10.9	6	100	98	98	100	98	98	8.13	8.16	8.18
240106	5	3	10.5	1	10	13.2	13.2	24.1	0.30	0.21	0.30	3	1.24	10.5	12	94	98	94	100	98	98	7.74	7.71	7.72
240106	5	4	10.9	1	4	12.9	12.9	25.3	0.29	0.24	0.12	3	0.49	10.9	2	100	98	98	100	98	98	8.47	8.47	8.49
240106	5	5	10.5	1	3	12.3	12.3	24.0	0.23	0.18	0.10	3	0.66	10.6	3	100	98	98	100	98	98	7.84	7.84	7.86
240106	5	6	10.4	1	12	14.1	14.1	26.6	0.25	0.30	0.15	2	0.74	10.6	12	95	98	98	100	98	98	10.23	10.19	10.12
240106	5	7	10.6	1	2	13.5	13.5	26.3	0.27	0.27	0.16	2	0.57	10.8	1	100	98	98	100	98	98	9.20	9.18	9.18
240106	5	8	10.8	1	7	15.9	15.9	30.1	0.18	0.23	0.08	2	0.38	10.9	12	100	98	98	100	98	98	8.43	8.43	8.43
240106	5	9	10.8	1	4	12.2	12.2	23.8	0.16	0.24	0.09	3	0.62	10.7	12	100	98	98	100	98	98	8.07	8.04	8.09
240106	5	10	10.6	1	1	12.4	12.4	24.3	0.17	0.23	0.30	1	2.23	10.7	3	100	98	98	100	98	98	7.09	7.11	7.05
240106	6	1	10.6	1	4	12.5	12.5	24.8	0.28	0.20	0.12	2	0.46	10.8	5	100	98	97	100	98	98	8.01	8.03	8.04
240106	6	2	10.5	1	3	12.4	12.4	24.1	0.23	0.17	0.08	1	0.37	10.7	4	100	98	98	100	98	98	8.36	8.36	8.36
240106	6	3	10.6	1	7	12.7	12.7	24.6	0.21	0.20	0.10	3	0.52	10.6	8	100	98	98	100	98	98	7.70	7.71	7.71
240106	6	4	10.7	1	12	12.9	12.9	24.5	0.20	0.18	0.17	3	0.79	10.6	1	100	98	98	100	98	98	7.79	7.75	7.75
240106	6	5	10.6	1	9	20.6	20.6	36.5	0.20	0.27	0.15	1	0.78	10.8	9	100	98	98	100	98	98	7.25	7.25	7.26
240106	6	6	10.8	1	5	14.6	14.6	28.0	0.21	0.17	0.13	2	0.58	10.8	3	100	98	98	100	98	98	11.25	11.25	11.27
240106	6	7	10.7	1	3	13.3	13.3	26.4	0.19	0.17	0.13	1	0.74	10.9	12	100	98	98	100	98	98	9.09	9.07	9.09
240106	6	8	10.7	1	6	11.9	11.9	23.7	0.17	0.24	0.12	3	0.60	10.9	7	100	98	98	100	98	98	6.17	6.17	6.18
240106	6	9	10.5	1	7	15.7	15.7	29.3	0.18	0.27	0.09	2	0.49	10.5	7	100	98	98	100	98	98	7.65	7.72	7.70
240106	6	10	10.7	1	6	18.4	18.4	34.7	0.20	0.29	0.18	3	0.97	10.7	6	100	98	98	100	98	98	8.56	8.58	8.58
