Marko	Ilmakiv‰‰ri
Date	Series	Shot	Hit	X ring	Sector	On	Total	Int.(s)			Trigger			COG		Fine %			Rough %			Hold time (s)
						target	time 		dev X	dev Y	ATV	TIRE	RTV	Hit	Sector	Target	COG	Hit	Target	COG	Hit	Target	COG	Hit
231219	1	1	10.3	1	10	13.2	16.5	0.0	0.20	0.20	0.21	1	1.21	10.7	10	100	98	98	100	98	98	3.63	3.60	3.58
231219	1	2	9.9	0	11	12.0	13.1	25.0	0.24	0.22	0.18	3	1.32	9.9	10	26	98	98	100	98	98	5.14	5.04	5.00
231219	1	3	10.3	1	10	11.1	12.6	24.3	0.29	0.28	0.17	1	0.99	10.4	10	95	98	95	100	98	98	5.64	5.59	5.59
231219	1	4	10.6	1	12	11.4	12.7	24.5	0.28	0.25	0.09	3	0.40	10.4	1	88	98	98	100	98	98	5.10	5.05	5.07
231219	1	5	10.1	0	12	21.9	23.8	42.4	0.30	0.29	0.39	3	1.98	10.3	11	100	98	85	100	98	98	6.18	6.13	6.13
231219	1	6	10.1	0	11	11.2	11.2	23.9	0.19	0.23	0.21	3	1.49	10.2	10	92	98	98	100	98	98	5.34	5.24	5.24
231219	1	7	10.5	1	12	11.5	11.5	32.4	0.24	0.22	0.21	2	1.60	10.4	11	95	98	98	100	98	98	5.37	5.31	5.31
231219	1	8	9.9	0	12	11.7	12.2	24.5	0.15	0.19	0.21	1	1.45	10.6	11	100	98	98	100	98	98	5.83	5.78	5.71
231219	1	9	10.4	1	12	10.8	10.8	22.8	0.23	0.24	0.10	3	0.55	10.4	12	95	98	98	100	98	98	5.46	5.40	5.38
231219	1	10	10.5	1	12	12.4	12.8	25.1	0.16	0.18	0.11	3	0.64	10.3	12	92	98	98	100	98	98	7.37	7.32	7.32
231219	2	1	10.3	1	5	10.0	15.4	1.13	0.18	0.22	0.16	3	0.83	10.3	5	95	98	98	100	98	98	6.57	6.67	6.69
231219	2	2	10.1	0	2	10.4	10.4	20.9	0.28	0.26	0.31	1	2.33	10.4	3	86	98	98	100	98	98	4.23	4.23	4.21
231219	2	3	10.3	1	3	26.6	26.8	48.3	0.22	0.31	0.19	3	0.73	10.5	3	100	98	98	100	98	98	7.35	7.39	7.44
231219	2	4	9.9	0	4	10.0	10.1	20.9	0.16	0.15	0.08	1	0.49	10.3	4	98	98	98	100	98	98	4.02	4.09	4.12
231219	2	5	10.7	1	4	9.5	9.5	22.5	0.26	0.27	0.21	3	1.45	10.2	4	85	98	98	100	98	98	3.42	3.54	3.46
231219	2	6	10.6	1	4	11.2	11.2	22.4	0.19	0.19	0.15	3	0.85	10.6	2	100	98	98	100	98	98	5.37	5.33	5.40
231219	2	7	10.6	1	12	10.1	10.1	21.5	0.28	0.24	0.14	3	0.48	10.4	2	85	98	98	100	98	98	4.30	4.32	4.29
231219	2	8	10.3	1	3	9.9	9.9	21.4	0.18	0.16	0.08	2	0.39	10.5	3	100	98	98	100	98	98	4.92	4.91	4.92
231219	2	9	10.7	1	6	11.2	11.2	22.5	0.23	0.26	0.24	3	1.41	10.6	4	100	98	98	100	98	98	5.52	5.54	5.54
231219	2	10	10.4	1	3	10.7	10.7	21.9	0.17	0.23	0.25	1	1.75	10.0	3	62	98	98	100	98	98	4.35	4.37	4.38
231219	3	1	10.3	1	2	11.5	13.2	2.04	0.31	0.20	0.13	3	0.47	10.1	1	71	98	98	100	98	98	6.29	6.11	6.17
231219	3	2	10.1	0	1	11.7	11.7	23.0	0.19	0.14	0.14	3	0.75	9.9	1	50	98	98	100	98	98	6.17	6.09	6.11
231219	3	3	10.6	1	12	11.2	11.5	29.8	0.27	0.17	0.18	2	0.67	10.6	12	100	98	98	100	98	98	5.83	5.79	5.79
231219	3	4	10.3	1	1	10.2	10.2	22.3	0.22	0.16	0.12	1	0.68	10.4	1	100	98	98	100	98	98	4.98	4.95	4.95
231219	3	5	10.8	1	1	15.5	15.5	31.1	0.16	0.21	0.12	3	0.75	10.5	1	97	98	98	100	98	98	6.60	6.58	6.58
231219	3	6	10.2	1	2	10.9	10.9	23.0	0.18	0.24	0.05	3	0.30	10.2	1	89	98	98	100	98	98	5.61	5.54	5.54
231219	3	7	10.4	1	9	12.4	12.4	26.8	0.23	0.25	0.31	3	2.12	10.7	12	100	98	92	100	98	98	6.78	6.72	6.74
231219	3	8	10.2	1	12	11.4	11.4	23.5	0.24	0.18	0.23	1	1.64	10.4	11	95	98	98	100	98	98	6.50	6.45	6.45
231219	3	9	10.6	1	1	12.2	12.2	25.1	0.18	0.20	0.28	3	1.80	10.3	2	98	98	98	100	98	98	6.51	6.45	6.48
231219	3	10	10.0	0	12	12.5	12.5	25.1	0.19	0.28	0.17	2	0.83	10.3	12	91	98	98	100	98	98	6.97	6.92	6.90
231219	4	1	10.5	1	3	10.4	10.4	25.2	0.14	0.17	0.10	3	0.70	10.5	2	100	98	98	100	98	98	4.93	4.92	4.93
231219	4	2	10.8	1	1	9.7	9.7	19.9	0.23	0.17	0.08	3	0.50	10.7	11	100	98	98	100	98	98	5.10	5.07	5.10
231219	4	3	10.6	1	1	11.0	11.0	22.0	0.22	0.20	0.16	3	0.89	10.4	1	92	98	98	100	98	98	5.66	5.62	5.64
231219	4	4	10.4	1	1	12.3	12.3	24.0	0.15	0.20	0.18	1	1.50	10.6	12	100	98	98	100	98	98	7.28	7.26	7.25
231219	4	5	10.7	1	9	13.9	13.9	27.2	0.25	0.22	0.08	2	0.54	10.7	12	100	98	98	100	98	98	9.36	9.33	9.36
231219	4	6	10.4	1	8	11.5	11.5	23.0	0.22	0.14	0.14	1	0.88	10.8	8	100	98	98	100	98	98	6.60	6.62	6.62
231219	4	7	10.8	1	4	12.0	12.0	23.5	0.19	0.19	0.14	3	0.64	10.7	3	100	98	98	100	98	98	7.58	7.56	7.58
231219	4	8	10.2	1	2	12.8	12.8	24.8	0.20	0.22	0.11	2	0.48	10.2	2	86	98	98	100	98	98	8.05	8.00	8.01
231219	4	9	10.6	1	2	12.2	12.2	24.9	0.13	0.14	0.13	2	1.15	10.8	1	100	98	98	100	98	98	6.84	6.83	6.83
231219	4	10	10.5	1	1	10.9	10.9	22.2	0.12	0.16	0.11	3	0.74	10.4	12	100	98	98	100	98	98	4.47	4.41	4.41
231219	5	1	10.6	1	2	13.4	13.4	1.46	0.27	0.14	0.08	3	0.32	10.5	2	100	98	98	100	98	98	4.50	4.49	4.49
231219	5	2	10.5	1	2	11.0	11.0	21.7	0.15	0.20	0.18	2	1.26	10.7	1	100	98	98	100	98	98	6.64	6.63	6.63
231219	5	3	10.3	1	1	11.5	11.5	23.0	0.23	0.25	0.24	1	1.35	10.8	4	100	98	98	100	98	98	6.74	6.75	6.63
231219	5	4	10.5	1	6	10.5	10.5	22.4	0.20	0.33	0.13	3	0.59	10.6	2	100	98	80	100	98	98	6.09	6.06	6.18
231219	5	5	10.9	1	10	11.8	11.8	23.5	0.17	0.23	0.19	2	1.14	10.8	3	100	98	98	100	98	98	6.95	6.96	6.95
231219	5	6	10.6	1	1	12.2	12.2	24.2	0.15	0.29	0.09	3	0.44	10.5	1	97	98	98	100	98	98	6.86	6.76	6.76
231219	5	7	10.7	1	1	12.7	12.7	24.4	0.20	0.20	0.20	3	0.91	10.5	2	97	98	98	100	98	98	8.49	8.38	8.47
231219	5	8	10.7	1	2	11.7	11.7	23.2	0.15	0.21	0.14	3	0.71	10.8	4	100	98	98	100	98	98	7.16	7.17	7.16
231219	5	9	10.4	1	1	11.8	11.8	23.1	0.21	0.25	0.11	2	0.65	10.6	2	100	98	98	100	98	98	7.18	7.18	7.17
231219	5	10	10.6	1	3	12.1	12.1	24.2	0.23	0.28	0.08	3	0.42	10.7	4	100	98	98	100	98	98	6.36	6.39	6.41
231219	6	1	10.7	1	4	11.6	11.6	24.4	0.19	0.18	0.16	3	0.69	10.7	2	100	98	98	100	98	98	7.39	7.38	7.44
231219	6	2	10.3	1	5	10.3	10.3	22.1	0.13	0.20	0.14	3	1.00	10.5	4	100	98	98	100	98	98	5.96	6.01	6.12
231219	6	3	10.8	1	2	14.0	14.0	26.6	0.16	0.23	0.14	3	0.75	10.5	2	100	98	98	100	98	98	10.46	10.44	10.46
231219	6	4	10.5	1	1	12.8	12.8	24.8	0.12	0.18	0.09	3	0.50	10.4	1	100	98	98	100	98	98	8.71	8.69	8.69
231219	6	5	10.4	1	3	11.0	11.0	22.4	0.18	0.16	0.09	2	0.53	10.5	3	100	98	98	100	98	98	5.59	5.59	5.59
231219	6	6	10.5	1	2	17.3	17.3	32.5	0.13	0.23	0.16	3	1.17	10.5	2	100	98	98	100	98	98	8.36	8.36	8.34
231219	6	7	10.3	1	2	12.0	12.0	23.5	0.17	0.27	0.11	1	0.62	10.6	2	100	98	98	100	98	98	8.36	8.34	8.32
231219	6	8	10.1	0	12	12.3	12.3	24.4	0.23	0.23	0.25	1	1.93	10.5	12	95	98	98	100	98	98	7.59	7.56	7.53
231219	6	9	10.0	0	8	13.9	13.9	26.6	0.21	0.22	0.32	2	2.60	10.5	7	100	98	98	100	98	98	8.00	8.01	7.95
231219	6	10	10.7	1	1	10.9	17.0	31.9	0.26	0.22	0.16	3	0.73	10.6	12	98	98	98	100	98	98	6.63	6.58	6.62
231219	7	1	10.4	1	1	15.0	16.2	2.32	0.13	0.28	0.27	3	2.50	10.2	2	88	98	98	100	98	98	7.68	7.71	7.67
231219	7	2	10.6	1	7	10.1	10.1	20.8	0.23	0.22	0.12	1	0.47	10.8	7	100	98	98	100	98	98	4.96	4.98	5.00
231219	7	3	10.4	1	3	11.6	11.6	22.9	0.19	0.16	0.14	2	0.78	10.6	3	100	98	98	100	98	98	5.83	5.83	5.89
231219	7	4	10.7	1	1	12.7	12.7	25.3	0.23	0.34	0.20	3	0.70	10.8	1	100	98	98	100	98	98	6.81	6.79	6.69
231219	7	5	10.7	1	3	13.2	13.2	27.2	0.31	0.19	0.17	3	0.60	10.8	2	100	98	98	100	98	98	8.49	8.49	8.51
231219	7	6	10.0	0	12	12.3	12.3	24.7	0.15	0.18	0.21	1	1.82	10.6	12	100	98	98	100	98	98	7.84	7.82	7.79
231219	7	7	10.0	0	1	13.3	13.3	28.8	0.15	0.21	0.36	1	2.78	10.7	1	100	98	88	100	98	98	8.22	8.21	8.05
231219	7	8	10.5	1	1	11.2	16.9	33.1	0.15	0.36	0.13	2	0.67	10.7	3	100	98	98	100	98	98	6.71	6.72	6.66
231219	7	9	10.4	1	2	14.8	14.8	28.9	0.23	0.32	0.13	2	0.60	10.4	3	91	98	98	100	98	98	10.10	10.10	10.01
231219	7	10	10.9	1	6	14.3	15.2	30.5	0.12	0.22	0.07	3	0.41	10.8	2	100	98	98	100	98	98	9.12	9.12	9.13
231219	8	1	10.7	1	6	10.1	10.1	22.5	0.11	0.24	0.14	1	0.97	10.7	4	100	98	98	100	98	98	5.97	5.97	5.99
231219	8	2	10.5	1	4	11.5	11.5	25.5	0.17	0.16	0.14	2	0.64	10.8	2	100	98	98	100	98	98	7.75	7.75	7.77
231219	8	3	10.8	1	10	10.7	10.7	23.0	0.18	0.27	0.15	3	1.06	10.8	12	100	98	98	100	98	98	5.54	5.52	5.52
231219	8	4	10.9	1	6	11.9	11.9	23.9	0.16	0.17	0.13	2	0.74	10.7	7	100	98	98	100	98	98	7.25	7.26	7.25
231219	8	5	10.8	1	8	13.4	13.4	26.1	0.21	0.31	0.18	3	0.77	10.9	9	100	98	98	100	98	98	8.93	8.93	8.94
231219	8	6	10.8	1	1	12.8	12.8	26.3	0.18	0.20	0.09	3	0.74	10.8	8	100	98	98	100	98	98	8.71	8.71	8.69
231219	8	7	10.7	1	8	13.2	13.2	26.0	0.22	0.22	0.06	3	0.36	10.9	1	100	98	98	100	98	98	6.90	6.90	6.90
231219	8	8	10.6	1	1	12.4	12.4	24.7	0.16	0.18	0.07	2	0.43	10.6	1	100	98	98	100	98	98	6.95	6.90	6.88
231219	8	9	10.2	1	3	12.3	12.3	24.5	0.15	0.20	0.14	1	0.85	10.6	2	100	98	98	100	98	98	6.51	6.48	6.45
231219	8	10	10.8	1	8	11.7	11.8	24.8	0.16	0.20	0.19	3	1.25	10.8	12	100	98	98	100	98	98	5.96	5.96	5.97
