Marko	Ilmakiv‰‰ri
Date	Series	Shot	Hit	X ring	Sector	On	Total	Int.(s)			Trigger			COG		Fine %			Rough %			Hold time (s)
						target	time 		dev X	dev Y	ATV	TIRE	RTV	Hit	Sector	Target	COG	Hit	Target	COG	Hit	Target	COG	Hit
240304	1	1	10.2	1	5	14.0	27.1	0.0	0.17	0.16	0.24	3	1.58	10.2	5	83	98	98	100	98	98	3.58	3.67	3.66
240304	1	2	10.2	1	6	10.2	10.2	21.9	0.21	0.19	0.24	1	1.12	10.2	5	92	98	98	100	98	98	4.21	4.30	4.30
240304	1	3	10.3	1	5	16.6	16.6	34.6	0.18	0.17	0.16	3	0.84	10.2	6	98	98	98	100	98	98	5.08	5.14	5.13
240304	1	4	10.6	1	6	11.2	11.2	24.9	0.23	0.16	0.20	3	0.92	10.5	4	100	98	98	100	98	98	4.68	4.70	4.74
240304	1	5	10.7	1	4	12.2	12.2	26.4	0.27	0.17	0.20	1	1.21	10.6	4	100	98	98	100	98	98	5.97	5.97	5.97
240304	1	6	9.9	0	1	12.6	12.6	25.1	0.21	0.18	0.32	1	1.80	10.7	1	98	98	67	100	98	98	6.21	6.18	6.11
240304	1	7	10.5	1	2	11.4	11.4	24.3	0.34	0.26	0.14	2	0.54	10.4	2	86	98	98	100	98	98	4.44	4.42	4.41
240304	1	8	10.7	1	11	10.4	10.4	23.2	0.18	0.20	0.13	1	0.70	10.8	2	100	98	98	100	98	98	3.36	3.36	3.31
240304	1	9	10.8	1	10	12.7	12.7	25.8	0.22	0.15	0.21	3	1.16	10.7	1	100	98	98	100	98	98	7.14	7.11	7.11
240304	1	10	10.8	1	5	13.4	13.4	26.2	0.22	0.17	0.16	3	0.89	10.9	7	100	98	98	100	98	98	8.01	8.03	8.05
240304	2	1	10.7	1	8	12.3	12.3	25.1	0.25	0.17	0.17	3	1.45	10.5	2	100	98	82	100	98	98	6.13	6.11	6.12
240304	2	2	10.3	1	1	11.4	11.4	22.7	0.22	0.10	0.14	2	1.10	10.4	1	100	98	98	100	98	98	5.55	5.50	5.50
240304	2	3	10.7	1	2	12.4	12.4	25.9	0.33	0.16	0.11	3	0.58	10.6	1	100	98	98	100	98	98	8.34	8.34	8.34
240304	2	4	10.6	1	3	14.2	14.2	28.4	0.23	0.16	0.07	3	0.42	10.5	2	100	98	98	100	98	98	9.62	9.62	9.62
240304	2	5	10.2	1	1	12.7	12.7	26.2	0.10	0.18	0.22	1	2.00	10.5	2	100	98	98	100	98	98	7.04	7.02	6.99
240304	2	6	10.7	1	4	16.2	16.2	31.9	0.21	0.16	0.08	3	0.62	10.7	2	100	98	98	100	98	98	9.03	9.03	9.04
240304	2	7	10.7	1	3	13.9	13.9	27.4	0.13	0.18	0.09	3	0.82	10.6	1	100	98	98	100	98	98	9.63	9.60	9.63
240304	2	8	10.1	0	3	13.8	13.8	26.9	0.22	0.19	0.18	1	1.32	10.5	3	100	98	98	100	98	98	7.47	7.56	7.56
240304	2	9	10.5	1	3	12.1	12.1	25.2	0.20	0.20	0.24	3	1.34	10.5	2	100	98	98	100	98	98	6.67	6.67	6.75
240304	2	10	10.4	1	2	13.4	13.4	27.8	0.25	0.20	0.10	2	0.45	10.6	1	100	98	98	100	98	98	8.80	8.74	8.76
240304	3	1	10.7	1	3	17.4	26.6	3.30	0.21	0.27	0.19	2	1.12	10.7	5	100	98	98	100	98	98	8.12	8.16	8.13
240304	3	2	10.6	1	6	10.7	10.7	22.5	0.16	0.21	0.10	3	0.59	10.8	4	100	98	98	100	98	98	5.04	5.05	5.10
240304	3	3	10.8	1	7	13.4	13.4	26.0	0.22	0.22	0.18	2	0.84	10.9	3	100	98	98	100	98	98	7.83	7.83	7.86
240304	3	4	10.5	1	7	10.9	10.9	22.5	0.15	0.19	0.13	2	1.13	10.8	4	100	98	98	100	98	98	5.26	5.28	5.28
240304	3	5	10.0	0	3	12.8	12.8	25.4	0.25	0.22	0.13	1	0.59	10.4	3	100	98	92	100	98	98	8.09	8.09	8.10
240304	3	6	10.7	1	2	13.5	13.5	29.7	0.13	0.28	0.09	2	0.59	10.8	3	100	98	98	100	98	98	7.63	7.65	7.62
240304	3	7	10.5	1	2	12.3	12.3	25.0	0.20	0.22	0.10	1	0.55	10.7	1	100	98	98	100	98	98	7.68	7.68	7.68
240304	3	8	10.9	1	10	11.4	11.4	23.6	0.14	0.26	0.12	3	0.67	10.7	1	100	98	98	100	98	98	5.50	5.49	5.50
240304	3	9	10.6	1	12	11.4	11.4	23.6	0.16	0.19	0.19	3	1.70	10.5	1	100	98	98	100	98	98	5.80	5.76	5.76
240304	3	10	10.7	1	3	12.5	12.5	25.5	0.23	0.15	0.18	3	1.20	10.8	3	100	98	98	100	98	98	6.97	6.99	6.96
240304	4	1	10.2	1	3	11.3	11.3	23.4	0.14	0.19	0.20	2	1.41	10.3	3	100	98	98	100	98	98	5.61	5.62	5.61
240304	4	2	10.4	1	2	14.0	14.0	25.3	0.12	0.25	0.11	2	0.68	10.5	3	100	98	98	100	98	98	8.87	8.87	8.80
240304	4	3	10.7	1	4	11.8	11.8	24.0	0.15	0.29	0.11	3	0.65	10.7	3	100	98	98	100	98	98	7.25	7.25	7.25
240304	4	4	10.8	1	11	12.2	12.2	24.1	0.32	0.26	0.16	3	0.75	10.9	4	100	98	98	100	98	98	7.54	7.54	7.53
240304	4	5	10.4	1	5	13.1	13.1	26.3	0.18	0.26	0.11	2	0.99	10.7	3	100	98	92	100	98	98	8.09	8.09	8.13
240304	4	6	10.5	1	3	28.1	28.1	50.6	0.19	0.22	0.13	2	0.96	10.4	3	100	98	98	100	98	98	7.82	7.80	7.82
240304	4	7	10.7	1	9	13.9	13.9	27.0	0.22	0.26	0.04	3	0.21	10.7	10	100	98	98	100	98	98	9.95	9.93	9.95
240304	4	8	10.4	1	12	12.3	12.3	25.2	0.33	0.23	0.11	2	0.81	10.8	12	100	98	98	100	98	98	7.51	7.50	7.47
240304	4	9	10.4	1	1	13.8	13.8	26.8	0.19	0.18	0.17	2	0.95	10.6	12	100	98	98	100	98	98	8.85	8.82	8.82
240304	4	10	10.3	1	2	16.6	16.6	32.6	0.19	0.24	0.09	2	0.55	10.5	1	100	98	98	100	98	98	8.41	8.38	8.37
240304	5	1	10.4	1	3	12.7	23.4	3.34	0.24	0.18	0.14	3	0.61	10.2	3	89	98	98	100	98	98	7.62	7.63	7.62
240304	5	2	10.6	1	2	12.2	12.2	26.6	0.25	0.20	0.35	3	2.29	10.7	4	100	98	98	100	98	98	7.49	7.50	7.49
240304	5	3	10.5	1	4	16.0	16.0	31.7	0.25	0.21	0.20	1	0.90	10.5	4	100	98	98	100	98	98	8.49	8.49	8.49
240304	5	4	10.7	1	3	17.3	17.3	34.0	0.19	0.17	0.06	3	0.33	10.5	3	100	98	98	100	98	98	8.03	8.00	8.01
240304	5	5	10.4	1	3	13.1	13.1	27.3	0.26	0.24	0.13	2	0.54	10.7	3	100	98	98	100	98	98	7.68	7.70	7.70
240304	5	6	10.6	1	3	13.8	13.8	28.2	0.24	0.18	0.05	3	0.28	10.6	2	100	98	98	100	98	98	7.75	7.74	7.75
240304	5	7	10.6	1	12	16.1	16.1	32.3	0.22	0.25	0.33	2	3.00	10.8	7	100	98	98	100	98	98	6.08	6.09	6.03
240304	5	8	10.8	1	5	15.4	15.4	31.1	0.24	0.27	0.10	2	0.37	10.8	5	100	98	98	100	98	98	6.17	6.20	6.18
240304	5	9	10.7	1	2	15.4	15.4	29.7	0.20	0.20	0.21	1	1.33	10.6	3	100	98	98	100	98	98	4.72	4.70	4.70
240304	5	10	10.6	1	3	16.0	16.0	30.6	0.21	0.22	0.16	2	0.74	10.9	4	100	98	98	100	98	98	6.83	6.83	6.81
240304	6	1	10.8	1	6	13.5	13.5	28.5	0.18	0.18	0.09	1	0.85	10.9	9	100	98	98	100	98	98	8.96	8.96	8.97
240304	6	2	10.6	1	2	11.3	11.3	23.3	0.22	0.21	0.15	1	1.07	10.7	3	100	98	98	100	98	98	5.79	5.79	5.78
240304	6	3	10.7	1	4	11.1	11.1	22.1	0.14	0.24	0.06	3	0.34	10.8	2	100	98	98	100	98	98	4.54	4.54	4.56
240304	6	4	10.6	1	3	11.5	11.5	23.2	0.22	0.19	0.07	3	0.47	10.8	2	100	98	98	100	98	98	6.24	6.24	6.24
240304	6	5	10.7	1	7	14.3	14.3	27.3	0.18	0.23	0.12	3	0.77	10.8	5	100	98	98	100	98	98	7.21	7.26	7.28
240304	6	6	10.6	1	1	17.6	17.6	32.4	0.21	0.24	0.19	1	0.87	10.8	11	100	98	98	100	98	98	11.01	10.99	10.98
240304	6	7	10.5	1	12	14.8	14.8	28.4	0.18	0.25	0.16	1	1.11	10.7	1	100	98	98	100	98	98	9.59	9.55	9.54
240304	6	8	10.7	1	8	16.1	16.1	31.2	0.30	0.26	0.15	3	0.54	10.9	10	100	98	98	100	98	98	7.63	7.63	7.65
240304	6	9	10.6	1	12	15.7	15.7	30.1	0.25	0.26	0.12	1	0.72	10.8	12	100	98	98	100	98	98	6.97	6.96	6.92
240304	6	10	10.5	1	3	24.9	24.9	44.2	0.16	0.23	0.11	2	0.66	10.9	7	100	98	98	100	98	98	9.36	9.36	9.35
