Marko	Ilmakiv‰‰ri
Date	Series	Shot	Hit	X ring	Sector	On	Total	Int.(s)			Trigger			COG		Fine %			Rough %			Hold time (s)
						target	time 		dev X	dev Y	ATV	TIRE	RTV	Hit	Sector	Target	COG	Hit	Target	COG	Hit	Target	COG	Hit
240331	1	1	10.5	1	3	14.1	26.2	0.0	0.25	0.11	0.14	1	0.59	10.6	3	100	98	98	100	98	98	7.74	7.72	7.72
240331	1	2	10.5	1	2	11.2	11.2	22.5	0.26	0.14	0.17	2	0.73	10.4	2	94	98	98	100	98	98	7.12	7.12	7.12
240331	1	3	10.2	1	11	10.8	10.8	22.8	0.24	0.14	0.26	1	1.27	10.8	11	100	98	97	100	98	98	5.64	5.62	5.57
240331	1	4	10.6	1	2	13.9	13.9	28.1	0.21	0.17	0.23	1	1.27	10.6	2	100	98	98	100	98	98	8.05	8.03	8.03
240331	1	5	10.3	1	1	11.9	11.9	24.1	0.27	0.15	0.28	3	1.65	10.8	1	100	98	98	100	98	98	8.27	8.23	8.19
240331	1	6	10.5	1	4	10.9	10.9	22.6	0.27	0.19	0.22	3	1.07	10.6	5	100	98	98	100	98	98	5.80	5.82	5.80
240331	1	7	10.6	1	4	13.2	13.2	26.2	0.37	0.15	0.17	2	0.96	10.6	3	94	98	98	100	98	98	8.49	8.49	8.52
240331	1	8	10.7	1	2	11.6	11.6	24.0	0.19	0.25	0.16	2	0.94	10.8	12	100	98	98	100	98	98	5.68	5.66	5.68
240331	1	9	10.7	1	10	12.9	12.9	26.2	0.13	0.15	0.18	3	1.25	10.8	8	100	98	98	100	98	98	8.32	8.32	8.31
240331	1	10	10.8	1	10	13.2	13.2	27.5	0.17	0.16	0.14	2	0.86	10.8	9	100	98	98	100	98	98	8.69	8.69	8.69
240331	2	1	10.6	1	12	13.1	13.1	26.5	0.21	0.15	0.24	3	1.79	10.8	10	100	98	98	100	98	98	8.64	8.64	8.60
240331	2	2	10.6	1	5	12.4	12.4	25.3	0.22	0.17	0.11	3	0.57	10.8	4	100	98	98	100	98	98	7.47	7.47	7.50
240331	2	3	10.6	1	2	11.7	11.7	24.1	0.17	0.18	0.16	3	1.30	10.4	2	100	98	98	100	98	98	7.33	7.29	7.30
240331	2	4	10.7	1	5	12.5	12.5	24.5	0.16	0.15	0.15	2	1.10	10.9	9	100	98	98	100	98	98	8.29	8.29	8.32
240331	2	5	10.7	1	1	15.8	15.8	29.7	0.15	0.19	0.25	3	1.39	10.8	5	100	98	98	100	98	98	6.45	6.45	6.42
240331	2	6	10.4	1	3	11.3	11.3	23.2	0.29	0.12	0.10	1	0.67	10.6	3	100	98	98	100	98	98	6.38	6.38	6.38
240331	2	7	10.6	1	2	12.1	12.1	25.3	0.20	0.20	0.15	1	0.86	10.7	2	100	98	98	100	98	98	6.69	6.69	6.67
240331	2	8	10.5	1	7	12.3	12.3	27.4	0.18	0.13	0.21	3	1.72	10.9	6	100	98	98	100	98	98	7.21	7.23	7.26
240331	2	9	10.8	1	12	12.7	12.7	26.2	0.17	0.24	0.21	3	1.07	10.6	2	100	98	98	100	98	98	8.98	8.94	8.97
240331	2	10	10.3	1	11	12.3	12.3	25.9	0.16	0.18	0.22	1	1.66	10.7	12	100	98	98	100	98	98	8.38	8.36	8.32
240331	3	1	10.7	1	1	15.7	19.3	36.6	0.17	0.10	0.06	3	0.39	10.6	1	100	98	98	100	98	98	9.88	9.78	9.84
240331	3	2	10.4	1	5	11.2	11.2	23.5	0.19	0.19	0.11	1	0.84	10.8	5	100	98	98	100	98	98	6.41	6.42	6.46
240331	3	3	10.4	1	10	12.5	12.5	24.5	0.25	0.18	0.25	3	1.27	10.8	5	100	98	97	100	98	98	8.13	8.13	8.07
240331	3	4	10.3	1	2	6.7	8.4	19.5	0.21	0.18	0.17	3	0.77	10.4	4	100	98	98	100	98	98	3.50	3.51	3.45
240331	3	5	10.6	1	5	13.5	13.5	25.4	0.23	0.18	0.10	3	0.44	10.9	6	100	98	98	100	98	98	9.49	9.49	9.53
240331	3	6	10.8	1	10	13.3	13.3	26.2	0.20	0.20	0.20	3	1.32	10.9	3	100	98	98	100	98	98	9.66	9.66	9.66
240331	3	7	10.6	1	8	13.8	13.8	26.7	0.22	0.22	0.20	3	0.85	10.9	10	100	98	98	100	98	98	9.84	9.84	9.86
240331	3	8	10.4	1	8	13.2	13.2	26.2	0.15	0.24	0.24	3	2.18	10.8	2	100	98	91	100	98	98	9.84	9.82	9.86
240331	3	9	10.8	1	8	11.0	11.0	22.9	0.21	0.20	0.14	3	0.61	10.8	7	100	98	98	100	98	98	6.36	6.39	6.38
240331	3	10	10.4	1	1	11.1	11.1	22.8	0.19	0.18	0.33	3	2.35	10.7	5	100	98	97	100	98	98	5.01	5.04	4.89
240331	4	1	10.5	1	5	14.4	23.1	2.56	0.28	0.20	0.26	1	1.22	10.6	5	100	98	98	100	98	98	7.93	7.96	7.96
240331	4	2	10.3	1	4	11.6	12.3	46.7	0.25	0.23	0.12	2	0.67	10.5	5	100	98	98	100	98	98	6.58	6.69	6.60
240331	4	3	10.6	1	1	11.1	11.1	22.4	0.16	0.22	0.22	3	1.79	10.5	4	100	98	94	100	98	98	6.88	6.99	6.83
240331	4	4	10.4	1	3	11.1	11.1	22.5	0.21	0.20	0.08	1	0.34	10.6	3	100	98	98	100	98	98	6.95	6.95	6.95
240331	4	5	10.6	1	4	12.3	12.3	24.9	0.18	0.18	0.16	1	0.94	10.5	4	100	98	98	100	98	98	8.32	8.34	8.34
240331	4	6	10.4	1	6	13.2	13.2	26.8	0.19	0.19	0.15	1	0.92	10.5	6	100	98	98	100	98	98	8.88	9.03	9.04
240331	4	7	10.8	1	3	13.3	13.3	26.8	0.16	0.24	0.11	3	0.88	10.7	7	100	98	98	100	98	98	9.35	9.35	9.35
240331	4	8	10.6	1	4	12.9	12.9	26.2	0.14	0.20	0.10	3	0.67	10.7	4	100	98	98	100	98	98	8.64	8.65	8.65
240331	4	9	10.4	1	6	17.3	27.7	48.2	0.19	0.25	0.10	1	0.75	10.7	7	100	98	94	100	98	98	9.93	9.96	10.05
240331	4	10	10.6	1	5	13.8	13.8	27.2	0.29	0.30	0.13	1	0.40	10.6	5	100	98	98	100	98	98	10.24	10.28	10.28
240331	5	1	10.4	1	4	10.3	10.3	22.4	0.21	0.18	0.24	1	1.20	10.7	5	100	98	98	100	98	98	5.85	5.88	5.88
240331	5	2	10.4	1	8	11.5	11.5	23.0	0.26	0.20	0.13	1	0.62	10.6	6	100	98	98	100	98	98	5.54	5.59	5.59
240331	5	3	10.7	1	7	15.3	15.3	29.0	0.16	0.21	0.11	3	0.64	10.5	8	100	98	98	100	98	98	11.93	11.98	11.97
240331	5	4	10.4	1	11	14.4	14.4	28.0	0.21	0.26	0.06	3	0.32	10.5	10	100	98	98	100	98	98	11.41	11.36	11.36
240331	5	5	10.5	1	12	13.6	13.6	26.5	0.20	0.26	0.11	3	0.51	10.5	11	97	98	98	100	98	98	8.87	8.79	8.78
240331	5	6	10.4	1	6	12.9	12.9	25.9	0.25	0.21	0.04	1	0.19	10.7	6	100	98	98	100	98	98	8.74	8.84	8.89
240331	5	7	10.7	1	8	18.4	18.4	34.6	0.17	0.12	0.12	3	0.74	10.7	9	100	98	98	100	98	98	11.18	11.18	11.19
240331	5	8	10.8	1	7	16.7	16.7	33.5	0.13	0.19	0.06	3	0.38	10.8	12	100	98	98	100	98	98	10.74	10.74	10.76
240331	5	9	10.7	1	12	12.5	12.5	24.8	0.27	0.27	0.16	1	0.61	10.6	1	100	98	98	100	98	98	8.96	8.94	8.94
240331	5	10	10.7	1	1	25.8	25.8	44.8	
240331	6	1	10.5	1	3	11.9	11.9	24.2	0.19	0.20	0.12	3	0.91	10.5	3	100	98	98	100	98	98	6.51	6.51	6.50
240331	6	2	10.9	1	2	12.2	33.5	1.09	0.16	0.30	0.08	3	0.37	10.8	1	100	98	98	100	98	98	12.16	12.15	12.15
240331	6	3	10.9	1	11	13.1	13.1	25.5	0.15	0.27	0.14	3	0.77	10.8	9	100	98	98	100	98	98	9.88	9.87	9.87
240331	6	4	10.7	1	5	12.7	12.7	24.5	0.25	0.23	0.11	2	0.59	10.7	4	100	98	98	100	98	98	8.96	8.97	8.98
240331	6	5	10.4	1	6	14.0	14.0	27.5	0.41	0.27	0.48	2	2.54	10.5	6	86	95	89	100	98	98	10.95	11.03	11.05
240331	6	6	10.7	1	11	33.8	36.9	3.51	0.24	0.26	0.18	3	0.86	10.7	10	100	98	98	100	98	98	9.33	9.30	9.27
240331	6	7	10.8	1	6	16.3	16.3	29.9	0.19	0.22	0.08	3	0.46	10.7	3	100	98	98	100	98	98	9.90	9.90	9.96
240331	6	8	10.1	0	1	13.6	13.6	26.2	0.27	0.28	0.43	3	1.56	10.6	4	100	98	65	100	98	98	9.69	9.72	9.45
240331	6	9	10.7	1	7	18.0	18.0	32.5	0.27	0.21	0.11	2	0.41	10.7	6	100	98	98	100	98	98	12.18	12.21	12.21
240331	6	10	10.9	1	7	11.7	11.9	23.9	0.18	0.21	0.16	3	0.90	10.9	4	100	98	98	100	98	98	7.21	7.23	7.23
240331	7	1	10.5	1	6	15.0	15.0	28.9	0.18	0.31	0.21	3	1.21	10.6	4	100	98	98	100	98	98	11.47	11.51	11.55
240331	7	2	10.6	1	8	13.1	13.1	26.0	0.30	0.30	0.18	1	0.85	10.7	2	92	98	77	100	98	98	9.40	9.38	9.42
240331	7	3	10.6	1	12	10.2	33.9	57.0	0.26	0.14	0.24	2	1.83	10.8	12	100	98	98	100	98	98	10.21	10.19	10.15
240331	7	4	10.5	1	3	23.9	23.9	42.0	0.30	0.31	0.34	3	1.66	10.4	2	89	98	98	100	98	98	11.09	11.04	11.09
240331	7	5	10.6	1	2	15.7	15.7	29.2	0.26	0.24	0.22	3	1.11	10.9	1	100	98	98	100	98	98	12.13	12.12	12.11
240331	7	6	10.7	1	3	14.2	14.2	28.2	0.16	0.18	0.14	3	0.86	10.9	3	100	98	98	100	98	98	10.89	10.89	10.88
240331	7	7	10.5	1	7	12.8	12.8	25.8	0.18	0.24	0.16	1	0.95	10.8	7	100	98	98	100	98	98	7.82	7.84	7.84
240331	7	8	10.7	1	11	18.7	18.7	34.4	0.19	0.19	0.12	3	0.71	10.8	1	100	98	98	100	98	98	10.37	10.35	10.32
240331	7	9	10.7	1	10	13.4	13.4	26.5	0.28	0.24	0.15	2	0.62	10.7	10	100	98	98	100	98	98	9.09	9.07	9.07
240331	7	10	10.7	1	6	11.3	11.3	23.4	0.15	0.12	0.06	3	0.53	10.7	7	100	98	98	100	98	98	6.81	6.83	6.84
