Marko	Ilmakiv‰‰ri
Date	Series	Shot	Hit	X ring	Sector	On	Total	Int.(s)			Trigger			COG		Fine %			Rough %			Hold time (s)
						target	time 		dev X	dev Y	ATV	TIRE	RTV	Hit	Sector	Target	COG	Hit	Target	COG	Hit	Target	COG	Hit
260109	1	1	10.5	1	10	14.6	14.6	0.0	0.13	0.23	0.15	3	0.98	10.8	10	100	98	98	100	98	98	10.23	10.21	10.19
260109	1	2	10.6	1	11	14.3	14.3	28.6	0.18	0.17	0.18	2	1.17	10.5	12	100	98	98	100	98	98	10.17	10.05	10.05
260109	1	3	10.8	1	9	14.9	32.9	1.03	0.15	0.27	0.09	3	0.42	10.8	10	100	98	98	100	98	98	10.17	10.15	10.17
260109	1	4	10.3	1	3	11.9	11.9	24.3	0.20	0.24	0.09	3	0.47	10.5	3	100	98	98	100	98	98	7.46	7.50	7.53
260109	1	5	10.7	1	4	15.6	15.6	32.7	0.14	0.21	0.04	3	0.34	10.9	3	100	98	98	100	98	98	11.62	11.64	11.79
260109	1	6	10.7	1	1	16.6	16.6	31.2	0.17	0.22	0.27	1	2.47	10.8	3	100	98	98	100	98	98	13.59	13.68	13.56
260109	1	7	10.5	1	2	14.9	14.9	29.3	0.21	0.27	0.09	1	0.62	10.7	1	100	98	98	100	98	98	11.51	11.51	11.51
260109	1	8	10.7	1	10	13.7	13.7	28.5	0.30	0.21	0.17	3	1.11	10.6	3	100	98	97	100	98	98	8.54	8.56	8.38
260109	1	9	10.7	1	5	18.9	18.9	35.5	0.14	0.17	0.15	2	1.02	10.7	4	100	98	98	100	98	98	9.82	9.88	9.88
260109	1	10	10.7	1	4	14.9	14.9	29.1	0.19	0.29	0.14	1	0.54	10.7	3	100	98	98	100	98	98	10.70	10.71	10.71
260109	2	1	10.4	1	2	15.9	15.9	30.6	0.36	0.20	0.13	3	0.77	10.3	3	82	98	98	100	98	98	11.74	11.79	11.76
260109	2	2	10.7	1	3	15.7	15.7	30.0	0.20	0.21	0.14	2	0.89	10.4	3	100	98	98	100	98	98	12.40	12.40	12.40
260109	2	3	10.8	1	10	15.1	15.2	30.4	0.11	0.25	0.07	3	0.42	10.8	10	100	98	98	100	98	98	12.22	12.22	12.22
260109	2	4	10.5	1	3	15.5	15.5	29.6	0.28	0.23	0.08	2	0.40	10.4	3	97	98	98	100	98	98	11.29	11.37	11.37
260109	2	5	10.6	1	6	14.4	20.3	41.3	0.17	0.19	0.11	3	0.88	10.9	3	100	98	98	100	98	98	13.62	13.62	13.62
260109	2	6	10.6	1	7	17.4	17.4	33.1	0.13	0.22	0.14	2	1.03	10.8	8	100	98	98	100	98	98	13.72	13.72	13.72
260109	2	7	10.4	1	3	17.5	17.5	33.7	0.14	0.13	0.09	1	0.60	10.6	3	100	98	98	100	98	98	13.79	13.79	13.79
260109	2	8	10.1	0	4	16.7	16.7	33.7	0.14	0.18	0.10	1	0.73	10.3	4	100	98	98	100	98	98	13.30	13.30	13.30
260109	2	9	10.3	1	6	12.9	16.4	36.6	0.20	0.20	0.13	1	0.89	10.6	5	100	98	98	100	98	98	12.69	12.72	12.73
260109	2	10	10.6	1	6	13.5	13.5	28.2	0.19	0.25	0.11	3	0.59	10.5	5	95	98	98	100	98	98	8.58	8.87	8.85
260109	3	1	10.4	1	12	26.7	26.8	3.45	0.11	0.32	0.08	2	0.52	10.6	12	100	98	98	100	98	98	12.60	12.60	12.60
260109	3	2	10.6	1	2	16.1	16.1	33.0	0.13	0.23	0.09	3	0.54	10.7	2	100	98	98	100	98	98	12.16	12.16	12.16
260109	3	3	10.3	1	3	14.4	14.4	28.4	0.13	0.29	0.11	2	0.71	10.3	4	100	98	98	100	98	98	10.52	10.56	10.53
260109	3	4	10.9	1	9	16.8	16.8	32.7	0.12	0.25	0.11	3	0.96	10.8	2	100	98	98	100	98	98	13.15	13.15	13.15
260109	3	5	10.8	1	3	13.9	13.9	28.8	0.14	0.28	0.14	2	0.86	10.7	5	100	98	98	100	98	98	9.81	9.90	9.86
260109	3	6	10.6	1	3	14.9	14.9	30.1	0.11	0.26	0.13	3	0.83	10.6	4	100	98	98	100	98	98	10.32	10.35	10.35
260109	3	7	10.6	1	11	15.1	15.1	31.2	0.21	0.28	0.31	3	2.80	10.7	5	100	98	80	100	98	98	12.09	12.11	11.97
260109	3	8	10.3	1	6	14.8	14.8	30.5	0.11	0.16	0.06	1	0.50	10.3	6	95	98	98	100	98	98	11.67	11.74	11.74
260109	3	9	10.6	1	7	15.8	15.8	33.1	0.17	0.25	0.20	1	1.62	10.7	4	100	98	98	100	98	98	9.42	9.45	9.45
260109	3	10	10.9	1	10	19.0	19.0	37.6	0.19	0.28	0.13	1	0.77	10.9	8	100	98	98	100	98	98	13.70	13.70	13.70
260109	4	1	10.7	1	4	32.8	32.8	57.5	0.21	0.38	0.14	1	0.52	10.6	5	100	98	98	100	98	98	9.51	9.62	9.55
260109	4	2	10.9	1	12	17.7	17.7	33.3	0.19	0.22	0.11	3	0.73	10.8	6	100	98	98	100	98	98	13.66	13.66	13.66
260109	4	3	10.3	1	3	15.2	15.2	29.6	0.13	0.26	0.37	3	2.85	10.4	5	95	98	97	100	98	98	10.59	10.86	10.63
260109	4	4	10.3	1	5	18.0	18.0	39.5	0.17	0.23	0.14	1	1.05	10.7	6	100	98	98	100	98	98	13.50	13.50	13.50
260109	4	5	10.4	1	5	16.1	20.0	43.3	0.08	0.24	0.12	1	0.75	10.5	4	100	98	98	100	98	98	13.59	13.59	13.59
260109	4	6	10.1	0	4	16.7	16.7	32.7	0.18	0.21	0.13	1	0.67	10.3	4	97	98	98	100	98	98	11.85	12.02	12.04
260109	4	7	10.7	1	4	14.3	19.2	39.7	0.17	0.23	0.12	3	0.76	10.7	1	100	98	98	100	98	98	12.13	12.13	12.13
260109	4	8	10.6	1	9	30.9	37.9	1.10	0.16	0.34	0.17	3	0.85	10.7	11	100	98	95	100	98	98	13.68	13.68	13.68
260109	4	9	10.6	1	9	17.6	17.6	33.9	0.27	0.28	0.16	3	0.53	10.7	9	100	98	98	100	98	98	13.56	13.56	13.56
260109	4	10	10.7	1	6	14.3	15.6	31.5	0.14	0.20	0.09	1	0.52	10.8	5	100	98	98	100	98	98	11.55	11.55	11.56
260109	5	1	10.1	0	12	8.5	31.5	3.16	0.17	0.18	0.17	1	1.13	10.7	12	100	98	98	100	98	98	8.47	8.46	8.40
260109	5	2	10.7	1	6	16.6	16.6	32.9	0.14	0.27	0.08	1	0.57	10.8	6	100	98	98	100	98	98	9.22	9.24	9.26
260109	5	3	10.5	1	7	14.2	14.2	28.5	0.11	0.32	0.20	2	1.99	10.5	8	100	98	98	100	98	98	9.72	9.78	9.87
260109	5	4	10.6	1	9	11.7	13.4	28.5	0.12	0.24	0.16	1	1.55	10.8	10	100	98	98	100	98	98	9.86	9.84	9.81
260109	5	5	10.8	1	8	15.1	15.1	31.2	0.12	0.27	0.15	3	0.92	10.5	8	100	98	98	100	98	98	12.00	12.00	12.00
260109	5	6	10.4	1	6	11.5	11.5	24.9	0.11	0.22	0.10	3	0.61	10.3	7	91	98	98	100	98	98	5.87	6.04	6.01
260109	5	7	10.0	0	9	14.5	14.5	30.5	0.18	0.23	0.22	1	2.07	10.5	8	100	98	98	100	98	98	11.10	11.10	11.04
260109	5	8	10.7	1	8	14.1	14.1	36.2	0.19	0.22	0.24	1	1.97	10.8	4	100	98	98	100	98	98	10.44	10.44	10.44
260109	5	9	10.8	1	3	17.8	17.8	35.0	0.16	0.25	0.09	3	0.53	10.8	7	100	98	98	100	98	98	12.82	12.82	12.82
260109	5	10	10.5	1	1	16.0	16.0	30.8	0.20	0.18	0.23	3	2.47	10.7	2	100	98	98	100	98	98	10.47	10.46	10.44
260109	6	1	10.8	1	2	21.4	21.4	43.0	0.11	0.24	0.16	3	1.08	10.9	12	100	98	98	100	98	98	13.38	13.38	13.38
260109	6	2	10.9	1	9	15.7	15.7	29.9	0.20	0.22	0.19	1	1.07	10.9	3	100	98	98	100	98	98	11.36	11.36	11.36
260109	6	3	10.9	1	1	15.6	15.6	29.8	0.17	0.27	0.15	3	0.83	10.7	8	100	98	98	100	98	98	10.92	10.92	10.92
260109	6	4	10.9	1	9	28.6	28.6	49.5	0.10	0.25	0.18	3	1.25	10.8	2	100	98	98	100	98	98	11.76	11.76	11.76
260109	6	5	10.6	1	2	22.6	22.6	41.1	0.08	0.21	0.12	2	0.98	10.8	4	100	98	98	100	98	98	12.00	12.04	12.00
260109	6	6	10.5	1	3	16.5	16.5	41.8	0.11	0.17	0.16	3	1.89	10.6	4	100	98	98	100	98	98	12.73	12.75	12.75
260109	6	7	10.4	1	5	14.6	14.6	29.8	0.14	0.17	0.09	2	0.70	10.6	4	100	98	98	100	98	98	9.60	9.64	9.68
260109	6	8	10.6	1	2	15.8	15.8	32.9	0.12	0.15	0.13	3	0.89	10.7	1	100	98	98	100	98	98	8.98	8.96	8.97
260109	6	9	10.8	1	5	19.0	19.0	36.5	0.09	0.25	0.05	3	0.39	10.8	1	100	98	98	100	98	98	12.73	12.73	12.73
260109	6	10	10.8	1	7	15.3	15.3	31.3	0.14	0.23	0.13	3	1.06	10.8	4	100	98	98	100	98	98	9.82	9.86	9.86
