Marko	Ilmakiv‰‰ri
Date	Series	Shot	Hit	X ring	Sector	On	Total	Int.(s)			Trigger			COG		Fine %			Rough %			Hold time (s)
						target	time 		dev X	dev Y	ATV	TIRE	RTV	Hit	Sector	Target	COG	Hit	Target	COG	Hit	Target	COG	Hit
240201	1	1	10.4	1	8	15.2	20.4	0.0	0.25	0.30	0.34	3	1.22	10.2	7	82	98	98	100	98	98	6.51	6.55	6.54
240201	1	2	10.4	1	7	15.2	15.2	29.4	0.34	0.31	0.14	1	0.54	10.7	6	92	98	98	100	98	98	5.73	5.75	5.79
240201	1	3	10.4	1	12	11.8	11.8	23.4	0.22	0.26	0.17	3	0.83	10.8	10	100	98	98	100	98	98	6.63	6.62	6.54
240201	1	4	10.5	1	6	11.6	11.6	24.3	0.22	0.31	0.11	3	0.57	10.5	7	94	98	98	100	98	98	6.11	6.18	6.20
240201	1	5	10.4	1	8	13.4	13.4	26.1	0.14	0.29	0.19	3	1.34	10.2	8	77	98	98	100	98	98	7.26	7.44	7.32
240201	1	6	10.7	1	12	11.7	11.7	24.1	0.20	0.20	0.14	3	0.85	10.6	9	100	98	98	100	98	98	6.57	6.57	6.54
240201	1	7	10.4	1	7	14.1	14.1	27.3	0.35	0.31	0.24	1	1.28	10.7	7	91	98	98	100	98	98	7.14	7.17	7.26
240201	1	8	10.2	1	9	13.6	13.6	27.4	0.22	0.16	0.22	1	1.64	10.6	8	100	98	98	100	98	98	6.62	6.64	6.64
240201	1	9	10.7	1	10	11.4	11.4	25.4	0.17	0.38	0.14	3	0.71	10.4	8	89	98	98	100	98	98	5.16	5.17	5.16
240201	1	10	10.9	1	12	12.9	12.9	27.0	0.27	0.43	0.15	3	0.78	10.7	8	100	98	98	100	98	98	6.74	6.74	6.74
240201	2	1	10.7	1	5	13.7	13.7	30.1	0.44	0.26	0.31	2	1.29	10.7	7	97	98	98	100	98	98	7.67	7.71	7.71
240201	2	2	10.1	0	8	12.3	12.3	24.1	0.19	0.15	0.33	3	2.66	10.6	7	100	98	97	100	98	98	7.39	7.42	7.46
240201	2	3	10.8	1	10	13.6	13.6	26.9	0.21	0.27	0.16	3	0.75	10.7	10	100	98	98	100	98	98	8.04	8.01	8.04
240201	2	4	10.2	1	11	12.7	12.7	25.1	0.22	0.14	0.10	1	0.77	10.6	12	100	98	98	100	98	98	7.53	7.50	7.37
240201	2	5	10.8	1	7	12.7	12.8	25.4	0.19	0.16	0.06	3	0.34	10.8	10	100	98	98	100	98	98	7.29	7.28	7.29
240201	2	6	10.4	1	8	22.7	64.5	3.53	0.27	0.31	0.36	3	1.21	10.6	6	100	98	95	100	98	98	8.55	8.60	8.58
240201	2	7	10.7	1	12	11.1	11.1	23.6	0.25	0.30	0.22	3	0.94	10.7	12	100	98	98	100	98	98	6.08	6.04	6.06
240201	2	8	10.6	1	5	19.4	19.4	35.0	0.25	0.34	0.13	2	0.59	10.7	5	100	98	98	100	98	98	9.49	9.53	9.54
240201	2	9	10.8	1	8	13.2	13.2	26.8	0.23	0.19	0.18	3	0.91	10.7	9	100	98	98	100	98	98	8.13	8.13	8.16
240201	2	10	10.7	1	10	14.5	14.5	28.4	0.15	0.17	0.07	3	0.66	10.7	10	100	98	98	100	98	98	8.89	8.87	8.85
240201	3	1	10.7	1	8	15.2	15.2	29.8	0.23	0.23	0.07	2	0.36	10.7	9	100	98	98	100	98	98	9.79	9.79	9.81
240201	3	2	10.2	1	7	15.0	15.0	29.1	0.22	0.21	0.14	1	0.97	10.7	9	100	98	97	100	98	98	10.61	10.61	10.66
240201	3	3	10.7	1	9	13.3	13.3	27.2	0.25	0.15	0.13	2	0.83	10.6	10	100	98	98	100	98	98	7.30	7.29	7.30
240201	3	4	10.6	1	7	11.8	11.8	24.0	0.15	0.19	0.18	2	0.97	10.7	7	100	98	98	100	98	98	5.62	5.62	5.64
240201	3	5	10.5	1	9	28.1	28.1	48.5	0.18	0.22	0.08	2	0.45	10.6	10	100	98	98	100	98	98	11.32	11.31	11.38
240201	3	6	10.6	1	4	13.3	13.3	26.1	0.18	0.28	0.18	3	0.98	10.9	10	100	98	98	100	98	98	6.60	6.60	6.69
240201	3	7	10.7	1	11	14.0	14.0	26.9	0.16	0.30	0.15	3	0.86	10.7	11	100	98	98	100	98	98	8.84	8.80	8.80
240201	3	8	10.8	1	4	13.7	13.7	26.2	0.17	0.18	0.19	3	1.06	10.8	6	100	98	98	100	98	98	7.80	7.82	7.82
240201	3	9	10.2	1	1	14.3	14.3	27.6	0.25	0.28	0.20	2	1.03	10.5	12	91	98	98	100	98	98	8.56	8.45	8.41
240201	3	10	10.5	1	11	15.6	15.6	30.3	0.30	0.46	0.24	1	1.19	10.7	6	95	92	79	100	98	98	5.88	5.91	5.76
240201	4	1	10.1	0	6	57.4	58.4	3.42	0.27	0.18	0.15	1	0.50	10.3	6	100	98	98	100	98	98	10.10	10.14	10.19
240201	4	2	10.3	1	11	29.5	29.9	53.9	0.19	0.35	0.09	3	0.45	10.3	10	88	98	98	100	98	98	9.79	9.73	9.64
240201	4	3	10.7	1	1	12.0	12.7	25.4	0.29	0.32	0.21	3	0.67	10.8	9	100	98	91	100	98	98	7.26	7.26	7.26
240201	4	4	10.6	1	3	13.4	13.4	25.3	0.21	0.20	0.16	2	1.04	10.8	4	100	98	98	100	98	98	8.87	8.87	8.85
240201	4	5	10.6	1	3	13.5	13.5	25.6	0.17	0.22	0.11	3	0.68	10.5	2	100	98	98	100	98	98	7.88	7.83	7.86
240201	4	6	10.4	1	7	15.0	15.0	28.2	0.22	0.17	0.10	3	0.59	10.3	8	92	98	98	100	98	98	9.22	9.27	9.31
240201	4	7	10.6	1	5	11.9	11.9	23.2	0.19	0.17	0.06	3	0.42	10.7	5	100	98	98	100	98	98	6.53	6.55	6.57
240201	4	8	10.9	1	9	14.0	14.0	26.5	0.19	0.18	0.09	3	0.44	10.9	12	100	98	98	100	98	98	8.56	8.55	8.56
240201	4	9	10.7	1	5	14.5	14.5	26.9	0.23	0.23	0.10	1	0.47	10.8	7	100	98	98	100	98	98	8.94	8.96	8.96
240201	4	10	10.8	1	12	15.7	15.7	29.0	0.23	0.17	0.25	2	1.07	10.9	11	100	98	98	100	98	98	10.01	10.01	9.99
240201	5	1	10.6	1	4	12.9	12.9	25.2	0.11	0.14	0.20	1	1.49	10.7	5	100	98	98	100	98	98	8.09	8.10	8.09
240201	5	2	10.7	1	1	13.3	13.3	27.4	0.20	0.22	0.21	1	0.94	10.9	3	100	98	98	100	98	98	5.59	5.59	5.55
240201	5	3	10.5	1	12	29.0	29.0	49.5	0.11	0.39	0.09	2	0.48	10.8	12	100	98	98	100	98	98	12.90	12.88	12.88
240201	5	4	10.6	1	12	18.8	18.8	34.3	0.13	0.21	0.11	2	0.94	10.7	11	100	98	98	100	98	98	10.96	10.89	10.89
240201	5	5	10.2	1	12	16.5	16.5	31.3	0.20	0.22	0.15	1	1.31	10.7	2	100	98	97	100	98	98	7.70	7.68	7.65
240201	5	6	10.6	1	2	21.0	21.5	2.46	0.18	0.26	0.11	2	0.56	10.8	2	100	98	98	100	98	98	9.51	9.53	9.54
240201	5	7	10.4	1	7	14.0	14.1	27.0	0.26	0.34	0.20	1	0.73	10.6	6	100	98	98	100	98	98	8.43	8.45	8.46
240201	5	8	10.5	1	8	19.4	19.4	35.5	0.12	0.20	0.07	2	0.47	10.6	9	100	98	98	100	98	98	10.68	10.68	10.68
240201	5	9	10.9	1	8	14.6	14.6	28.6	0.11	0.19	0.06	3	0.31	10.9	12	100	98	98	100	98	98	9.62	9.62	9.63
240201	5	10	10.9	1	4	14.7	14.7	28.4	0.07	0.27	0.06	3	0.34	10.8	5	100	98	98	100	98	98	7.53	7.54	7.53
240201	6	1	10.5	1	9	13.6	13.6	28.0	0.23	0.33	0.14	3	0.57	10.6	9	100	98	98	100	98	98	8.88	8.88	8.88
240201	6	2	10.8	1	7	13.7	13.7	26.7	0.13	0.16	0.10	3	0.59	10.9	5	100	98	98	100	98	98	8.62	8.64	8.65
240201	6	3	10.9	1	10	13.7	13.7	26.2	0.14	0.18	0.20	1	1.48	10.7	10	100	98	98	100	98	98	8.85	8.85	8.85
240201	6	4	10.5	1	10	14.2	14.2	26.9	0.18	0.24	0.04	3	0.24	10.6	10	100	98	98	100	98	98	9.04	9.03	9.03
240201	6	5	10.8	1	8	27.8	27.8	47.9	0.14	0.21	0.07	3	0.43	10.8	3	100	98	98	100	98	98	10.44	10.44	10.46
240201	6	6	10.5	1	2	11.6	11.6	24.4	0.21	0.18	0.22	3	1.21	10.8	1	100	98	98	100	98	98	6.55	6.54	6.54
240201	6	7	10.6	1	1	12.4	12.4	23.5	0.19	0.22	0.16	1	0.72	10.8	2	100	98	98	100	98	98	8.04	8.04	8.04
240201	6	8	10.7	1	9	11.8	11.8	23.1	0.28	0.26	0.34	2	2.34	10.7	5	100	98	98	100	98	98	6.01	6.06	5.96
240201	6	9	10.5	1	8	13.6	13.6	26.5	0.18	0.26	0.25	3	1.35	10.5	7	100	98	98	100	98	98	9.13	9.16	9.15
240201	6	10	10.6	1	7	11.7	11.7	23.9	0.16	0.21	0.16	2	0.84	10.9	4	100	98	98	100	98	98	6.34	6.34	6.36
