Marko	Ilmakiv‰‰ri
Date	Series	Shot	Hit	X ring	Sector	On	Total	Int.(s)			Trigger			COG		Fine %			Rough %			Hold time (s)
						target	time 		dev X	dev Y	ATV	TIRE	RTV	Hit	Sector	Target	COG	Hit	Target	COG	Hit	Target	COG	Hit
241215	1	1	10.2	1	12	17.3	17.6	0.0	0.18	0.25	0.20	1	1.56	10.4	12	92	98	98	100	98	98	9.04	9.00	8.98
241215	1	2	10.7	1	5	7.5	8.0	27.6	0.12	0.23	0.11	2	0.82	10.9	10	100	98	98	100	98	98	6.04	6.04	6.08
241215	1	3	10.3	1	1	10.0	10.0	23.8	0.16	0.30	0.09	1	0.41	10.5	1	92	98	98	100	98	98	8.34	8.29	8.29
241215	1	4	10.7	1	9	10.3	10.3	25.8	0.13	0.20	0.11	3	0.67	10.7	9	100	98	98	100	98	98	9.16	9.20	9.20
241215	1	5	10.5	1	12	8.8	9.3	25.3	0.21	0.21	0.21	1	1.43	10.6	11	100	98	98	100	98	98	8.65	8.25	8.18
241215	1	6	10.4	1	4	8.8	8.8	26.4	0.13	0.30	0.18	2	2.14	10.7	3	100	98	98	100	98	98	6.60	6.57	6.58
241215	1	7	10.8	1	8	14.8	14.8	33.5	0.12	0.25	0.14	3	0.81	10.7	7	100	98	98	100	98	98	7.65	7.68	7.67
241215	1	8	10.5	1	1	8.9	8.9	25.9	0.14	0.23	0.12	2	0.69	10.8	2	100	98	98	100	98	98	7.08	7.07	7.04
241215	1	9	10.2	1	12	8.9	8.9	25.8	0.18	0.18	0.16	2	2.16	10.7	12	100	98	98	100	98	98	5.83	5.83	5.83
241215	1	10	10.2	1	1	9.2	9.2	26.7	0.13	0.24	0.30	1	2.38	10.6	1	100	98	98	100	98	98	6.93	6.79	6.69
241215	2	1	10.3	1	2	8.3	16.6	43.5	0.18	0.29	0.09	2	0.56	10.5	3	100	98	98	100	98	98	8.27	8.27	8.23
241215	2	2	10.4	1	2	10.1	10.1	23.6	0.12	0.28	0.09	2	0.53	10.6	3	100	98	98	100	98	98	8.49	8.47	8.45
241215	2	3	10.6	1	12	8.5	8.5	22.6	0.15	0.28	0.15	2	0.74	10.6	1	100	98	98	100	98	98	6.90	6.83	6.83
241215	2	4	10.7	1	7	9.7	9.7	23.9	0.19	0.20	0.08	3	0.45	10.8	4	100	98	98	100	98	98	7.92	7.93	7.96
241215	2	5	10.5	1	2	11.2	11.2	25.6	0.14	0.33	0.14	2	0.84	10.6	4	100	98	98	100	98	98	10.94	10.94	10.89
241215	2	6	10.5	1	4	10.2	10.2	24.3	0.27	0.26	0.17	3	0.97	10.7	4	100	98	98	100	98	98	8.09	8.14	8.14
241215	2	7	10.4	1	6	11.7	11.7	27.6	0.19	0.22	0.06	2	0.36	10.6	5	98	98	98	100	98	98	11.23	11.25	11.27
241215	2	8	10.8	1	3	9.7	9.7	23.5	0.15	0.33	0.13	2	0.66	10.8	5	100	98	98	100	98	98	7.92	7.93	7.92
241215	2	9	10.7	1	7	11.2	11.2	25.3	0.13	0.20	0.13	3	0.57	10.7	7	100	98	98	100	98	98	9.63	9.66	9.66
241215	2	10	10.8	1	6	10.6	10.6	23.9	0.10	0.17	0.08	2	0.48	10.9	4	100	98	98	100	98	98	8.01	8.01	8.01
241215	3	1	10.7	1	5	10.6	10.6	23.9	0.13	0.16	0.11	3	0.82	10.7	2	100	98	98	100	98	98	9.57	9.54	9.60
241215	3	2	10.8	1	3	10.3	10.3	23.0	0.14	0.30	0.07	2	0.45	10.9	3	100	98	98	100	98	98	8.58	8.58	8.58
241215	3	3	10.7	1	1	12.0	12.0	25.2	0.19	0.23	0.30	1	1.62	10.7	2	100	98	98	100	98	98	11.13	11.12	11.12
241215	3	4	10.8	1	7	10.8	10.8	25.0	0.12	0.15	0.11	3	1.01	10.6	2	100	98	98	100	98	98	9.39	9.39	9.40
241215	3	5	10.8	1	4	11.0	11.0	24.5	0.16	0.19	0.16	2	0.95	10.6	4	100	98	98	100	98	98	9.35	9.36	9.35
241215	3	6	10.7	1	1	11.5	11.5	25.0	0.13	0.26	0.18	3	1.13	10.8	5	100	98	98	100	98	98	10.06	10.08	9.99
241215	3	7	10.9	1	9	15.9	15.9	30.3	0.13	0.20	0.14	3	0.82	10.9	10	100	98	98	100	98	98	9.35	9.35	9.35
241215	3	8	10.8	1	4	12.1	12.1	24.9	0.15	0.23	0.13	3	0.82	10.9	3	100	98	98	100	98	98	10.95	10.95	10.95
241215	3	9	10.8	1	3	11.8	11.8	24.3	0.22	0.27	0.13	3	0.55	10.8	3	100	98	98	100	98	98	10.30	10.30	10.30
241215	3	10	10.7	1	10	12.6	12.6	26.0	0.13	0.18	0.28	1	2.38	10.9	1	100	98	98	100	98	98	11.97	11.97	11.96
241215	4	1	10.4	1	5	19.2	20.9	2.40	0.16	0.21	0.08	3	0.53	10.5	4	100	98	98	100	98	98	10.08	10.14	10.19
241215	4	2	10.5	1	5	9.9	9.9	22.3	0.14	0.20	0.14	3	0.89	10.7	2	100	98	95	100	98	98	8.60	8.60	8.64
241215	4	3	10.8	1	4	12.5	12.5	26.2	0.15	0.22	0.12	2	0.56	10.7	4	100	98	98	100	98	98	11.25	11.23	11.25
241215	4	4	10.8	1	3	12.4	12.4	27.4	0.15	0.21	0.19	3	1.34	10.9	7	100	98	98	100	98	98	11.65	11.65	11.65
241215	4	5	10.7	1	9	9.1	9.1	21.9	0.17	0.22	0.17	2	0.86	10.9	8	100	98	98	100	98	98	7.92	7.92	7.91
241215	4	6	10.6	1	5	13.4	13.4	28.7	0.13	0.20	0.06	2	0.41	10.7	4	100	98	98	100	98	98	12.59	12.59	12.59
241215	4	7	10.6	1	6	11.9	11.9	26.4	0.21	0.19	0.10	2	0.52	10.7	5	100	98	98	100	98	98	10.90	10.94	10.95
241215	4	8	10.7	1	7	12.5	12.5	26.8	0.18	0.29	0.16	3	0.76	10.6	7	100	98	98	100	98	98	11.65	11.70	11.69
241215	4	9	10.7	1	3	11.9	11.9	26.4	0.21	0.30	0.24	3	1.08	10.9	2	100	98	98	100	98	98	11.34	11.31	11.31
241215	4	10	10.7	1	2	11.7	11.7	25.8	0.18	0.34	0.18	3	0.71	10.7	5	100	98	95	100	98	98	9.78	9.78	9.77
241215	5	1	10.4	1	1	12.1	12.1	27.3	0.16	0.21	0.27	3	2.25	10.5	2	100	98	98	100	98	98	11.27	11.22	11.16
241215	5	2	10.8	1	8	13.4	13.4	29.2	0.15	0.19	0.15	3	0.83	10.8	7	100	98	98	100	98	98	13.37	13.39	13.39
241215	5	3	10.6	1	6	10.2	10.2	23.7	0.18	0.20	0.11	2	0.90	10.6	5	100	98	98	100	98	98	7.74	7.92	7.93
241215	5	4	10.7	1	1	12.4	12.4	27.4	0.22	0.23	0.07	3	0.31	10.8	1	100	98	98	100	98	98	11.10	11.10	11.10
241215	5	5	10.8	1	5	11.2	11.2	24.9	0.15	0.22	0.09	2	0.51	10.6	5	100	98	98	100	98	98	9.66	9.69	9.68
241215	5	6	10.9	1	2	9.6	9.6	22.9	0.13	0.20	0.11	3	0.47	10.7	2	100	98	98	100	98	98	7.37	7.35	7.37
241215	5	7	10.8	1	8	12.2	12.2	26.1	0.14	0.21	0.09	3	0.62	10.9	5	100	98	98	100	98	98	11.03	11.04	11.04
241215	5	8	10.7	1	8	12.8	12.8	27.2	0.15	0.16	0.13	2	1.17	10.9	10	100	98	98	100	98	98	11.16	11.14	11.16
241215	5	9	10.4	1	6	12.1	12.1	25.6	0.16	0.30	0.14	2	1.05	10.6	2	100	98	83	100	98	98	10.35	10.35	10.43
241215	5	10	10.6	1	11	11.8	11.8	26.0	0.17	0.27	0.09	3	0.45	10.8	12	100	98	98	100	98	98	10.46	10.44	10.43
241215	6	1	10.5	1	2	12.7	12.7	30.0	0.10	0.29	0.10	3	0.65	10.6	1	100	98	98	100	98	98	11.82	11.82	11.82
241215	6	2	10.4	1	2	11.2	11.2	24.6	0.11	0.28	0.17	1	1.29	10.4	3	100	98	98	100	98	98	8.84	8.82	8.79
241215	6	3	10.4	1	3	12.1	12.1	27.4	0.14	0.25	0.11	3	0.60	10.5	2	100	98	98	100	98	98	11.31	11.31	11.31
241215	6	4	10.7	1	4	12.8	12.8	29.8	0.12	0.21	0.09	1	0.53	10.8	4	100	98	98	100	98	98	11.80	11.80	11.79
241215	6	5	10.6	1	7	12.9	12.9	28.2	0.11	0.25	0.11	1	1.34	10.8	1	100	98	95	100	98	98	11.94	11.94	11.94
241215	6	6	10.4	1	6	12.8	12.8	28.1	0.08	0.22	0.04	2	0.38	10.6	7	100	98	98	100	98	98	11.93	11.93	11.93
241215	6	7	10.8	1	10	12.8	12.8	27.3	0.14	0.31	0.16	3	0.88	10.8	9	100	98	98	100	98	98	11.67	11.67	11.67
241215	6	8	10.9	1	9	11.9	11.9	25.7	0.12	0.25	0.22	2	1.98	10.6	3	100	98	98	100	98	98	10.83	10.83	10.83
241215	6	9	10.5	1	6	12.1	12.1	26.9	0.13	0.29	0.14	2	1.19	10.7	2	100	98	88	100	98	98	11.10	11.10	11.13
241215	6	10	10.6	1	11	11.6	11.6	27.3	0.13	0.35	0.11	2	0.52	10.8	9	100	98	97	100	98	98	10.35	10.35	10.34
241215	7	1	10.6	1	3	23.1	58.3	3.42	0.09	0.18	0.15	3	1.38	10.6	4	100	98	98	100	98	98	8.67	8.69	8.69
241215	7	2	10.4	1	3	12.1	12.1	30.8	0.20	0.27	0.29	2	2.08	10.6	5	100	98	98	100	98	98	12.09	12.12	12.12
241215	7	3	10.8	1	4	11.2	11.2	28.3	0.16	0.24	0.19	1	0.96	10.7	5	100	98	98	100	98	98	10.21	10.19	10.20
241215	7	4	10.6	1	8	9.6	9.6	22.6	0.17	0.24	0.21	2	1.09	10.9	1	100	98	98	100	98	98	8.96	8.94	8.97
241215	7	5	10.7	1	1	13.7	18.0	36.6	0.16	0.30	0.08	3	0.42	10.4	1	88	98	98	100	98	98	13.70	13.70	13.70
241215	7	6	10.4	1	8	9.9	9.9	24.5	0.13	0.19	0.27	2	1.64	10.8	7	100	98	98	100	98	98	8.89	8.91	8.93
241215	7	7	10.3	1	5	16.1	16.1	35.2	0.14	0.24	0.06	1	0.31	10.5	4	100	98	97	100	98	98	10.19	10.19	10.24
241215	7	8	10.5	1	5	10.9	10.9	24.3	0.16	0.15	0.24	2	1.62	10.5	6	100	98	98	100	98	98	9.24	9.29	9.29
241215	7	9	10.8	1	4	10.4	10.4	25.2	0.19	0.21	0.09	2	0.50	10.7	4	100	98	98	100	98	98	9.84	9.84	9.84
241215	7	10	10.1	0	7	10.2	10.2	25.2	0.23	0.18	0.15	2	0.71	10.2	6	97	98	98	100	98	98	8.67	8.74	8.76
241215	8	1	10.3	1	7	9.2	14.1	32.5	0.21	0.21	0.20	1	1.52	10.4	6	95	98	98	100	98	98	7.23	7.32	7.33
241215	8	2	10.5	1	7	8.9	8.9	22.6	0.15	0.20	0.17	2	1.05	10.7	7	100	98	98	100	98	98	7.25	7.33	7.37
241215	8	3	10.7	1	4	10.4	10.4	24.1	0.17	0.29	0.11	3	0.58	10.8	4	100	98	98	100	98	98	8.79	8.79	8.79
241215	8	4	10.4	1	5	11.8	11.8	27.3	0.11	0.17	0.05	2	0.44	10.6	4	100	98	98	100	98	98	10.86	10.86	10.88
241215	8	5	10.7	1	1	9.8	9.8	27.2	0.10	0.33	0.07	3	0.36	10.7	12	100	98	98	100	98	98	8.32	8.31	8.31
241215	8	6	10.7	1	4	11.7	11.7	27.6	0.17	0.28	0.20	3	1.39	10.7	7	100	98	98	100	98	98	11.37	11.38	11.37
241215	8	7	10.3	1	11	21.6	21.6	41.0	0.12	0.24	0.23	1	1.20	10.6	12	100	98	98	100	98	98	11.41	11.38	11.31
241215	8	8	10.9	1	9	11.2	11.2	27.6	0.13	0.13	0.11	3	1.52	10.6	12	100	98	98	100	98	98	11.22	11.21	11.22
241215	8	9	10.8	1	7	25.3	25.3	46.3	0.12	0.26	0.07	3	0.54	10.6	11	100	98	97	100	98	98	11.65	11.65	11.65
241215	8	10	10.8	1	6	12.7	12.7	27.7	0.13	0.22	0.07	3	0.39	10.7	7	100	98	98	100	98	98	12.21	12.22	12.22
241215	9	1	10.6	1	12	10.7	10.7	25.0	0.18	0.29	0.17	3	0.86	10.6	12	97	98	98	100	98	98	9.77	9.73	9.73
241215	9	2	10.4	1	6	9.9	9.9	22.2	0.11	0.17	0.11	1	1.15	10.7	5	100	98	98	100	98	98	7.95	7.96	8.00
241215	9	3	10.7	1	1	11.0	11.0	23.9	0.16	0.20	0.18	2	1.19	10.6	2	100	98	98	100	98	98	9.53	9.51	9.49
241215	9	4	10.6	1	4	10.5	10.5	24.7	0.12	0.17	0.20	2	1.27	10.7	6	100	98	98	100	98	98	9.48	9.49	9.48
241215	9	5	10.8	1	11	11.9	11.9	26.7	0.14	0.35	0.11	3	0.63	10.9	7	100	98	98	100	98	98	11.36	11.37	11.36
241215	9	6	10.4	1	5	10.7	10.7	25.6	0.10	0.28	0.12	1	0.84	10.7	2	100	98	91	100	98	98	9.18	9.18	9.21
241215	9	7	10.4	1	5	11.4	11.4	25.5	0.26	0.25	0.06	1	0.49	10.8	10	100	98	79	100	98	98	10.50	10.50	10.48
241215	9	8	10.7	1	6	12.5	12.5	29.6	0.18	0.23	0.20	2	1.06	10.7	6	100	98	98	100	98	98	12.42	12.42	12.42
241215	9	9	10.7	1	7	11.1	11.1	25.4	0.14	0.22	0.05	3	0.36	10.8	8	100	98	98	100	98	98	9.48	9.49	9.49
241215	9	10	10.7	1	1	10.6	10.6	26.5	0.16	0.22	0.27	2	1.64	10.7	10	100	98	98	100	98	98	8.91	8.88	8.88
