Marko	Ilmakiv‰‰ri
Date	Series	Shot	Hit	X ring	Sector	On	Total	Int.(s)			Trigger			COG		Fine %			Rough %			Hold time (s)
						target	time 		dev X	dev Y	ATV	TIRE	RTV	Hit	Sector	Target	COG	Hit	Target	COG	Hit	Target	COG	Hit
241109	1	1	10.6	1	2	18.0	30.6	0.0	0.17	0.27	0.30	3	2.08	10.6	3	100	98	98	100	98	98	10.23	10.23	10.21
241109	1	2	10.8	1	2	12.9	12.9	26.8	0.16	0.15	0.20	1	0.98	10.5	2	100	98	98	100	98	98	8.00	7.96	7.98
241109	1	3	10.8	1	1	13.7	13.7	27.5	0.15	0.24	0.15	2	0.75	10.6	2	100	98	98	100	98	98	10.39	10.39	10.38
241109	1	4	10.3	1	2	15.9	15.9	30.5	0.13	0.13	0.08	1	0.60	10.4	2	100	98	98	100	98	98	11.03	11.01	11.03
241109	1	5	10.5	1	2	28.3	28.3	50.9	0.22	0.30	0.14	3	0.85	10.9	1	100	98	98	100	98	98	10.77	10.76	10.76
241109	1	6	10.3	1	3	13.2	19.4	37.4	0.27	0.26	0.13	3	0.70	10.5	1	100	98	92	100	98	98	13.15	13.15	13.15
241109	1	7	10.8	1	12	12.4	15.2	33.1	0.10	0.16	0.11	3	0.78	10.7	11	100	98	98	100	98	98	12.38	12.38	12.38
241109	1	8	10.8	1	7	15.3	15.3	30.4	0.21	0.22	0.08	3	0.44	10.8	7	100	98	98	100	98	98	12.53	12.53	12.53
241109	1	9	10.8	1	6	15.0	15.0	29.1	0.14	0.14	0.09	3	0.63	10.9	12	100	98	98	100	98	98	10.56	10.56	10.59
241109	1	10	10.7	1	1	14.5	14.5	28.6	0.15	0.14	0.11	3	0.71	10.8	2	100	98	98	100	98	98	10.94	10.94	10.92
241109	2	1	10.5	1	2	14.8	14.8	30.5	0.18	0.21	0.13	2	0.82	10.4	1	97	98	98	100	98	98	11.62	11.58	11.60
241109	2	2	10.5	1	12	14.8	14.8	29.0	0.11	0.23	0.21	1	1.99	10.8	3	100	98	98	100	98	98	12.36	12.36	12.31
241109	2	3	10.4	1	1	15.7	15.7	34.8	0.12	0.15	0.10	2	0.64	10.6	12	100	98	98	100	98	98	12.15	12.12	12.12
241109	2	4	10.6	1	2	15.2	15.2	32.3	0.13	0.19	0.12	2	0.73	10.8	1	100	98	98	100	98	98	11.38	11.37	11.36
241109	2	5	10.6	1	5	15.6	15.6	33.5	0.16	0.22	0.13	1	0.72	10.6	6	100	98	98	100	98	98	11.73	11.76	11.76
241109	2	6	10.9	1	8	25.6	25.6	46.1	
241109	2	7	10.8	1	4	28.6	28.6	49.8	0.12	0.19	0.15	3	0.88	10.8	2	100	98	98	100	98	98	13.53	13.53	13.53
241109	2	8	10.8	1	10	16.6	16.6	31.8	0.09	0.16	0.11	3	0.81	10.7	12	100	98	98	100	98	98	12.51	12.51	12.51
241109	2	9	10.5	1	3	15.9	15.9	31.1	0.15	0.26	0.10	3	0.65	10.6	2	100	98	98	100	98	98	12.46	12.42	12.42
241109	2	10	10.8	1	6	14.6	14.6	29.5	0.12	0.14	0.14	2	1.04	10.8	9	100	98	98	100	98	98	9.97	9.97	9.99
241109	3	1	10.5	1	5	30.0	55.0	2.51	0.14	0.26	0.12	2	0.76	10.9	4	100	98	97	100	98	98	10.71	10.71	10.72
241109	3	2	10.5	1	1	15.1	15.1	29.7	0.14	0.23	0.15	2	0.91	10.7	1	100	98	98	100	98	98	10.83	10.83	10.72
241109	3	3	10.8	1	3	14.8	14.8	29.9	0.10	0.16	0.13	3	1.24	10.5	2	100	98	98	100	98	98	10.81	10.66	10.81
241109	3	4	10.5	1	1	16.9	16.9	33.0	0.10	0.27	0.14	2	1.04	10.9	12	100	98	98	100	98	98	13.43	13.43	13.43
241109	3	5	10.6	1	1	14.7	14.7	32.9	0.16	0.28	0.10	3	0.68	10.8	12	100	98	98	100	98	98	11.21	11.19	11.18
241109	3	6	10.3	1	11	15.3	15.3	34.1	0.14	0.30	0.14	1	0.91	10.9	10	100	98	95	100	98	98	10.71	10.71	10.46
241109	3	7	10.6	1	1	32.1	32.1	57.2	0.13	0.25	0.09	2	0.51	10.8	1	100	98	98	100	98	98	13.68	13.68	13.68
241109	3	8	10.4	1	7	15.5	17.5	42.5	0.10	0.16	0.13	3	0.95	10.5	7	100	98	98	100	98	98	12.26	12.26	12.26
241109	3	9	10.7	1	2	16.9	16.9	38.0	0.14	0.28	0.08	2	0.57	10.8	5	100	98	98	100	98	98	12.53	12.54	12.53
241109	3	10	10.4	1	7	17.1	17.1	34.6	0.08	0.22	0.05	1	0.51	10.5	8	100	98	98	100	98	98	12.39	12.48	12.49
241109	4	1	10.8	1	11	16.4	16.4	33.4	0.12	0.23	0.10	3	0.62	10.7	11	100	98	98	100	98	98	12.57	12.57	12.57
241109	4	2	10.7	1	12	18.0	18.0	34.3	0.14	0.29	0.16	3	0.98	10.6	11	100	98	98	100	98	98	13.54	13.54	13.54
241109	4	3	10.9	1	10	17.9	17.9	33.9	0.14	0.24	0.12	3	0.66	10.6	9	100	98	98	100	98	98	13.54	13.54	13.54
241109	4	4	10.5	1	5	17.3	17.3	33.0	0.11	0.23	0.05	1	0.26	10.8	4	100	98	98	100	98	98	13.63	13.63	13.63
241109	4	5	10.7	1	6	17.4	17.4	33.5	0.16	0.24	0.08	3	0.42	10.9	3	100	98	98	100	98	98	13.63	13.63	13.63
241109	4	6	10.8	1	3	18.4	18.4	35.3	0.18	0.20	0.08	3	0.61	10.8	2	100	98	98	100	98	98	13.37	13.37	13.37
241109	4	7	10.7	1	4	32.1	32.1	54.8	0.19	0.18	0.10	3	0.69	10.6	3	100	98	98	100	98	98	13.71	13.71	13.71
241109	4	8	10.4	1	3	16.5	16.5	32.5	0.13	0.19	0.17	3	1.09	10.7	4	100	98	98	100	98	98	13.32	13.32	13.32
241109	4	9	10.7	1	2	19.3	19.3	37.4	0.08	0.19	0.12	3	1.01	10.6	2	100	98	98	100	98	98	13.71	13.71	13.71
241109	4	10	10.2	1	4	22.0	22.0	41.4	0.17	0.22	0.10	1	0.75	10.4	3	100	98	98	100	98	98	13.54	13.54	13.54
241109	5	1	10.6	1	6	23.7	62.5	3.21	0.10	0.19	0.13	1	0.87	10.6	5	100	98	98	100	98	98	13.63	13.63	13.63
241109	5	2	10.6	1	5	31.2	48.4	1.20	0.12	0.18	0.09	1	0.59	10.7	5	100	98	98	100	98	98	13.68	13.68	13.68
241109	5	3	10.8	1	1	16.3	16.3	31.3	0.12	0.28	0.14	3	0.93	10.8	5	100	98	98	100	98	98	12.09	12.11	12.09
241109	5	4	10.7	1	12	15.7	15.7	30.6	0.25	0.29	0.10	2	0.67	10.8	11	100	98	98	100	98	98	12.21	12.21	12.21
241109	5	5	10.6	1	3	25.8	25.8	45.5	
241109	5	6	10.8	1	3	16.3	23.4	43.1	0.10	0.17	0.11	3	0.68	10.8	2	100	98	98	100	98	98	10.77	10.77	10.79
241109	5	7	10.5	1	2	20.5	20.5	37.6	0.09	0.17	0.09	3	0.79	10.5	2	100	98	98	100	98	98	13.66	13.66	13.66
241109	5	8	10.6	1	12	16.1	16.1	32.1	0.09	0.26	0.25	1	2.33	10.9	12	100	98	98	100	98	98	13.11	13.10	12.99
241109	5	9	10.8	1	7	17.5	17.5	34.8	0.14	0.23	0.12	3	0.53	10.8	8	100	98	98	100	98	98	13.41	13.41	13.43
241109	5	10	10.5	1	2	15.7	15.7	30.8	0.10	0.16	0.09	3	0.58	10.6	1	100	98	98	100	98	98	11.36	11.36	11.36
241109	6	1	10.5	1	5	13.5	25.9	50.2	0.14	0.26	0.09	1	0.59	10.7	5	100	98	98	100	98	98	13.54	13.54	13.54
241109	6	2	10.9	1	10	17.3	17.3	33.1	0.08	0.23	0.13	3	0.91	10.7	7	100	98	98	100	98	98	13.63	13.63	13.63
241109	6	3	10.5	1	10	16.2	16.2	30.9	0.14	0.18	0.17	3	1.70	10.7	5	100	98	98	100	98	98	12.77	12.77	12.77
241109	6	4	10.6	1	4	17.1	17.1	33.0	0.12	0.21	0.09	3	0.58	10.6	5	100	98	98	100	98	98	13.71	13.71	13.71
241109	6	5	10.5	1	3	17.4	17.4	34.3	0.13	0.26	0.16	1	0.84	10.5	4	100	98	98	100	98	98	13.50	13.50	13.50
241109	6	6	10.5	1	3	17.8	17.8	34.2	0.12	0.21	0.11	3	0.78	10.6	2	100	98	98	100	98	98	13.61	13.61	13.61
241109	6	7	10.4	1	5	18.1	18.1	34.4	0.11	0.20	0.09	2	0.73	10.7	4	100	98	98	100	98	98	13.74	13.74	13.74
241109	6	8	10.7	1	10	16.2	16.2	33.8	0.13	0.26	0.09	3	0.41	10.6	9	100	98	98	100	98	98	13.23	13.23	13.23
241109	6	9	10.6	1	7	16.2	16.2	31.9	0.15	0.16	0.08	1	0.50	10.6	8	100	98	98	100	98	98	12.31	12.35	12.35
241109	6	10	10.4	1	6	18.2	18.2	35.1	0.19	0.28	0.09	1	0.74	10.8	6	100	98	95	100	98	98	13.24	13.24	13.24
241109	7	1	10.5	1	5	18.4	35.6	3.04	0.12	0.28	0.22	3	1.64	10.7	5	100	98	98	100	98	98	10.90	10.92	10.94
241109	7	2	10.5	1	6	15.1	15.1	29.5	0.10	0.24	0.14	1	1.62	10.7	2	100	98	92	100	98	98	9.77	9.77	9.81
241109	7	3	10.6	1	5	17.1	17.1	36.4	0.09	0.28	0.17	3	1.09	10.4	5	97	98	98	100	98	98	13.37	13.56	13.52
241109	7	4	10.8	1	7	15.5	15.5	37.4	0.12	0.19	0.14	1	1.68	10.7	5	100	98	98	100	98	98	10.94	10.95	10.94
241109	7	5	10.6	1	10	15.7	15.7	30.7	0.14	0.18	0.23	2	2.54	10.8	6	100	98	98	100	98	98	12.12	12.13	12.11
241109	7	6	10.7	1	4	16.6	16.6	32.9	0.18	0.25	0.08	1	0.43	10.8	5	100	98	98	100	98	98	12.91	12.91	12.91
241109	7	7	10.6	1	11	16.4	16.4	31.0	0.15	0.23	0.22	3	1.35	10.7	9	100	98	98	100	98	98	13.26	13.26	13.26
241109	7	8	10.8	1	11	17.4	17.4	33.0	0.08	0.24	0.09	3	0.65	10.7	11	100	98	98	100	98	98	13.32	13.32	13.32
241109	7	9	10.9	1	1	16.5	16.6	32.6	0.12	0.27	0.12	3	0.64	10.7	12	100	98	98	100	98	98	12.84	12.82	12.84
241109	7	10	10.8	1	11	31.4	31.4	55.1	0.16	0.26	0.21	3	0.95	10.7	1	100	98	98	100	98	98	11.12	11.10	11.12
241109	8	1	10.7	1	8	17.3	17.3	33.9	0.07	0.29	0.11	3	0.62	10.8	6	100	98	98	100	98	98	13.20	13.29	13.29
241109	8	2	10.6	1	5	15.7	15.7	30.5	0.13	0.24	0.13	1	1.03	10.8	11	100	98	98	100	98	98	12.20	12.18	12.22
241109	8	3	10.7	1	10	17.2	17.2	32.6	0.11	0.27	0.14	3	0.90	10.7	8	100	98	98	100	98	98	13.68	13.68	13.68
241109	8	4	10.9	1	7	16.1	16.1	31.1	0.11	0.24	0.11	3	0.87	10.8	9	100	98	98	100	98	98	13.44	13.44	13.44
241109	8	5	10.5	1	1	17.8	18.0	34.1	0.14	0.25	0.24	2	1.68	10.8	3	100	98	98	100	98	98	13.59	13.59	13.59
241109	8	6	10.7	1	1	17.1	17.1	33.6	0.10	0.21	0.10	3	0.67	10.8	10	100	98	98	100	98	98	13.47	13.47	13.47
241109	8	7	10.4	1	8	16.9	16.9	32.5	0.15	0.28	0.18	1	1.03	10.7	8	100	98	98	100	98	98	13.46	13.46	13.46
241109	8	8	10.8	1	7	15.3	15.3	30.2	0.17	0.29	0.09	3	0.41	10.8	12	100	98	97	100	98	98	10.83	10.80	10.83
241109	8	9	10.7	1	3	16.5	16.5	32.4	0.10	0.23	0.10	2	0.63	10.9	1	100	98	98	100	98	98	12.46	12.46	12.46
241109	8	10	10.7	1	6	26.9	26.9	47.6	0.12	0.36	0.09	2	0.48	10.6	5	97	98	98	100	98	98	13.35	13.35	13.35
