Marko	Ilmakiv‰‰ri
Date	Series	Shot	Hit	X ring	Sector	On	Total	Int.(s)			Trigger			COG		Fine %			Rough %			Hold time (s)
						target	time 		dev X	dev Y	ATV	TIRE	RTV	Hit	Sector	Target	COG	Hit	Target	COG	Hit	Target	COG	Hit
260115	1	1	10.5	1	12	11.0	15.2	0.0	0.22	0.23	0.16	3	0.85	10.3	1	98	98	98	100	98	98	9.69	9.60	9.64
260115	1	2	10.5	1	12	13.5	13.5	27.7	0.14	0.22	0.13	1	0.84	10.7	1	100	98	98	100	98	98	10.62	10.62	10.61
260115	1	3	10.7	1	3	11.8	11.8	26.1	0.19	0.15	0.16	3	1.08	10.8	4	100	98	98	100	98	98	8.00	8.01	8.00
260115	1	4	10.8	1	1	13.6	13.6	27.4	0.19	0.13	0.12	3	0.71	10.8	1	100	98	98	100	98	98	11.13	11.13	11.13
260115	1	5	10.6	1	3	14.2	14.2	27.6	0.19	0.26	0.20	1	1.13	10.6	3	100	98	98	100	98	98	10.94	10.98	10.98
260115	1	6	10.7	1	4	14.7	14.7	29.5	0.16	0.15	0.15	2	1.18	10.5	3	100	98	98	100	98	98	11.91	11.91	11.91
260115	1	7	10.7	1	11	11.7	11.8	24.5	0.20	0.20	0.04	3	0.25	10.8	12	100	98	98	100	98	98	7.30	7.29	7.28
260115	1	8	10.7	1	12	13.4	13.4	28.0	0.16	0.22	0.20	2	1.51	10.6	11	100	98	98	100	98	98	10.61	10.59	10.59
260115	1	9	10.6	1	7	14.4	14.4	29.0	0.17	0.14	0.11	2	0.68	10.8	10	100	98	98	100	98	98	10.34	10.32	10.35
260115	1	10	10.5	1	1	14.5	14.5	28.3	0.20	0.30	0.18	1	0.97	10.7	3	100	98	98	100	98	98	10.21	10.21	10.17
260115	2	1	10.8	1	2	14.7	14.7	28.5	0.20	0.12	0.08	1	0.53	10.7	1	100	98	98	100	98	98	11.61	11.60	11.61
260115	2	2	10.6	1	12	14.1	14.1	27.1	0.23	0.25	0.27	1	1.39	10.7	1	100	98	98	100	98	98	10.74	10.72	10.66
260115	2	3	10.8	1	10	17.1	17.1	31.8	0.13	0.14	0.09	3	0.64	10.7	1	100	98	98	100	98	98	13.46	13.46	13.46
260115	2	4	10.3	1	3	13.4	13.4	26.3	0.24	0.23	0.11	3	0.68	10.3	3	88	98	98	100	98	98	9.09	9.20	9.22
260115	2	5	10.6	1	1	16.4	16.4	31.5	0.15	0.10	0.05	3	0.34	10.6	12	100	98	98	100	98	98	13.74	13.74	13.74
260115	2	6	10.4	1	11	15.6	15.6	30.0	0.12	0.12	0.16	3	1.57	10.5	12	100	98	98	100	98	98	12.79	12.71	12.71
260115	2	7	10.6	1	11	16.6	16.6	33.1	0.20	0.22	0.17	3	1.95	10.6	1	100	98	98	100	98	98	13.34	13.34	13.34
260115	2	8	10.7	1	3	10.7	10.7	23.4	0.25	0.17	0.20	2	1.12	10.6	3	100	98	98	100	98	98	5.28	5.31	5.29
260115	2	9	10.4	1	8	14.4	14.4	27.7	0.18	0.25	0.24	2	2.10	10.7	1	100	98	74	100	98	98	10.28	10.26	10.30
260115	2	10	10.5	1	3	13.5	13.5	27.2	0.24	0.25	0.17	3	0.66	10.4	3	94	98	98	100	98	98	7.65	7.65	7.65
260115	3	1	10.4	1	1	16.2	16.2	31.4	0.14	0.17	0.10	2	0.78	10.6	12	100	98	98	100	98	98	13.23	13.23	13.23
260115	3	2	10.4	1	4	14.1	14.1	27.0	0.14	0.23	0.14	3	1.20	10.5	3	100	98	98	100	98	98	10.59	10.61	10.63
260115	3	3	10.7	1	1	16.3	16.3	30.7	0.14	0.19	0.13	2	0.84	10.8	1	100	98	98	100	98	98	12.33	12.31	12.31
260115	3	4	10.7	1	4	16.4	16.4	30.8	0.30	0.24	0.14	1	0.69	10.8	3	100	98	98	100	98	98	12.81	12.81	12.82
260115	3	5	10.6	1	3	17.6	24.5	47.0	0.24	0.23	0.20	1	0.96	10.7	4	100	98	98	100	98	98	13.72	13.72	13.72
260115	3	6	10.8	1	11	14.2	14.2	31.0	0.27	0.19	0.16	3	0.91	10.7	9	100	98	98	100	98	98	12.03	11.97	11.97
260115	3	7	10.9	1	4	13.0	13.0	25.3	0.14	0.18	0.08	3	0.77	10.7	12	100	98	98	100	98	98	8.01	7.98	8.01
260115	3	8	10.9	1	10	14.9	14.9	28.6	0.14	0.21	0.05	3	0.41	10.7	10	100	98	98	100	98	98	12.31	12.31	12.31
260115	3	9	10.7	1	6	16.6	16.6	31.1	0.13	0.20	0.13	3	0.85	10.7	4	100	98	98	100	98	98	13.77	13.77	13.77
260115	3	10	10.6	1	2	18.9	18.9	35.4	0.26	0.13	0.27	1	0.99	10.6	1	100	98	98	100	98	98	11.88	11.82	11.84
260115	4	1	10.6	1	7	18.4	25.1	3.31	0.16	0.16	0.13	2	0.80	10.4	7	100	98	98	100	98	98	9.81	9.87	9.84
260115	4	2	10.7	1	11	16.5	16.5	31.7	0.17	0.21	0.21	3	0.98	10.6	2	100	98	98	100	98	98	12.71	12.71	12.71
260115	4	3	10.7	1	8	15.2	15.2	29.1	0.17	0.09	0.07	2	0.49	10.8	8	100	98	98	100	98	98	12.15	12.16	12.16
260115	4	4	10.7	1	1	15.5	15.5	30.0	0.13	0.13	0.14	3	1.06	10.6	12	100	98	98	100	98	98	12.42	12.42	12.42
260115	4	5	10.5	1	7	14.8	14.8	29.0	0.19	0.13	0.18	1	0.99	10.6	6	100	98	98	100	98	98	12.33	12.57	12.57
260115	4	6	10.6	1	8	16.7	16.7	32.3	0.21	0.14	0.09	3	0.71	10.5	8	100	98	98	100	98	98	13.76	13.76	13.76
260115	4	7	10.7	1	2	13.0	13.0	25.8	0.14	0.16	0.16	1	1.28	10.7	3	100	98	98	100	98	98	9.77	9.77	9.75
260115	4	8	10.3	1	4	11.6	11.6	24.2	0.19	0.17	0.22	3	1.46	10.3	5	100	98	98	100	98	98	6.76	6.79	6.78
260115	4	9	10.5	1	9	15.7	15.7	30.5	0.19	0.22	0.14	3	0.83	10.8	9	100	98	98	100	98	98	13.74	13.74	13.74
260115	4	10	10.9	1	2	13.9	13.9	28.2	0.24	0.16	0.27	3	2.38	10.7	7	100	98	98	100	98	98	9.42	9.44	9.42
260115	5	1	10.8	1	3	16.2	16.2	31.4	0.16	0.15	0.06	3	0.49	10.9	4	100	98	98	100	98	98	13.70	13.70	13.70
260115	5	2	10.5	1	3	15.4	15.4	29.4	0.17	0.21	0.15	2	0.70	10.6	3	100	98	98	100	98	98	12.45	12.46	12.46
260115	5	3	10.3	1	9	11.4	29.1	54.2	0.19	0.15	0.11	2	0.70	10.5	10	100	98	98	100	98	98	10.59	10.53	10.53
260115	5	4	10.6	1	3	13.5	13.5	26.8	0.19	0.15	0.13	2	0.72	10.5	3	100	98	98	100	98	98	11.23	11.25	11.27
260115	5	5	10.5	1	8	31.8	31.8	54.5	0.17	0.15	0.15	3	0.75	10.6	9	100	98	98	100	98	98	13.46	13.46	13.46
260115	5	6	10.9	1	1	10.5	10.5	22.3	0.22	0.16	0.15	1	1.56	10.8	12	100	98	98	100	98	98	6.66	6.63	6.64
260115	5	7	10.8	1	3	17.0	17.0	30.7	0.25	0.19	0.17	2	0.85	10.8	7	100	98	98	100	98	98	13.47	13.47	13.47
260115	5	8	10.3	1	8	17.7	17.7	32.4	0.38	0.19	0.08	1	0.45	10.7	8	100	95	88	100	98	98	13.61	13.61	13.61
260115	5	9	10.7	1	4	15.4	15.4	29.4	0.23	0.15	0.09	2	0.64	10.7	2	100	98	98	100	98	98	11.89	11.89	11.89
260115	5	10	10.8	1	4	18.7	18.7	34.4	0.13	0.12	0.13	1	1.24	10.8	5	100	98	98	100	98	98	13.61	13.61	13.61
260115	6	1	10.8	1	5	12.7	13.1	39.2	0.23	0.14	0.09	2	0.45	10.9	11	100	98	98	100	98	98	12.26	12.26	12.27
260115	6	2	10.8	1	6	16.8	16.8	30.8	0.25	0.11	0.10	3	0.63	10.9	11	100	98	98	100	98	98	13.38	13.38	13.38
260115	6	3	10.5	1	9	17.5	17.5	31.9	0.17	0.09	0.13	2	1.12	10.7	9	100	98	98	100	98	98	13.71	13.71	13.71
260115	6	4	10.7	1	5	15.8	15.8	29.9	0.15	0.15	0.10	1	1.08	10.9	9	100	98	98	100	98	98	13.37	13.37	13.37
260115	6	5	10.4	1	10	13.6	13.6	26.1	0.19	0.14	0.16	2	1.69	10.8	9	100	98	98	100	98	98	9.46	9.46	9.40
260115	6	6	10.8	1	9	14.2	14.2	28.2	0.09	0.15	0.08	3	0.65	10.8	11	100	98	98	100	98	98	11.47	11.46	11.47
260115	6	7	10.7	1	10	14.6	14.6	28.1	0.18	0.11	0.11	3	0.72	10.5	10	100	98	98	100	98	98	11.88	11.73	11.78
260115	6	8	10.7	1	1	14.4	14.4	27.6	0.10	0.12	0.11	3	0.92	10.6	12	100	98	98	100	98	98	10.72	10.68	10.71
260115	6	9	10.4	1	9	17.9	17.9	33.6	0.21	0.11	0.13	3	0.83	10.6	9	100	98	98	100	98	98	13.62	13.62	13.62
260115	6	10	10.6	1	2	16.0	16.0	31.1	0.24	0.14	0.17	2	1.04	10.4	3	100	98	98	100	98	98	7.16	7.18	7.14
