Marko	Ilmakiv‰‰ri
Date	Series	Shot	Hit	X ring	Sector	On	Total	Int.(s)			Trigger			COG		Fine %			Rough %			Hold time (s)
						target	time 		dev X	dev Y	ATV	TIRE	RTV	Hit	Sector	Target	COG	Hit	Target	COG	Hit	Target	COG	Hit
241012	1	1	10.4	1	8	13.8	57.0	0.0	0.17	0.17	0.24	3	1.57	10.3	8	98	98	98	100	98	98	10.80	10.83	10.85
241012	1	2	10.4	1	10	12.0	12.0	25.9	0.17	0.09	0.17	2	1.57	10.5	11	100	98	98	100	98	98	9.07	9.03	9.03
241012	1	3	10.7	1	9	12.1	12.1	25.6	0.13	0.12	0.11	3	1.24	10.7	10	100	98	98	100	98	98	8.41	8.36	8.41
241012	1	4	10.6	1	3	12.1	12.1	25.9	0.20	0.09	0.06	1	0.41	10.8	3	100	98	98	100	98	98	8.27	8.27	8.27
241012	1	5	10.8	1	2	11.8	11.8	24.5	0.23	0.17	0.14	3	0.86	10.6	1	100	98	98	100	98	98	7.88	7.82	7.84
241012	1	6	10.8	1	11	9.4	16.4	31.8	0.22	0.13	0.11	2	1.02	10.7	12	100	98	98	100	98	98	9.42	9.42	9.42
241012	1	7	10.4	1	10	13.0	13.0	26.0	0.17	0.14	0.13	1	0.87	10.6	10	100	98	98	100	98	98	9.09	9.09	9.07
241012	1	8	10.4	1	12	12.9	12.9	26.5	0.19	0.16	0.22	1	1.18	10.6	2	100	98	98	100	98	98	8.74	8.70	8.64
241012	1	9	10.7	1	4	13.6	13.6	28.5	0.17	0.15	0.17	3	1.37	10.5	4	100	98	98	100	98	98	8.79	8.85	8.80
241012	1	10	10.3	1	12	24.8	24.8	45.8	0.10	0.17	0.09	3	0.65	10.3	11	100	98	98	100	98	98	10.11	10.01	9.97
241012	2	1	10.7	1	10	14.9	14.9	33.1	0.14	0.13	0.18	3	1.50	10.8	11	100	98	98	100	98	98	7.88	7.88	7.86
241012	2	2	10.9	1	8	14.7	14.7	27.8	0.14	0.19	0.11	2	0.70	10.9	8	100	98	98	100	98	98	11.93	11.93	11.94
241012	2	3	10.6	1	11	14.6	14.6	30.1	0.20	0.10	0.15	3	1.09	10.5	12	100	98	98	100	98	98	11.34	11.31	11.32
241012	2	4	10.4	1	2	12.2	12.2	26.5	0.15	0.18	0.14	3	1.04	10.6	1	100	98	98	100	98	98	8.52	8.46	8.45
241012	2	5	10.3	1	3	13.7	14.3	32.1	0.13	0.15	0.08	2	0.60	10.5	2	100	98	98	100	98	98	12.40	12.38	12.39
241012	2	6	10.4	1	2	21.3	23.1	2.17	0.19	0.09	0.10	1	0.54	10.7	1	100	98	98	100	98	98	9.46	9.35	9.33
241012	2	7	10.8	1	8	13.3	13.3	31.4	0.19	0.18	0.05	3	0.38	10.7	9	100	98	98	100	98	98	9.77	9.77	9.78
241012	2	8	10.5	1	8	15.2	15.2	29.8	0.15	0.16	0.07	3	0.55	10.5	8	100	98	98	100	98	98	12.40	12.55	12.54
241012	2	9	10.2	1	6	13.4	13.4	27.8	0.19	0.11	0.17	2	1.03	10.4	6	100	98	98	100	98	98	10.34	10.47	10.48
241012	2	10	10.7	1	10	13.5	13.5	28.1	0.17	0.08	0.23	3	3.29	10.7	2	100	98	98	100	98	98	10.96	10.94	10.95
241012	3	1	10.2	1	5	11.3	14.2	40.6	0.23	0.10	0.12	1	0.87	10.5	6	100	98	98	100	98	98	11.32	11.32	11.32
241012	3	2	10.3	1	6	13.1	13.1	28.9	0.18	0.15	0.07	1	0.50	10.5	6	100	98	98	100	98	98	9.13	9.16	9.16
241012	3	3	10.6	1	4	16.0	16.0	33.2	0.17	0.14	0.12	1	0.79	10.7	4	100	98	98	100	98	98	8.49	8.49	8.49
241012	3	4	10.7	1	4	12.6	12.6	25.9	0.17	0.09	0.06	2	0.71	10.9	1	100	98	98	100	98	98	8.18	8.14	8.18
241012	3	5	10.6	1	12	12.8	12.8	27.3	0.16	0.14	0.08	3	0.50	10.6	12	100	98	98	100	98	98	9.42	9.39	9.38
241012	3	6	10.8	1	3	15.6	15.6	31.2	0.24	0.13	0.12	3	1.18	10.6	11	100	98	98	100	98	98	12.87	12.79	12.87
241012	3	7	10.7	1	12	15.1	15.1	32.0	0.13	0.08	0.06	3	0.75	10.6	11	100	98	98	100	98	98	12.20	12.20	12.20
241012	3	8	10.7	1	11	13.6	13.6	27.4	0.17	0.16	0.06	3	0.58	10.4	11	94	98	98	100	98	98	9.35	9.26	9.29
241012	3	9	10.6	1	10	13.8	13.8	29.0	0.15	0.12	0.09	3	0.70	10.6	11	100	98	98	100	98	98	10.01	9.95	9.95
241012	3	10	10.6	1	12	15.3	15.3	31.2	0.16	0.20	0.06	3	0.46	10.6	11	100	98	98	100	98	98	12.68	12.68	12.68
241012	4	1	10.4	1	12	23.2	45.5	2.04	0.23	0.15	0.17	3	0.79	10.1	12	70	98	98	100	98	98	10.88	10.83	10.83
241012	4	2	10.1	0	12	11.4	11.4	31.1	0.11	0.13	0.13	2	1.00	10.2	12	94	98	98	100	98	98	7.93	7.84	7.83
241012	4	3	10.4	1	12	15.6	15.6	33.4	0.12	0.14	0.14	3	0.94	10.3	11	100	98	98	100	98	98	6.90	6.86	6.86
241012	4	4	10.6	1	2	14.7	14.7	34.7	0.19	0.21	0.19	3	1.15	10.9	12	100	98	98	100	98	98	11.43	11.43	11.41
241012	4	5	10.6	1	1	15.2	15.2	33.5	0.24	0.21	0.24	3	1.10	10.8	12	100	98	98	100	98	98	11.47	11.46	11.45
241012	4	6	10.7	1	1	14.8	14.8	33.3	0.14	0.17	0.20	3	1.25	10.6	12	100	98	98	100	98	98	11.21	11.16	11.18
241012	4	7	10.6	1	3	14.1	14.1	33.8	0.13	0.19	0.05	3	0.39	10.5	1	100	98	98	100	98	98	11.03	10.99	11.01
241012	4	8	10.5	1	3	12.1	12.1	29.0	0.12	0.13	0.17	2	1.08	10.7	2	100	98	98	100	98	98	8.36	8.34	8.32
241012	4	9	10.8	1	2	20.2	20.2	41.0	0.17	0.16	0.16	3	1.16	10.7	1	100	98	98	100	98	98	8.94	8.91	8.91
241012	4	10	10.6	1	10	14.1	14.1	29.2	0.13	0.17	0.09	3	0.65	10.5	11	100	98	98	100	98	98	9.77	9.63	9.77
241012	5	1	10.7	1	1	15.1	15.1	31.5	0.24	0.17	0.26	3	1.46	10.6	10	100	98	98	100	98	98	12.18	12.18	12.18
241012	5	2	10.3	1	12	13.3	13.3	29.5	0.20	0.20	0.16	1	1.50	10.4	12	97	98	98	100	98	98	9.99	9.93	9.90
241012	5	3	10.4	1	12	15.0	15.0	33.8	0.12	0.20	0.14	3	0.95	10.5	12	100	98	98	100	98	98	11.07	11.01	10.99
241012	5	4	10.8	1	1	16.2	16.2	33.9	0.14	0.15	0.12	3	0.70	10.6	1	100	98	98	100	98	98	13.63	13.63	13.63
241012	5	5	10.7	1	1	12.4	12.4	26.7	0.11	0.16	0.16	2	1.03	10.8	3	100	98	98	100	98	98	7.23	7.11	7.05
241012	5	6	10.1	0	8	12.2	26.3	2.35	0.17	0.15	0.22	1	1.33	10.5	7	100	98	98	100	98	98	7.71	7.77	7.79
241012	5	7	10.4	1	9	15.1	15.1	30.3	0.13	0.21	0.14	3	0.79	10.5	8	100	98	98	100	98	98	10.72	10.77	10.74
241012	5	8	10.8	1	6	14.8	14.8	31.8	0.15	0.11	0.10	3	0.68	10.8	4	100	98	98	100	98	98	10.29	10.28	10.29
241012	5	9	10.8	1	11	13.5	13.5	28.0	0.18	0.12	0.20	3	1.34	10.9	3	100	98	98	100	98	98	9.63	9.63	9.62
241012	5	10	10.4	1	7	15.6	15.6	31.2	0.13	0.16	0.12	3	0.83	10.8	9	100	98	98	100	98	98	12.12	12.13	12.21
241012	6	1	10.6	1	12	16.6	16.6	34.1	0.17	0.16	0.16	3	1.12	10.8	5	100	98	98	100	98	98	12.44	12.44	12.44
241012	6	2	10.7	1	9	12.1	12.1	26.4	0.19	0.16	0.14	3	0.82	10.7	11	100	98	98	100	98	98	8.18	8.18	8.19
241012	6	3	10.4	1	11	13.4	13.4	27.7	0.15	0.14	0.20	1	1.23	10.6	11	100	98	98	100	98	98	11.13	11.09	11.05
241012	6	4	10.7	1	9	15.2	15.2	31.5	0.12	0.18	0.22	3	1.62	10.8	9	100	98	98	100	98	98	12.66	12.66	12.66
241012	6	5	10.5	1	11	15.5	15.5	30.3	0.14	0.10	0.20	3	1.72	10.4	10	100	98	98	100	98	98	12.87	12.87	12.87
241012	6	6	10.7	1	12	14.0	50.7	2.02	0.26	0.15	0.21	3	2.11	10.8	3	100	98	98	100	98	98	9.88	9.90	9.86
241012	6	7	10.7	1	1	14.4	14.4	29.8	0.13	0.18	0.12	2	0.80	10.9	1	100	98	98	100	98	98	10.12	10.12	10.11
241012	6	8	10.4	1	8	12.3	12.3	26.9	0.13	0.14	0.07	1	0.53	10.6	8	100	98	98	100	98	98	8.40	8.41	8.41
241012	6	9	10.5	1	7	15.7	15.7	31.6	0.14	0.11	0.13	2	0.84	10.5	7	100	98	98	100	98	98	11.89	12.02	12.02
241012	6	10	10.5	1	7	15.3	15.3	32.1	0.25	0.15	0.13	1	0.84	10.7	7	100	98	98	100	98	98	12.21	12.21	12.21
241012	7	1	10.4	1	9	12.4	12.4	28.5	0.20	0.14	0.19	3	1.22	10.5	9	100	98	98	100	98	98	9.91	9.91	9.91
241012	7	2	10.7	1	9	12.2	12.2	27.8	0.19	0.15	0.12	3	0.73	10.7	10	100	98	98	100	98	98	10.06	10.06	10.06
241012	7	3	10.7	1	8	9.8	9.8	22.4	0.21	0.17	0.17	3	1.07	10.7	7	100	98	98	100	98	98	7.42	7.46	7.44
241012	7	4	10.7	1	11	15.9	15.9	32.1	0.18	0.21	0.13	3	0.86	10.7	10	100	98	98	100	98	98	13.63	13.63	13.63
241012	7	5	10.8	1	12	15.7	15.7	32.5	0.13	0.17	0.13	3	0.83	10.6	12	100	98	98	100	98	98	12.21	12.21	12.21
241012	7	6	10.7	1	7	13.5	13.5	29.6	0.12	0.21	0.13	3	0.85	10.6	9	100	98	98	100	98	98	11.38	11.38	11.41
241012	7	7	10.8	1	7	13.1	13.1	29.6	0.16	0.12	0.11	3	0.59	10.8	8	100	98	98	100	98	98	10.52	10.53	10.53
241012	7	8	10.6	1	4	11.3	11.3	25.0	0.16	0.13	0.09	3	0.71	10.6	3	100	98	98	100	98	98	7.93	7.91	7.91
241012	7	9	10.6	1	3	12.9	12.9	29.0	0.12	0.18	0.15	3	1.04	10.9	4	100	98	98	100	98	98	9.97	9.97	9.95
241012	7	10	10.3	1	8	15.2	15.2	31.2	0.12	0.15	0.09	1	0.77	10.5	9	100	98	98	100	98	98	12.46	12.46	12.46
241012	8	1	10.9	1	1	20.4	85.8	2.56	0.22	0.22	0.22	3	1.32	10.6	8	100	98	98	100	98	98	6.01	6.06	6.00
241012	8	2	10.7	1	3	12.1	12.1	25.8	0.22	0.16	0.13	3	0.81	10.9	9	100	98	98	100	98	98	8.22	8.22	8.23
241012	8	3	10.5	1	10	13.2	13.2	28.3	0.18	0.15	0.09	3	0.53	10.7	11	100	98	98	100	98	98	10.17	10.14	10.14
241012	8	4	10.9	1	6	12.3	12.3	26.2	0.13	0.14	0.17	3	1.60	10.6	4	100	98	98	100	98	98	8.41	8.41	8.41
241012	8	5	10.7	1	3	14.0	14.0	28.9	0.14	0.17	0.16	2	0.98	10.8	3	100	98	98	100	98	98	11.19	11.18	11.18
241012	8	6	10.5	1	5	11.6	11.6	24.9	0.16	0.13	0.09	3	0.51	10.6	5	100	98	98	100	98	98	7.16	7.21	7.21
241012	8	7	10.5	1	3	12.3	12.3	25.8	0.07	0.20	0.12	2	1.02	10.8	4	100	98	98	100	98	98	8.16	8.16	8.16
241012	8	8	10.7	1	9	14.1	14.1	27.9	0.25	0.18	0.10	3	0.52	10.6	9	100	98	98	100	98	98	12.06	12.07	12.07
241012	8	9	10.4	1	9	13.6	13.6	27.9	0.15	0.12	0.13	3	0.87	10.6	10	100	98	98	100	98	98	11.09	11.07	11.10
241012	8	10	10.5	1	10	13.6	13.6	29.0	0.11	0.18	0.13	3	0.80	10.7	11	100	98	98	100	98	98	9.84	9.82	9.82
241012	9	1	10.6	1	12	12.7	12.7	27.0	0.20	0.18	0.13	3	0.72	10.6	12	100	98	98	100	98	98	10.29	10.26	10.26
241012	9	2	10.1	0	12	13.2	13.2	27.2	0.11	0.13	0.21	1	2.22	10.4	11	100	98	98	100	98	98	11.28	11.27	11.21
241012	9	3	10.7	1	10	11.9	12.2	30.3	0.15	0.19	0.15	3	0.88	10.7	12	100	98	98	100	98	98	9.36	9.35	9.35
241012	9	4	10.8	1	7	13.5	13.5	28.7	0.14	0.11	0.10	1	0.58	10.8	7	100	98	98	100	98	98	9.68	9.71	9.71
241012	9	5	10.7	1	11	13.2	13.2	28.5	0.13	0.11	0.17	1	1.45	10.8	9	100	98	98	100	98	98	10.35	10.35	10.35
