Marko	Ilmakiv‰‰ri
Date	Series	Shot	Hit	X ring	Sector	On	Total	Int.(s)			Trigger			COG		Fine %			Rough %			Hold time (s)
						target	time 		dev X	dev Y	ATV	TIRE	RTV	Hit	Sector	Target	COG	Hit	Target	COG	Hit	Target	COG	Hit
231210	1	1	10.1	0	8	17.7	20.3	0.0	0.20	0.19	0.18	3	0.67	9.9	8	32	98	98	100	98	98	6.08	6.04	6.03
231210	1	2	9.9	0	9	12.4	12.4	24.6	0.19	0.22	0.16	1	1.08	10.1	10	67	98	98	100	98	98	7.88	7.82	7.83
231210	1	3	9.9	0	9	12.5	12.5	25.4	0.30	0.22	0.29	3	1.04	10.2	8	71	98	95	100	98	98	8.07	8.10	8.04
231210	1	4	10.1	0	9	14.8	14.8	28.3	0.24	0.14	0.28	3	1.09	10.1	10	71	98	98	100	98	98	7.54	7.49	7.51
231210	1	5	10.6	1	11	12.3	12.3	24.6	0.18	0.16	0.31	2	1.98	10.2	11	88	98	98	100	98	98	6.51	6.27	6.48
231210	1	6	10.2	1	8	9.8	9.8	21.0	0.22	0.22	0.16	3	0.66	10.3	9	92	98	98	100	98	98	6.63	6.64	6.66
231210	1	7	10.6	1	9	11.7	11.7	23.9	0.18	0.12	0.23	3	1.53	10.6	8	100	98	98	100	98	98	6.78	6.79	6.78
231210	1	8	10.6	1	12	11.9	11.9	24.1	0.16	0.20	0.19	3	1.43	10.5	11	100	98	98	100	98	98	6.74	6.66	6.66
231210	1	9	10.3	1	8	12.0	12.0	26.1	0.12	0.21	0.15	3	0.89	10.0	9	58	98	98	100	98	98	7.63	7.65	7.65
231210	1	10	9.7	0	9	12.8	12.8	25.5	0.27	0.17	0.30	3	1.34	9.8	9	26	98	98	100	98	98	7.07	7.05	7.07
231210	2	1	10.6	1	5	14.2	16.2	1.40	0.29	0.25	0.14	2	0.54	10.6	6	100	98	98	100	98	98	7.29	7.53	7.53
231210	2	2	10.6	1	7	8.3	8.3	19.1	0.16	0.33	0.19	3	0.81	10.7	6	100	98	98	100	98	98	3.25	3.29	3.29
231210	2	3	10.5	1	6	10.1	10.2	22.0	0.23	0.27	0.27	2	1.14	10.5	6	100	98	98	100	98	98	4.23	4.29	4.28
231210	2	4	10.3	1	4	10.0	10.0	22.2	0.17	0.20	0.30	3	1.49	10.6	4	100	98	98	100	98	98	3.57	3.58	3.58
231210	2	5	10.4	1	8	12.5	12.5	26.5	0.20	0.16	0.21	3	1.04	10.5	8	98	98	98	100	98	98	5.85	5.85	5.85
231210	2	6	10.7	1	10	11.0	11.0	23.4	0.26	0.23	0.34	2	1.39	10.9	7	100	98	98	100	98	98	4.58	4.61	4.42
231210	2	7	10.7	1	12	11.3	11.3	23.5	0.15	0.13	0.15	1	0.84	10.8	9	100	98	98	100	98	98	5.66	5.66	5.62
231210	2	8	10.4	1	4	10.4	10.4	21.8	0.26	0.17	0.14	2	0.51	10.7	4	100	98	98	100	98	98	4.14	4.17	4.18
231210	2	9	10.7	1	3	10.3	10.3	22.2	0.21	0.19	0.09	1	0.54	10.7	6	100	98	98	100	98	98	4.05	4.08	4.05
231210	2	10	10.7	1	3	12.3	12.3	25.4	0.21	0.16	0.13	3	0.63	10.9	12	100	98	98	100	98	98	6.58	6.58	6.58
231210	3	1	10.9	1	5	11.9	11.9	24.8	0.23	0.20	0.12	3	0.48	10.9	8	100	98	98	100	98	98	6.63	6.63	6.63
231210	3	2	10.5	1	2	12.8	12.8	25.7	0.18	0.16	0.11	1	0.69	10.7	2	100	98	98	100	98	98	6.95	6.92	6.90
231210	3	3	10.5	1	6	11.7	11.7	23.6	0.21	0.28	0.16	2	1.23	10.8	3	100	98	98	100	98	98	6.63	6.63	6.69
231210	3	4	10.6	1	9	12.8	12.8	26.6	0.14	0.13	0.17	3	1.12	10.9	12	100	98	98	100	98	98	7.47	7.46	7.47
231210	3	5	10.5	1	1	12.3	12.3	24.7	0.23	0.16	0.16	1	0.81	10.7	12	100	98	98	100	98	98	6.34	6.32	6.30
231210	3	6	10.5	1	5	10.7	10.7	22.2	0.18	0.13	0.14	2	0.94	10.7	6	100	98	98	100	98	98	4.67	4.68	4.70
231210	3	7	10.5	1	3	12.9	12.9	25.6	0.23	0.17	0.17	1	0.98	10.7	3	100	98	98	100	98	98	9.03	9.02	9.02
231210	3	8	10.6	1	3	12.5	12.6	26.2	0.29	0.17	0.09	2	0.37	10.8	12	100	98	95	100	98	98	7.08	7.05	7.07
231210	3	9	10.6	1	8	13.6	13.6	28.0	0.28	0.25	0.17	3	0.65	10.8	8	100	98	98	100	98	98	7.91	7.91	7.91
231210	3	10	10.1	0	2	11.4	11.4	24.5	0.30	0.26	0.23	1	1.07	10.5	4	100	98	83	100	98	98	6.84	6.88	6.83
231210	4	1	10.6	1	6	13.5	14.7	2.41	0.20	0.23	0.16	1	0.73	10.5	5	100	98	98	100	98	98	5.87	5.91	5.91
231210	4	2	10.2	1	4	12.8	12.8	25.5	0.16	0.17	0.18	1	1.44	10.5	5	100	98	98	100	98	98	7.88	7.92	7.95
231210	4	3	10.4	1	3	14.1	14.1	28.2	0.14	0.20	0.11	2	0.52	10.5	4	100	98	98	100	98	98	7.95	7.98	7.95
231210	4	4	10.5	1	4	13.4	13.4	27.2	0.25	0.27	0.16	2	0.53	10.3	4	83	98	98	100	98	98	7.93	7.96	7.96
231210	4	5	10.1	0	3	14.7	14.7	28.8	0.15	0.17	0.15	2	0.82	10.4	3	100	98	98	100	98	98	9.57	9.59	9.55
231210	4	6	10.6	1	4	12.5	12.5	29.5	0.20	0.24	0.13	3	0.68	10.6	5	100	98	98	100	98	98	5.89	5.94	5.91
231210	4	7	10.7	1	6	10.9	11.2	25.8	0.19	0.16	0.08	3	0.60	10.6	4	100	98	98	100	98	98	8.03	8.09	8.09
231210	4	8	10.6	1	5	13.0	13.0	26.9	0.19	0.13	0.20	2	1.13	10.6	4	100	98	98	100	98	98	7.41	7.42	7.50
231210	4	9	10.5	1	6	14.1	14.1	30.7	0.15	0.22	0.13	1	0.95	10.7	6	100	98	98	100	98	98	7.42	7.47	7.49
231210	4	10	10.8	1	6	13.2	13.2	27.8	0.16	0.16	0.16	3	0.96	10.8	5	100	98	98	100	98	98	7.77	7.80	7.80
231210	5	1	10.3	1	8	13.3	13.3	26.3	0.12	0.12	0.16	1	1.23	10.5	8	100	98	98	100	98	98	7.56	7.59	7.58
231210	5	2	10.4	1	2	12.0	12.0	26.4	0.23	0.18	0.40	3	2.70	10.9	3	100	98	98	100	98	98	7.35	7.35	7.30
231210	5	3	10.8	1	4	13.1	13.1	26.6	0.20	0.12	0.18	3	1.37	10.8	3	100	98	98	100	98	98	6.75	6.76	6.76
231210	5	4	10.8	1	3	13.3	13.3	27.1	0.24	0.19	0.15	3	0.59	10.9	3	100	98	98	100	98	98	8.74	8.76	8.76
231210	5	5	10.9	1	12	14.3	14.3	27.5	0.18	0.20	0.16	2	0.66	10.8	1	100	98	98	100	98	98	10.29	10.28	10.28
231210	5	6	10.2	1	1	14.9	14.9	29.6	0.13	0.27	0.33	1	2.26	10.9	3	100	98	80	100	98	98	10.62	10.62	10.41
231210	5	7	10.6	1	6	20.4	20.4	37.1	0.27	0.12	0.18	3	1.33	10.8	5	100	98	98	100	98	98	9.86	9.88	9.90
231210	5	8	10.1	0	8	12.8	12.8	26.1	0.22	0.28	0.18	1	1.07	10.6	10	100	98	88	100	98	98	7.54	7.53	7.54
231210	5	9	10.6	1	10	15.9	22.0	40.4	0.17	0.23	0.13	3	0.66	10.7	11	100	98	98	100	98	98	12.18	12.16	12.16
231210	5	10	10.9	1	7	13.3	14.3	35.6	0.10	0.17	0.16	2	1.37	10.9	12	100	98	98	100	98	98	9.36	9.36	9.39
231210	6	1	10.6	1	3	29.4	38.4	3.00	0.21	0.36	0.17	2	0.75	10.7	4	100	98	98	100	98	98	9.00	9.03	9.02
231210	6	2	10.6	1	4	13.1	13.1	25.6	0.18	0.17	0.12	2	0.66	10.7	4	100	98	98	100	98	98	7.88	7.91	7.91
231210	6	3	10.5	1	2	14.6	14.6	28.9	0.20	0.25	0.19	2	0.92	10.8	1	100	98	98	100	98	98	9.59	9.57	9.55
231210	6	4	10.1	0	10	13.1	13.1	27.7	0.18	0.16	0.27	1	1.87	10.6	9	100	98	98	100	98	98	8.49	8.49	8.46
231210	6	5	10.7	1	7	13.4	13.4	29.6	0.16	0.19	0.07	2	0.42	10.9	1	100	98	98	100	98	98	8.21	8.19	8.23
231210	6	6	10.5	1	3	12.0	12.0	24.0	0.23	0.14	0.20	2	1.11	10.6	3	100	98	98	100	98	98	6.71	6.74	6.74
231210	6	7	10.8	1	4	14.2	14.2	27.9	0.21	0.27	0.13	3	0.52	10.7	2	100	98	98	100	98	98	7.75	7.75	7.77
231210	6	8	10.5	1	8	13.3	13.3	25.8	0.17	0.15	0.24	3	1.37	10.8	8	100	98	98	100	98	98	9.53	9.53	9.53
231210	6	9	10.2	1	2	32.9	33.2	57.0	0.17	0.28	0.20	2	1.05	10.5	2	95	98	98	100	98	98	12.44	12.44	12.42
231210	6	10	10.7	1	7	12.9	15.8	31.6	0.16	0.21	0.10	3	0.52	10.8	1	100	98	98	100	98	98	7.54	7.53	7.56
231210	7	1	10.1	0	2	12.2	12.2	23.6	0.25	0.19	0.27	1	1.17	10.5	2	98	98	95	100	98	98	6.71	6.71	6.67
231210	7	2	10.6	1	3	14.5	19.3	36.3	0.22	0.25	0.25	2	0.98	10.8	6	100	98	98	100	98	98	10.08	10.10	10.08
231210	7	3	10.6	1	4	13.8	13.8	27.0	0.17	0.27	0.23	3	1.68	10.9	1	100	98	98	100	98	98	8.96	8.96	8.97
231210	7	4	10.6	1	11	13.9	13.9	27.3	0.16	0.16	0.15	3	0.91	10.7	10	100	98	98	100	98	98	10.14	10.12	10.11
231210	7	5	10.4	1	9	15.5	15.5	31.8	0.21	0.17	0.20	3	1.05	10.5	9	100	98	98	100	98	98	10.80	10.77	10.77
231210	7	6	10.6	1	11	15.1	15.1	28.6	0.24	0.15	0.15	3	0.97	10.7	1	100	98	98	100	98	98	9.60	9.57	9.55
231210	7	7	10.6	1	7	12.8	12.8	25.2	0.20	0.19	0.12	2	0.77	10.7	7	100	98	98	100	98	98	8.46	8.47	8.49
231210	7	8	10.0	0	7	11.9	11.9	24.1	0.26	0.25	0.19	1	0.89	10.5	7	89	98	92	100	98	98	6.72	6.78	6.79
231210	7	9	10.6	1	2	14.0	20.8	39.2	0.18	0.27	0.15	2	0.77	10.9	4	100	98	98	100	98	98	5.83	5.85	5.80
231210	7	10	10.8	1	4	13.9	13.9	26.3	0.20	0.17	0.22	2	1.28	10.7	6	100	98	98	100	98	98	9.15	9.22	9.22
