Marko	Ilmakiv‰‰ri
Date	Series	Shot	Hit	X ring	Sector	On	Total	Int.(s)			Trigger			COG		Fine %			Rough %			Hold time (s)
						target	time 		dev X	dev Y	ATV	TIRE	RTV	Hit	Sector	Target	COG	Hit	Target	COG	Hit	Target	COG	Hit
231119	1	1	10.2	1	12	12.5	13.9	0.0	0.22	0.24	0.20	1	0.89	10.3	11	91	98	98	100	98	98	5.59	5.57	5.57
231119	1	2	10.1	0	12	12.7	12.7	24.5	0.16	0.27	0.14	2	0.69	10.3	1	89	98	98	100	98	98	7.08	7.05	7.04
231119	1	3	10.3	1	10	10.7	10.7	23.2	0.15	0.16	0.13	3	1.01	10.1	11	85	98	98	100	98	98	6.64	6.62	6.64
231119	1	4	10.1	0	11	11.8	11.8	23.4	0.10	0.10	0.10	3	1.13	10.0	11	71	98	98	100	98	98	8.07	7.70	7.79
231119	1	5	10.0	0	1	9.9	10.7	22.6	0.13	0.35	0.12	3	0.76	10.2	1	79	98	98	100	98	98	6.15	6.04	6.01
231119	1	6	10.2	1	1	10.9	10.9	22.3	0.17	0.30	0.10	3	0.50	10.3	1	92	98	98	100	98	98	5.58	5.31	5.25
231119	1	7	9.9	0	12	11.5	11.5	24.3	0.16	0.29	0.13	2	0.56	9.9	12	47	98	98	100	98	98	7.35	7.08	7.08
231119	1	8	10.5	1	1	9.8	9.8	21.4	0.20	0.33	0.13	3	0.55	10.5	12	94	98	98	100	98	98	4.14	4.08	4.08
231119	1	9	10.4	1	1	10.9	10.9	21.8	0.20	0.19	0.13	3	0.57	10.2	1	91	98	98	100	98	98	5.78	5.52	5.59
231119	1	10	10.4	1	2	13.1	13.1	24.5	0.24	0.23	0.17	3	0.90	10.2	1	88	98	98	100	98	98	7.37	7.23	7.32
231119	2	1	10.6	1	11	14.3	20.3	8.16	0.18	0.27	0.09	3	0.43	10.7	11	100	98	98	100	98	98	5.67	5.66	5.66
231119	2	2	10.4	1	1	16.4	18.0	31.5	0.23	0.22	0.21	3	0.73	10.3	12	91	98	98	100	98	98	4.42	4.35	4.37
231119	2	3	10.7	1	11	15.8	15.9	29.6	0.27	0.17	0.15	3	0.79	10.3	12	92	98	98	100	98	98	6.15	6.09	6.15
231119	2	4	10.4	1	10	16.8	16.8	29.3	0.12	0.14	0.08	2	0.52	10.3	10	100	98	98	100	98	98	5.61	5.54	5.54
231119	2	5	10.0	0	11	12.1	12.1	24.1	0.10	0.20	0.07	3	0.49	10.1	11	71	98	98	100	98	98	6.42	6.09	6.15
231119	2	6	10.4	1	12	16.7	32.6	1.05	0.14	0.28	0.26	2	1.49	10.0	12	62	98	92	100	98	98	6.13	6.08	6.11
231119	2	7	10.1	0	11	11.5	11.5	23.2	0.20	0.28	0.22	2	1.40	10.4	12	95	98	98	100	98	98	5.03	5.00	4.98
231119	2	8	10.1	0	12	10.7	30.4	54.3	0.27	0.27	0.13	3	0.40	9.9	12	52	98	98	100	98	98	6.32	6.21	6.22
231119	2	9	10.0	0	1	10.5	13.2	27.5	0.14	0.22	0.14	3	0.96	10.0	12	61	98	98	100	98	98	5.94	5.75	5.75
231119	2	10	10.5	1	11	11.2	11.9	24.9	0.25	0.21	0.26	2	1.03	10.3	12	89	98	98	100	98	98	3.02	2.81	2.85
231119	3	1	10.1	0	1	11.1	21.4	3.31	0.19	0.14	0.18	3	1.19	10.1	2	70	98	98	100	98	98	4.07	4.02	4.00
231119	3	2	10.0	0	1	11.6	12.7	27.2	0.11	0.26	0.22	1	1.62	10.3	2	88	98	98	100	98	98	4.46	4.42	4.41
231119	3	3	10.7	1	3	13.0	13.0	27.4	0.18	0.33	0.15	3	0.67	10.7	3	100	98	98	100	98	98	5.24	5.25	5.24
231119	3	4	10.3	1	4	11.9	11.9	24.8	0.22	0.13	0.12	1	0.86	10.4	3	94	98	98	100	98	98	4.68	4.68	4.70
231119	3	5	10.7	1	2	12.3	12.3	25.4	0.23	0.19	0.14	3	0.89	10.7	2	100	98	98	100	98	98	5.45	5.45	5.45
231119	3	6	10.6	1	1	11.9	11.9	25.6	0.14	0.35	0.14	3	0.78	10.7	4	100	98	98	100	98	98	4.62	4.65	4.59
231119	3	7	10.6	1	1	11.5	11.5	24.1	0.21	0.23	0.13	2	0.77	10.7	3	100	98	98	100	98	98	4.33	4.32	4.23
231119	3	8	10.8	1	3	11.3	11.3	23.3	0.14	0.18	0.08	1	0.37	10.7	4	100	98	98	100	98	98	4.74	4.74	4.74
231119	3	9	10.3	1	4	10.8	10.8	22.7	0.30	0.18	0.15	1	0.99	10.4	5	98	98	98	100	98	98	3.09	3.18	3.17
231119	3	10	10.5	1	12	14.6	14.6	25.9	0.20	0.30	0.15	3	0.64	10.4	12	91	98	98	100	98	98	6.22	6.00	6.12
231119	4	1	10.0	0	2	12.7	26.6	6.27	0.22	0.34	0.14	1	0.84	10.3	2	92	98	88	100	98	98	3.84	3.84	3.81
231119	4	2	9.8	0	1	13.4	13.4	24.3	0.24	0.23	0.24	1	1.25	10.3	1	86	98	97	100	98	98	4.95	4.84	4.74
231119	4	3	10.5	1	12	10.9	10.9	22.8	0.20	0.36	0.23	1	1.54	10.7	3	100	98	98	100	98	98	4.49	4.44	4.39
231119	4	4	10.4	1	2	10.8	10.8	21.9	0.11	0.32	0.12	3	0.75	10.1	1	77	98	88	100	98	98	4.72	4.49	4.70
231119	4	5	10.1	0	1	12.1	12.1	24.2	0.12	0.17	0.08	3	0.57	10.0	1	67	98	98	100	98	98	5.78	5.61	5.64
231119	4	6	10.4	1	1	12.5	12.5	27.0	0.16	0.25	0.14	3	0.63	10.2	1	82	98	98	100	98	98	5.50	5.37	5.45
231119	4	7	10.3	1	1	11.9	11.9	23.6	0.14	0.15	0.16	1	1.46	10.3	1	94	98	98	100	98	98	4.63	4.61	4.61
231119	4	8	10.3	1	2	11.5	11.5	23.9	0.19	0.17	0.09	3	0.59	10.3	1	98	98	98	100	98	98	5.58	5.54	5.55
231119	4	9	10.1	0	1	11.0	11.0	23.1	0.15	0.28	0.11	3	0.62	10.1	1	50	98	98	100	98	98	4.98	4.89	4.91
231119	4	10	10.1	0	1	8.2	11.5	28.0	0.30	0.35	0.10	1	0.68	10.3	2	89	98	95	100	98	98	4.26	4.23	4.20
231119	5	1	10.3	1	12	14.7	18.4	1.52	0.19	0.33	0.13	2	0.69	10.7	12	100	98	98	100	98	98	5.67	5.42	5.34
231119	5	2	10.7	1	11	11.3	11.3	24.2	0.20	0.25	0.16	1	1.34	10.9	1	100	98	98	100	98	98	4.41	4.41	4.39
231119	5	3	10.8	1	5	12.5	12.5	25.6	0.20	0.18	0.18	3	0.81	10.8	1	100	98	98	100	98	98	6.27	6.25	6.30
231119	5	4	10.5	1	3	12.0	12.0	25.0	0.21	0.19	0.14	1	0.75	10.7	3	100	98	98	100	98	98	5.31	5.29	5.31
231119	5	5	10.8	1	10	11.8	11.8	24.2	0.15	0.16	0.07	3	0.58	10.7	1	100	98	98	100	98	98	5.25	5.16	5.19
231119	5	6	10.7	1	1	11.6	11.6	23.7	0.12	0.17	0.17	3	1.34	10.7	1	100	98	98	100	98	98	5.78	5.76	5.76
231119	5	7	10.9	1	1	12.9	12.9	26.2	0.22	0.20	0.26	3	1.91	10.4	1	97	98	98	100	98	98	6.54	6.29	6.54
231119	5	8	10.7	1	3	11.8	11.8	24.0	0.12	0.15	0.14	2	0.85	10.5	2	100	98	98	100	98	98	6.13	6.11	6.13
231119	5	9	10.7	1	1	12.2	12.2	24.5	0.26	0.12	0.22	3	1.06	10.6	1	100	98	98	100	98	98	6.66	6.55	6.55
231119	5	10	10.1	0	1	12.5	12.5	25.3	0.21	0.31	0.06	3	0.28	10.2	1	82	98	98	100	98	98	7.14	7.07	7.05
231119	6	1	10.6	1	3	14.3	15.0	1.59	0.17	0.19	0.21	3	1.13	10.8	3	100	98	98	100	98	98	6.58	6.58	6.58
231119	6	2	10.8	1	8	10.4	10.4	21.4	0.10	0.21	0.13	1	0.95	10.8	9	100	98	98	100	98	98	4.82	4.82	4.82
231119	6	3	10.7	1	4	11.3	11.3	23.6	0.17	0.12	0.12	3	0.83	10.8	6	100	98	98	100	98	98	6.32	6.34	6.34
231119	6	4	10.7	1	1	11.6	11.6	24.2	0.17	0.17	0.14	2	0.78	10.8	1	100	98	98	100	98	98	6.32	6.30	6.30
231119	6	5	10.1	0	8	18.6	18.6	34.8	0.18	0.20	0.30	2	2.30	10.9	7	100	98	85	100	98	98	6.86	6.86	6.87
231119	6	6	10.5	1	12	13.4	13.4	28.7	0.23	0.12	0.22	3	2.22	10.5	2	100	98	97	100	98	98	7.07	7.05	7.00
231119	6	7	10.7	1	3	18.3	18.3	35.2	0.17	0.20	0.06	3	0.34	10.5	2	100	98	98	100	98	98	4.39	4.37	4.38
231119	6	8	10.8	1	6	11.5	11.5	24.3	0.19	0.21	0.17	2	0.79	10.7	4	100	98	98	100	98	98	7.12	7.16	7.49
231119	6	9	10.5	1	2	13.2	13.2	27.6	0.26	0.19	0.13	2	0.71	10.7	2	100	98	98	100	98	98	7.80	7.72	7.72
231119	6	10	10.6	1	4	12.8	12.8	27.3	0.11	0.20	0.13	1	0.88	10.6	3	100	98	98	100	98	98	7.21	7.21	7.23
231119	7	1	10.7	1	2	18.4	18.6	2.21	0.23	0.16	0.17	1	1.77	10.9	1	100	98	98	100	98	98	5.29	5.28	5.28
231119	7	2	10.4	1	2	12.1	12.3	24.6	0.19	0.16	0.13	2	0.77	10.6	2	100	98	98	100	98	98	5.22	5.21	5.21
231119	7	3	10.6	1	4	10.3	10.3	22.1	0.23	0.13	0.18	3	0.96	10.5	4	100	98	98	100	98	98	3.92	3.94	3.94
231119	7	4	10.9	1	7	11.1	11.2	23.1	0.37	0.12	0.23	1	1.29	10.6	3	100	98	98	100	98	98	4.96	4.96	4.98
231119	7	5	10.8	1	2	10.3	10.3	22.6	0.21	0.17	0.18	3	1.04	10.8	4	100	98	98	100	98	98	4.14	4.14	4.14
231119	7	6	10.7	1	6	7.5	21.2	39.6	0.18	0.21	0.11	3	0.71	10.7	3	100	98	98	100	98	98	6.64	6.64	6.69
231119	7	7	10.8	1	4	12.5	12.5	24.9	0.24	0.22	0.12	3	0.69	10.6	2	100	98	98	100	98	98	7.54	7.54	7.56
231119	7	8	10.8	1	4	13.0	13.0	25.9	0.26	0.19	0.17	2	0.94	10.7	4	100	98	98	100	98	98	6.57	6.60	6.58
231119	7	9	10.6	1	6	12.7	12.7	25.2	0.15	0.20	0.11	2	1.05	10.7	4	100	98	98	100	98	98	6.25	6.27	6.29
231119	7	10	10.4	1	4	10.9	10.9	23.4	0.32	0.21	0.13	3	0.75	10.0	4	64	98	91	100	98	98	4.17	4.33	4.37
231119	8	1	10.5	1	1	9.8	19.8	2.52	0.18	0.17	0.25	3	1.33	10.3	3	98	98	98	100	98	98	4.23	4.21	4.18
231119	8	2	10.4	1	3	10.4	16.0	30.3	0.18	0.17	0.07	2	0.33	10.3	3	86	98	98	100	98	98	6.21	6.24	6.30
231119	8	3	10.4	1	3	13.3	13.5	26.5	0.14	0.15	0.16	2	1.24	10.5	4	100	98	98	100	98	98	4.95	4.95	4.92
231119	8	4	10.6	1	7	11.5	11.5	24.3	0.15	0.22	0.11	3	0.49	10.6	7	100	98	98	100	98	98	6.53	6.54	6.55
231119	8	5	10.6	1	4	10.6	10.6	22.6	0.12	0.20	0.12	2	0.67	10.6	4	100	98	98	100	98	98	4.80	4.80	4.82
231119	8	6	10.5	1	4	11.4	11.4	22.9	0.13	0.24	0.12	3	1.14	10.4	3	100	98	98	100	98	98	5.61	5.64	5.68
231119	8	7	10.8	1	4	11.7	11.7	25.4	0.15	0.15	0.11	3	0.72	10.7	3	100	98	98	100	98	98	6.12	6.12	6.12
231119	8	8	10.4	1	5	18.2	18.2	33.9	0.17	0.13	0.16	3	1.14	10.4	5	100	98	98	100	98	98	5.79	5.83	5.83
231119	8	9	10.7	1	4	11.9	11.9	23.9	0.20	0.20	0.15	2	0.63	10.5	3	100	98	98	100	98	98	5.76	5.73	5.88
231119	8	10	10.3	1	1	12.9	12.9	25.7	0.10	0.14	0.21	3	1.99	10.6	4	100	98	98	100	98	98	7.00	7.08	6.96
