Marko	Ilmakiv‰‰ri
Date	Series	Shot	Hit	X ring	Sector	On	Total	Int.(s)			Trigger			COG		Fine %			Rough %			Hold time (s)
						target	time 		dev X	dev Y	ATV	TIRE	RTV	Hit	Sector	Target	COG	Hit	Target	COG	Hit	Target	COG	Hit
251017	1	1	10.7	1	1	11.9	48.3	0.0	0.20	0.19	0.10	3	0.42	10.5	12	100	98	98	100	98	98	11.03	10.89	11.01
251017	1	2	10.5	1	12	15.2	15.2	29.7	0.15	0.18	0.16	3	1.02	10.4	12	95	98	98	100	98	98	9.88	9.73	9.81
251017	1	3	10.3	1	10	11.2	11.2	25.2	0.17	0.18	0.13	3	0.84	10.4	11	98	98	98	100	98	98	9.69	9.53	9.53
251017	1	4	10.4	1	12	11.2	11.2	25.1	0.19	0.18	0.05	2	0.23	10.5	11	97	98	98	100	98	98	9.39	9.16	9.16
251017	1	5	10.4	1	12	12.4	12.4	26.6	0.20	0.17	0.18	1	1.37	10.5	10	100	98	98	100	98	98	10.80	10.68	10.65
251017	1	6	10.2	1	8	11.2	11.2	24.9	0.21	0.20	0.33	2	1.88	10.7	9	100	98	98	100	98	98	9.79	9.79	9.81
251017	1	7	10.6	1	4	19.1	19.1	37.0	0.21	0.25	0.19	3	1.31	10.9	4	100	98	97	100	98	98	12.07	12.07	12.07
251017	1	8	10.4	1	2	12.4	12.4	24.6	0.13	0.14	0.08	2	0.60	10.6	1	100	98	98	100	98	98	9.97	9.96	9.96
251017	1	9	10.4	1	8	11.8	11.8	24.5	0.35	0.27	0.27	3	1.21	10.6	6	97	98	88	100	98	98	6.13	6.24	6.13
251017	1	10	10.8	1	7	14.0	14.0	29.4	0.19	0.13	0.17	1	0.71	10.8	5	100	98	98	100	98	98	11.82	11.84	11.84
251017	2	1	10.6	1	4	12.1	13.1	27.0	0.13	0.18	0.07	3	0.37	10.6	3	100	98	98	100	98	98	10.43	10.43	10.44
251017	2	2	10.7	1	6	11.4	11.9	24.7	0.17	0.14	0.10	3	0.62	10.8	1	100	98	98	100	98	98	10.89	10.86	10.92
251017	2	3	10.4	1	2	13.5	13.5	27.0	0.19	0.23	0.07	3	0.51	10.4	1	100	98	98	100	98	98	12.62	12.55	12.62
251017	2	4	10.7	1	8	10.0	15.8	37.6	0.24	0.14	0.19	2	0.83	10.8	4	100	98	98	100	98	98	10.01	10.02	10.01
251017	2	5	10.8	1	2	13.4	13.4	26.1	0.15	0.15	0.07	3	0.48	10.8	1	100	98	98	100	98	98	11.58	11.56	11.58
251017	2	6	10.7	1	4	14.2	14.2	27.8	0.18	0.21	0.07	2	0.39	10.6	2	100	98	98	100	98	98	12.60	12.62	12.62
251017	2	7	10.4	1	12	15.7	15.7	29.9	0.16	0.24	0.11	1	0.67	10.6	1	100	98	98	100	98	98	11.23	11.21	11.19
251017	2	8	10.8	1	8	17.1	17.1	32.7	0.29	0.22	0.25	3	1.18	10.8	3	100	98	98	100	98	98	9.71	9.73	9.62
251017	2	9	10.8	1	4	12.9	12.9	26.1	0.27	0.13	0.22	2	1.22	10.6	3	100	98	98	100	98	98	11.31	11.34	11.34
251017	2	10	10.1	0	4	13.2	14.1	28.4	0.18	0.13	0.16	2	1.03	10.4	5	100	98	98	100	98	98	11.65	11.87	11.89
251017	3	1	9.8	0	4	15.3	16.4	38.7	0.28	0.17	0.16	1	0.72	10.3	4	77	98	97	100	98	98	12.63	12.73	12.95
251017	3	2	10.6	1	8	12.3	12.3	28.0	0.18	0.22	0.12	1	0.69	10.6	8	100	98	98	100	98	98	11.64	11.65	11.65
251017	3	3	10.7	1	5	12.4	12.4	25.2	0.22	0.12	0.23	3	1.07	10.7	6	100	98	98	100	98	98	11.09	11.12	11.12
251017	3	4	10.9	1	4	13.1	13.1	26.4	0.23	0.24	0.11	3	0.61	10.9	2	100	98	98	100	98	98	11.55	11.55	11.55
251017	3	5	10.7	1	6	17.1	18.2	33.5	0.19	0.24	0.11	3	0.83	10.7	3	100	98	98	100	98	98	10.96	10.95	10.98
251017	3	6	10.8	1	10	12.9	12.9	26.2	0.13	0.15	0.16	3	1.25	10.8	8	100	98	98	100	98	98	11.61	11.71	11.61
251017	3	7	10.4	1	1	12.8	12.8	25.4	0.23	0.09	0.32	3	2.31	10.7	11	100	98	98	100	98	98	10.41	10.37	10.28
251017	3	8	10.5	1	5	15.0	15.0	29.0	0.23	0.13	0.19	2	0.72	10.5	3	100	98	98	100	98	98	13.47	13.47	13.47
251017	3	9	10.7	1	7	14.2	14.2	28.3	0.17	0.16	0.17	2	0.96	10.8	4	100	98	98	100	98	98	13.41	13.41	13.41
251017	3	10	10.0	0	7	13.0	13.0	25.5	0.34	0.18	0.24	1	1.28	10.4	5	91	98	83	100	98	98	10.92	11.12	11.12
251017	4	1	10.3	1	2	23.1	25.2	3.37	0.18	0.19	0.08	2	0.42	10.5	1	100	98	98	100	98	98	11.74	11.56	11.55
251017	4	2	10.6	1	7	14.0	14.1	34.0	0.18	0.16	0.09	3	0.66	10.6	8	100	98	98	100	98	98	12.78	12.81	12.86
251017	4	3	10.6	1	8	12.3	12.3	26.3	0.17	0.14	0.22	3	1.65	10.6	8	100	98	98	100	98	98	10.57	10.57	10.57
251017	4	4	10.8	1	2	13.9	13.9	29.6	0.17	0.17	0.09	3	0.49	10.9	1	100	98	98	100	98	98	12.51	12.49	12.49
251017	4	5	10.7	1	6	15.2	15.2	30.0	0.18	0.14	0.11	2	0.64	10.8	7	100	98	98	100	98	98	13.48	13.48	13.48
251017	4	6	10.7	1	4	11.3	11.3	24.7	0.21	0.17	0.05	3	0.21	10.8	5	100	98	98	100	98	98	7.80	7.82	7.82
251017	4	7	10.5	1	8	13.3	13.3	27.4	0.22	0.23	0.30	3	1.32	10.9	10	100	98	98	100	98	98	10.06	10.06	10.08
251017	4	8	10.7	1	8	17.1	17.5	34.1	0.20	0.18	0.06	2	0.26	10.7	9	100	98	98	100	98	98	13.28	13.28	13.28
251017	4	9	10.9	1	6	16.7	16.7	31.6	0.15	0.25	0.15	1	0.76	10.9	7	100	98	98	100	98	98	12.26	12.60	12.60
251017	4	10	10.8	1	11	15.5	15.5	31.5	0.14	0.15	0.08	3	0.44	10.8	11	100	98	98	100	98	98	12.35	12.31	12.31
251017	5	1	10.4	1	8	16.3	16.3	33.1	0.11	0.16	0.09	1	0.60	10.7	8	100	98	98	100	98	98	13.20	13.20	13.21
251017	5	2	10.4	1	8	17.3	17.4	33.7	0.14	0.18	0.10	1	0.61	10.6	8	100	98	98	100	98	98	13.61	13.61	13.61
251017	5	3	10.4	1	9	18.2	18.2	38.5	0.17	0.16	0.17	3	0.92	10.7	10	100	98	98	100	98	98	13.46	13.46	13.46
251017	5	4	10.9	1	5	17.2	17.2	34.2	0.10	0.13	0.17	3	2.05	10.7	6	100	98	98	100	98	98	13.04	13.12	13.04
251017	5	5	10.8	1	8	17.6	17.7	33.4	0.14	0.16	0.06	3	0.69	10.6	11	100	98	98	100	98	98	13.47	13.47	13.47
251017	5	6	10.5	1	10	17.5	17.5	33.4	0.13	0.26	0.13	3	0.69	10.6	11	100	98	98	100	98	98	13.72	13.72	13.72
251017	5	7	10.9	1	1	19.1	19.1	38.2	0.11	0.15	0.11	3	1.00	10.7	1	100	98	98	100	98	98	13.65	13.65	13.65
251017	5	8	10.4	1	1	17.2	17.2	32.7	0.16	0.21	0.10	2	0.95	10.6	12	100	98	98	100	98	98	13.59	13.59	13.59
251017	5	9	9.9	0	12	16.7	16.8	32.9	0.12	0.21	0.24	1	2.43	10.5	1	97	98	98	100	98	98	12.13	12.09	12.00
251017	5	10	10.4	1	3	16.1	19.4	50.0	0.24	0.28	0.12	3	0.74	10.0	2	55	98	91	100	98	98	13.62	13.62	13.62
251017	6	1	10.2	1	2	16.9	16.9	38.5	0.13	0.20	0.08	2	0.54	10.4	2	100	98	98	100	98	98	13.63	13.63	13.63
251017	6	2	10.7	1	4	16.9	16.9	32.2	0.17	0.17	0.08	2	0.63	10.7	1	100	98	98	100	98	98	13.65	13.65	13.65
251017	6	3	10.6	1	10	14.6	14.6	28.2	0.11	0.15	0.10	3	0.74	10.6	11	100	98	98	100	98	98	11.52	11.41	11.43
251017	6	4	10.7	1	11	14.9	14.9	29.4	0.12	0.21	0.09	3	0.58	10.7	12	100	98	98	100	98	98	13.38	13.14	13.30
251017	6	5	10.7	1	12	17.1	17.1	32.9	0.20	0.19	0.26	3	1.17	10.8	12	100	98	98	100	98	98	13.65	13.65	13.65
251017	6	6	10.9	1	3	15.2	15.2	29.5	0.12	0.18	0.15	3	1.18	10.8	12	100	98	98	100	98	98	12.66	12.64	12.66
251017	6	7	10.7	1	3	13.6	18.9	35.5	0.15	0.20	0.24	2	2.21	10.3	2	100	98	98	100	98	98	13.59	13.59	13.59
251017	6	8	10.8	1	3	20.5	20.5	37.8	0.12	0.15	0.10	3	0.72	10.8	2	100	98	98	100	98	98	13.47	13.47	13.47
251017	6	9	10.2	1	4	15.7	15.8	30.2	0.21	0.15	0.29	1	4.39	10.9	6	100	98	88	100	98	98	11.10	11.10	11.12
251017	6	10	10.6	1	1	18.5	18.5	36.1	0.23	0.21	0.15	2	0.90	10.7	11	100	98	98	100	98	98	13.14	13.14	13.14
