Marko	Ilmakiv‰‰ri
Date	Series	Shot	Hit	X ring	Sector	On	Total	Int.(s)			Trigger			COG		Fine %			Rough %			Hold time (s)
						target	time 		dev X	dev Y	ATV	TIRE	RTV	Hit	Sector	Target	COG	Hit	Target	COG	Hit	Target	COG	Hit
251220	1	1	10.3	1	11	20.2	20.5	0.0	0.28	0.21	0.26	1	2.10	10.9	8	100	98	86	100	98	98	10.06	10.06	10.01
251220	1	2	10.6	1	2	13.2	13.3	28.7	0.17	0.16	0.14	3	1.03	10.7	10	100	98	98	100	98	98	8.89	8.85	8.85
251220	1	3	10.7	1	8	13.6	13.7	28.6	0.24	0.18	0.16	3	0.86	10.8	8	100	98	98	100	98	98	10.57	10.62	10.63
251220	1	4	10.4	1	3	15.0	15.0	29.0	0.21	0.13	0.22	1	1.80	10.7	2	100	98	98	100	98	98	11.70	11.70	11.73
251220	1	5	10.6	1	9	14.4	14.4	28.4	0.20	0.19	0.15	3	1.03	10.8	7	100	98	98	100	98	98	9.46	9.46	9.39
251220	1	6	10.6	1	9	14.4	14.4	28.7	0.21	0.29	0.09	2	0.43	10.7	9	100	98	98	100	98	98	10.85	10.83	10.83
251220	1	7	10.3	1	4	13.6	13.6	28.7	0.19	0.25	0.23	2	1.34	10.5	5	100	98	98	100	98	98	9.87	9.90	9.90
251220	1	8	10.7	1	3	12.1	12.2	25.6	0.18	0.25	0.17	2	0.88	10.7	3	100	98	98	100	98	98	8.40	8.41	8.41
251220	1	9	10.8	1	9	19.6	19.6	35.8	0.23	0.24	0.13	3	0.77	10.8	6	100	98	98	100	98	98	13.66	13.66	13.66
251220	1	10	10.2	1	8	17.2	17.2	33.5	0.24	0.26	0.31	1	1.48	10.5	5	95	98	77	100	98	98	11.74	11.74	11.74
251220	2	1	10.6	1	6	17.0	17.0	33.1	0.17	0.27	0.15	2	0.84	10.6	6	100	98	98	100	98	98	13.34	13.34	13.34
251220	2	2	10.8	1	10	15.1	15.1	30.5	0.31	0.21	0.22	3	1.33	10.7	6	100	98	98	100	98	98	11.69	11.80	11.67
251220	2	3	10.6	1	5	29.6	29.6	50.8	0.13	0.20	0.13	1	0.99	10.8	4	100	98	98	100	98	98	11.54	11.55	11.58
251220	2	4	10.3	1	12	15.8	15.8	30.4	0.21	0.26	0.24	1	1.03	10.4	2	98	98	98	100	98	98	13.14	13.14	13.11
251220	2	5	10.8	1	2	16.0	16.0	30.8	0.17	0.21	0.14	1	0.57	10.6	2	100	98	98	100	98	98	13.66	13.66	13.66
251220	2	6	10.7	1	4	16.9	16.9	31.7	0.18	0.20	0.14	1	0.76	10.7	3	100	98	98	100	98	98	13.74	13.74	13.74
251220	2	7	10.7	1	2	15.6	15.6	29.9	0.21	0.16	0.06	3	0.36	10.7	1	100	98	98	100	98	98	12.81	12.81	12.81
251220	2	8	10.8	1	6	15.7	15.7	30.1	0.23	0.16	0.15	3	1.02	10.8	10	100	98	98	100	98	98	13.24	13.24	13.24
251220	2	9	10.3	1	4	16.2	16.2	31.0	0.16	0.16	0.06	2	0.34	10.4	4	100	98	98	100	98	98	13.50	13.50	13.50
251220	2	10	10.7	1	11	16.0	16.0	30.7	0.41	0.19	0.28	3	1.78	10.7	4	100	98	94	100	98	98	13.32	13.32	13.32
251220	3	1	10.4	1	4	16.5	16.5	32.3	0.21	0.17	0.16	2	0.94	10.3	4	100	98	98	100	98	98	13.63	13.63	13.63
251220	3	2	10.6	1	2	12.3	12.3	25.6	0.20	0.16	0.07	1	0.43	10.6	3	100	98	98	100	98	98	8.52	8.52	8.51
251220	3	3	10.3	1	3	16.4	16.4	31.0	0.12	0.22	0.11	2	1.09	10.2	3	100	98	98	100	98	98	13.47	13.47	13.47
251220	3	4	10.6	1	3	17.6	17.6	33.5	0.26	0.20	0.09	2	0.38	10.6	3	100	98	98	100	98	98	13.59	13.59	13.59
251220	3	5	10.7	1	2	17.9	17.9	34.5	0.27	0.20	0.11	3	0.44	10.7	1	100	98	98	100	98	98	13.70	13.70	13.70
251220	3	6	10.7	1	2	14.0	14.0	28.2	0.11	0.32	0.18	3	1.39	10.8	8	100	98	98	100	98	98	11.79	11.79	11.94
251220	3	7	10.7	1	12	13.4	13.4	27.5	0.41	0.24	0.17	2	0.59	10.9	0	94	92	91	100	98	98	12.02	12.02	12.02
251220	3	8	10.5	1	6	13.2	13.2	25.9	0.21	0.22	0.11	2	0.91	10.8	10	100	98	98	100	98	98	9.46	9.46	9.62
251220	3	9	10.6	1	12	15.5	15.5	29.4	0.25	0.33	0.10	2	0.42	10.7	2	100	98	98	100	98	98	13.77	13.77	13.77
251220	3	10	10.6	1	7	10.2	26.5	46.6	0.27	0.18	0.27	2	1.28	10.7	4	100	98	98	100	98	98	10.24	10.28	10.26
251220	4	1	10.9	1	5	20.1	20.1	3.46	0.22	0.20	0.19	2	1.00	10.6	4	100	98	98	100	98	98	11.38	11.40	11.40
251220	4	2	10.6	1	1	15.1	15.1	30.1	0.14	0.16	0.14	3	1.87	10.7	4	100	98	98	100	98	98	10.11	10.14	10.06
251220	4	3	10.7	1	5	15.6	15.6	30.1	0.16	0.18	0.08	3	0.46	10.7	6	100	98	98	100	98	98	12.40	12.40	12.40
251220	4	4	10.5	1	3	16.8	16.8	32.3	0.23	0.29	0.35	2	3.05	10.8	1	100	98	98	100	98	98	12.78	12.78	12.79
251220	4	5	10.7	1	3	15.0	15.0	30.5	0.14	0.22	0.07	1	0.48	10.9	5	100	98	98	100	98	98	11.22	11.23	11.22
251220	4	6	10.6	1	4	15.6	15.6	31.1	0.19	0.17	0.15	1	0.80	10.6	4	100	98	98	100	98	98	11.07	11.09	11.09
251220	4	7	10.5	1	2	16.0	16.0	31.0	0.17	0.16	0.14	1	0.80	10.8	1	100	98	98	100	98	98	12.84	12.82	12.82
251220	4	8	10.8	1	7	16.6	16.6	32.2	0.21	0.16	0.06	1	0.29	10.8	7	100	98	98	100	98	98	13.76	13.76	13.76
251220	4	9	10.8	1	4	33.7	33.7	57.6	0.13	0.10	0.12	3	1.29	10.6	2	100	98	98	100	98	98	13.46	13.46	13.46
251220	4	10	10.6	1	3	18.2	18.2	35.0	0.19	0.10	0.10	1	0.64	10.7	4	100	98	98	100	98	98	13.77	13.77	13.77
251220	5	1	10.6	1	1	15.1	15.2	30.4	0.16	0.13	0.18	1	1.62	10.7	3	100	98	98	100	98	98	11.64	11.64	11.58
251220	5	2	10.7	1	10	31.7	31.7	54.3	0.17	0.19	0.09	3	0.65	10.7	10	100	98	98	100	98	98	10.99	10.99	10.99
251220	5	3	10.5	1	2	13.7	13.7	27.9	0.18	0.25	0.09	2	0.62	10.6	2	100	98	98	100	98	98	9.63	9.62	9.60
251220	5	4	10.3	1	3	17.5	17.5	33.1	0.17	0.18	0.11	1	1.26	10.6	3	100	98	98	100	98	98	13.62	13.62	13.62
251220	5	5	10.6	1	7	16.8	16.8	34.1	0.15	0.20	0.11	3	1.07	10.8	2	100	98	98	100	98	98	13.72	13.72	13.72
251220	5	6	10.5	1	4	18.1	18.1	34.2	0.13	0.12	0.10	2	0.82	10.6	4	100	98	98	100	98	98	13.57	13.57	13.57
251220	5	7	10.5	1	5	16.8	16.8	33.8	0.21	0.22	0.13	2	0.60	10.4	6	100	98	98	100	98	98	13.70	13.70	13.70
251220	5	8	10.7	1	3	31.3	31.3	55.3	0.27	0.21	0.08	1	0.36	10.9	5	100	98	98	100	98	98	11.34	11.34	11.34
251220	5	9	10.8	1	9	24.3	24.3	44.4	0.27	0.18	0.18	2	0.96	10.8	5	100	98	98	100	98	98	11.80	11.80	11.80
251220	5	10	10.8	1	6	36.6	36.6	1.02	0.12	0.16	0.06	3	0.47	10.8	1	100	98	98	100	98	98	12.04	12.04	12.04
