Marko	Ilmakiv‰‰ri
Date	Series	Shot	Hit	X ring	Sector	On	Total	Int.(s)			Trigger			COG		Fine %			Rough %			Hold time (s)
						target	time 		dev X	dev Y	ATV	TIRE	RTV	Hit	Sector	Target	COG	Hit	Target	COG	Hit	Target	COG	Hit
250207	1	1	10.2	1	10	17.0	18.6	0.0	0.22	0.31	0.34	1	1.46	10.5	10	98	98	98	100	98	98	6.71	6.67	6.58
250207	1	2	10.6	1	8	10.7	10.7	22.9	0.16	0.15	0.26	3	2.21	10.8	7	100	98	98	100	98	98	7.74	7.75	7.79
250207	1	3	10.6	1	9	11.2	11.2	24.1	0.15	0.13	0.16	3	1.08	10.3	9	100	98	98	100	98	98	9.02	9.16	9.04
250207	1	4	10.3	1	8	9.0	9.0	20.7	0.19	0.13	0.21	3	1.40	10.4	8	100	98	98	100	98	98	4.89	4.93	4.93
250207	1	5	10.5	1	8	13.9	13.9	27.7	0.24	0.18	0.19	2	1.25	10.8	9	100	98	95	100	98	98	11.45	11.43	11.54
250207	1	6	10.9	1	7	10.9	10.9	24.1	0.16	0.17	0.14	3	0.73	10.5	7	100	98	98	100	98	98	8.19	8.32	8.19
250207	1	7	10.3	1	8	12.6	12.6	25.3	0.16	0.13	0.20	3	1.41	10.5	7	100	98	98	100	98	98	9.63	9.72	9.73
250207	1	8	10.6	1	6	12.1	12.1	25.6	0.16	0.15	0.11	1	0.88	10.7	6	100	98	98	100	98	98	9.72	9.75	9.78
250207	1	9	10.8	1	9	13.8	13.8	28.0	0.17	0.11	0.22	3	1.36	10.8	10	100	98	98	100	98	98	11.65	11.65	11.65
250207	1	10	10.6	1	10	13.0	13.0	27.1	0.17	0.14	0.16	3	1.00	10.7	11	100	98	98	100	98	98	11.09	11.04	11.05
250207	2	1	10.8	1	12	10.7	10.7	25.1	0.17	0.15	0.18	3	1.06	10.6	10	100	98	98	100	98	98	8.46	8.45	8.43
250207	2	2	10.5	1	4	9.8	9.8	20.9	0.17	0.18	0.19	1	0.98	10.8	5	100	98	98	100	98	98	6.72	6.75	6.75
250207	2	3	10.7	1	12	11.9	11.9	24.2	0.16	0.17	0.22	1	1.58	10.8	1	100	98	98	100	98	98	9.93	9.93	9.90
250207	2	4	10.5	1	8	13.1	13.1	26.2	0.18	0.14	0.18	3	0.87	10.8	9	100	98	98	100	98	98	10.66	10.66	10.70
250207	2	5	10.5	1	9	12.4	12.4	25.4	0.14	0.11	0.20	3	1.30	10.7	12	100	98	98	100	98	98	10.43	10.39	10.41
250207	2	6	10.6	1	11	14.1	14.1	27.2	0.15	0.11	0.15	3	1.00	10.7	11	100	98	98	100	98	98	11.80	11.73	11.71
250207	2	7	10.6	1	11	12.1	12.1	24.6	0.16	0.12	0.18	3	1.08	10.4	12	100	98	98	100	98	98	10.11	9.99	10.06
250207	2	8	10.6	1	12	9.9	9.9	21.6	0.20	0.11	0.11	3	0.64	10.4	12	100	98	98	100	98	98	7.46	7.42	7.44
250207	2	9	10.6	1	12	11.2	11.2	23.2	0.19	0.21	0.18	2	0.91	10.7	1	100	98	98	100	98	98	7.07	7.05	7.04
250207	2	10	10.5	1	11	13.7	13.7	28.3	0.20	0.12	0.22	2	1.42	10.6	12	100	98	98	100	98	98	10.95	10.94	10.92
250207	3	1	10.6	1	1	12.8	12.8	27.0	0.17	0.16	0.17	2	0.82	10.4	1	100	98	98	100	98	98	10.46	10.38	10.41
250207	3	2	10.6	1	12	20.7	20.7	38.4	0.13	0.11	0.17	1	1.16	10.6	12	100	98	98	100	98	98	9.53	9.46	9.46
250207	3	3	10.8	1	1	14.0	14.0	29.7	0.17	0.11	0.20	3	1.23	10.8	10	100	98	98	100	98	98	13.57	13.57	13.57
250207	3	4	10.7	1	10	13.4	13.4	27.1	0.14	0.12	0.10	3	0.66	10.8	9	100	98	98	100	98	98	12.04	12.04	12.04
250207	3	5	10.5	1	10	12.0	12.0	24.8	0.23	0.21	0.17	1	0.89	10.7	11	100	98	98	100	98	98	10.02	10.01	10.02
250207	3	6	10.5	1	3	10.4	10.4	22.5	0.20	0.11	0.09	1	0.58	10.8	2	100	98	98	100	98	98	6.81	6.79	6.79
250207	3	7	10.7	1	11	13.8	13.8	27.1	0.18	0.14	0.19	1	1.14	10.8	1	100	98	98	100	98	98	12.20	12.20	12.20
250207	3	8	10.4	1	2	10.9	10.9	22.9	0.16	0.17	0.15	2	0.87	10.5	2	100	98	98	100	98	98	8.70	8.67	8.67
250207	3	9	10.7	1	1	13.6	13.6	27.7	0.14	0.16	0.09	3	0.49	10.6	2	100	98	98	100	98	98	12.02	11.98	11.98
250207	3	10	10.4	1	2	14.2	14.2	28.6	0.14	0.15	0.15	2	1.29	10.5	2	100	98	98	100	98	98	12.49	12.42	12.42
250207	4	1	10.6	1	4	12.6	33.0	3.07	0.12	0.10	0.16	2	1.30	10.6	4	100	98	98	100	98	98	12.60	12.71	12.60
250207	4	2	10.4	1	2	10.4	10.4	22.5	0.13	0.11	0.11	3	0.82	10.5	2	100	98	98	100	98	98	8.97	8.91	8.88
250207	4	3	10.5	1	5	12.1	16.7	39.2	0.12	0.11	0.08	1	0.45	10.6	4	100	98	98	100	98	98	11.38	11.41	11.43
250207	4	4	10.4	1	1	10.8	10.8	23.3	0.18	0.10	0.15	1	1.31	10.7	12	100	98	98	100	98	98	9.24	9.22	9.21
250207	4	5	10.8	1	4	11.5	12.5	30.5	0.20	0.14	0.23	3	1.36	10.8	6	100	98	98	100	98	98	11.52	11.55	11.54
250207	4	6	10.7	1	9	11.7	11.7	25.4	0.10	0.12	0.19	3	1.63	10.8	10	100	98	98	100	98	98	10.06	10.06	10.06
250207	4	7	10.4	1	7	12.0	12.0	25.1	0.13	0.18	0.22	1	1.65	10.6	7	100	98	98	100	98	98	10.24	10.32	10.37
250207	4	8	10.3	1	8	14.3	14.3	28.9	0.18	0.14	0.23	2	1.44	10.6	8	100	98	98	100	98	98	12.54	12.54	12.54
250207	4	9	10.5	1	8	14.7	14.9	31.8	0.21	0.12	0.19	2	1.53	10.7	7	100	98	98	100	98	98	12.96	12.96	12.96
250207	4	10	10.5	1	8	14.3	14.3	29.3	0.16	0.10	0.12	3	0.71	10.6	8	100	98	98	100	98	98	13.24	13.26	13.26
250207	5	1	10.4	1	7	13.5	14.6	32.0	0.14	0.16	0.19	2	1.64	10.7	7	100	98	98	100	98	98	13.15	13.15	13.15
250207	5	2	10.6	1	10	13.3	13.3	30.9	0.15	0.16	0.16	1	1.01	10.8	11	100	98	98	100	98	98	12.40	12.40	12.40
250207	5	3	10.6	1	6	13.3	13.3	27.3	0.18	0.17	0.18	1	1.09	10.8	6	100	98	98	100	98	98	12.29	12.30	12.31
250207	5	4	10.7	1	7	13.7	13.7	27.2	0.15	0.13	0.05	3	0.32	10.6	9	100	98	98	100	98	98	11.16	11.18	11.16
250207	5	5	10.8	1	6	14.6	14.6	28.9	0.21	0.15	0.23	3	1.13	10.7	6	100	98	98	100	98	98	12.57	12.57	12.57
250207	5	6	10.6	1	6	15.6	15.6	30.8	0.16	0.15	0.25	3	1.50	10.7	7	100	98	98	100	98	98	13.57	13.57	13.57
250207	5	7	10.7	1	5	15.3	15.3	30.6	0.14	0.18	0.10	2	0.91	10.7	6	100	98	98	100	98	98	13.47	13.47	13.47
250207	5	8	10.8	1	10	16.0	16.0	30.6	0.18	0.13	0.11	3	0.87	10.9	7	100	98	98	100	98	98	13.63	13.63	13.63
250207	5	9	10.7	1	10	14.3	14.3	28.0	0.18	0.14	0.13	3	0.94	10.8	7	100	98	98	100	98	98	11.73	11.74	11.73
250207	5	10	10.5	1	9	16.1	16.1	31.5	0.17	0.27	0.24	3	1.48	10.9	7	100	98	98	100	98	98	13.57	13.57	13.57
250207	6	1	10.5	1	5	14.0	14.0	29.2	0.18	0.11	0.13	3	0.59	10.7	7	100	98	98	100	98	98	12.84	12.84	12.84
250207	6	2	10.5	1	8	16.0	16.0	30.8	0.15	0.13	0.25	2	1.92	10.9	12	100	98	98	100	98	98	13.74	13.74	13.74
250207	6	3	10.6	1	3	10.4	24.4	46.9	0.11	0.10	0.13	3	1.21	10.6	3	100	98	98	100	98	98	7.11	7.09	7.09
250207	6	4	10.2	1	4	13.7	13.7	26.3	0.13	0.12	0.12	1	0.71	10.4	4	100	98	98	100	98	98	11.45	11.45	11.45
250207	6	5	10.9	1	1	15.3	15.4	29.2	0.17	0.24	0.21	2	1.27	10.8	5	100	98	98	100	98	98	12.95	12.95	12.95
250207	6	6	10.3	1	4	18.2	18.2	33.6	0.14	0.16	0.08	1	0.44	10.6	4	100	98	98	100	98	98	13.35	13.35	13.35
250207	6	7	10.7	1	10	12.9	12.9	27.2	0.21	0.21	0.11	3	0.54	10.9	10	100	98	98	100	98	98	11.88	11.87	11.87
250207	6	8	10.7	1	2	15.8	15.8	29.2	0.13	0.15	0.13	3	0.69	10.8	1	100	98	98	100	98	98	13.43	13.43	13.43
250207	6	9	10.9	1	9	15.3	15.3	29.6	0.12	0.14	0.14	2	1.11	10.8	9	100	98	98	100	98	98	13.34	13.34	13.34
250207	6	10	10.9	1	9	29.4	29.4	51.6	0.17	0.15	0.23	3	1.40	10.8	7	100	98	98	100	98	98	11.82	11.84	11.84
