Marko	Ilmakiv‰‰ri
Date	Series	Shot	Hit	X ring	Sector	On	Total	Int.(s)			Trigger			COG		Fine %			Rough %			Hold time (s)
						target	time 		dev X	dev Y	ATV	TIRE	RTV	Hit	Sector	Target	COG	Hit	Target	COG	Hit	Target	COG	Hit
251213	1	1	10.7	1	10	29.6	52.1	0.0	0.13	0.19	0.17	3	1.16	10.8	8	100	98	98	100	98	98	7.08	7.08	7.04
251213	1	2	10.8	1	11	10.8	18.2	34.8	0.10	0.21	0.15	3	1.02	10.7	10	100	98	98	100	98	98	10.83	10.80	10.81
251213	1	3	10.1	0	1	12.3	12.3	25.6	0.10	0.30	0.16	1	1.19	10.4	3	100	98	98	100	98	98	8.04	8.07	7.93
251213	1	4	10.5	1	10	12.5	15.0	37.0	0.16	0.25	0.13	3	0.64	10.5	10	100	98	98	100	98	98	11.80	11.76	11.76
251213	1	5	10.7	1	1	12.5	12.5	26.6	0.11	0.20	0.18	2	1.36	10.8	9	100	98	98	100	98	98	7.83	7.82	7.82
251213	1	6	10.4	1	12	14.8	14.8	29.1	0.14	0.27	0.11	1	0.59	10.7	11	100	98	98	100	98	98	11.41	11.41	11.41
251213	1	7	10.9	1	10	14.1	14.1	29.0	0.17	0.28	0.15	3	0.70	10.7	3	100	98	98	100	98	98	9.51	9.53	9.49
251213	1	8	10.7	1	10	14.4	14.4	27.9	0.27	0.25	0.26	3	1.02	10.8	9	100	98	98	100	98	98	10.30	10.30	10.29
251213	1	9	10.5	1	6	15.8	15.8	30.1	0.17	0.35	0.11	1	0.75	10.9	7	100	98	92	100	98	98	12.48	12.48	12.51
251213	1	10	10.9	1	11	15.3	15.7	30.8	0.15	0.30	0.18	2	1.00	10.9	6	100	98	98	100	98	98	11.89	11.89	11.89
251213	2	1	10.8	1	9	13.3	13.7	28.7	0.30	0.23	0.22	2	1.54	10.8	6	100	98	98	100	98	98	9.45	9.51	9.39
251213	2	2	10.6	1	3	12.5	12.5	24.7	0.16	0.17	0.13	3	1.20	10.6	4	100	98	98	100	98	98	8.29	8.34	8.31
251213	2	3	10.8	1	6	32.5	32.5	55.5	0.18	0.24	0.13	3	0.73	10.8	4	100	98	98	100	98	98	13.59	13.59	13.59
251213	2	4	10.6	1	4	13.2	13.2	25.9	0.26	0.27	0.17	3	1.28	10.4	4	100	98	98	100	98	98	8.25	8.52	8.37
251213	2	5	10.7	1	2	16.8	16.8	31.2	0.14	0.24	0.11	2	0.64	10.8	1	100	98	98	100	98	98	13.74	13.74	13.74
251213	2	6	10.6	1	3	14.8	14.8	28.8	0.19	0.25	0.13	3	0.85	10.4	3	97	98	98	100	98	98	11.47	11.52	11.51
251213	2	7	10.7	1	11	23.1	23.1	42.4	0.13	0.19	0.28	3	2.72	10.4	4	100	98	92	100	98	98	7.67	7.95	7.63
251213	2	8	10.5	1	3	14.9	14.9	28.2	0.20	0.22	0.13	3	0.78	10.4	2	100	98	98	100	98	98	9.71	9.72	9.75
251213	2	9	10.4	1	3	28.1	28.1	48.7	0.15	0.26	0.06	1	0.32	10.6	3	100	98	98	100	98	98	13.63	13.63	13.63
251213	2	10	10.8	1	5	16.9	16.9	32.0	0.18	0.28	0.12	3	0.64	10.8	6	100	98	98	100	98	98	12.60	12.60	12.60
251213	3	1	10.4	1	5	13.2	21.2	2.57	0.10	0.23	0.17	2	1.91	10.5	5	100	98	98	100	98	98	8.36	8.38	8.38
251213	3	2	10.6	1	11	14.5	20.2	36.9	0.19	0.19	0.29	3	2.08	10.7	7	100	98	98	100	98	98	11.79	11.79	11.79
251213	3	3	10.6	1	7	16.6	17.0	33.5	0.13	0.14	0.19	3	1.77	10.3	5	100	98	98	100	98	98	6.87	6.95	6.88
251213	3	4	10.7	1	3	4.8	36.7	1.03	0.11	0.21	0.16	3	1.39	10.7	4	100	98	98	100	98	98	4.80	4.80	4.80
251213	3	5	10.3	1	3	12.7	23.9	1.31	0.09	0.25	0.12	2	0.90	10.5	3	100	98	98	100	98	98	12.00	12.03	12.04
251213	3	6	10.2	1	4	44.0	44.0	1.17	0.13	0.23	0.14	2	1.30	10.5	3	100	98	98	100	98	98	13.01	13.17	13.54
251213	3	7	10.7	1	4	20.7	20.7	41.5	0.11	0.19	0.11	3	0.69	10.7	3	100	98	98	100	98	98	12.97	13.01	13.02
251213	3	8	10.9	1	3	15.8	15.8	31.3	0.11	0.22	0.07	2	0.76	10.7	1	100	98	98	100	98	98	13.72	13.72	13.72
251213	3	9	10.8	1	12	15.1	15.1	29.7	0.18	0.22	0.12	3	0.83	10.8	10	100	98	98	100	98	98	11.93	11.93	11.91
251213	3	10	10.5	1	3	12.4	12.5	25.5	0.10	0.20	0.06	1	0.39	10.7	3	100	98	98	100	98	98	7.54	7.56	7.56
251213	4	1	10.5	1	5	16.1	16.1	32.2	0.16	0.21	0.11	1	0.69	10.7	5	100	98	98	100	98	98	13.63	13.63	13.63
251213	4	2	10.6	1	3	13.7	13.7	27.5	0.13	0.20	0.21	3	1.80	10.6	3	100	98	98	100	98	98	10.86	10.98	10.98
251213	4	3	10.7	1	4	13.8	13.8	28.3	0.13	0.21	0.09	1	0.70	10.7	3	100	98	98	100	98	98	9.95	9.96	9.97
251213	4	4	10.5	1	4	13.0	13.0	25.9	0.16	0.18	0.12	1	0.86	10.6	4	100	98	98	100	98	98	8.55	8.60	8.62
251213	4	5	10.7	1	4	12.7	12.7	28.1	0.12	0.16	0.09	2	0.59	10.9	3	100	98	98	100	98	98	9.68	9.68	9.71
251213	4	6	10.7	1	10	15.7	15.7	29.7	0.17	0.23	0.09	3	0.47	10.6	10	100	98	98	100	98	98	13.39	13.34	13.39
251213	4	7	10.2	1	11	16.7	16.7	31.5	0.16	0.16	0.21	1	2.46	10.8	12	100	98	98	100	98	98	13.71	13.71	13.71
251213	4	8	10.8	1	8	19.5	19.5	37.9	0.12	0.21	0.11	3	0.66	10.9	1	100	98	98	100	98	98	13.71	13.71	13.71
251213	4	9	10.2	1	2	24.2	26.6	53.7	0.13	0.28	0.10	2	0.60	10.4	2	100	98	98	100	98	98	13.79	13.79	13.79
251213	4	10	10.6	1	12	20.2	20.4	39.7	0.09	0.21	0.07	3	0.49	10.6	12	100	98	98	100	98	98	13.62	13.62	13.62
