Marko	Ilmakiv‰‰ri
Date	Series	Shot	Hit	X ring	Sector	On	Total	Int.(s)			Trigger			COG		Fine %			Rough %			Hold time (s)
						target	time 		dev X	dev Y	ATV	TIRE	RTV	Hit	Sector	Target	COG	Hit	Target	COG	Hit	Target	COG	Hit
231227	1	1	10.5	1	2	17.9	25.1	0.0	0.20	0.15	0.19	3	0.78	10.5	2	100	98	98	100	98	98	5.64	5.61	5.61
231227	1	2	10.8	1	9	12.1	12.1	23.7	0.30	0.21	0.20	3	0.71	10.7	1	100	98	98	100	98	98	6.00	6.01	6.00
231227	1	3	10.7	1	9	13.7	13.7	26.3	0.21	0.15	0.09	2	0.45	10.8	10	100	98	98	100	98	98	4.09	4.08	4.08
231227	1	4	10.7	1	8	18.3	18.3	33.2	0.24	0.19	0.19	2	1.15	10.9	1	100	98	98	100	98	98	4.75	4.75	4.72
231227	1	5	10.6	1	5	9.6	9.6	20.1	0.25	0.19	0.17	3	0.70	10.5	6	100	98	98	100	98	98	3.13	3.18	3.18
231227	1	6	10.7	1	8	10.7	10.7	21.9	0.13	0.22	0.11	3	0.80	10.8	7	100	98	98	100	98	98	5.01	5.01	5.00
231227	1	7	10.3	1	12	10.3	10.3	21.2	0.18	0.25	0.26	2	1.58	10.3	1	88	98	98	100	98	98	5.24	5.17	5.17
231227	1	8	10.4	1	2	10.4	11.0	24.8	0.22	0.26	0.25	2	1.10	10.7	4	100	98	91	100	98	98	5.38	5.40	5.38
231227	1	9	10.6	1	6	15.0	15.1	29.0	0.21	0.37	0.20	3	1.03	10.7	5	100	98	98	100	98	98	5.43	5.45	5.46
231227	1	10	10.7	1	6	13.9	13.9	27.1	0.22	0.21	0.15	1	0.84	10.7	5	100	98	98	100	98	98	5.33	5.34	5.34
231227	2	1	10.6	1	4	10.8	10.8	23.3	0.19	0.17	0.10	3	0.57	10.3	4	100	98	98	100	98	98	5.24	5.40	5.36
231227	2	2	10.6	1	4	10.0	10.0	20.8	0.34	0.21	0.16	3	0.66	10.7	4	100	98	98	100	98	98	4.98	5.00	5.01
231227	2	3	10.0	0	3	9.6	9.6	20.1	0.12	0.15	0.13	3	0.75	10.1	3	91	98	98	100	98	98	4.04	4.04	4.05
231227	2	4	10.4	1	4	9.2	12.7	27.7	0.22	0.17	0.13	2	0.87	10.3	4	100	98	98	100	98	98	7.00	6.99	7.00
231227	2	5	10.5	1	3	11.2	11.2	25.6	0.19	0.12	0.16	1	0.93	10.4	3	100	98	98	100	98	98	4.70	4.70	4.68
231227	2	6	10.1	0	3	11.1	11.1	23.2	0.23	0.16	0.20	3	1.28	10.5	3	100	98	98	100	98	98	5.28	5.29	5.29
231227	2	7	10.3	1	3	13.4	13.4	27.0	0.24	0.15	0.11	1	0.67	10.6	5	100	98	98	100	98	98	6.04	6.06	6.03
231227	2	8	10.5	1	10	10.2	11.4	25.2	0.38	0.21	0.32	3	1.51	10.8	2	100	98	71	100	98	98	6.50	6.48	6.48
231227	2	9	10.7	1	3	10.2	11.5	25.1	0.15	0.22	0.24	3	1.65	10.9	10	100	98	98	100	98	98	6.81	6.81	6.83
231227	2	10	10.3	1	2	13.3	13.3	27.4	0.24	0.17	0.11	2	0.56	10.6	3	100	98	98	100	98	98	6.48	6.48	6.46
231227	3	1	10.7	1	4	14.0	14.0	32.6	0.22	0.21	0.21	2	1.28	10.5	3	100	98	98	100	98	98	6.03	6.01	6.06
231227	3	2	10.8	1	1	11.3	11.3	22.5	0.21	0.18	0.19	1	0.98	10.8	1	100	98	98	100	98	98	6.22	6.21	6.21
231227	3	3	10.3	1	4	10.2	11.4	23.1	0.17	0.19	0.23	3	1.94	10.7	2	100	98	98	100	98	98	7.17	7.17	7.18
231227	3	4	9.9	0	3	8.2	9.4	21.7	0.19	0.19	0.22	2	1.41	10.2	4	88	98	98	100	98	98	4.98	5.04	4.95
231227	3	5	10.2	1	1	9.7	10.8	25.6	0.27	0.17	0.16	1	0.81	10.5	12	100	98	98	100	98	98	6.04	5.87	5.85
231227	3	6	10.4	1	7	11.5	13.5	2.35	0.29	0.19	0.14	2	1.04	10.6	5	100	98	97	100	98	98	4.84	4.86	4.88
231227	3	7	10.5	1	4	11.3	11.3	23.0	0.19	0.14	0.14	3	0.94	10.5	5	100	98	98	100	98	98	5.57	5.82	5.82
231227	3	8	10.2	1	4	10.8	10.8	22.6	0.27	0.22	0.15	2	0.84	10.4	4	100	98	98	100	98	98	5.38	5.45	5.47
231227	3	9	10.3	1	1	11.2	11.2	28.7	0.25	0.29	0.16	1	0.86	10.7	9	100	98	67	100	98	98	4.14	4.12	4.04
231227	3	10	10.1	0	3	14.6	14.7	30.0	0.47	0.26	0.13	1	0.71	10.5	4	86	98	71	100	98	98	7.62	7.67	7.67
231227	4	1	10.4	1	4	10.5	10.5	24.7	0.22	0.27	0.04	3	0.21	10.2	4	85	98	98	100	98	98	3.13	3.18	3.18
231227	4	2	10.8	1	6	13.0	13.0	25.1	0.16	0.23	0.13	3	0.80	10.8	5	100	98	98	100	98	98	7.47	7.49	7.47
231227	4	3	10.7	1	4	12.6	12.6	25.2	0.16	0.11	0.09	3	0.69	10.7	4	100	98	98	100	98	98	7.71	7.72	7.72
231227	4	4	10.3	1	3	13.0	13.0	25.5	0.23	0.20	0.06	1	0.31	10.5	3	100	98	98	100	98	98	8.73	8.74	8.76
231227	4	5	10.8	1	3	12.3	12.3	25.5	0.21	0.18	0.16	2	0.91	10.8	8	100	98	98	100	98	98	7.23	7.23	7.23
231227	4	6	10.5	1	12	13.4	13.4	25.6	0.38	0.19	0.17	3	0.76	10.5	1	100	98	98	100	98	98	8.98	8.89	8.89
231227	4	7	10.6	1	3	11.8	11.8	23.5	0.16	0.12	0.11	3	0.57	10.5	2	100	98	98	100	98	98	6.58	6.58	6.60
231227	4	8	10.6	1	4	11.7	11.7	23.3	0.10	0.26	0.06	1	0.37	10.7	3	100	98	98	100	98	98	6.58	6.60	6.62
231227	4	9	10.2	1	2	12.8	12.8	24.8	0.22	0.28	0.15	2	0.98	10.1	3	61	98	98	100	98	98	7.75	7.74	7.71
231227	4	10	10.4	1	5	14.6	14.6	29.0	0.32	0.28	0.20	3	1.13	10.5	3	95	98	86	100	98	98	7.54	7.54	7.61
231227	5	1	10.7	1	3	12.7	13.1	27.3	0.18	0.14	0.14	3	0.95	10.7	1	100	98	98	100	98	98	8.00	7.98	8.00
231227	5	2	10.8	1	10	11.7	11.7	23.2	0.17	0.17	0.17	3	1.33	10.8	1	100	98	98	100	98	98	6.81	6.81	6.79
231227	5	3	10.5	1	9	13.5	13.5	25.7	0.33	0.16	0.11	2	0.62	10.4	9	89	98	98	100	98	98	9.18	9.16	9.16
231227	5	4	10.0	0	12	10.0	10.4	21.5	0.14	0.24	0.13	1	0.86	10.4	12	92	98	98	100	98	98	5.88	5.85	5.82
231227	5	5	10.7	1	11	18.9	18.9	35.5	0.30	0.20	0.08	3	0.36	10.8	11	100	98	98	100	98	98	8.93	8.91	8.91
231227	5	6	10.6	1	9	11.1	11.1	22.1	0.18	0.11	0.11	3	0.60	10.8	12	100	98	98	100	98	98	6.81	6.79	6.79
231227	5	7	10.5	1	9	11.5	11.5	22.7	0.21	0.18	0.16	3	0.86	10.8	1	100	98	98	100	98	98	7.39	7.38	7.39
231227	5	8	10.5	1	8	11.8	11.8	23.4	0.27	0.12	0.30	3	1.54	10.8	1	100	98	92	100	98	98	6.74	6.72	6.74
231227	5	9	10.5	1	3	10.5	11.9	24.2	0.12	0.18	0.08	3	0.47	10.6	4	100	98	98	100	98	98	7.42	7.47	7.42
231227	5	10	10.3	1	1	8.9	19.5	36.8	0.16	0.31	0.29	2	1.97	10.6	1	100	98	98	100	98	98	7.65	7.58	7.53
231227	6	1	10.8	1	7	18.3	31.7	6.23	0.24	0.23	0.19	3	1.18	10.6	1	100	98	98	100	98	98	6.54	6.54	6.55
231227	6	2	10.5	1	6	10.1	10.1	22.3	0.20	0.24	0.12	2	0.56	10.8	5	100	98	98	100	98	98	4.68	4.70	4.72
231227	6	3	10.6	1	8	9.3	9.3	20.8	0.19	0.22	0.21	1	1.10	10.7	9	100	98	98	100	98	98	3.63	3.63	3.65
231227	6	4	10.6	1	9	11.4	11.4	22.7	0.19	0.19	0.16	2	0.96	10.6	10	100	98	98	100	98	98	6.75	6.72	6.75
231227	6	5	10.4	1	12	9.1	10.4	23.3	0.19	0.12	0.23	2	1.40	10.5	11	100	98	98	100	98	98	5.97	5.92	5.89
231227	6	6	10.8	1	12	11.5	11.5	23.3	0.16	0.19	0.11	3	0.52	10.7	3	100	98	98	100	98	98	6.95	6.95	6.93
231227	6	7	10.5	1	9	15.9	15.9	29.5	0.23	0.19	0.13	1	0.64	10.5	9	100	98	98	100	98	98	8.74	8.73	8.73
231227	6	8	10.8	1	2	10.6	10.6	22.0	0.29	0.21	0.22	3	1.57	10.4	2	100	98	98	100	98	98	5.80	5.79	5.80
231227	6	9	10.7	1	9	11.5	11.8	24.4	0.20	0.15	0.09	1	0.56	10.9	12	100	98	98	100	98	98	7.11	7.08	7.11
231227	6	10	10.5	1	8	19.7	19.7	36.1	0.19	0.26	0.17	2	1.15	10.6	8	100	98	98	100	98	98	6.39	6.39	6.39
231227	7	1	10.6	1	4	7.8	14.6	32.4	0.26	0.44	0.18	2	0.81	10.6	3	100	98	98	100	98	98	7.82	7.84	7.86
231227	7	2	10.6	1	7	8.6	9.2	21.4	0.41	0.19	0.25	1	1.73	10.8	10	100	98	98	100	98	98	4.89	4.89	4.92
231227	7	3	10.6	1	9	9.6	10.8	23.4	0.16	0.11	0.07	2	0.42	10.7	9	100	98	98	100	98	98	6.38	6.38	6.38
231227	7	4	10.5	1	1	10.0	11.2	24.1	0.48	0.26	0.15	2	0.56	10.7	11	95	95	95	100	98	98	6.79	6.76	6.72
231227	7	5	10.1	0	8	10.3	11.4	24.9	0.21	0.16	0.16	3	0.84	10.5	9	100	98	98	100	98	98	7.82	7.84	7.89
231227	7	6	10.5	1	2	9.4	11.5	28.0	0.26	0.15	0.12	2	0.59	10.6	12	100	98	98	100	98	98	6.41	6.38	6.41
231227	7	7	10.4	1	9	10.2	11.6	25.5	0.16	0.31	0.18	3	0.78	10.6	10	100	98	98	100	98	98	7.17	7.17	7.18
231227	7	8	10.3	1	9	13.0	13.7	29.2	0.26	0.25	0.16	1	0.84	10.4	9	98	98	98	100	98	98	7.49	7.49	7.47
231227	7	9	10.6	1	8	11.5	15.9	33.4	0.26	0.17	0.21	3	1.07	10.9	11	100	98	98	100	98	98	8.41	8.38	8.41
231227	7	10	10.7	1	7	11.5	15.9	32.0	0.34	0.20	0.39	3	1.97	10.8	8	100	98	98	100	98	98	8.94	8.94	8.94
