Marko	Ilmakiv‰‰ri
Date	Series	Shot	Hit	X ring	Sector	On	Total	Int.(s)			Trigger			COG		Fine %			Rough %			Hold time (s)
						target	time 		dev X	dev Y	ATV	TIRE	RTV	Hit	Sector	Target	COG	Hit	Target	COG	Hit	Target	COG	Hit
241220	1	1	10.4	1	1	17.7	17.9	0.0	0.20	0.22	0.18	2	1.03	10.5	1	100	98	98	100	98	98	7.95	7.86	7.84
241220	1	2	10.8	1	11	12.8	12.8	36.8	0.24	0.29	0.20	2	0.86	10.6	11	100	98	98	100	98	98	8.38	8.36	8.36
241220	1	3	10.6	1	10	14.0	14.0	28.0	0.22	0.21	0.15	3	0.85	10.5	11	100	98	98	100	98	98	12.45	12.44	12.45
241220	1	4	10.7	1	1	12.3	12.3	25.8	0.24	0.27	0.09	3	0.31	10.7	1	100	98	98	100	98	98	10.15	10.15	10.15
241220	1	5	10.3	1	2	10.8	10.8	25.3	0.21	0.27	0.18	1	0.95	10.4	2	97	98	98	100	98	98	9.03	9.02	9.02
241220	1	6	10.2	1	1	11.2	11.2	25.9	0.23	0.27	0.22	1	1.00	10.5	1	94	98	98	100	98	98	9.03	8.88	8.82
241220	1	7	10.2	1	2	14.1	14.1	30.4	0.20	0.20	0.23	2	1.21	10.6	1	100	98	98	100	98	98	7.70	7.67	7.65
241220	1	8	10.7	1	5	12.8	12.8	27.2	0.18	0.25	0.04	3	0.20	10.7	3	100	98	98	100	98	98	10.90	10.90	10.92
241220	1	9	10.6	1	3	12.7	12.7	26.5	0.20	0.25	0.20	3	0.87	10.6	2	100	98	98	100	98	98	10.50	10.50	10.52
241220	1	10	10.6	1	11	11.9	11.9	27.1	0.21	0.28	0.20	1	0.83	10.8	12	100	98	98	100	98	98	9.73	9.72	9.69
241220	2	1	10.8	1	12	18.4	27.5	50.7	0.19	0.24	0.19	3	0.70	10.8	1	100	98	98	100	98	98	11.47	11.46	11.46
241220	2	2	10.5	1	3	13.0	13.0	26.6	0.24	0.30	0.23	3	0.85	10.5	2	100	98	98	100	98	98	11.38	11.38	11.38
241220	2	3	10.8	1	3	9.6	11.4	25.1	0.24	0.21	0.11	3	0.58	10.5	1	100	98	98	100	98	98	9.62	9.62	9.62
241220	2	4	10.6	1	4	11.2	11.2	24.3	0.18	0.21	0.12	3	0.67	10.9	7	100	98	98	100	98	98	9.87	9.88	9.91
241220	2	5	10.6	1	2	14.7	14.7	29.8	0.14	0.20	0.16	1	1.05	10.7	2	100	98	98	100	98	98	8.13	8.12	8.10
241220	2	6	10.4	1	7	12.0	12.0	26.2	0.14	0.16	0.08	1	0.42	10.5	7	100	98	98	100	98	98	9.99	10.04	10.04
241220	2	7	10.3	1	10	12.5	12.5	26.0	0.13	0.31	0.22	2	1.25	10.7	9	100	98	98	100	98	98	10.76	10.74	10.62
241220	2	8	10.6	1	8	11.4	11.4	25.5	0.19	0.20	0.21	3	1.31	10.9	6	100	98	98	100	98	98	9.69	9.69	9.71
241220	2	9	10.2	1	12	10.9	10.9	24.7	0.24	0.24	0.45	2	3.40	10.9	4	100	98	82	100	98	98	8.47	8.49	8.29
241220	2	10	10.8	1	8	29.4	34.1	1.01	0.17	0.27	0.20	1	1.59	10.7	6	100	98	98	100	98	98	12.18	12.24	12.20
241220	3	1	10.8	1	7	13.6	22.1	45.9	0.14	0.19	0.07	2	0.37	10.9	9	100	98	98	100	98	98	13.57	13.57	13.57
241220	3	2	10.6	1	4	13.0	14.3	31.2	0.14	0.28	0.08	3	0.43	10.8	4	100	98	98	100	98	98	12.63	12.63	12.63
241220	3	3	10.7	1	2	12.5	15.9	34.0	0.17	0.20	0.13	3	0.60	10.6	1	100	98	98	100	98	98	12.48	12.46	12.48
241220	3	4	10.7	1	3	15.0	17.6	35.5	0.17	0.23	0.14	3	0.64	10.6	2	100	98	98	100	98	98	11.03	10.99	11.01
241220	3	5	10.5	1	2	23.6	31.1	57.0	0.18	0.32	0.16	2	0.67	10.6	1	97	98	98	100	98	98	9.39	9.36	9.36
241220	3	6	10.7	1	6	12.2	12.2	25.2	0.18	0.23	0.08	2	0.54	10.8	1	100	98	98	100	98	98	10.74	10.72	10.79
241220	3	7	10.4	1	12	17.3	54.3	3.56	0.19	0.23	0.20	1	1.46	10.9	0	100	98	98	100	98	98	5.54	5.54	5.43
241220	3	8	10.7	1	3	28.8	28.8	52.5	0.21	0.19	0.22	2	1.18	10.8	2	100	98	98	100	98	98	13.59	13.59	13.59
241220	3	9	10.4	1	2	11.1	11.1	24.0	0.16	0.21	0.14	2	0.79	10.8	2	100	98	98	100	98	98	9.04	9.03	9.03
241220	3	10	10.8	1	2	12.0	12.0	25.6	0.18	0.18	0.14	2	0.93	10.8	4	100	98	98	100	98	98	10.80	10.81	10.80
241220	4	1	10.6	1	4	11.9	11.9	25.3	0.13	0.19	0.08	3	0.46	10.7	5	100	98	98	100	98	98	10.77	10.80	10.80
241220	4	2	10.4	1	1	10.7	10.7	23.0	0.27	0.35	0.16	1	0.54	10.6	1	100	98	98	100	98	98	9.42	9.36	9.36
241220	4	3	10.5	1	11	12.9	12.9	26.2	0.16	0.14	0.19	1	1.42	10.9	9	100	98	98	100	98	98	11.79	11.79	11.79
241220	4	4	10.6	1	8	26.9	26.9	48.0	0.24	0.28	0.14	2	0.70	10.6	10	100	98	98	100	98	98	11.12	11.09	11.14
241220	4	5	10.4	1	10	10.8	10.8	22.6	0.11	0.19	0.17	2	1.22	10.8	11	100	98	98	100	98	98	8.12	8.07	8.01
241220	4	6	10.7	1	4	11.7	11.7	25.0	0.19	0.21	0.22	3	1.07	10.8	3	100	98	98	100	98	98	10.01	10.02	10.05
241220	4	7	10.7	1	7	12.9	12.9	26.2	0.14	0.23	0.23	2	1.20	10.8	5	100	98	98	100	98	98	11.85	11.88	11.89
241220	4	8	10.7	1	8	12.1	12.1	25.6	0.13	0.24	0.21	3	1.77	10.8	7	100	98	98	100	98	98	10.04	10.05	10.05
241220	4	9	10.3	1	3	9.8	9.8	21.7	0.22	0.16	0.25	3	1.68	10.6	5	100	98	98	100	98	98	7.09	7.14	7.14
241220	4	10	10.6	1	11	13.5	13.5	27.7	0.24	0.29	0.22	1	1.22	10.8	8	100	98	98	100	98	98	11.80	11.80	11.80
241220	5	1	10.7	1	4	12.5	12.5	26.6	0.30	0.24	0.21	3	1.27	10.6	7	100	98	98	100	98	98	10.68	10.77	10.70
241220	5	2	10.8	1	7	15.1	15.1	28.4	0.17	0.31	0.14	3	0.57	10.8	8	100	98	98	100	98	98	13.46	13.46	13.46
241220	5	3	10.7	1	9	12.7	12.7	25.9	0.17	0.23	0.16	2	1.22	10.8	1	100	98	98	100	98	98	11.41	11.40	11.41
241220	5	4	10.7	1	5	13.5	13.5	27.4	0.10	0.22	0.16	3	1.33	10.6	6	100	98	98	100	98	98	12.39	12.39	12.39
241220	5	5	10.4	1	8	12.7	12.7	26.9	0.19	0.22	0.10	1	0.44	10.4	8	92	98	98	100	98	98	12.33	12.35	12.46
241220	5	6	10.9	1	10	13.4	13.4	27.6	0.22	0.24	0.19	3	1.02	10.8	8	100	98	98	100	98	98	12.21	12.21	12.21
241220	5	7	10.2	1	12	13.8	13.8	28.0	0.14	0.31	0.11	2	0.66	10.6	12	100	98	98	100	98	98	12.16	12.16	12.13
241220	5	8	10.6	1	7	31.1	31.1	54.6	0.22	0.32	0.10	3	0.56	10.6	11	95	98	85	100	98	98	13.21	13.21	13.21
241220	5	9	10.4	1	7	13.4	13.4	26.7	0.15	0.18	0.09	1	0.54	10.7	6	100	98	98	100	98	98	11.82	11.82	11.82
241220	5	10	10.5	1	10	15.2	15.2	30.4	0.18	0.25	0.22	3	1.16	10.6	11	100	98	98	100	98	98	13.52	13.52	13.52
241220	6	1	10.3	1	2	12.8	16.8	4.05	0.19	0.20	0.22	1	1.51	10.5	3	100	98	98	100	98	98	6.78	6.78	6.69
241220	6	2	10.5	1	6	11.3	11.3	24.8	0.14	0.29	0.12	1	0.87	10.7	4	100	98	98	100	98	98	9.09	9.11	9.13
241220	6	3	10.2	1	1	27.0	74.5	5.39	0.15	0.32	0.20	3	1.15	10.2	1	73	98	98	100	98	98	10.04	9.95	9.96
241220	6	4	10.6	1	12	22.0	22.0	42.5	0.18	0.25	0.09	3	0.56	10.2	12	88	98	98	100	98	98	11.18	11.09	11.13
241220	6	5	10.8	1	12	17.8	17.8	36.9	0.14	0.27	0.10	3	0.58	10.5	1	97	98	98	100	98	98	13.15	13.15	13.15
241220	6	6	10.8	1	10	11.9	11.9	26.5	0.17	0.39	0.17	2	1.03	10.5	11	100	98	98	100	98	98	9.87	9.79	9.86
241220	6	7	10.4	1	9	11.8	11.8	25.7	0.16	0.26	0.20	3	1.16	10.5	12	100	98	91	100	98	98	9.36	9.33	9.33
241220	6	8	10.6	1	11	12.6	12.6	27.3	0.13	0.17	0.09	3	0.74	10.6	11	100	98	98	100	98	98	11.36	11.27	11.27
241220	6	9	10.7	1	9	11.1	11.1	25.3	0.24	0.11	0.13	3	1.17	10.6	2	100	98	98	100	98	98	9.35	9.35	9.31
241220	6	10	10.7	1	1	16.5	16.5	32.8	0.10	0.13	0.06	1	0.34	10.7	2	100	98	98	100	98	98	9.48	9.48	9.45
241220	7	1	10.7	1	2	11.8	11.8	26.4	0.25	0.23	0.18	3	1.13	10.4	2	97	98	98	100	98	98	10.53	10.52	10.52
241220	7	2	10.5	1	1	8.4	8.4	20.0	0.22	0.19	0.11	2	0.45	10.7	1	100	98	98	100	98	98	5.19	5.17	5.13
241220	7	3	10.7	1	6	9.9	9.9	21.2	0.33	0.28	0.21	3	1.13	10.3	2	83	98	64	100	98	98	6.53	6.50	6.57
241220	7	4	10.7	1	9	9.8	9.8	20.5	0.33	0.34	0.14	3	0.65	10.7	10	100	98	98	100	98	98	6.67	6.66	6.67
241220	7	5	10.2	1	1	9.6	9.6	20.7	0.25	0.26	0.20	1	1.12	10.6	1	100	98	98	100	98	98	6.32	6.24	6.22
241220	7	6	10.7	1	1	12.7	12.7	26.2	0.16	0.25	0.10	3	0.50	10.7	1	100	98	98	100	98	98	11.31	11.25	11.27
241220	7	7	10.4	1	9	12.3	12.3	25.5	0.21	0.17	0.12	1	1.11	10.5	11	100	98	98	100	98	98	11.12	11.05	11.09
241220	7	8	10.5	1	11	11.8	11.8	24.3	0.17	0.13	0.22	1	1.71	10.5	11	100	98	98	100	98	98	9.75	9.69	9.68
241220	7	9	10.8	1	11	11.3	11.3	24.4	0.23	0.26	0.24	2	1.49	10.6	2	100	98	98	100	98	98	8.96	8.94	8.93
241220	7	10	10.7	1	12	11.3	11.3	24.4	0.20	0.15	0.13	3	0.96	10.4	1	100	98	98	100	98	98	8.45	8.37	8.38
241220	8	1	9.8	0	1	8.9	8.9	22.1	0.16	0.19	0.19	1	1.84	10.1	1	86	98	98	100	98	98	5.71	5.64	5.54
241220	8	2	10.9	1	1	12.4	13.1	29.1	0.18	0.24	0.14	1	1.04	10.7	2	100	98	98	100	98	98	12.22	12.22	12.22
241220	8	3	10.5	1	6	13.7	14.0	29.1	0.15	0.29	0.11	1	0.56	10.8	4	100	98	98	100	98	98	12.36	12.40	12.46
241220	8	4	10.7	1	1	13.8	13.8	27.7	0.16	0.14	0.11	3	0.93	10.5	1	100	98	98	100	98	98	12.54	12.42	12.48
241220	8	5	10.2	1	1	10.8	10.8	23.0	0.11	0.13	0.14	3	1.97	10.2	1	100	98	98	100	98	98	8.29	8.19	8.19
241220	8	6	10.8	1	8	12.7	12.7	26.7	0.22	0.18	0.34	2	2.43	10.6	5	100	98	98	100	98	98	10.66	10.70	10.66
241220	8	7	10.3	1	1	11.8	11.8	25.2	0.09	0.12	0.18	2	1.91	10.6	2	100	98	98	100	98	98	9.62	9.60	9.54
241220	8	8	10.8	1	8	12.3	12.3	26.0	0.12	0.13	0.09	3	0.94	10.8	10	100	98	98	100	98	98	10.57	10.56	10.59
241220	8	9	10.6	1	6	16.1	16.1	32.7	0.16	0.19	0.07	2	0.46	10.7	6	100	98	98	100	98	98	10.81	10.90	10.94
241220	8	10	10.8	1	2	16.4	16.4	33.1	0.12	0.27	0.17	3	0.90	10.7	1	100	98	98	100	98	98	11.36	11.31	11.32
