Marko	Ilmakiv‰‰ri
Date	Series	Shot	Hit	X ring	Sector	On	Total	Int.(s)			Trigger			COG		Fine %			Rough %			Hold time (s)
						target	time 		dev X	dev Y	ATV	TIRE	RTV	Hit	Sector	Target	COG	Hit	Target	COG	Hit	Target	COG	Hit
251028	1	1	10.3	1	9	14.1	15.1	0.0	0.27	0.24	0.18	1	0.87	10.6	9	100	98	98	100	98	98	9.46	9.36	9.33
251028	1	2	10.2	1	11	13.8	13.8	33.3	0.12	0.23	0.23	1	1.69	10.6	11	100	98	98	100	98	98	10.54	10.43	10.26
251028	1	3	10.8	1	7	13.5	13.5	32.4	0.19	0.16	0.14	3	0.65	10.6	9	100	98	98	100	98	98	9.38	9.36	9.39
251028	1	4	10.8	1	7	13.9	13.9	27.9	0.18	0.13	0.14	3	1.05	10.8	11	100	98	98	100	98	98	10.11	10.05	10.11
251028	1	5	10.8	1	11	14.2	14.3	29.1	0.13	0.15	0.18	1	1.32	10.7	11	100	98	98	100	98	98	11.05	11.01	11.03
251028	1	6	10.6	1	1	17.7	18.2	35.2	0.19	0.21	0.09	2	0.50	10.3	1	95	98	98	100	98	98	11.70	11.51	11.67
251028	1	7	10.5	1	2	13.4	13.5	28.1	0.12	0.20	0.15	3	1.29	10.6	3	100	98	98	100	98	98	8.31	8.31	8.31
251028	1	8	10.2	1	10	16.3	16.3	31.6	0.16	0.17	0.20	2	1.76	10.8	9	100	98	98	100	98	98	11.51	11.47	11.18
251028	1	9	10.5	1	5	13.7	14.5	30.0	0.10	0.20	0.15	2	0.94	10.7	4	100	98	98	100	98	98	10.65	10.68	10.70
251028	1	10	9.9	0	1	18.7	18.8	35.4	0.16	0.14	0.14	3	0.88	10.1	2	85	98	98	100	98	98	9.81	9.81	9.75
251028	2	1	10.6	1	2	12.2	13.3	39.5	0.15	0.16	0.21	3	1.66	10.9	4	100	98	98	100	98	98	10.94	10.94	10.96
251028	2	2	10.5	1	12	15.8	15.9	30.2	0.27	0.22	0.42	1	2.55	10.8	3	100	98	98	100	98	98	13.62	13.63	13.61
251028	2	3	10.3	1	3	14.6	14.6	29.4	0.22	0.27	0.21	3	1.14	10.6	4	100	98	98	100	98	98	12.40	12.40	12.40
251028	2	4	10.9	1	9	14.4	14.4	28.3	0.17	0.17	0.08	3	0.50	10.6	9	100	98	98	100	98	98	11.91	11.91	11.91
251028	2	5	10.4	1	8	16.8	16.8	30.8	0.18	0.15	0.08	1	0.58	10.8	7	100	98	98	100	98	98	13.74	13.74	13.74
251028	2	6	10.7	1	11	16.4	16.4	30.9	0.14	0.19	0.13	3	0.74	10.8	12	100	98	98	100	98	98	13.48	13.48	13.47
251028	2	7	10.6	1	2	15.0	15.0	28.7	0.12	0.20	0.09	3	0.58	10.6	1	100	98	98	100	98	98	11.96	11.94	11.96
251028	2	8	10.6	1	2	13.8	14.2	27.4	0.12	0.16	0.13	3	0.85	10.4	2	100	98	98	100	98	98	12.66	12.66	12.66
251028	2	9	10.4	1	12	15.3	15.3	28.6	0.22	0.15	0.17	2	0.92	10.6	2	100	98	98	100	98	98	11.56	11.55	11.51
251028	2	10	10.4	1	1	16.8	16.8	31.3	0.09	0.19	0.09	2	0.68	10.5	2	100	98	98	100	98	98	12.81	12.88	12.79
251028	3	1	10.3	1	5	19.2	23.7	3.27	0.15	0.17	0.09	2	0.50	10.4	4	100	98	98	100	98	98	11.13	11.16	11.25
251028	3	2	10.6	1	4	14.3	14.3	28.2	0.13	0.19	0.13	1	0.78	10.5	5	100	98	98	100	98	98	11.52	11.52	11.52
251028	3	3	10.7	1	3	15.0	15.0	31.1	0.34	0.12	0.21	3	2.00	10.6	5	100	98	98	100	98	98	12.13	12.13	12.13
251028	3	4	10.8	1	9	16.8	31.8	54.9	0.09	0.20	0.12	2	0.79	10.8	8	100	98	98	100	98	98	13.44	13.44	13.44
251028	3	5	10.9	1	10	21.7	21.7	41.7	0.27	0.25	0.16	3	0.99	10.9	4	100	98	98	100	98	98	13.72	13.72	13.72
251028	3	6	10.7	1	9	14.9	14.9	29.4	0.26	0.32	0.20	3	0.94	10.9	4	100	98	98	100	98	98	11.84	11.87	11.79
251028	3	7	10.5	1	7	11.4	11.4	23.4	0.23	0.17	0.08	2	0.47	10.6	7	100	98	98	100	98	98	7.25	7.26	7.26
251028	3	8	10.5	1	3	14.1	14.1	27.2	0.14	0.18	0.17	2	1.48	10.5	3	100	98	98	100	98	98	9.84	9.93	9.93
251028	3	9	10.4	1	1	12.8	12.8	26.1	0.11	0.17	0.08	2	0.66	10.3	2	100	98	98	100	98	98	8.70	8.74	8.71
251028	3	10	10.5	1	3	16.5	16.5	31.5	0.20	0.24	0.26	2	1.22	10.9	11	100	98	97	100	98	98	13.54	13.54	13.54
251028	4	1	10.7	1	5	13.4	13.4	28.0	0.18	0.24	0.18	1	0.98	10.7	4	100	98	98	100	98	98	11.55	11.56	11.56
251028	4	2	10.7	1	10	16.8	16.8	31.1	0.20	0.17	0.18	2	1.13	10.7	12	100	98	98	100	98	98	13.50	13.48	13.47
251028	4	3	10.4	1	4	17.1	17.1	32.0	0.22	0.13	0.07	2	0.48	10.6	2	100	98	98	100	98	98	10.23	10.23	10.29
251028	4	4	10.7	1	3	14.4	14.4	28.2	0.25	0.25	0.19	1	1.31	10.8	2	100	98	98	100	98	98	11.84	11.85	11.85
251028	4	5	10.4	1	12	16.8	16.8	30.8	0.20	0.30	0.15	3	0.82	10.5	12	94	98	98	100	98	98	13.34	13.30	13.29
251028	4	6	10.7	1	3	15.2	15.2	29.5	0.15	0.17	0.15	3	0.82	10.4	2	100	98	98	100	98	98	12.12	12.16	12.15
251028	4	7	10.3	1	5	15.5	15.5	29.3	0.15	0.16	0.14	1	0.91	10.6	4	100	98	98	100	98	98	11.70	11.73	11.76
251028	4	8	10.4	1	2	14.8	14.8	28.2	0.21	0.20	0.31	2	2.17	10.8	12	100	98	98	100	98	98	11.52	11.51	11.51
251028	4	9	10.1	0	4	13.9	14.0	28.5	0.20	0.19	0.26	1	1.37	10.5	4	100	98	98	100	98	98	10.66	10.70	10.70
251028	4	10	10.5	1	12	13.2	17.6	35.3	0.17	0.21	0.31	2	2.75	10.8	10	100	98	98	100	98	98	13.23	13.20	13.20
251028	5	1	10.3	1	3	12.0	15.4	2.26	0.19	0.25	0.18	2	0.89	10.4	3	100	98	98	100	98	98	8.38	8.40	8.40
251028	5	2	10.6	1	2	15.1	15.1	30.1	0.22	0.24	0.14	3	1.04	10.8	6	100	98	98	100	98	98	13.52	13.52	13.52
251028	5	3	10.6	1	8	14.8	14.8	30.4	0.24	0.31	0.17	3	1.15	10.6	4	100	98	83	100	98	98	12.66	12.72	12.63
251028	5	4	10.8	1	6	13.6	13.6	26.9	0.12	0.20	0.11	2	0.74	10.7	5	100	98	98	100	98	98	10.17	10.20	10.19
251028	5	5	10.8	1	7	11.4	11.4	23.5	0.14	0.20	0.16	3	2.08	10.7	3	100	98	98	100	98	98	8.60	8.60	8.60
251028	5	6	10.7	1	2	14.3	14.3	27.7	0.18	0.26	0.09	3	0.55	10.8	11	100	98	98	100	98	98	11.14	11.10	11.16
251028	5	7	10.9	1	5	11.1	11.1	22.8	0.20	0.26	0.07	3	0.39	10.6	5	100	98	98	100	98	98	7.46	7.49	7.46
251028	5	8	10.5	1	3	15.5	15.5	29.5	0.21	0.16	0.23	2	1.70	10.5	4	100	98	98	100	98	98	12.06	12.12	12.11
251028	5	9	10.5	1	6	13.4	13.5	29.2	0.21	0.15	0.19	2	1.13	10.7	4	100	98	98	100	98	98	9.24	9.27	9.27
251028	5	10	10.6	1	4	17.5	17.5	33.0	0.15	0.21	0.12	1	1.09	10.7	3	100	98	98	100	98	98	10.11	10.14	10.17
251028	6	1	10.3	1	3	11.4	14.7	33.3	0.32	0.17	0.10	3	0.62	10.5	3	100	98	98	100	98	98	9.54	9.64	9.66
251028	6	2	10.5	1	1	11.1	11.1	22.3	0.21	0.17	0.26	2	1.92	10.7	4	100	98	98	100	98	98	7.09	7.47	7.07
251028	6	3	10.5	1	8	14.9	14.9	28.6	0.18	0.25	0.17	2	0.77	10.6	8	100	98	98	100	98	98	11.05	11.04	11.04
251028	6	4	10.7	1	11	18.3	18.3	33.7	0.26	0.18	0.12	3	0.64	10.6	2	100	98	98	100	98	98	7.82	7.80	7.80
251028	6	5	10.5	1	4	14.7	14.8	28.8	0.15	0.21	0.11	2	0.70	10.7	3	100	98	98	100	98	98	10.71	10.71	10.76
251028	6	6	10.7	1	1	13.5	13.5	28.0	0.25	0.29	0.22	3	0.95	10.7	7	100	98	95	100	98	98	9.12	9.13	9.12
251028	6	7	10.7	1	4	13.3	13.4	26.4	0.17	0.18	0.07	1	0.42	10.8	6	100	98	98	100	98	98	9.27	9.29	9.29
251028	6	8	10.6	1	7	14.6	14.6	27.9	0.19	0.27	0.19	3	0.75	10.8	10	100	98	97	100	98	98	11.13	11.09	11.09
251028	6	9	10.1	0	7	14.1	14.2	27.7	0.20	0.18	0.13	1	0.66	10.5	7	100	98	98	100	98	98	10.30	10.30	10.30
251028	6	10	10.9	1	7	16.4	17.3	48.1	0.24	0.24	0.17	3	0.64	10.9	3	100	98	98	100	98	98	12.57	12.57	12.57
