Marko	Ilmakiv‰‰ri
Date	Series	Shot	Hit	X ring	Sector	On	Total	Int.(s)			Trigger			COG		Fine %			Rough %			Hold time (s)
						target	time 		dev X	dev Y	ATV	TIRE	RTV	Hit	Sector	Target	COG	Hit	Target	COG	Hit	Target	COG	Hit
251120	1	1	10.2	1	5	17.2	17.2	0.0	0.19	0.36	0.24	1	1.50	10.8	6	100	98	82	100	98	98	8.79	8.82	8.84
251120	1	2	10.5	1	8	14.3	14.3	29.9	0.22	0.28	0.21	1	1.07	10.7	10	100	98	98	100	98	98	10.01	10.01	10.02
251120	1	3	10.6	1	9	14.5	14.5	30.6	0.22	0.22	0.18	3	0.70	10.7	10	100	98	98	100	98	98	8.69	8.65	8.67
251120	1	4	10.5	1	9	14.8	14.8	30.1	0.24	0.23	0.16	3	0.73	10.2	9	85	98	98	100	98	98	11.16	11.19	11.18
251120	1	5	10.3	1	11	15.3	21.0	43.5	0.22	0.13	0.19	3	1.46	10.3	11	100	98	98	100	98	98	9.00	8.94	8.94
251120	1	6	10.6	1	9	15.3	15.6	36.5	0.17	0.20	0.09	3	0.43	10.5	9	100	98	98	100	98	98	10.68	10.66	10.68
251120	1	7	10.1	0	1	13.2	13.2	28.0	0.17	0.29	0.16	2	0.78	10.3	12	88	98	98	100	98	98	7.29	7.25	7.23
251120	1	8	9.7	0	10	16.2	16.9	41.0	0.32	0.20	0.32	1	1.65	10.6	11	98	98	30	100	98	98	12.09	12.07	12.04
251120	1	9	10.6	1	9	18.3	18.3	43.5	0.32	0.24	0.22	3	0.78	10.7	10	94	98	98	100	98	98	12.18	12.13	12.16
251120	1	10	10.8	1	10	16.1	16.1	33.3	0.18	0.22	0.09	3	0.73	10.6	12	100	98	98	100	98	98	9.63	9.60	9.62
251120	2	1	10.9	1	4	18.1	18.1	36.4	0.16	0.18	0.11	3	0.62	10.6	11	100	98	98	100	98	98	12.26	12.26	12.26
251120	2	2	10.7	1	2	17.6	17.6	34.4	0.19	0.23	0.13	3	0.72	10.6	1	100	98	98	100	98	98	12.60	12.57	12.59
251120	2	3	10.4	1	11	16.8	17.0	31.2	0.16	0.22	0.27	3	2.29	10.6	12	100	98	98	100	98	98	12.69	12.66	12.66
251120	2	4	10.8	1	9	16.2	16.2	31.7	0.28	0.24	0.23	3	0.90	10.7	12	100	98	98	100	98	98	11.79	11.73	11.79
251120	2	5	10.8	1	9	16.2	16.4	31.4	0.19	0.21	0.17	3	1.16	10.6	11	100	98	98	100	98	98	11.56	11.51	11.55
251120	2	6	10.4	1	12	26.1	26.1	46.8	
251120	2	7	10.6	1	11	17.1	17.1	33.0	0.27	0.23	0.14	2	0.66	10.6	10	100	98	98	100	98	98	12.26	12.26	12.26
251120	2	8	10.6	1	8	16.1	16.1	31.9	0.15	0.20	0.04	1	0.23	10.7	9	100	98	98	100	98	98	12.20	12.20	12.20
251120	2	9	10.5	1	11	17.0	17.0	32.6	0.17	0.23	0.23	2	1.92	10.8	8	100	98	98	100	98	98	12.87	12.88	12.79
251120	2	10	10.7	1	3	17.4	17.4	34.4	0.17	0.24	0.15	3	0.97	10.9	11	100	98	98	100	98	98	13.66	13.66	13.66
251120	3	1	10.6	1	7	16.3	16.3	31.0	0.14	0.21	0.14	2	0.96	10.7	8	100	98	98	100	98	98	12.20	12.22	12.26
251120	3	2	10.3	1	1	13.2	13.2	25.9	0.16	0.21	0.17	1	1.26	10.6	2	100	98	98	100	98	98	9.81	9.79	9.75
251120	3	3	10.5	1	2	13.5	13.5	26.7	0.16	0.16	0.23	3	1.97	10.8	7	100	98	98	100	98	98	9.03	9.04	9.00
251120	3	4	10.7	1	6	15.0	15.0	29.7	0.25	0.25	0.07	2	0.31	10.8	4	100	98	98	100	98	98	11.94	11.94	11.96
251120	3	5	10.8	1	10	17.6	17.6	31.7	0.15	0.25	0.10	3	0.61	10.6	11	100	98	98	100	98	98	13.26	13.26	13.26
251120	3	6	10.7	1	12	27.1	27.1	3.23	0.15	0.24	0.09	3	0.62	10.4	12	95	98	98	100	98	98	12.68	12.64	12.64
251120	3	7	10.5	1	2	16.2	16.2	31.6	0.22	0.21	0.13	2	0.76	10.8	1	100	98	98	100	98	98	11.94	11.91	11.87
251120	3	8	10.4	1	12	15.8	15.8	31.2	0.22	0.17	0.26	3	2.80	10.3	2	91	98	98	100	98	98	11.32	11.29	11.29
251120	3	9	10.3	1	3	16.5	16.5	34.2	0.18	0.15	0.17	2	0.94	10.7	3	100	98	98	100	98	98	10.39	10.39	10.43
251120	3	10	10.5	1	1	18.9	18.9	35.6	0.16	0.24	0.19	1	1.68	10.8	1	100	98	98	100	98	98	11.51	11.49	11.45
251120	4	1	10.4	1	3	16.2	16.2	35.0	0.16	0.18	0.12	1	0.63	10.5	2	100	98	98	100	98	98	12.16	12.16	12.18
251120	4	2	10.6	1	2	13.9	13.9	28.9	0.13	0.16	0.11	2	0.84	10.7	1	100	98	98	100	98	98	10.04	9.97	9.97
251120	4	3	10.8	1	8	14.4	14.4	28.7	0.19	0.17	0.27	3	1.83	10.9	12	100	98	98	100	98	98	10.92	10.90	10.92
251120	4	4	10.8	1	1	16.0	16.0	30.9	0.12	0.14	0.06	3	0.67	10.6	1	100	98	98	100	98	98	10.47	10.46	10.46
251120	4	5	10.4	1	8	15.8	15.8	31.0	0.09	0.23	0.09	1	0.77	10.7	10	100	98	98	100	98	98	10.70	10.70	10.72
251120	4	6	10.7	1	4	17.5	17.5	34.4	0.18	0.16	0.09	3	0.65	10.8	3	100	98	98	100	98	98	12.72	12.72	12.72
251120	4	7	10.7	1	5	19.9	19.9	39.5	0.20	0.24	0.06	1	0.43	10.9	9	100	98	98	100	98	98	13.52	13.52	13.52
251120	4	8	10.7	1	11	19.6	19.6	37.0	0.20	0.20	0.17	2	1.01	10.7	2	100	98	98	100	98	98	9.84	9.75	9.75
251120	4	9	10.5	1	2	17.8	17.8	34.0	0.20	0.17	0.09	2	0.65	10.8	2	100	98	98	100	98	98	11.69	11.69	11.69
251120	4	10	10.5	1	2	20.9	20.9	48.0	0.18	0.20	0.09	3	0.58	10.6	1	100	98	98	100	98	98	11.29	11.27	11.27
251120	5	1	10.0	0	2	16.6	16.6	33.0	0.21	0.24	0.15	2	0.78	10.3	2	91	98	98	100	98	98	12.46	12.44	12.42
251120	5	2	10.6	1	8	14.4	14.4	34.7	0.15	0.16	0.18	3	1.38	10.7	9	100	98	98	100	98	98	10.86	10.88	10.89
251120	5	3	10.8	1	5	16.7	16.7	32.5	0.13	0.19	0.07	3	0.47	10.9	1	100	98	98	100	98	98	13.44	13.44	13.44
251120	5	4	10.8	1	3	16.6	16.6	32.0	0.11	0.21	0.04	3	0.33	10.9	8	100	98	98	100	98	98	13.17	13.17	13.17
251120	5	5	10.6	1	7	15.9	15.9	30.7	0.17	0.20	0.19	1	1.30	10.8	6	100	98	98	100	98	98	10.71	10.72	10.76
251120	5	6	10.9	1	10	17.0	17.0	32.6	0.11	0.16	0.06	3	0.51	10.8	11	100	98	98	100	98	98	13.17	13.17	13.17
251120	5	7	10.8	1	1	15.4	15.4	31.2	0.12	0.19	0.07	3	0.40	10.8	11	100	98	98	100	98	98	10.39	10.37	10.38
251120	5	8	10.7	1	3	16.1	16.1	31.2	0.14	0.24	0.09	3	0.58	10.9	4	100	98	98	100	98	98	11.60	11.60	11.58
251120	5	9	10.8	1	6	15.9	15.9	30.8	0.17	0.19	0.17	3	0.91	10.8	7	100	98	98	100	98	98	9.73	9.75	9.75
251120	5	10	10.7	1	3	19.6	19.6	36.4	0.19	0.17	0.11	2	0.81	10.9	4	100	98	98	100	98	98	10.71	10.71	10.70
