Marko	Ilmakiv‰‰ri
Date	Series	Shot	Hit	X ring	Sector	On	Total	Int.(s)			Trigger			COG		Fine %			Rough %			Hold time (s)
						target	time 		dev X	dev Y	ATV	TIRE	RTV	Hit	Sector	Target	COG	Hit	Target	COG	Hit	Target	COG	Hit
250105	1	1	10.5	1	6	15.7	15.7	0.0	0.17	0.19	0.12	2	0.79	10.6	6	100	98	98	100	98	98	10.41	10.54	10.54
250105	1	2	10.3	1	6	12.0	12.0	24.9	0.14	0.12	0.12	3	0.70	10.3	5	100	98	98	100	98	98	10.46	10.54	10.56
250105	1	3	10.5	1	6	12.7	12.7	27.5	0.19	0.18	0.19	2	0.87	10.4	5	100	98	98	100	98	98	11.56	11.69	11.70
250105	1	4	10.8	1	7	11.3	11.3	25.2	0.13	0.18	0.08	3	0.59	10.8	8	100	98	98	100	98	98	9.55	9.57	9.57
250105	1	5	10.8	1	7	10.4	10.4	22.9	0.17	0.20	0.26	1	1.59	10.7	5	100	98	98	100	98	98	8.67	8.71	8.71
250105	1	6	10.7	1	7	11.5	11.5	24.9	0.13	0.23	0.19	1	0.98	10.7	6	100	98	98	100	98	98	10.01	10.05	10.05
250105	1	7	10.6	1	10	10.5	10.5	24.0	0.32	0.17	0.12	1	0.87	10.7	12	100	98	98	100	98	98	8.41	8.21	8.22
250105	1	8	10.3	1	7	13.5	13.5	28.0	0.13	0.25	0.23	1	1.29	10.5	6	98	98	98	100	98	98	11.56	11.74	11.78
250105	1	9	10.6	1	2	11.5	11.5	30.1	0.15	0.28	0.23	2	1.54	10.8	4	100	98	98	100	98	98	10.52	10.53	10.46
250105	1	10	10.6	1	3	10.9	10.9	24.6	0.13	0.19	0.16	1	1.01	10.7	3	100	98	98	100	98	98	8.28	8.28	8.27
250105	2	1	10.9	1	5	12.7	12.7	27.2	0.18	0.29	0.10	3	0.42	10.8	2	100	98	98	100	98	98	11.27	11.25	11.27
250105	2	2	10.7	1	2	12.1	12.1	25.2	0.15	0.24	0.17	3	1.32	10.9	3	100	98	98	100	98	98	11.40	11.40	11.38
250105	2	3	10.5	1	3	10.9	10.9	23.0	0.11	0.21	0.09	3	0.47	10.5	2	100	98	98	100	98	98	9.29	9.26	9.27
250105	2	4	10.6	1	2	10.4	10.4	23.8	0.11	0.30	0.18	3	1.59	10.4	1	92	98	98	100	98	98	8.61	8.49	8.54
250105	2	5	10.7	1	5	11.6	11.6	26.5	0.11	0.22	0.07	2	0.45	10.7	2	100	98	98	100	98	98	10.59	10.57	10.76
250105	2	6	10.7	1	4	15.3	15.3	31.1	0.14	0.14	0.11	3	0.88	10.7	3	100	98	98	100	98	98	11.79	11.79	11.79
250105	2	7	10.9	1	10	13.0	13.0	27.7	0.12	0.16	0.09	3	0.57	10.8	12	100	98	98	100	98	98	12.00	12.00	12.00
250105	2	8	10.5	1	5	20.8	20.8	38.7	0.11	0.16	0.09	3	0.92	10.6	4	100	98	98	100	98	98	10.83	10.83	10.95
250105	2	9	10.8	1	4	12.7	12.7	26.9	0.13	0.17	0.14	3	0.97	10.9	6	100	98	98	100	98	98	12.36	12.38	12.36
250105	2	10	10.8	1	4	13.8	13.8	27.8	0.14	0.18	0.07	1	0.42	10.8	3	100	98	98	100	98	98	12.68	12.68	12.68
250105	3	1	10.8	1	8	13.4	13.4	27.6	0.12	0.17	0.09	2	0.56	10.8	8	100	98	98	100	98	98	12.27	12.27	12.27
250105	3	2	10.7	1	10	12.4	12.4	25.2	0.13	0.30	0.09	3	0.57	10.6	8	100	98	98	100	98	98	12.42	12.42	12.42
250105	3	3	10.4	1	4	15.0	15.0	28.6	0.14	0.16	0.12	2	0.77	10.7	4	100	98	98	100	98	98	13.70	13.70	13.70
250105	3	4	10.5	1	5	12.4	12.4	25.1	0.14	0.20	0.13	1	1.19	10.8	5	100	98	98	100	98	98	11.34	11.37	11.38
250105	3	5	10.8	1	11	13.0	13.0	25.9	0.13	0.18	0.12	3	0.80	10.7	12	100	98	98	100	98	98	11.96	11.96	11.96
250105	3	6	10.7	1	6	16.3	16.3	31.5	0.09	0.18	0.09	2	0.63	10.7	6	100	98	98	100	98	98	11.13	11.14	11.14
250105	3	7	10.6	1	3	14.1	14.1	26.5	0.12	0.20	0.18	3	1.07	10.7	2	100	98	98	100	98	98	12.30	12.30	12.30
250105	3	8	10.7	1	7	13.0	19.1	35.8	0.12	0.30	0.17	1	0.84	10.7	6	100	98	98	100	98	98	13.04	13.04	13.04
250105	3	9	10.9	1	2	12.6	26.4	47.4	0.13	0.24	0.11	3	0.56	10.7	3	100	98	98	100	98	98	12.55	12.55	12.54
250105	3	10	10.6	1	3	13.6	17.6	34.1	0.16	0.16	0.15	2	1.19	10.7	3	100	98	98	100	98	98	13.56	13.56	13.56
250105	4	1	10.5	1	5	18.5	30.6	10.43	0.17	0.26	0.19	2	0.84	10.6	5	100	98	98	100	98	98	11.82	11.85	11.85
250105	4	2	10.2	1	7	12.1	12.1	24.8	0.16	0.31	0.22	3	1.06	10.2	7	70	98	98	100	98	98	11.36	11.32	11.32
250105	4	3	10.6	1	4	13.3	13.3	29.1	0.10	0.25	0.13	3	0.74	10.8	4	100	98	98	100	98	98	12.62	12.62	12.62
250105	4	4	10.7	1	4	28.5	28.5	52.0	0.16	0.20	0.21	2	1.53	10.8	8	100	98	98	100	98	98	13.15	13.15	13.15
250105	4	5	10.8	1	11	14.2	14.2	27.6	0.16	0.20	0.18	3	0.89	10.7	12	100	98	98	100	98	98	11.84	11.84	11.84
250105	4	6	10.5	1	1	11.1	11.1	23.8	0.12	0.13	0.13	3	0.76	10.5	1	100	98	98	100	98	98	9.29	9.11	9.09
250105	4	7	10.6	1	8	11.8	11.8	24.9	0.11	0.19	0.12	3	0.82	10.6	10	100	98	98	100	98	98	11.05	11.03	11.05
250105	4	8	10.7	1	7	12.3	12.3	25.2	0.14	0.14	0.05	3	0.37	10.8	8	100	98	98	100	98	98	11.70	11.70	11.70
250105	4	9	10.8	1	9	15.3	15.3	30.1	0.14	0.21	0.09	3	0.59	10.8	1	100	98	98	100	98	98	13.52	13.52	13.52
250105	4	10	10.8	1	11	13.3	13.3	27.5	0.13	0.23	0.19	3	2.03	10.7	11	100	98	98	100	98	98	13.05	13.05	13.05
250105	5	1	10.6	1	9	12.6	12.6	28.1	0.13	0.19	0.14	3	0.77	10.8	10	100	98	98	100	98	98	11.88	11.88	11.89
250105	5	2	10.7	1	10	13.8	13.8	27.6	0.16	0.23	0.06	3	0.32	10.6	10	100	98	98	100	98	98	13.28	13.28	13.28
250105	5	3	10.7	1	9	10.2	10.2	21.6	0.14	0.22	0.10	2	0.54	10.7	9	100	98	98	100	98	98	8.18	8.16	8.18
250105	5	4	10.8	1	9	14.3	14.3	28.4	0.10	0.21	0.12	3	0.73	10.6	9	100	98	98	100	98	98	13.65	13.65	13.65
250105	5	5	10.9	1	9	15.0	15.0	29.4	0.12	0.15	0.25	1	2.37	10.7	8	100	98	98	100	98	98	13.56	13.56	13.56
250105	5	6	10.2	1	9	12.7	12.7	26.8	0.13	0.24	0.06	3	0.36	10.2	10	94	98	98	100	98	98	11.84	11.79	11.84
250105	5	7	10.4	1	10	12.2	12.2	27.9	0.15	0.23	0.18	2	0.87	10.6	10	100	98	98	100	98	98	11.87	11.88	11.87
250105	5	8	10.6	1	10	15.7	15.7	31.8	0.12	0.21	0.12	3	0.67	10.6	10	100	98	98	100	98	98	13.79	13.79	13.79
250105	5	9	10.7	1	11	15.3	15.3	31.7	0.13	0.20	0.13	3	0.58	10.7	12	100	98	98	100	98	98	13.62	13.62	13.62
250105	5	10	10.4	1	11	14.3	14.3	29.7	0.11	0.19	0.12	3	0.84	10.6	11	100	98	98	100	98	98	12.93	12.93	12.93
250105	6	1	10.5	1	11	13.6	13.6	29.9	0.09	0.23	0.24	1	1.55	10.7	10	100	98	98	100	98	98	13.29	13.29	13.29
250105	6	2	10.8	1	12	14.2	14.2	29.8	0.11	0.23	0.10	3	0.60	10.7	11	100	98	98	100	98	98	13.41	13.41	13.41
250105	6	3	10.8	1	7	13.5	13.5	27.6	0.12	0.25	0.06	3	0.30	10.8	11	100	98	98	100	98	98	11.89	11.89	11.89
250105	6	4	10.7	1	9	15.3	15.3	30.2	0.12	0.24	0.12	1	0.97	10.7	9	100	98	98	100	98	98	13.57	13.57	13.57
250105	6	5	10.8	1	10	15.9	15.9	31.6	0.18	0.21	0.15	3	0.83	10.8	12	100	98	98	100	98	98	13.61	13.61	13.61
250105	6	6	10.8	1	11	14.3	14.3	32.8	0.17	0.32	0.22	3	1.21	10.5	9	100	98	98	100	98	98	13.17	13.17	13.17
250105	6	7	10.6	1	11	11.8	11.8	25.7	0.14	0.23	0.19	2	1.40	10.8	8	100	98	98	100	98	98	10.29	10.30	10.28
250105	6	8	10.7	1	11	13.0	13.0	27.4	0.10	0.18	0.12	3	0.86	10.7	11	100	98	98	100	98	98	11.93	11.91	11.91
250105	6	9	10.6	1	12	15.0	15.0	31.1	0.08	0.19	0.13	3	0.74	10.7	12	100	98	98	100	98	98	13.14	13.14	13.14
250105	6	10	10.8	1	1	16.4	16.4	34.0	0.06	0.18	0.06	3	0.48	10.8	1	100	98	98	100	98	98	13.52	13.52	13.52
250105	7	1	10.5	1	7	16.6	25.4	9.07	0.07	0.25	0.09	1	0.95	10.6	7	100	98	98	100	98	98	8.79	8.87	8.88
250105	7	2	10.9	1	7	11.4	11.4	23.5	0.13	0.15	0.09	3	0.47	10.9	9	100	98	98	100	98	98	9.24	9.24	9.24
250105	7	3	10.2	1	8	12.2	12.2	25.1	0.10	0.18	0.14	1	1.48	10.6	8	100	98	98	100	98	98	11.85	11.87	11.88
250105	7	4	10.4	1	7	15.9	15.9	33.9	0.13	0.32	0.18	1	1.63	10.7	7	100	98	98	100	98	98	13.46	13.46	13.46
250105	7	5	10.5	1	7	15.2	15.2	30.6	0.13	0.22	0.07	1	0.43	10.6	7	100	98	98	100	98	98	13.14	13.14	13.14
250105	7	6	10.5	1	11	13.8	13.8	33.8	0.13	0.18	0.13	2	1.16	10.7	12	100	98	98	100	98	98	13.30	13.30	13.30
250105	7	7	10.6	1	7	19.3	19.3	37.6	0.11	0.23	0.13	2	0.75	10.8	8	100	98	98	100	98	98	13.74	13.74	13.74
250105	7	8	10.6	1	6	14.6	14.6	32.3	0.12	0.30	0.14	2	0.68	10.7	7	100	98	98	100	98	98	13.37	13.37	13.37
250105	7	9	10.5	1	5	11.9	11.9	26.2	0.15	0.25	0.08	2	0.43	10.3	6	83	98	98	100	98	98	10.43	10.47	10.44
250105	7	10	10.9	1	4	15.2	15.2	31.9	0.13	0.30	0.13	3	0.73	10.9	12	100	98	98	100	98	98	13.71	13.71	13.71
250105	8	1	10.3	1	5	12.7	12.7	28.0	0.29	0.42	0.25	1	1.73	10.6	6	86	97	98	100	98	98	11.62	11.67	11.69
250105	8	2	10.7	1	6	16.1	16.1	31.0	0.09	0.19	0.05	1	0.58	10.9	7	100	98	98	100	98	98	13.63	13.63	13.63
250105	8	3	10.4	1	8	13.4	13.4	27.0	0.12	0.18	0.09	1	0.68	10.5	8	100	98	98	100	98	98	12.09	12.09	12.09
250105	8	4	10.8	1	4	11.6	11.6	24.5	0.14	0.34	0.24	3	1.39	10.5	7	100	98	98	100	98	98	8.80	8.84	8.80
250105	8	5	10.7	1	7	17.0	17.0	33.1	0.11	0.25	0.06	2	0.37	10.7	8	100	98	98	100	98	98	13.61	13.61	13.61
250105	8	6	10.6	1	9	12.5	12.5	27.9	0.14	0.12	0.06	1	0.50	10.8	7	100	98	98	100	98	98	12.07	12.07	12.07
250105	8	7	10.7	1	4	29.0	29.0	49.8	0.11	0.16	0.06	1	0.58	10.9	7	100	98	98	100	98	98	13.46	13.46	13.46
250105	8	8	10.7	1	11	18.7	18.7	38.1	0.13	0.21	0.20	2	1.65	10.7	12	100	98	98	100	98	98	11.41	11.40	11.41
250105	8	9	10.9	1	7	14.0	14.0	29.6	0.09	0.15	0.06	3	0.66	10.9	6	100	98	98	100	98	98	12.36	12.36	12.36
250105	8	10	10.6	1	2	16.7	16.7	33.2	0.13	0.20	0.13	2	0.75	10.7	12	100	98	98	100	98	98	13.41	13.41	13.41
