Marko	Ilmakiv‰‰ri
Date	Series	Shot	Hit	X ring	Sector	On	Total	Int.(s)			Trigger			COG		Fine %			Rough %			Hold time (s)
						target	time 		dev X	dev Y	ATV	TIRE	RTV	Hit	Sector	Target	COG	Hit	Target	COG	Hit	Target	COG	Hit
240929	1	1	10.7	1	5	23.7	27.6	0.0	0.17	0.13	0.09	3	0.44	10.7	5	100	98	98	100	98	98	7.74	7.75	7.75
240929	1	2	10.5	1	3	14.7	14.7	28.2	0.20	0.12	0.12	3	0.72	10.7	2	100	98	98	100	98	98	8.73	8.71	8.71
240929	1	3	10.5	1	12	12.8	12.8	24.8	0.21	0.13	0.17	3	1.25	10.6	2	100	98	98	100	98	98	7.54	7.51	7.50
240929	1	4	10.8	1	11	13.3	13.3	26.2	0.22	0.10	0.09	3	0.61	10.8	12	100	98	98	100	98	98	8.58	8.47	8.52
240929	1	5	10.6	1	12	14.2	14.2	26.6	0.21	0.10	0.20	1	1.33	10.5	1	100	98	98	100	98	98	9.44	9.36	9.39
240929	1	6	10.8	1	4	14.0	14.0	27.0	0.32	0.10	0.18	1	0.88	10.8	2	100	98	98	100	98	98	9.38	9.38	9.39
240929	1	7	10.4	1	3	13.5	13.5	26.8	0.25	0.09	0.08	1	0.54	10.8	3	100	98	98	100	98	98	9.88	9.87	9.84
240929	1	8	10.7	1	3	13.8	13.8	27.3	0.22	0.17	0.13	2	0.88	10.8	3	100	98	98	100	98	98	9.31	9.31	9.30
240929	1	9	10.4	1	1	16.1	16.1	31.2	0.21	0.18	0.23	3	1.37	10.3	2	88	98	98	100	98	98	11.18	11.03	11.04
240929	1	10	10.5	1	2	14.4	14.4	32.3	0.19	0.14	0.07	2	0.59	10.4	2	100	98	98	100	98	98	9.57	9.51	9.55
240929	2	1	10.4	1	4	14.6	15.2	31.5	0.15	0.25	0.12	2	0.82	10.4	4	98	98	98	100	98	98	9.59	9.66	9.62
240929	2	2	10.5	1	4	14.3	14.3	27.8	0.19	0.16	0.17	3	1.30	10.7	4	100	98	98	100	98	98	10.06	10.12	10.12
240929	2	3	10.3	1	8	21.3	26.1	2.47	0.21	0.29	0.06	1	0.38	10.7	10	100	98	94	100	98	98	7.17	7.17	7.20
240929	2	4	10.6	1	3	17.0	32.4	57.3	0.16	0.23	0.13	3	0.65	10.4	3	100	98	98	100	98	98	7.54	7.47	7.51
240929	2	5	10.8	1	8	22.9	22.9	40.6	0.12	0.15	0.11	3	0.89	10.8	1	100	98	98	100	98	98	6.03	6.01	6.03
240929	2	6	10.7	1	11	12.7	12.7	25.9	0.17	0.14	0.11	1	0.68	10.7	11	100	98	98	100	98	98	7.77	7.72	7.72
240929	2	7	10.7	1	1	12.3	12.3	24.6	0.11	0.17	0.13	3	1.13	10.7	11	100	98	98	100	98	98	7.11	7.05	7.05
240929	2	8	10.8	1	8	11.3	11.3	22.8	0.29	0.16	0.27	3	1.34	10.5	3	95	98	85	100	98	98	6.18	6.11	6.20
240929	2	9	10.7	1	7	13.1	13.1	25.6	0.23	0.21	0.13	1	0.59	10.9	7	100	98	98	100	98	98	8.03	8.05	8.12
240929	2	10	10.3	1	8	14.7	14.7	28.2	0.23	0.25	0.23	2	1.46	10.7	7	100	98	98	100	98	98	11.01	11.12	11.12
240929	3	1	10.8	1	11	16.4	16.4	44.6	0.14	0.15	0.18	3	1.62	10.8	12	100	98	98	100	98	98	13.20	13.06	13.06
240929	3	2	10.7	1	6	14.4	14.4	28.1	0.18	0.18	0.09	2	0.73	10.7	9	100	98	98	100	98	98	10.43	10.44	10.46
240929	3	3	10.6	1	2	23.9	23.9	41.6	0.16	0.19	0.11	3	0.63	10.6	1	100	98	98	100	98	98	10.52	10.47	10.48
240929	3	4	10.2	1	8	13.6	13.6	26.5	0.21	0.36	0.20	1	1.77	10.8	2	100	98	50	100	98	98	9.13	9.12	9.26
240929	3	5	10.7	1	1	23.1	24.8	3.19	0.18	0.18	0.08	3	0.53	10.5	1	100	98	98	100	98	98	8.76	8.64	8.70
240929	3	6	10.9	1	4	14.6	14.6	28.9	0.18	0.20	0.23	3	1.21	10.8	1	100	98	98	100	98	98	10.17	10.15	10.19
240929	3	7	10.8	1	1	24.7	24.9	45.1	0.19	0.17	0.16	3	0.72	10.7	11	100	98	98	100	98	98	10.37	10.35	10.35
240929	3	8	10.7	1	11	19.7	19.7	36.7	0.15	0.10	0.17	3	1.17	10.6	11	100	98	98	100	98	98	10.94	10.90	10.90
240929	3	9	10.6	1	4	11.4	26.1	48.0	0.15	0.15	0.13	2	0.96	10.6	3	100	98	98	100	98	98	11.37	11.37	11.38
240929	3	10	10.6	1	3	12.7	12.7	26.5	0.23	0.17	0.11	3	0.96	10.2	2	80	98	98	100	98	98	8.43	8.38	8.41
240929	4	1	10.0	0	2	35.5	35.5	1.03	0.22	0.18	0.12	2	0.77	10.1	2	67	98	98	100	98	98	9.60	9.46	9.45
240929	4	2	10.1	0	1	23.4	27.2	52.8	0.12	0.32	0.10	2	0.60	10.2	1	79	98	98	100	98	98	12.96	12.88	12.87
240929	4	3	10.5	1	10	13.6	13.6	30.0	0.14	0.16	0.12	3	1.10	10.6	10	100	98	98	100	98	98	8.37	8.37	8.37
240929	4	4	10.6	1	4	14.4	14.4	29.3	0.16	0.12	0.07	1	0.62	10.8	3	100	98	98	100	98	98	9.07	9.07	9.15
240929	4	5	10.8	1	9	13.5	13.5	26.6	0.20	0.17	0.12	3	0.92	10.5	2	100	98	98	100	98	98	8.74	8.67	8.74
240929	4	6	10.2	1	3	13.8	13.8	27.6	0.15	0.17	0.16	1	0.93	10.4	2	100	98	98	100	98	98	9.75	9.72	9.73
240929	4	7	10.3	1	3	15.8	15.8	32.8	0.15	0.17	0.09	2	0.57	10.5	3	100	98	98	100	98	98	10.41	10.41	10.44
240929	4	8	10.5	1	3	18.2	18.2	37.8	0.15	0.17	0.16	1	1.15	10.7	2	100	98	98	100	98	98	11.27	11.25	11.27
240929	4	9	10.7	1	4	12.0	24.6	47.0	0.13	0.15	0.11	3	0.67	10.8	1	100	98	98	100	98	98	11.10	11.03	11.13
240929	4	10	10.8	1	7	14.6	14.6	29.8	0.11	0.10	0.10	3	0.92	10.9	8	100	98	98	100	98	98	8.09	8.09	8.10
240929	5	1	10.7	1	4	14.8	15.9	4.04	0.13	0.22	0.16	3	1.15	10.7	9	100	98	98	100	98	98	8.47	8.47	8.46
240929	5	2	10.7	1	1	13.7	13.7	31.2	0.14	0.15	0.21	3	1.37	10.7	11	100	98	98	100	98	98	9.22	9.18	9.18
240929	5	3	10.4	1	10	11.8	26.7	48.9	0.16	0.18	0.22	3	1.21	10.4	10	100	98	98	100	98	98	10.37	10.32	10.35
240929	5	4	10.1	0	9	13.8	13.8	29.4	0.39	0.19	0.09	2	0.55	10.6	9	98	98	85	100	98	98	8.89	8.89	8.91
240929	5	5	10.6	1	3	13.2	13.2	28.3	0.21	0.12	0.11	2	0.65	10.7	1	100	98	98	100	98	98	8.73	8.70	8.71
240929	5	6	10.6	1	11	13.7	13.7	27.5	0.15	0.20	0.19	3	1.08	10.5	10	100	98	98	100	98	98	8.82	8.76	8.74
240929	5	7	10.4	1	10	15.1	15.1	30.5	0.21	0.23	0.25	3	1.48	10.6	10	100	98	98	100	98	98	9.99	9.99	9.99
240929	5	8	10.5	1	11	14.0	14.0	29.2	0.19	0.14	0.11	3	0.61	10.7	8	100	98	98	100	98	98	10.08	10.08	10.01
240929	5	9	10.5	1	3	15.9	15.9	33.0	0.18	0.19	0.12	2	0.64	10.4	3	100	98	98	100	98	98	10.74	10.74	10.74
240929	5	10	10.5	1	4	17.3	33.8	1.04	0.16	0.28	0.25	3	1.32	10.2	3	89	98	98	100	98	98	11.54	11.54	11.60
240929	6	1	10.6	1	4	11.9	11.9	26.1	0.15	0.11	0.13	3	0.90	10.7	5	100	98	98	100	98	98	8.51	8.52	8.52
240929	6	2	10.7	1	9	28.7	28.7	49.0	0.16	0.18	0.13	3	0.94	10.7	12	100	98	98	100	98	98	10.23	10.21	10.23
240929	6	3	10.7	1	1	11.5	11.5	23.7	0.12	0.16	0.15	1	1.16	10.8	2	100	98	98	100	98	98	7.62	7.61	7.61
240929	6	4	10.5	1	10	13.2	13.2	25.3	0.17	0.16	0.18	3	1.18	10.6	10	100	98	98	100	98	98	9.48	9.46	9.46
240929	6	5	10.5	1	2	14.7	14.7	28.1	0.18	0.16	0.22	3	1.03	10.7	3	100	98	98	100	98	98	10.98	10.96	10.95
240929	6	6	10.0	0	3	15.1	15.1	29.1	0.17	0.12	0.10	1	0.63	10.4	3	100	98	98	100	98	98	10.02	10.04	10.02
240929	6	7	10.5	1	2	19.1	19.1	38.4	0.14	0.15	0.14	3	0.83	10.4	2	100	98	98	100	98	98	8.09	8.05	8.07
240929	6	8	10.6	1	7	14.9	14.9	30.4	0.16	0.16	0.09	3	0.51	10.5	7	100	98	98	100	98	98	10.20	10.38	10.37
240929	6	9	10.3	1	3	13.7	38.5	1.05	0.13	0.22	0.10	3	0.58	10.4	3	100	98	98	100	98	98	10.61	10.59	10.59
240929	6	10	10.8	1	1	23.3	23.3	42.3	0.18	0.16	0.06	3	0.54	10.6	11	100	98	98	100	98	98	11.52	11.38	11.45
