Marko	Ilmakiv‰‰ri
Date	Series	Shot	Hit	X ring	Sector	On	Total	Int.(s)			Trigger			COG		Fine %			Rough %			Hold time (s)
						target	time 		dev X	dev Y	ATV	TIRE	RTV	Hit	Sector	Target	COG	Hit	Target	COG	Hit	Target	COG	Hit
231209	1	1	9.6	0	12	19.4	21.1	0.0	0.36	0.14	0.23	2	1.26	9.7	1	21	98	95	100	98	98	4.89	4.68	4.67
231209	1	2	9.9	0	1	15.6	15.6	29.9	0.22	0.19	0.14	3	0.84	9.6	1	0	98	98	100	98	98	8.16	7.89	7.92
231209	1	3	10.6	1	12	15.3	16.4	1.26	0.22	0.15	0.21	2	1.28	10.7	11	100	98	98	100	98	98	5.45	5.43	5.40
231209	1	4	10.9	1	3	14.8	14.8	28.2	0.23	0.26	0.26	3	1.69	10.2	1	80	98	83	100	98	98	6.45	6.36	6.45
231209	1	5	9.8	0	3	11.0	11.0	23.1	0.18	0.12	0.13	2	0.60	10.1	4	83	98	98	100	98	98	4.77	4.77	4.59
231209	1	6	10.2	1	2	12.6	12.6	25.3	0.32	0.20	0.11	1	0.44	10.5	1	92	98	98	100	98	98	5.50	5.47	5.46
231209	1	7	10.6	1	11	15.1	15.1	30.9	0.30	0.21	0.23	3	1.18	10.9	7	100	98	98	100	98	98	5.58	5.58	5.55
231209	1	8	10.2	1	1	15.9	20.4	36.8	0.27	0.20	0.30	2	1.30	10.4	2	100	98	98	100	98	98	6.71	6.64	6.62
231209	1	9	10.7	1	2	19.1	19.2	43.8	0.28	0.15	0.19	1	0.95	10.5	2	95	98	98	100	98	98	6.53	6.53	6.53
231209	1	10	10.7	1	2	10.7	10.7	25.5	0.17	0.14	0.21	3	1.49	10.8	2	100	98	98	100	98	98	5.52	5.50	5.49
231209	2	1	10.4	1	2	11.2	11.2	25.2	0.18	0.19	0.13	1	0.70	10.9	2	100	98	98	100	98	98	5.79	5.79	5.75
231209	2	2	10.6	1	9	10.5	10.6	25.5	0.16	0.13	0.13	3	0.81	10.7	11	100	98	98	100	98	98	5.76	5.68	5.70
231209	2	3	10.6	1	6	11.8	11.8	26.2	0.10	0.28	0.14	2	1.29	10.9	10	100	98	98	100	98	98	6.00	5.99	6.03
231209	2	4	10.7	1	8	10.2	10.2	23.1	0.24	0.21	0.10	3	0.46	10.8	1	100	98	98	100	98	98	4.98	4.96	4.98
231209	2	5	10.3	1	1	13.8	13.8	29.5	0.21	0.24	0.22	2	0.91	10.5	1	95	98	98	100	98	98	5.36	5.29	5.19
231209	2	6	10.5	1	2	13.4	13.4	27.6	0.19	0.16	0.16	1	1.24	10.9	11	100	98	98	100	98	98	7.20	7.18	7.16
231209	2	7	10.8	1	11	8.6	12.3	26.6	0.15	0.17	0.13	3	0.80	10.8	2	100	98	98	100	98	98	7.17	7.16	7.16
231209	2	8	10.7	1	12	13.5	13.5	27.4	0.12	0.12	0.10	3	0.76	10.7	1	100	98	98	100	98	98	8.65	8.64	8.64
231209	2	9	10.6	1	1	15.7	15.7	33.1	0.09	0.19	0.09	1	0.66	10.8	1	100	98	98	100	98	98	8.45	8.43	8.41
231209	2	10	10.6	1	9	10.6	10.6	27.8	0.15	0.13	0.16	2	1.08	10.8	11	100	98	98	100	98	98	6.72	6.71	6.71
231209	3	1	10.0	0	2	20.7	20.7	2.24	0.24	0.17	0.15	1	1.01	10.3	2	88	98	98	100	98	98	7.44	7.21	7.18
231209	3	2	10.5	1	4	8.6	9.2	24.6	0.18	0.19	0.12	3	0.54	10.6	5	100	98	98	100	98	98	4.96	5.00	5.00
231209	3	3	10.5	1	8	9.6	9.6	27.8	0.24	0.33	0.29	2	1.91	10.7	1	100	98	74	100	98	98	7.44	7.41	7.44
231209	3	4	10.7	1	5	14.0	14.0	31.8	0.15	0.14	0.10	3	0.63	10.8	4	100	98	98	100	98	98	8.04	8.05	8.09
231209	3	5	10.6	1	3	13.4	13.4	29.1	0.16	0.16	0.19	1	1.52	10.8	4	100	98	98	100	98	98	7.16	7.16	7.16
231209	3	6	10.8	1	9	14.4	14.4	29.6	0.19	0.15	0.14	3	1.68	10.8	11	100	98	98	100	98	98	9.46	9.45	9.46
231209	3	7	10.5	1	4	12.4	12.4	26.4	0.21	0.18	0.11	3	1.06	10.5	3	100	98	98	100	98	98	7.98	7.98	8.03
231209	3	8	10.5	1	3	12.8	12.8	28.9	0.17	0.15	0.12	1	0.81	10.8	4	100	98	98	100	98	98	8.55	8.56	8.54
231209	3	9	10.7	1	4	13.4	13.4	29.0	0.17	0.15	0.06	3	0.35	10.5	3	100	98	98	100	98	98	8.38	8.40	8.41
231209	3	10	10.8	1	4	12.5	12.5	27.1	0.21	0.21	0.20	1	0.87	10.6	5	100	98	98	100	98	98	6.66	6.69	6.66
231209	4	1	10.6	1	2	11.9	11.9	26.7	0.15	0.16	0.14	3	0.89	10.6	2	100	98	98	100	98	98	5.42	5.40	5.40
231209	4	2	10.9	1	4	13.5	13.5	27.5	0.16	0.13	0.06	3	0.62	10.7	1	100	98	98	100	98	98	9.90	9.79	9.90
231209	4	3	10.7	1	3	13.1	13.1	27.1	0.10	0.19	0.14	3	1.08	10.5	3	100	98	98	100	98	98	9.75	9.66	9.75
231209	4	4	10.5	1	2	11.7	11.7	25.5	0.08	0.14	0.19	2	1.98	10.6	3	100	98	98	100	98	98	6.57	6.53	6.46
231209	4	5	10.3	1	8	11.2	23.1	44.0	0.21	0.13	0.15	1	1.20	10.5	9	100	98	98	100	98	98	11.22	11.19	11.22
231209	4	6	10.8	1	12	10.3	17.6	34.8	0.14	0.12	0.23	3	2.59	10.6	2	100	98	98	100	98	98	8.25	8.23	8.25
231209	4	7	10.6	1	11	13.0	13.0	25.7	0.11	0.18	0.06	3	0.48	10.6	12	100	98	98	100	98	98	8.79	8.65	8.67
231209	4	8	10.5	1	9	11.2	11.2	22.8	0.16	0.16	0.14	3	0.94	10.7	10	100	98	98	100	98	98	6.79	6.76	6.76
231209	4	9	10.7	1	9	12.9	12.9	25.6	0.12	0.23	0.13	3	0.97	10.6	9	100	98	98	100	98	98	9.22	9.22	9.26
231209	4	10	10.5	1	9	13.2	13.2	26.2	0.14	0.17	0.14	3	1.29	10.7	8	100	98	98	100	98	98	7.98	8.00	7.92
231209	5	1	10.8	1	2	14.8	15.2	1.56	0.13	0.29	0.23	3	2.15	10.4	3	100	98	98	100	98	98	8.93	8.96	8.93
231209	5	2	10.2	1	3	11.7	11.7	24.8	0.18	0.26	0.10	3	0.60	10.4	3	100	98	98	100	98	98	7.77	7.95	7.95
231209	5	3	10.3	1	5	11.4	11.4	25.6	0.11	0.24	0.13	2	1.45	10.6	3	100	98	92	100	98	98	7.61	7.63	7.80
231209	5	4	10.7	1	7	12.1	12.1	27.3	0.11	0.16	0.07	3	0.46	10.8	7	100	98	98	100	98	98	7.75	7.77	7.77
231209	5	5	10.6	1	1	10.5	10.5	23.8	0.17	0.23	0.15	3	0.84	10.8	10	100	98	98	100	98	98	7.50	7.49	7.47
231209	5	6	10.3	1	4	9.1	9.1	21.4	0.23	0.18	0.14	1	0.94	10.5	3	100	98	98	100	98	98	5.96	5.97	6.04
231209	5	7	10.5	1	4	11.5	11.5	25.0	0.18	0.20	0.04	1	0.23	10.6	4	100	98	98	100	98	98	7.65	7.71	7.72
231209	5	8	10.5	1	8	12.8	12.8	26.4	0.14	0.20	0.16	2	1.09	10.8	7	100	98	98	100	98	98	7.56	7.59	7.61
231209	5	9	10.8	1	5	12.9	12.9	25.5	0.14	0.16	0.11	3	0.77	10.8	7	100	98	98	100	98	98	8.62	8.64	8.64
231209	5	10	10.4	1	8	13.9	13.9	27.8	0.15	0.17	0.11	2	0.84	10.5	8	100	98	98	100	98	98	8.21	8.22	8.23
231209	6	1	10.6	1	6	9.8	9.8	23.9	0.18	0.18	0.09	3	0.80	10.6	3	100	98	98	100	98	98	7.39	7.42	7.42
231209	6	2	10.2	1	4	13.6	13.6	26.9	0.26	0.18	0.12	1	1.05	10.6	3	98	98	98	100	98	98	9.09	9.09	9.13
231209	6	3	10.5	1	7	13.5	13.5	31.7	0.16	0.19	0.07	2	0.53	10.5	7	100	98	98	100	98	98	10.37	10.44	10.43
231209	6	4	10.6	1	11	15.0	15.0	28.6	0.14	0.25	0.18	1	1.20	10.7	12	100	98	98	100	98	98	9.33	9.26	9.26
231209	6	5	10.4	1	2	10.4	10.4	22.0	0.13	0.17	0.05	2	0.39	10.7	1	100	98	98	100	98	98	6.72	6.71	6.69
231209	6	6	10.7	1	8	12.4	12.4	25.1	0.19	0.14	0.11	2	0.78	10.9	9	100	98	98	100	98	98	7.02	7.02	7.02
231209	6	7	10.7	1	4	11.7	11.7	24.3	0.18	0.15	0.08	3	0.66	10.9	1	100	98	98	100	98	98	7.11	7.11	7.21
231209	6	8	10.3	1	9	10.9	10.9	22.7	0.17	0.20	0.06	3	0.46	10.3	9	100	98	98	100	98	98	6.20	6.09	6.01
231209	6	9	10.7	1	8	10.8	10.8	22.9	0.20	0.16	0.17	2	1.76	10.9	6	100	98	98	100	98	98	6.15	6.17	6.17
231209	6	10	10.6	1	9	24.2	24.2	42.2	0.16	0.14	0.10	1	1.08	10.7	11	100	98	98	100	98	98	10.19	10.17	10.17
231209	7	1	10.4	1	3	12.9	14.1	2.22	0.28	0.25	0.08	1	0.37	10.6	3	100	98	98	100	98	98	7.49	7.50	7.49
231209	7	2	10.2	1	5	11.2	11.2	22.4	0.11	0.20	0.08	1	0.63	10.5	5	100	98	98	100	98	98	6.01	6.06	6.08
231209	7	3	10.6	1	7	11.6	11.6	24.6	0.15	0.14	0.10	3	0.77	10.4	8	100	98	98	100	98	98	7.47	7.50	7.50
231209	7	4	10.5	1	6	16.4	16.4	31.7	0.08	0.19	0.06	1	0.58	10.8	5	100	98	98	100	98	98	6.41	6.41	6.43
231209	7	5	10.8	1	9	14.6	14.6	27.8	0.07	0.18	0.06	3	0.49	10.7	8	100	98	98	100	98	98	8.94	8.96	8.94
231209	7	6	10.5	1	8	12.5	12.5	26.1	0.14	0.13	0.16	3	1.38	10.7	8	100	98	98	100	98	98	8.67	8.70	8.73
231209	7	7	10.7	1	10	11.0	11.0	23.9	0.11	0.31	0.09	2	0.57	10.9	7	100	98	98	100	98	98	6.90	6.90	6.87
231209	7	8	10.9	1	1	13.2	13.2	26.4	0.17	0.26	0.12	3	0.69	10.7	2	100	98	98	100	98	98	10.05	10.05	10.04
231209	7	9	10.7	1	1	11.6	11.6	24.0	0.24	0.16	0.23	3	2.02	10.9	9	100	98	98	100	98	98	7.32	7.32	7.30
231209	7	10	10.4	1	9	13.1	13.1	27.3	0.16	0.19	0.16	2	1.08	10.6	9	100	98	98	100	98	98	8.89	8.91	8.93
231209	8	1	10.7	1	10	13.5	13.5	29.7	0.19	0.15	0.12	2	0.70	10.7	12	100	98	98	100	98	98	9.15	9.11	9.11
231209	8	2	10.5	1	2	11.0	11.0	22.5	0.31	0.25	0.12	2	0.62	10.6	3	94	98	98	100	98	98	6.88	6.92	6.90
231209	8	3	10.6	1	4	12.4	12.4	27.6	0.19	0.20	0.08	2	0.79	10.7	2	100	98	98	100	98	98	7.95	7.92	7.95
231209	8	4	10.5	1	1	12.0	12.0	25.2	0.27	0.14	0.17	1	1.25	10.7	1	100	98	98	100	98	98	8.07	8.04	8.03
231209	8	5	10.7	1	7	11.6	11.6	24.5	0.13	0.16	0.10	1	0.63	10.9	9	100	98	98	100	98	98	8.49	8.49	8.47
231209	8	6	10.5	1	9	13.6	13.7	27.4	0.16	0.17	0.19	2	1.49	10.6	11	100	98	98	100	98	98	7.61	7.61	7.61
231209	8	7	10.5	1	7	17.4	17.4	32.8	0.16	0.19	0.08	1	0.54	10.7	8	100	98	98	100	98	98	8.60	8.60	8.65
231209	8	8	10.7	1	10	12.3	12.3	25.1	0.12	0.22	0.12	3	1.11	10.8	1	100	98	98	100	98	98	8.80	8.80	8.79
231209	8	9	10.9	1	10	11.8	11.8	24.1	0.14	0.14	0.15	3	1.06	10.6	9	100	98	98	100	98	98	7.84	7.75	7.84
231209	8	10	10.6	1	11	14.1	14.1	27.7	0.21	0.14	0.08	2	0.62	10.7	12	100	98	98	100	98	98	8.56	8.55	8.54
