Marko	Ilmakiv‰‰ri
Date	Series	Shot	Hit	X ring	Sector	On	Total	Int.(s)			Trigger			COG		Fine %			Rough %			Hold time (s)
						target	time 		dev X	dev Y	ATV	TIRE	RTV	Hit	Sector	Target	COG	Hit	Target	COG	Hit	Target	COG	Hit
241104	1	1	10.6	1	6	11.2	17.1	0.0	0.16	0.17	0.08	3	0.43	10.7	5	100	98	98	100	98	98	5.08	5.14	5.22
241104	1	2	10.4	1	1	13.8	13.8	27.4	0.24	0.29	0.39	3	2.00	10.7	3	100	98	86	100	98	98	10.04	10.05	10.02
241104	1	3	10.2	1	8	11.1	11.1	23.4	0.39	0.32	0.30	1	1.44	10.7	12	98	97	52	100	98	98	6.33	6.29	6.25
241104	1	4	10.8	1	7	12.5	12.5	26.5	0.26	0.20	0.17	3	0.84	10.8	3	100	98	97	100	98	98	7.05	7.04	7.08
241104	1	5	10.3	1	1	11.9	11.9	24.8	0.21	0.31	0.22	1	1.14	10.6	1	94	98	98	100	98	98	8.25	8.23	8.21
241104	1	6	10.5	1	3	13.1	13.3	28.7	0.30	0.24	0.06	1	0.29	10.9	6	100	98	82	100	98	98	10.52	10.53	10.53
241104	1	7	9.9	0	1	14.3	14.3	28.8	0.19	0.31	0.36	1	1.97	10.6	2	92	98	73	100	98	98	9.66	9.63	9.51
241104	1	8	10.4	1	7	14.6	14.6	37.0	0.23	0.30	0.17	3	0.96	10.6	2	100	98	59	100	98	98	10.04	10.04	10.08
241104	1	9	10.6	1	11	14.9	14.9	30.0	0.19	0.25	0.20	3	0.99	10.5	11	100	98	98	100	98	98	10.65	10.52	10.53
241104	1	10	10.6	1	12	15.2	15.2	30.7	0.17	0.28	0.11	3	0.51	10.5	11	100	98	98	100	98	98	10.20	10.15	10.17
241104	2	1	10.8	1	3	15.5	15.5	31.4	0.25	0.19	0.12	3	0.50	10.7	1	100	98	98	100	98	98	10.92	10.89	10.92
241104	2	2	10.0	0	2	11.9	11.9	25.0	0.22	0.27	0.12	3	0.56	10.1	2	62	98	98	100	98	98	7.25	7.18	7.17
241104	2	3	10.5	1	11	13.1	13.1	31.7	0.25	0.21	0.26	3	1.30	10.6	12	100	98	98	100	98	98	9.15	9.12	9.12
241104	2	4	10.9	1	3	13.4	13.4	27.6	0.18	0.21	0.22	1	1.24	10.8	2	100	98	98	100	98	98	9.45	9.45	9.45
241104	2	5	10.0	0	1	13.1	13.1	26.9	0.22	0.30	0.22	1	1.03	10.4	1	86	98	98	100	98	98	8.80	8.79	8.76
241104	2	6	10.6	1	11	14.0	14.0	33.6	0.16	0.30	0.26	2	1.41	10.7	1	100	98	98	100	98	98	10.15	10.14	10.14
241104	2	7	10.7	1	10	15.2	15.2	30.9	0.14	0.17	0.16	3	1.01	10.6	12	100	98	98	100	98	98	11.16	11.07	11.13
241104	2	8	10.9	1	6	15.2	15.2	30.1	0.18	0.17	0.06	3	0.29	10.7	11	100	98	98	100	98	98	11.91	11.89	11.91
241104	2	9	10.7	1	6	14.4	14.4	28.5	0.19	0.23	0.16	3	1.09	10.5	2	100	98	86	100	98	98	10.83	10.81	10.86
241104	2	10	10.6	1	12	14.8	14.8	29.3	0.14	0.20	0.16	1	1.05	10.6	1	100	98	98	100	98	98	9.63	9.48	9.48
241104	3	1	10.5	1	3	13.8	37.6	2.36	0.16	0.31	0.27	3	1.19	10.6	5	95	98	92	100	98	98	10.15	10.20	10.17
241104	3	2	10.6	1	7	15.5	15.5	30.9	0.18	0.30	0.07	3	0.30	10.9	1	100	98	94	100	98	98	10.94	10.94	10.95
241104	3	3	10.2	1	5	16.1	16.1	31.5	0.23	0.35	0.14	2	0.66	10.4	3	100	98	88	100	98	98	13.56	13.56	13.56
241104	3	4	10.5	1	1	15.2	15.2	32.6	0.27	0.31	0.24	1	1.27	10.6	1	95	98	98	100	98	98	11.29	11.27	11.27
241104	3	5	10.6	1	7	15.1	15.1	32.8	0.24	0.28	0.24	3	1.26	10.7	6	100	98	98	100	98	98	11.91	11.94	11.94
241104	3	6	10.2	1	3	14.1	14.1	28.8	0.26	0.24	0.25	1	1.04	10.4	4	97	98	97	100	98	98	9.38	9.39	9.38
241104	3	7	10.3	1	4	16.7	16.7	34.1	0.18	0.26	0.09	3	0.41	10.3	2	88	98	92	100	98	98	13.52	13.52	13.52
241104	3	8	10.7	1	2	12.5	17.4	34.9	0.18	0.18	0.12	3	0.58	10.7	2	100	98	98	100	98	98	9.68	9.64	9.66
241104	3	9	10.3	1	8	13.4	13.4	30.7	0.29	0.25	0.30	3	1.56	10.8	2	100	98	76	100	98	98	9.07	9.04	9.13
241104	3	10	10.5	1	1	12.4	28.2	52.0	0.12	0.18	0.09	3	0.49	10.5	1	100	98	98	100	98	98	12.45	12.45	12.45
241104	4	1	10.5	1	11	8.8	12.5	31.4	0.17	0.17	0.25	3	2.18	10.7	12	100	98	98	100	98	98	5.50	5.47	5.45
241104	4	2	10.7	1	1	12.8	12.8	26.1	0.12	0.19	0.08	3	0.57	10.4	12	100	98	98	100	98	98	9.20	9.12	9.18
241104	4	3	10.9	1	7	13.5	13.5	27.8	0.13	0.20	0.06	3	0.41	10.6	12	100	98	98	100	98	98	10.89	10.88	10.90
241104	4	4	10.7	1	2	10.4	10.4	22.7	0.23	0.23	0.28	1	1.31	10.4	2	89	98	98	100	98	98	4.70	4.67	4.67
241104	4	5	10.4	1	12	14.6	14.6	28.9	0.13	0.19	0.04	3	0.27	10.2	12	91	98	98	100	98	98	9.95	9.81	9.86
241104	4	6	10.5	1	1	13.3	13.3	28.9	0.12	0.16	0.19	1	1.29	10.3	1	100	98	98	100	98	98	8.80	8.74	8.74
241104	4	7	10.7	1	9	13.8	13.8	28.6	0.19	0.18	0.27	3	2.11	10.7	1	100	98	98	100	98	98	10.54	10.53	10.56
241104	4	8	10.8	1	1	14.4	14.4	28.9	0.12	0.16	0.09	3	0.56	10.7	1	100	98	98	100	98	98	10.02	9.99	10.01
241104	4	9	10.5	1	1	15.7	15.7	30.6	0.12	0.19	0.08	3	0.57	10.5	1	100	98	98	100	98	98	12.42	12.42	12.42
241104	4	10	10.7	1	10	16.2	16.2	32.0	0.18	0.27	0.10	3	0.56	10.3	12	89	98	91	100	98	98	11.98	11.88	11.96
241104	5	1	10.5	1	3	15.6	33.6	2.27	0.12	0.20	0.09	3	0.67	10.5	2	100	98	98	100	98	98	10.35	10.34	10.35
241104	5	2	10.4	1	8	15.2	15.2	29.7	0.18	0.26	0.21	3	0.90	10.6	9	100	98	98	100	98	98	11.73	11.73	11.73
241104	5	3	10.5	1	1	19.4	19.4	37.6	0.11	0.16	0.16	2	0.89	10.5	12	100	98	98	100	98	98	9.38	9.33	9.33
241104	5	4	10.8	1	5	16.1	16.1	34.1	0.15	0.29	0.09	3	0.49	10.5	1	94	98	89	100	98	98	12.07	12.03	12.15
241104	5	5	10.8	1	3	16.4	16.4	33.4	0.17	0.23	0.09	3	0.49	10.6	1	100	98	98	100	98	98	13.43	13.43	13.43
241104	5	6	10.9	1	9	14.2	14.2	29.3	0.14	0.16	0.14	1	0.84	10.8	1	100	98	98	100	98	98	9.81	9.81	9.81
241104	5	7	10.4	1	3	12.4	12.4	26.3	0.14	0.19	0.26	3	1.77	10.2	4	100	98	98	100	98	98	6.50	6.55	6.51
241104	5	8	10.6	1	1	13.7	13.7	28.1	0.07	0.19	0.10	2	0.70	10.5	2	100	98	98	100	98	98	9.03	9.03	9.03
241104	5	9	10.6	1	9	14.8	14.8	30.0	0.16	0.29	0.20	3	1.68	10.3	12	91	98	77	100	98	98	10.90	10.79	10.89
241104	5	10	10.3	1	2	21.5	21.5	40.8	0.21	0.28	0.21	2	1.16	10.6	2	100	98	98	100	98	98	11.07	11.04	11.01
241104	6	1	10.5	1	3	14.6	14.6	29.8	0.19	0.26	0.16	1	0.74	10.5	3	100	98	98	100	98	98	10.90	10.92	10.95
241104	6	2	10.3	1	1	13.7	13.7	27.7	0.15	0.21	0.17	2	0.98	10.5	12	100	98	98	100	98	98	10.47	10.41	10.38
241104	6	3	10.7	1	8	11.3	14.8	32.4	0.13	0.20	0.11	3	0.83	10.8	12	100	98	98	100	98	98	11.32	11.29	11.34
241104	6	4	10.7	1	2	12.9	20.7	39.4	0.09	0.23	0.07	3	0.56	10.4	1	95	98	98	100	98	98	12.87	12.87	12.87
241104	6	5	10.7	1	8	16.9	17.2	34.3	0.13	0.31	0.06	2	0.44	10.6	12	95	98	89	100	98	98	13.38	13.38	13.38
241104	6	6	10.6	1	7	16.7	16.7	31.7	0.15	0.24	0.13	2	0.58	10.7	10	100	98	98	100	98	98	13.76	13.76	13.76
241104	6	7	10.8	1	12	15.3	15.3	30.6	0.14	0.21	0.14	1	0.80	10.7	1	100	98	98	100	98	98	12.07	12.07	12.07
241104	6	8	10.7	1	9	16.9	16.9	32.7	0.17	0.28	0.13	3	0.57	10.6	10	100	98	98	100	98	98	13.41	13.41	13.41
241104	6	9	10.7	1	12	14.9	14.9	29.6	0.13	0.17	0.13	2	1.19	10.7	11	100	98	98	100	98	98	11.60	11.56	11.56
241104	6	10	10.2	1	6	14.7	14.7	28.9	0.09	0.31	0.10	1	0.73	10.9	7	100	98	89	100	98	98	11.89	11.89	12.00
241104	7	1	10.6	1	2	16.3	23.4	3.10	0.15	0.24	0.14	3	0.77	10.9	1	100	98	98	100	98	98	12.24	12.22	12.21
241104	7	2	10.8	1	4	15.0	15.0	29.7	0.14	0.21	0.21	2	2.08	10.8	4	100	98	98	100	98	98	11.70	11.71	11.71
241104	7	3	10.5	1	5	15.4	15.4	30.6	0.15	0.26	0.09	1	0.46	10.6	6	100	98	98	100	98	98	12.12	12.12	12.12
241104	7	4	10.5	1	7	15.1	15.1	30.5	0.19	0.20	0.14	3	0.76	10.7	7	100	98	98	100	98	98	11.87	11.87	11.87
241104	7	5	10.3	1	4	21.0	21.0	39.5	0.21	0.20	0.12	2	0.70	10.5	2	100	98	98	100	98	98	10.77	10.72	10.79
241104	7	6	10.6	1	2	13.2	13.2	28.0	0.16	0.15	0.12	1	0.63	10.5	2	100	98	98	100	98	98	8.32	8.31	8.31
241104	7	7	10.8	1	12	15.5	15.5	31.0	0.10	0.24	0.19	2	1.96	10.9	9	100	98	98	100	98	98	12.26	12.26	12.26
241104	7	8	10.8	1	5	15.3	15.3	30.1	0.18	0.27	0.08	3	0.41	10.9	1	100	98	98	100	98	98	12.38	12.38	12.38
241104	7	9	10.3	1	3	15.4	15.4	30.5	0.17	0.19	0.07	2	0.37	10.4	3	95	98	98	100	98	98	11.65	11.65	11.69
241104	7	10	10.7	1	12	15.2	15.2	30.5	0.14	0.21	0.08	3	0.47	10.6	12	100	98	98	100	98	98	12.09	12.07	12.07
241104	8	1	10.3	1	1	15.5	15.5	31.1	0.14	0.21	0.14	3	0.73	10.4	12	97	98	98	100	98	98	12.29	12.18	12.16
241104	8	2	10.8	1	4	11.4	11.4	24.2	0.16	0.22	0.18	3	1.34	10.6	2	100	98	98	100	98	98	7.70	7.70	7.70
241104	8	3	10.2	1	2	17.1	17.1	32.7	0.13	0.20	0.27	1	2.57	10.6	2	100	98	98	100	98	98	13.54	13.54	13.54
241104	8	4	10.7	1	6	17.7	19.6	36.3	0.13	0.20	0.15	3	1.25	10.7	1	100	98	98	100	98	98	10.57	10.56	10.61
241104	8	5	10.5	1	5	16.4	16.4	32.4	0.21	0.29	0.17	3	1.10	10.6	2	100	98	91	100	98	98	13.37	13.37	13.37
241104	8	6	10.4	1	11	14.5	14.5	30.2	0.15	0.34	0.12	2	0.60	10.5	11	100	98	98	100	98	98	10.61	10.57	10.54
241104	8	7	10.9	1	9	13.4	13.4	27.6	0.14	0.15	0.09	3	0.77	10.6	11	100	98	98	100	98	98	8.87	8.84	8.87
241104	8	8	10.5	1	12	15.9	15.9	31.2	0.14	0.18	0.19	1	1.44	10.6	12	100	98	98	100	98	98	12.66	12.66	12.66
241104	8	9	10.7	1	1	12.2	12.2	25.8	0.19	0.20	0.11	3	0.71	10.4	1	98	98	98	100	98	98	8.28	8.14	8.22
241104	8	10	10.6	1	2	14.6	14.6	29.0	0.16	0.19	0.16	1	0.94	10.4	1	100	98	98	100	98	98	11.04	10.96	10.99
