Nanna U.	Ilmakiv‰‰ri	Pysty
Date	Series	Shot	Hit	X ring	Sector	On	Total	Int.(s)			Trigger			COG		Fine %			Rough %			Hold time (s)
						target	time 		dev X	dev Y	ATV	TIRE	RTV	Hit	Sector	Target	COG	Hit	Target	COG	Hit	Target	COG	Hit
230129	1	1	10.1	0	1	6.1	6.1	0.0	0.35	0.28	0.21	3	0.84	9.9	2	44	98	94	98	98	98	2.76	2.92	2.92
230129	1	2	9.8	0	10	6.1	6.1	32.5	0.43	0.23	0.36	3	0.92	10.3	9	73	98	82	100	98	98	3.15	3.12	3.13
230129	1	3	10.7	1	7	6.4	6.4	31.3	0.67	0.28	0.45	2	1.43	10.7	10	77	73	70	100	98	98	2.94	2.96	2.75
230129	1	4	10.7	1	4	6.6	6.6	37.7	0.51	0.19	0.24	3	0.99	10.2	3	59	98	76	100	98	98	3.73	3.92	3.73
230129	1	5	10.6	1	12	5.1	5.1	29.2	0.66	0.24	0.18	2	0.65	10.5	1	79	91	77	100	98	98	2.62	2.69	2.65
230129	1	6	10.0	0	10	5.2	5.2	27.0	0.70	0.20	0.25	2	0.92	10.3	2	65	82	23	100	98	71	2.58	2.61	2.62
230129	1	7	10.3	1	10	7.2	7.2	36.5	0.75	0.25	0.48	2	1.77	10.4	2	62	74	38	100	98	89	3.78	3.85	3.77
230129	1	8	10.1	0	10	6.4	6.4	33.3	0.52	0.21	0.15	3	0.44	10.1	11	56	94	92	100	98	98	3.39	3.78	3.48
230129	1	9	9.9	0	1	6.6	6.6	35.3	0.53	0.18	0.33	1	0.98	10.2	12	68	94	71	100	98	98	3.87	4.30	4.30
230129	1	10	10.6	1	9	6.8	6.8	37.6	0.60	0.26	0.30	3	0.75	10.3	10	64	89	88	100	98	98	2.64	2.56	2.54
230129	2	1	10.2	1	11	7.0	7.0	48.0	0.46	0.30	0.35	2	1.35	10.0	12	38	98	70	100	98	98	2.83	3.40	2.91
230129	2	2	10.2	1	2	7.8	7.8	42.6	0.54	0.25	0.35	3	0.84	10.0	2	42	89	91	100	98	98	3.87	4.18	4.17
230129	2	3	9.4	0	10	7.0	7.0	36.0	0.65	0.26	0.33	1	1.29	10.4	12	76	88	29	100	98	76	3.29	3.58	3.35
230129	2	4	9.9	0	1	8.2	8.2	1.18	0.56	0.31	0.37	3	1.08	9.7	12	15	94	79	100	98	98	4.33	5.07	4.88
230129	2	5	10.6	1	10	8.1	8.1	33.2	0.45	0.31	0.31	2	0.91	10.6	12	94	92	88	100	98	98	3.54	3.90	3.54
230129	2	6	9.2	0	3	6.7	6.7	36.0	0.46	0.22	0.55	3	2.29	9.9	2	36	97	56	100	98	98	3.36	3.40	3.36
230129	2	7	9.7	0	2	7.6	7.6	57.8	0.60	0.26	0.32	3	0.98	9.7	2	30	95	74	92	98	98	4.33	4.49	4.59
230129	2	8	10.2	1	2	6.9	6.9	35.6	0.48	0.25	0.23	1	1.03	9.9	2	56	98	82	100	98	98	3.50	3.81	3.81
230129	2	9	10.2	1	1	8.1	8.1	46.1	0.24	0.20	0.22	3	0.83	10.1	2	70	98	98	100	98	98	2.96	3.24	3.23
230129	2	10	10.4	1	9	6.8	6.8	1.16	0.28	0.39	0.22	3	1.11	10.3	10	80	98	89	100	98	98	3.36	3.39	3.35
230129	3	1	10.5	1	11	7.2	7.2	36.0	0.76	0.31	0.41	1	0.89	10.6	5	70	70	39	100	98	98	4.26	4.23	4.50
230129	3	2	10.5	1	2	7.2	7.2	39.0	0.47	0.17	0.40	3	1.33	10.4	11	83	98	73	100	98	98	3.25	3.46	3.46
230129	3	3	10.3	1	7	8.4	8.4	30.1	0.80	0.33	0.30	1	1.22	10.4	3	77	79	61	91	98	83	4.32	4.62	4.20
230129	3	4	9.8	0	9	7.6	7.6	38.7	0.83	0.43	0.63	1	2.35	10.6	2	52	68	15	100	98	64	4.37	4.38	3.57
230129	3	5	10.0	0	12	6.8	6.8	38.3	0.50	0.21	0.31	3	0.93	9.9	1	26	98	91	100	98	98	3.00	3.90	3.90
230129	3	6	9.6	0	10	6.3	6.3	32.8	0.54	0.30	0.22	1	0.63	10.1	10	71	91	74	100	98	98	2.77	2.77	2.76
230129	3	7	9.9	0	1	7.2	7.2	1.00	0.33	0.42	0.23	3	0.79	9.4	12	6	98	61	83	98	98	1.94	2.96	2.52
230129	3	8	9.8	0	10	6.7	6.7	29.6	0.23	0.29	0.17	3	0.62	9.8	11	24	98	97	100	98	98	3.31	3.33	3.29
230129	3	9	9.8	0	2	7.2	7.2	32.0	0.26	0.23	0.44	3	1.96	10.0	12	62	98	62	100	98	98	3.13	3.62	3.60
230129	3	10	9.5	0	12	6.4	6.4	55.4	0.41	0.26	0.29	2	0.97	9.7	1	15	97	55	100	98	98	3.13	3.78	3.81
230129	4	1	10.1	0	10	6.3	6.3	28.6	0.37	0.24	0.36	3	1.38	10.0	10	53	98	98	100	98	98	2.91	2.91	2.91
230129	4	2	10.5	1	9	7.8	7.8	35.5	0.35	0.34	0.25	3	0.76	10.4	9	83	98	98	100	98	98	3.84	3.84	3.84
230129	4	3	10.4	1	10	6.7	6.7	31.5	0.81	0.28	0.28	3	0.77	10.3	11	44	64	58	100	98	98	3.65	3.75	3.23
230129	4	4	10.0	0	12	6.3	6.3	55.6	0.38	0.34	0.38	2	1.34	9.9	12	39	98	94	100	98	98	2.31	2.92	2.88
230129	4	5	9.3	0	11	7.3	7.3	44.5	0.49	0.24	0.13	1	0.49	9.9	12	33	94	68	100	98	98	3.48	3.71	3.72
230129	4	6	10.7	1	10	6.0	6.0	1.14	0.55	0.37	0.43	2	0.91	10.2	11	59	91	73	100	98	98	2.25	3.45	3.02
230129	4	7	9.9	0	10	5.8	5.8	27.8	0.46	0.25	0.21	1	0.97	10.0	12	42	98	70	100	98	98	2.79	3.19	3.04
230129	4	8	10.5	1	1	5.5	5.5	32.1	0.41	0.42	0.27	3	0.83	10.0	12	50	91	70	100	98	98	2.25	2.71	2.33
230129	4	9	9.5	0	1	6.9	6.9	29.5	0.67	0.19	0.31	3	1.30	9.0	2	11	86	38	35	98	98	2.35	2.94	2.97
230129	4	10	10.3	1	8	6.5	6.5	31.3	0.80	0.31	0.29	2	0.70	10.5	4	59	73	53	100	98	89	3.58	3.58	3.31
230129	5	1	4.6	0	9	0.7	0.7	1.01	
