Nelli K.	Ilmakiv‰‰ri	Pysty
Date	Series	Shot	Hit	X ring	Sector	On	Total	Int.(s)			Trigger			COG		Fine %			Rough %			Hold time (s)
						target	time 		dev X	dev Y	ATV	TIRE	RTV	Hit	Sector	Target	COG	Hit	Target	COG	Hit	Target	COG	Hit
240128	1	1	9.7	0	11	7.6	7.6	0.0	1.38	0.81	0.29	3	0.59	9.0	11	0	56	48	41	77	70	0.96	0.97	0.97
240128	1	2	8.9	0	11	6.1	6.1	36.6	0.72	0.40	0.31	2	0.69	9.8	12	18	77	20	100	98	98	1.54	1.59	1.59
240128	1	3	9.0	0	1	6.2	6.2	39.6	0.41	0.26	0.43	3	1.56	9.0	12	0	98	65	45	98	98	2.06	2.13	2.12
240128	1	4	9.6	0	2	5.7	5.7	42.0	1.51	0.46	0.62	3	1.02	9.8	10	47	15	24	68	76	59	2.40	2.42	0.73
240128	1	5	9.0	0	1	5.2	12.1	1.03	1.01	0.37	0.23	1	0.30	9.5	1	2	61	70	70	95	83	3.17	3.75	3.78
240128	1	6	10.0	0	3	6.6	12.6	1.00	0.96	0.35	0.45	3	0.79	10.5	11	52	59	32	97	98	76	2.25	2.25	2.28
240128	1	7	9.7	0	2	5.8	5.8	44.8	0.64	1.08	0.47	3	0.90	10.9	4	42	39	14	89	91	65	1.40	1.40	1.38
240128	1	8	9.1	0	9	7.1	13.8	1.04	1.07	0.40	1.09	3	1.22	10.5	10	56	50	11	88	98	59	3.54	3.51	1.51
240128	1	9	9.4	0	12	8.6	8.6	50.1	1.37	0.36	0.43	2	0.56	9.4	11	0	41	30	64	79	70	3.57	3.56	4.49
240128	1	10	10.5	1	2	7.3	7.3	43.1	1.11	0.55	0.28	2	0.50	9.7	2	35	55	44	79	89	80	4.54	4.53	4.61
240128	2	1	9.6	0	3	4.1	10.3	9.57	0.90	0.31	0.40	2	0.71	9.9	2	33	68	41	83	98	86	1.35	1.43	1.32
240128	2	2	10.5	1	8	5.7	6.5	41.3	0.86	0.60	0.55	3	1.37	9.9	11	21	55	20	85	98	88	2.76	2.77	2.75
240128	2	3	9.3	0	2	5.9	5.9	42.0	0.58	0.57	0.60	3	1.52	9.2	12	0	76	11	59	98	64	1.50	2.31	2.17
240128	2	4	9.4	0	11	6.8	6.8	38.3	0.72	0.74	0.44	2	0.93	10.3	10	39	48	41	88	98	86	2.64	2.85	3.54
240128	2	5	9.2	0	6	8.4	8.4	43.8	1.46	1.00	0.48	2	0.58	10.3	2	15	18	8	74	67	33	2.07	3.23	0.48
240128	2	6	10.8	1	8	4.8	4.8	33.8	0.53	0.34	0.23	3	0.72	10.2	5	62	88	62	98	98	98	1.94	1.88	1.94
240128	2	7	8.7	0	8	7.0	7.0	53.6	1.07	0.45	0.64	2	1.23	10.7	9	48	52	6	98	95	50	3.44	3.44	1.17
240128	2	8	9.1	0	5	7.5	7.5	49.2	1.07	0.90	0.31	1	0.53	10.5	5	9	32	35	89	88	47	1.89	1.56	1.44
240128	2	9	8.3	0	8	7.1	7.1	36.7	0.90	0.68	0.59	1	1.53	10.3	9	50	45	14	88	94	30	4.62	4.61	1.19
240128	2	10	8.5	0	12	9.2	9.2	42.2	0.82	0.72	0.77	1	1.52	10.5	11	62	68	6	94	94	29	1.97	1.95	3.40
240128	3	1	9.4	0	9	3.6	3.6	11.50	1.54	0.71	0.56	3	0.92	9.1	12	0	39	15	65	71	44	0.72	1.47	0.69
240128	3	2	9.5	0	12	5.9	5.9	50.4	1.14	0.68	0.35	1	0.68	10.0	1	15	42	44	85	91	71	3.67	3.77	1.29
240128	3	3	10.3	1	11	5.2	13.0	1.06	0.96	0.71	0.30	2	0.37	9.6	1	14	41	42	68	98	68	1.50	1.77	1.71
240128	3	4	9.0	0	10	6.2	14.3	1.03	0.89	0.38	0.41	3	1.09	9.8	11	9	65	32	83	98	83	1.88	1.91	1.78
240128	3	5	9.2	0	2	5.5	5.5	51.6	0.60	0.41	0.66	2	2.18	10.3	3	58	85	17	100	98	92	1.36	1.35	1.36
240128	3	6	10.2	1	2	6.0	15.3	1.06	0.88	0.42	0.15	1	0.37	9.9	2	52	62	67	80	98	98	1.40	1.46	1.44
240128	3	7	8.6	0	10	5.2	5.2	38.3	0.50	0.43	0.62	1	2.19	9.8	12	27	88	9	89	98	89	1.38	1.40	1.32
240128	3	8	8.4	0	1	8.5	8.5	40.5	1.22	0.33	0.53	3	1.09	8.9	12	0	35	39	15	98	59	2.58	2.56	2.49
240128	3	9	9.0	0	1	5.3	5.3	1.23	0.80	0.48	0.21	2	0.53	9.5	1	14	71	77	76	95	94	1.98	1.11	1.08
240128	3	10	10.2	1	12	8.0	8.0	39.3	0.61	0.49	0.48	2	1.38	9.9	1	47	82	71	92	98	98	2.70	2.73	2.75
240128	4	1	10.6	1	11	6.2	10.3	13.18	1.48	0.32	0.27	3	0.47	10.1	3	45	21	53	68	86	62	2.23	2.29	2.23
240128	4	2	9.1	0	1	6.4	13.9	1.05	1.07	0.61	0.60	1	0.85	9.2	11	20	42	15	56	98	48	2.49	1.70	2.01
240128	4	3	9.3	0	2	4.8	4.8	35.3	0.44	0.64	0.36	3	0.75	9.1	1	11	77	79	45	98	98	1.14	2.44	2.42
240128	4	4	8.7	0	2	6.8	6.8	37.1	2.34	0.92	0.24	1	0.24	8.0	2	21	29	36	36	48	55	0.69	0.89	0.81
240128	4	5	9.8	0	3	6.6	6.6	45.4	1.36	0.43	0.26	3	0.38	9.6	11	14	35	29	68	85	45	1.89	2.00	0.51
240128	4	6	9.1	0	1	4.0	4.0	31.1	0.92	0.43	0.76	2	1.31	9.3	12	3	56	62	64	98	85	1.26	1.29	1.27
240128	4	7	8.2	0	2	5.1	5.1	40.8	1.35	1.19	0.71	3	0.86	8.9	12	5	32	6	48	68	50	0.89	1.00	0.49
240128	4	8	9.8	0	9	6.3	6.3	42.6	1.56	0.53	0.64	3	0.92	9.8	11	0	35	11	47	73	65	1.06	1.05	1.00
240128	4	9	9.4	0	2	4.7	4.7	34.2	1.17	0.72	0.26	1	0.36	9.7	12	21	33	30	64	94	67	2.13	2.19	2.21
240128	4	10	10.4	1	1	6.8	6.8	37.3	0.59	0.77	0.34	3	1.00	9.9	2	21	76	44	95	94	98	1.88	1.84	1.88
