Marko	Ilmakiv‰‰ri
Date	Series	Shot	Hit	X ring	Sector	On	Total	Int.(s)			Trigger			COG		Fine %			Rough %			Hold time (s)
						target	time 		dev X	dev Y	ATV	TIRE	RTV	Hit	Sector	Target	COG	Hit	Target	COG	Hit	Target	COG	Hit
251005	1	1	10.2	1	9	4.5	54.3	0.0	0.99	0.80	0.69	3	1.19	9.6	6	12	36	29	67	98	67	2.54	2.48	2.48
251005	1	2	9.4	0	4	7.4	14.6	47.0	0.90	0.51	0.48	2	0.79	10.7	6	61	62	35	100	98	67	6.15	6.15	3.78
251005	1	3	10.1	0	5	6.7	6.8	28.9	0.90	0.55	0.22	1	0.43	9.9	4	36	67	47	82	98	85	1.29	5.76	5.73
251005	1	4	10.0	0	3	6.2	6.7	32.4	1.04	0.55	0.16	3	0.29	10.6	4	47	50	48	91	97	82	6.17	6.15	6.15
251005	1	5	10.1	0	8	6.2	66.2	3.50	0.65	0.40	0.19	2	0.68	10.2	7	53	91	53	100	98	98	2.83	2.82	2.81
251005	1	6	9.9	0	10	3.6	46.4	2.58	0.85	0.31	0.64	3	1.20	10.0	2	41	67	18	89	98	65	2.35	2.37	1.80
251005	1	7	9.4	0	10	5.9	6.2	26.5	0.93	0.39	0.45	2	0.81	10.6	2	62	70	20	94	98	47	4.09	4.17	3.08
251005	1	8	9.7	0	5	5.3	10.4	33.5	0.56	0.47	0.58	3	1.00	10.0	6	59	79	67	89	98	98	3.78	3.73	3.73
251005	1	9	9.5	0	3	6.1	6.6	24.0	1.14	0.64	0.69	3	1.11	9.8	2	6	39	39	70	97	82	2.58	2.55	1.54
251005	1	10	9.5	0	3	6.3	6.6	33.0	0.84	0.30	0.52	1	1.10	10.6	12	70	73	33	100	98	70	5.70	5.70	5.78
251005	2	1	10.1	0	3	5.2	5.3	27.5	0.51	0.29	0.41	2	1.13	10.0	3	47	94	91	100	98	98	4.20	4.38	4.35
251005	2	2	10.5	1	10	6.5	14.5	47.2	1.04	0.35	0.52	3	1.04	10.1	3	50	67	35	89	92	82	5.16	5.24	3.44
251005	2	3	10.2	1	3	7.6	7.6	26.1	1.00	0.39	0.21	2	0.64	10.4	1	61	64	48	89	92	89	6.74	6.75	7.21
251005	2	4	10.0	0	3	5.6	5.6	26.0	0.85	0.18	0.30	2	0.53	10.1	3	64	68	68	88	98	98	4.00	4.08	4.39
251005	2	5	9.0	0	3	5.6	5.9	30.9	0.98	0.45	0.27	2	0.53	9.4	3	27	62	47	73	98	89	4.54	4.59	4.63
251005	2	6	10.6	1	2	5.6	5.8	25.9	0.83	0.36	0.46	2	1.05	9.2	4	18	67	26	73	98	74	3.08	2.79	3.09
251005	2	7	8.6	0	3	3.8	12.4	45.1	1.13	0.54	0.61	1	1.34	9.2	3	12	33	29	65	92	88	0.97	1.97	1.95
251005	2	8	8.3	0	3	4.5	12.1	46.0	1.14	0.36	0.16	2	0.56	9.5	4	30	35	42	59	98	68	3.06	3.06	3.08
251005	2	9	10.7	1	4	7.5	7.5	37.6	0.82	0.44	0.21	3	0.40	10.3	2	58	65	59	94	98	98	7.41	7.46	7.42
251005	2	10	8.9	0	4	5.0	5.0	24.2	1.35	0.95	0.44	1	0.65	9.7	2	8	35	48	41	80	73	2.21	2.94	0.89
251005	3	1	9.6	0	4	3.9	4.2	33.4	0.52	0.35	0.22	1	0.48	9.9	3	44	86	68	97	98	98	2.27	2.33	2.31
251005	3	2	8.9	0	3	5.9	6.4	25.1	0.81	0.40	0.13	1	0.20	9.7	3	39	64	48	76	98	98	5.31	5.40	5.50
251005	3	3	10.8	1	3	3.7	3.7	27.1	0.93	0.35	0.14	2	0.24	10.2	3	70	76	71	83	94	83	2.38	2.43	2.40
251005	3	4	9.8	0	3	4.0	9.9	40.8	0.51	0.31	0.63	2	1.87	10.9	12	89	89	39	100	98	89	2.07	2.01	2.44
251005	3	5	10.5	1	1	5.5	5.5	23.6	0.92	0.40	0.25	2	0.38	10.3	2	64	65	64	89	95	91	5.04	5.07	5.07
251005	3	6	9.4	0	3	5.8	13.4	45.1	0.60	0.50	0.39	1	1.07	10.3	2	74	82	33	95	98	98	5.52	5.54	1.84
251005	3	7	10.2	1	7	6.4	6.4	26.7	0.94	0.35	0.47	2	1.30	10.5	6	56	64	56	100	98	98	5.16	3.48	3.44
251005	3	8	10.3	1	3	7.8	7.8	25.0	1.02	0.33	0.18	1	0.36	10.1	3	56	56	64	80	94	91	7.75	3.30	3.33
251005	3	9	9.7	0	2	5.3	5.3	28.1	0.25	0.14	0.21	1	0.89	9.5	2	0	98	98	100	98	98	4.47	4.89	4.89
251005	3	10	9.0	0	3	4.4	4.4	25.2	0.76	0.45	0.81	2	2.31	9.7	2	6	68	58	91	98	89	3.27	3.33	3.29
251005	4	1	9.7	0	5	5.4	10.2	2.10	1.09	0.49	0.12	2	0.19	10.5	6	58	56	47	91	92	76	4.18	4.17	4.18
251005	4	2	10.2	1	12	5.2	5.9	22.9	1.48	0.69	0.28	2	0.32	10.5	1	41	42	45	77	77	77	4.68	4.71	4.74
251005	4	3	9.9	0	4	7.2	10.7	39.0	0.45	0.43	0.35	3	1.03	9.8	4	36	94	91	92	98	98	6.32	6.29	6.29
251005	4	4	10.4	1	3	4.0	4.5	21.2	0.63	0.27	0.21	3	0.40	10.6	1	77	82	80	100	98	98	2.67	2.69	2.69
251005	4	5	10.1	0	4	3.9	3.9	19.4	0.30	0.32	0.26	2	1.26	9.9	4	48	98	98	100	98	98	2.40	2.67	2.67
251005	4	6	10.1	0	3	4.2	4.5	20.1	0.50	0.17	0.23	3	0.91	10.5	4	80	98	83	100	98	98	2.70	2.70	2.70
251005	4	7	9.1	0	4	5.0	5.0	25.2	0.84	0.42	0.86	1	2.04	10.6	9	65	79	11	100	92	38	3.72	3.72	3.77
251005	4	8	9.5	0	10	4.8	4.8	21.1	0.79	0.35	0.54	1	1.94	10.6	3	68	83	15	100	98	42	2.85	2.87	2.82
251005	4	9	10.0	0	3	6.4	6.4	27.5	1.29	0.57	0.39	3	0.68	10.1	12	44	45	38	67	83	67	5.38	3.69	5.38
251005	4	10	10.5	1	5	5.0	5.0	22.8	0.71	0.41	0.20	2	0.30	10.3	4	71	71	73	94	98	98	4.11	4.08	4.08
