Nelli K.	Ilmakiv‰‰ri
Date	Series	Shot	Hit	X ring	Sector	On	Total	Int.(s)			Trigger			COG		Fine %			Rough %			Hold time (s)
						target	time 		dev X	dev Y	ATV	TIRE	RTV	Hit	Sector	Target	COG	Hit	Target	COG	Hit	Target	COG	Hit
250125	1	1	10.1	0	4	8.6	8.6	0.0	0.83	0.23	0.27	3	0.87	10.4	6	64	82	74	97	95	86	3.56	3.90	3.92
250125	1	2	10.6	1	8	9.0	9.0	44.1	0.49	0.29	0.41	3	1.62	10.3	6	76	91	74	100	98	98	3.03	3.00	3.02
250125	1	3	9.4	0	5	7.3	7.3	41.6	0.47	0.17	0.17	1	0.71	9.9	5	14	98	82	100	98	98	5.29	4.86	4.80
250125	1	4	10.3	1	3	6.0	24.2	1.39	1.09	0.33	0.25	2	0.61	10.4	6	42	70	64	91	88	80	2.52	2.42	2.44
250125	1	5	10.4	1	5	10.1	10.4	43.6	0.63	0.33	0.16	3	0.43	10.0	5	33	83	74	100	98	98	6.01	5.58	5.94
250125	1	6	10.4	1	9	9.1	9.1	41.8	0.86	0.23	0.17	2	0.62	10.5	6	50	68	56	100	98	98	4.93	4.92	4.96
250125	1	7	9.7	0	2	11.1	11.1	45.5	0.76	0.27	0.39	3	0.96	10.8	3	73	76	8	100	98	92	6.15	6.15	6.17
250125	1	8	9.8	0	6	9.7	9.7	48.9	0.55	0.32	0.18	2	0.54	10.4	4	74	95	47	100	98	98	4.41	4.35	4.23
250125	1	9	10.7	1	7	8.0	8.0	37.7	0.61	0.14	0.22	3	0.62	10.8	4	97	98	82	100	98	98	5.52	5.52	5.50
250125	1	10	9.5	0	3	10.4	10.4	42.8	0.58	0.25	0.39	1	1.66	10.6	3	85	94	42	100	98	83	6.36	6.41	6.96
250125	2	1	10.6	1	4	6.5	12.4	3.23	0.45	0.27	0.18	1	0.69	10.8	10	92	98	83	100	98	98	2.44	2.46	2.44
250125	2	2	10.2	1	10	7.1	9.5	46.9	0.74	0.27	0.56	2	1.32	10.4	2	62	74	41	100	98	79	3.06	3.18	3.02
250125	2	3	10.7	1	11	9.4	9.4	47.5	0.57	0.25	0.13	3	0.38	10.8	8	86	83	85	100	98	98	4.32	4.32	4.37
250125	2	4	10.2	1	3	9.3	9.3	39.6	0.35	0.16	0.21	1	1.06	10.7	4	95	98	94	100	98	98	4.59	4.59	4.58
250125	2	5	10.4	1	9	10.5	18.2	1.23	0.32	0.10	0.11	1	0.94	10.7	8	100	98	92	100	98	98	5.75	5.75	5.75
250125	2	6	10.8	1	3	9.2	9.5	45.2	1.02	0.26	0.24	3	0.44	10.5	3	70	62	68	86	95	89	6.84	6.86	6.84
250125	2	7	10.7	1	11	8.8	8.8	41.5	0.58	0.21	0.11	2	0.53	10.6	2	74	94	73	100	98	98	3.63	3.71	3.67
250125	2	8	10.5	1	6	7.2	7.2	40.0	0.69	0.25	0.38	2	0.79	10.5	8	74	79	82	100	98	98	3.50	3.48	3.48
250125	2	9	10.4	1	2	7.1	17.1	1.17	0.44	0.20	0.20	3	0.79	10.5	1	97	98	89	100	98	98	4.14	4.17	4.17
250125	2	10	10.2	1	5	8.3	8.3	40.5	1.05	0.43	0.45	3	0.73	10.3	4	61	45	45	83	98	98	5.45	4.96	4.93
250125	3	1	9.0	0	3	8.5	8.5	2.07	0.57	0.28	0.46	1	0.95	9.9	5	35	88	24	100	98	83	4.89	4.80	4.74
250125	3	2	10.6	1	12	8.6	14.1	1.18	0.46	0.35	0.21	3	0.88	10.8	6	100	98	77	100	98	98	6.97	6.96	7.00
250125	3	3	9.5	0	3	8.9	8.9	42.7	0.71	0.48	0.28	1	0.74	10.5	5	59	71	47	100	98	73	6.06	6.04	6.08
250125	3	4	10.8	1	1	7.0	11.3	1.05	0.13	0.10	0.19	3	1.55	10.7	10	100	98	98	100	98	98	4.71	4.71	4.71
250125	3	5	10.3	1	3	7.3	18.9	1.07	0.42	0.27	0.29	3	1.88	10.6	12	92	95	73	100	98	97	7.18	7.20	7.20
250125	3	6	10.2	1	3	7.8	7.8	37.4	0.49	0.26	0.25	1	0.87	10.0	3	59	95	94	97	98	98	5.66	5.68	5.75
250125	3	7	10.5	1	4	8.4	8.7	46.5	0.69	0.09	0.19	3	0.57	10.4	3	56	82	83	100	98	98	5.46	5.45	5.43
250125	3	8	9.3	0	3	8.8	8.8	41.3	0.44	0.20	0.38	1	2.45	10.3	3	85	91	30	100	98	98	6.97	6.51	6.46
250125	3	9	10.9	1	12	10.4	17.0	1.17	0.50	0.19	0.16	3	0.61	10.7	7	92	94	92	100	98	98	8.73	8.70	8.98
250125	3	10	10.4	1	8	5.4	15.4	1.11	0.43	0.14	0.13	2	0.53	10.6	10	95	98	82	100	98	98	4.12	4.11	4.09
