Nelli K.	Ilmakiv‰‰ri
Date	Series	Shot	Hit	X ring	Sector	On	Total	Int.(s)			Trigger			COG		Fine %			Rough %			Hold time (s)
						target	time 		dev X	dev Y	ATV	TIRE	RTV	Hit	Sector	Target	COG	Hit	Target	COG	Hit	Target	COG	Hit
260222	1	1	10.1	0	3	10.3	30.4	0.0	0.42	0.45	0.34	3	1.19	10.4	3	79	94	85	100	98	98	10.34	10.32	10.32
260222	1	2	9.7	0	4	8.0	9.0	38.6	0.70	0.43	0.39	3	1.18	10.2	2	65	73	24	100	98	89	6.55	6.99	6.57
260222	1	3	9.5	0	3	7.5	8.7	38.6	0.74	0.17	0.68	1	1.47	10.8	11	83	80	27	100	98	68	5.22	5.22	3.84
260222	1	4	10.1	0	4	8.1	8.6	51.7	0.67	0.25	0.31	2	0.73	10.8	2	88	85	67	100	98	89	6.75	6.75	6.66
260222	1	5	10.2	1	4	12.3	12.3	41.1	1.34	0.27	0.73	3	0.67	10.5	5	39	48	39	80	80	85	9.40	9.21	9.40
260222	1	6	10.1	0	9	8.3	8.3	35.3	0.82	0.10	0.27	1	1.44	10.8	3	86	77	62	92	95	88	6.34	6.39	6.20
260222	1	7	10.1	0	10	8.4	9.0	36.4	0.50	0.29	0.28	1	0.83	10.4	10	73	95	85	100	98	98	7.14	7.16	6.43
260222	1	8	10.4	1	3	9.4	9.4	32.5	0.65	0.41	0.28	1	0.73	10.6	7	70	77	55	100	98	98	7.84	7.83	7.82
260222	1	9	10.2	1	11	6.6	6.6	38.8	0.87	0.24	0.49	3	1.11	10.0	12	32	56	56	100	98	98	4.38	4.44	4.42
260222	1	10	10.3	1	10	5.4	5.4	27.1	0.86	0.60	0.24	2	0.57	9.8	11	61	65	39	77	94	85	3.40	3.46	3.40
260222	2	1	10.5	1	10	7.1	7.1	1.01	0.61	0.15	0.25	3	0.55	10.3	1	79	89	62	100	98	95	5.01	5.03	5.03
260222	2	2	10.3	1	12	7.2	10.2	49.5	0.48	0.50	0.57	3	2.45	10.3	10	62	86	50	100	98	98	5.03	5.05	5.12
260222	2	3	10.7	1	7	8.4	8.4	34.4	0.80	0.16	0.51	1	1.27	10.5	6	70	76	73	100	98	98	7.68	7.67	7.68
260222	2	4	10.3	1	8	7.3	7.3	31.6	0.56	0.15	0.16	1	0.42	10.6	7	86	86	89	100	98	98	4.68	4.65	4.61
260222	2	5	10.2	1	10	8.0	8.0	42.2	0.79	0.21	0.18	1	0.40	10.6	12	65	74	62	100	98	94	6.74	6.76	6.74
260222	2	6	10.7	1	7	8.7	8.7	33.6	0.42	0.22	0.19	1	0.57	10.9	3	100	98	95	100	98	98	5.92	5.92	5.91
260222	2	7	10.1	0	2	6.3	6.3	30.5	0.32	0.26	0.38	3	1.68	10.5	2	94	98	97	100	98	98	3.71	3.73	3.75
260222	2	8	10.6	1	10	6.0	6.0	30.7	0.47	0.21	0.30	3	1.11	10.5	2	83	98	74	100	98	98	4.49	4.50	4.49
260222	2	9	10.0	0	2	7.0	7.0	32.6	0.64	0.15	0.41	2	1.09	10.1	3	58	88	83	97	98	98	4.74	3.57	3.57
260222	2	10	9.8	0	10	7.0	7.0	31.4	0.66	0.30	0.37	1	0.94	10.1	10	59	77	80	95	98	98	5.43	3.18	1.59
260222	3	1	10.5	1	10	7.0	7.0	1.21	0.50	0.16	0.32	3	1.12	10.6	11	92	92	97	100	98	98	4.08	4.09	4.07
260222	3	2	10.3	1	1	6.9	6.9	31.2	0.39	0.46	0.16	2	0.69	10.5	4	88	92	64	100	98	98	5.40	5.42	5.45
260222	3	3	10.6	1	3	8.0	8.0	33.2	0.52	0.19	0.22	2	0.81	10.6	10	89	97	61	100	98	98	2.77	2.76	2.79
260222	3	4	10.1	0	11	7.1	7.1	26.4	0.60	0.33	0.34	2	0.95	10.4	11	74	94	88	100	98	98	4.11	4.07	4.05
260222	3	5	10.2	1	10	6.4	6.4	27.0	0.64	0.31	0.38	3	1.36	10.7	12	91	89	61	100	98	98	3.81	3.96	4.33
260222	3	6	10.6	1	3	6.3	6.3	34.9	0.89	0.23	0.20	3	0.34	10.4	3	61	64	64	94	98	98	1.95	3.63	2.00
260222	3	7	10.8	1	11	6.5	6.5	26.1	0.74	0.36	0.33	3	0.82	10.3	3	64	74	59	97	98	91	3.21	3.25	3.19
260222	3	8	10.7	1	9	7.2	7.2	27.2	1.10	0.21	0.34	3	0.73	10.2	2	47	50	42	88	98	76	6.04	6.06	6.04
260222	3	9	10.8	1	7	6.5	6.5	24.9	1.05	0.38	0.53	3	1.12	10.4	2	50	50	45	91	98	86	4.39	5.07	4.38
260222	3	10	10.3	1	10	6.5	6.5	26.3	0.89	0.48	0.20	2	0.43	10.6	3	47	64	30	100	98	94	5.07	5.07	5.13
260222	4	1	10.7	1	9	5.2	5.9	1.19	0.81	0.13	0.39	3	0.91	10.6	5	76	73	76	97	98	94	3.10	3.09	2.82
260222	4	2	10.4	1	10	6.8	15.8	49.1	0.65	0.19	0.30	3	0.96	10.6	12	80	86	74	100	98	98	5.59	5.66	5.54
260222	4	3	10.6	1	1	7.0	7.0	28.8	0.79	0.22	0.32	2	0.68	10.9	12	82	79	79	100	98	97	5.45	5.45	5.46
260222	4	4	10.6	1	3	6.6	6.6	23.8	0.87	0.32	0.31	2	0.59	10.4	2	65	74	73	91	98	98	2.87	2.91	2.90
260222	4	5	10.8	1	1	6.0	6.0	23.4	0.62	0.25	0.14	3	0.44	10.4	2	67	92	71	100	98	98	4.50	4.51	4.50
260222	4	6	10.3	1	3	6.5	6.5	24.2	1.15	0.29	0.30	3	0.51	10.5	11	58	64	59	83	91	76	4.93	5.07	4.95
260222	4	7	9.9	0	12	5.8	5.8	31.7	1.01	0.28	0.21	3	0.30	10.3	1	47	61	71	91	97	85	3.85	3.92	4.00
260222	4	8	9.6	0	10	5.7	5.7	25.0	0.78	0.22	0.60	2	1.73	10.6	1	68	71	26	100	98	73	4.47	4.47	2.48
260222	4	9	10.1	0	7	7.9	7.9	32.6	0.68	0.20	0.31	2	1.02	10.4	6	79	77	68	100	98	98	3.46	3.48	3.44
260222	4	10	9.7	0	4	5.7	7.8	32.8	1.04	0.42	0.35	1	0.88	10.7	4	52	67	65	94	91	77	1.56	4.29	3.66
