Nelli K.	Ilmakivääri
Date	Series	Shot	Hit	X ring	Sector	On	Total	Int.(s)			Trigger			COG		Fine %			Rough %			Hold time (s)
						target	time 		dev X	dev Y	ATV	TIRE	RTV	Hit	Sector	Target	COG	Hit	Target	COG	Hit	Target	COG	Hit
100104	1	1	10.0	0	10	4.4	8.2	0.0	0.97	0.52	0.12	2	0.17	10.0	11	47	59	47	82	91	94	1.84	2.22	2.19
100104	1	2	10.6	1	11	4.8	4.8	29.8	0.69	0.22	0.24	3	0.69	10.4	12	70	73	71	100	98	98	2.79	3.09	3.04
100104	1	3	10.2	1	12	5.4	5.5	29.9	0.87	0.56	0.79	2	1.33	9.1	11	5	47	33	48	98	62	3.46	2.10	3.51
100104	1	4	10.9	1	1	5.9	7.7	34.8	1.49	0.66	0.61	3	0.58	10.4	12	30	35	32	79	80	77	4.12	4.25	4.12
100104	1	5	9.7	0	3	6.5	12.3	57.6	0.81	0.46	0.26	1	0.62	10.1	1	33	64	29	92	98	91	4.96	5.33	2.22
100104	2	1	10.2	1	12	6.0	6.0	33.5	0.64	0.25	0.39	3	0.67	10.0	12	29	83	85	100	98	98	3.87	3.90	3.88
100104	2	2	9.1	0	1	4.7	7.5	31.5	0.92	0.47	0.24	1	0.46	10.0	12	30	48	26	95	98	73	2.58	2.62	2.61
100104	2	3	9.6	0	1	5.6	6.5	29.1	0.48	0.20	0.28	3	0.93	9.5	12	0	94	56	98	98	98	1.38	2.40	2.29
100104	2	4	8.7	0	12	5.2	15.7	56.4	1.26	0.41	0.50	1	0.91	9.2	12	0	48	17	42	86	74	1.56	2.88	1.56
100104	2	5	9.5	0	3	4.9	15.2	47.6	0.73	1.10	0.26	2	0.48	9.7	12	18	36	21	59	86	29	2.34	3.23	1.25
100104	3	1	10.0	0	1	7.2	12.9	3.29	0.82	0.54	0.35	2	0.68	9.6	12	14	62	56	85	98	98	1.23	1.49	1.53
100104	3	2	9.2	0	1	5.2	12.9	52.8	0.86	0.28	0.24	1	0.57	9.3	12	0	70	53	74	98	94	3.58	3.65	3.66
100104	3	3	10.2	1	2	4.9	5.5	28.9	0.53	0.26	0.40	3	1.43	10.3	12	65	92	67	100	98	98	1.97	2.22	1.94
100104	3	4	10.5	1	11	5.4	5.4	30.0	1.09	0.35	0.22	2	0.45	10.1	11	32	56	53	85	89	88	1.74	3.78	1.75
100104	3	5	10.0	0	7	5.5	5.5	27.9	0.68	0.18	0.29	3	0.81	10.7	4	80	82	53	100	98	97	3.51	3.48	3.30
100104	4	1	8.9	0	10	5.2	6.2	30.5	0.75	0.36	0.75	2	1.88	10.2	9	64	80	32	94	98	86	4.20	4.16	1.05
100104	4	2	10.0	0	11	4.9	4.9	28.0	1.54	0.57	0.71	2	0.79	8.5	11	0	36	8	32	70	61	0.81	3.10	2.96
100104	4	3	10.4	1	3	5.5	5.5	33.8	0.58	0.21	0.56	3	2.43	10.4	8	64	88	33	100	98	98	3.84	3.79	3.85
100104	4	4	8.6	0	10	6.1	6.1	29.8	0.65	0.34	0.58	3	1.19	9.2	10	15	76	65	64	98	98	1.47	2.13	2.04
100104	4	5	8.8	0	4	8.2	8.2	35.8	0.78	0.29	0.83	3	2.13	10.7	4	70	76	5	100	98	48	1.86	1.88	1.62
100104	5	1	8.9	0	4	7.1	9.1	1.07	0.64	0.19	0.23	1	0.51	9.7	5	14	91	52	94	98	97	4.07	4.88	3.13
100104	5	2	10.0	0	7	5.4	5.4	30.0	1.09	0.50	0.23	2	0.35	10.6	9	44	53	27	94	97	83	3.57	3.57	1.70
100104	5	3	10.5	1	7	5.7	5.7	33.1	1.49	0.58	0.21	3	0.28	10.4	7	36	39	39	68	68	68	2.58	2.58	2.58
100104	5	4	10.1	0	3	5.2	5.2	27.8	1.29	0.50	0.50	3	0.94	10.5	2	36	47	48	89	86	82	3.73	2.58	1.35
100104	5	5	9.0	0	3	6.5	6.7	35.9	1.02	0.39	1.17	3	3.82	9.7	10	21	67	6	73	91	12	5.94	1.75	0.75
100104	6	1	8.3	0	10	4.7	5.4	28.4	1.16	0.35	0.27	1	0.60	9.7	10	45	47	39	68	98	56	2.62	3.35	2.25
100104	6	2	9.8	0	4	6.8	7.4	33.9	0.54	0.36	0.52	3	2.24	10.5	6	89	91	64	100	98	92	5.82	5.80	2.79
100104	6	3	9.1	0	3	5.5	5.5	27.0	0.62	0.35	0.83	2	1.96	9.9	12	32	80	8	95	98	48	3.13	3.17	4.83
100104	6	4	7.9	0	10	6.1	6.1	28.7	0.94	0.54	0.94	2	2.41	9.0	11	23	55	38	36	98	70	5.40	1.50	1.20
100104	6	5	9.6	0	12	5.8	6.9	31.7	0.95	0.39	0.63	3	1.31	9.8	1	6	53	56	94	98	95	3.71	4.25	4.25
100104	7	1	10.3	1	11	6.1	12.4	41.8	0.94	0.40	0.19	3	0.34	10.9	12	65	64	48	100	98	89	4.09	4.09	2.71
100104	7	2	8.8	0	4	5.1	5.1	25.8	1.11	0.63	0.39	1	0.79	10.6	7	45	47	15	94	95	42	3.35	3.35	0.75
100104	7	3	10.0	0	8	7.3	14.0	45.7	0.87	0.27	0.16	1	0.39	10.7	6	83	82	62	95	97	88	2.73	2.71	6.53
100104	7	4	9.2	0	10	4.9	4.9	25.0	0.58	0.20	0.24	2	0.88	9.7	10	18	89	82	98	98	97	3.38	3.39	3.38
100104	7	5	10.1	0	4	5.8	7.4	28.9	0.66	0.31	0.74	2	2.27	10.7	1	70	74	59	100	98	89	3.58	4.08	3.46
100104	8	1	10.6	1	4	6.0	9.3	35.5	0.59	0.25	0.51	1	1.11	10.7	9	83	89	68	100	98	98	4.33	4.32	4.35
100104	8	2	9.2	0	4	6.1	6.1	27.1	1.21	0.28	0.72	3	1.12	10.0	5	48	53	32	79	88	74	4.08	4.04	4.00
100104	8	3	9.6	0	3	4.7	5.1	26.2	1.15	0.49	0.55	3	0.76	9.9	2	23	45	47	79	94	83	1.02	3.10	2.79
100104	8	4	10.0	0	7	5.0	5.1	24.9	0.77	0.46	0.32	3	0.81	10.2	9	56	67	42	91	98	97	3.78	3.78	3.77
100104	8	5	10.2	1	2	5.2	5.4	23.6	0.95	0.39	0.82	3	3.10	10.2	11	24	67	26	100	95	80	3.17	4.23	3.12

