Noel N.	Ilmakiv‰‰ri
Date	Series	Shot	Hit	X ring	Sector	On	Total	Int.(s)			Trigger			COG		Fine %			Rough %			Hold time (s)
						target	time 		dev X	dev Y	ATV	TIRE	RTV	Hit	Sector	Target	COG	Hit	Target	COG	Hit	Target	COG	Hit
260124	1	1	10.4	1	2	9.6	10.5	0.0	0.54	0.24	0.23	2	0.58	10.4	1	77	98	91	100	98	98	7.86	7.98	7.93
260124	1	2	10.6	1	2	11.4	28.6	1.28	0.30	0.25	0.08	3	0.28	10.6	1	100	98	98	100	98	98	9.73	9.93	9.91
260124	1	3	10.6	1	1	11.8	12.0	46.7	0.19	0.39	0.16	1	0.60	10.5	12	76	98	98	100	98	98	10.10	10.26	10.24
260124	1	4	10.7	1	5	8.9	9.8	49.5	0.37	0.47	0.21	3	0.54	10.4	4	79	98	94	100	98	98	7.91	7.74	7.74
260124	1	5	10.0	0	3	14.1	14.1	49.8	0.53	0.22	0.22	3	0.82	10.7	4	92	98	62	100	98	98	12.63	12.62	12.63
260124	1	6	10.6	1	8	13.7	13.7	52.0	0.33	0.22	0.14	2	0.57	10.8	7	100	98	98	100	98	98	11.28	11.27	11.27
260124	1	7	10.2	1	5	11.7	11.7	47.0	0.22	0.19	0.13	1	0.71	10.6	5	100	98	98	100	98	98	9.79	9.77	9.64
260124	1	8	9.7	0	10	10.0	10.0	48.7	0.35	0.29	0.29	1	1.02	10.3	9	73	98	83	100	98	98	7.11	7.11	7.12
260124	1	9	10.7	1	11	11.1	11.1	47.4	0.25	0.35	0.20	1	0.63	10.6	9	100	98	98	100	98	98	8.01	8.01	8.03
260124	1	10	10.8	1	2	6.9	8.3	45.2	0.34	0.27	0.10	3	0.43	10.8	6	100	98	98	100	98	98	5.04	5.03	5.04
260124	2	1	10.7	1	6	11.3	11.3	1.11	0.44	0.23	0.35	2	0.96	10.6	9	92	98	89	100	98	98	8.61	8.61	8.60
260124	2	2	10.9	1	8	12.2	12.2	48.8	0.27	0.20	0.24	3	1.14	10.5	12	100	98	98	100	98	98	11.43	11.49	11.29
260124	2	3	10.4	1	12	10.2	10.5	50.2	0.35	0.24	0.27	2	0.94	10.5	10	100	98	97	100	98	98	7.63	7.68	7.80
260124	2	4	10.6	1	7	13.3	13.3	53.1	0.30	0.24	0.22	3	0.92	10.4	9	86	98	86	100	98	98	10.85	10.80	10.79
260124	2	5	10.6	1	8	8.9	9.7	43.5	0.33	0.24	0.35	2	1.35	10.4	11	83	98	95	100	98	98	7.12	7.18	7.08
260124	2	6	10.7	1	7	11.0	11.0	52.9	0.35	0.29	0.24	3	0.95	10.6	11	100	98	95	100	98	98	8.70	8.74	8.64
260124	2	7	10.8	1	4	9.6	19.6	1.23	0.40	0.22	0.34	3	1.55	10.1	11	64	98	50	100	98	98	7.95	8.01	7.93
260124	2	8	10.5	1	10	16.9	16.9	56.4	0.24	0.25	0.16	3	0.62	10.7	12	100	98	98	100	98	98	13.52	13.52	13.52
260124	2	9	10.5	1	7	9.7	10.4	49.0	0.33	0.23	0.21	3	0.92	10.5	9	100	98	98	100	98	98	8.78	8.78	8.74
260124	2	10	10.5	1	4	9.8	9.8	36.6	0.25	0.20	0.28	3	1.41	10.7	12	100	98	89	100	98	98	5.88	5.96	5.88
260124	3	1	10.6	1	1	11.0	11.0	1.57	0.24	0.32	0.31	1	0.95	10.4	4	95	98	83	100	98	98	9.16	9.04	9.22
260124	3	2	10.0	0	9	11.1	11.1	45.9	0.41	0.27	0.16	1	0.59	10.4	9	82	98	91	100	98	98	11.09	11.05	11.07
260124	3	3	10.5	1	5	11.2	12.3	1.00	0.38	0.24	0.26	2	0.87	10.8	5	100	98	98	100	98	98	9.91	9.90	9.24
260124	3	4	10.8	1	3	10.7	10.7	43.0	0.39	0.13	0.27	1	1.00	10.6	10	91	98	86	100	98	98	6.27	6.29	6.27
260124	3	5	10.3	1	10	13.7	13.7	45.0	0.27	0.34	0.30	1	1.80	10.6	10	95	98	98	100	98	98	13.39	13.43	13.44
260124	3	6	10.5	1	9	9.3	31.8	1.59	0.30	0.17	0.34	1	1.54	10.7	10	100	98	98	100	98	98	5.25	5.34	5.24
260124	3	7	10.5	1	10	12.0	12.0	45.3	0.32	0.32	0.15	1	0.41	10.5	10	91	98	98	100	98	98	10.90	10.92	10.92
260124	3	8	10.5	1	7	11.2	11.2	41.5	0.33	0.25	0.27	1	0.87	10.8	11	100	98	95	100	98	98	9.42	9.59	9.31
260124	3	9	10.7	1	11	11.6	11.6	48.3	0.27	0.16	0.21	3	1.10	10.5	11	100	98	98	100	98	98	10.54	10.80	10.61
260124	3	10	10.6	1	2	11.1	11.1	49.3	0.30	0.31	0.37	2	1.27	10.6	10	92	98	86	100	98	98	10.39	10.44	10.41
