Marko	Ilmakiv‰‰ri
Date	Series	Shot	Hit	X ring	Sector	On	Total	Int.(s)			Trigger			COG		Fine %			Rough %			Hold time (s)
						target	time 		dev X	dev Y	ATV	TIRE	RTV	Hit	Sector	Target	COG	Hit	Target	COG	Hit	Target	COG	Hit
230401	1	1	8.3	0	3	3.0	3.0	0.0	0.52	0.36	0.62	1	1.37	9.6	3	29	91	29	85	98	98	2.13	2.15	2.15
230401	1	2	10.3	1	12	4.2	4.2	53.0	0.47	0.41	0.38	3	1.05	10.6	11	91	97	80	100	98	98	2.65	2.69	2.73
230401	1	3	9.3	0	5	4.7	4.7	53.0	0.55	0.44	0.58	3	1.58	9.9	2	36	88	5	94	98	58	4.46	4.49	4.41
230401	1	4	10.4	1	3	4.4	12.5	1.29	0.53	0.50	0.37	1	0.76	10.5	2	68	89	77	100	98	98	3.78	3.83	3.50
230401	1	5	9.4	0	6	6.2	6.2	52.2	0.55	0.53	0.71	2	1.73	10.4	2	64	86	5	100	98	36	3.29	3.35	2.33
230401	1	6	10.4	1	11	4.6	4.6	58.2	0.37	0.74	0.31	2	0.84	10.1	1	56	71	44	92	98	98	2.81	2.91	2.85
230401	1	7	10.0	0	6	5.4	5.4	49.8	0.92	0.47	0.39	2	1.01	10.4	2	44	62	23	100	98	80	4.47	4.51	4.25
230401	1	8	9.4	0	10	6.3	6.3	52.2	0.94	0.25	0.51	1	1.14	10.8	8	59	61	21	100	98	68	4.62	4.62	4.61
230401	1	9	9.5	0	2	5.6	5.6	51.9	0.64	0.69	0.17	1	0.36	10.6	5	58	52	20	100	98	56	3.19	3.18	3.42
230401	1	10	10.1	0	8	4.5	4.5	51.0	0.70	0.43	0.49	3	1.24	10.4	3	71	65	23	100	98	76	3.29	3.30	3.24
230401	2	1	10.4	1	5	6.4	6.4	46.1	0.74	0.43	0.42	3	1.21	10.8	9	70	70	55	100	98	98	4.33	4.32	4.32
230401	2	2	10.6	1	12	4.0	4.0	50.0	0.52	0.52	0.40	3	0.99	10.2	1	58	80	67	95	98	98	2.01	2.04	2.02
230401	2	3	10.5	1	10	4.8	4.8	53.0	0.36	0.28	0.38	2	1.32	10.7	4	100	98	83	100	98	98	3.30	3.30	3.29
230401	2	4	10.4	1	7	7.3	7.3	57.2	0.49	0.38	0.25	3	0.55	10.2	6	62	94	74	100	98	98	6.43	6.41	6.24
230401	2	5	9.8	0	1	6.0	6.0	51.8	0.67	0.45	0.30	3	1.04	9.8	1	17	76	68	97	98	98	4.25	4.30	4.47
230401	2	6	10.5	1	3	5.9	5.9	56.0	0.50	0.62	0.66	3	1.47	10.2	12	59	80	44	94	98	92	4.46	4.50	4.28
230401	2	7	10.4	1	10	5.5	5.5	43.8	0.56	0.55	0.47	3	0.94	10.0	2	38	79	21	100	98	92	3.71	3.73	2.49
230401	2	8	10.6	1	8	3.9	3.9	47.8	0.63	0.40	0.48	1	1.21	10.2	5	55	82	53	100	98	94	2.77	2.75	2.76
230401	2	9	9.5	0	7	4.6	4.6	46.0	0.49	0.40	0.36	2	0.82	9.8	5	21	95	20	100	98	80	3.31	3.17	3.04
230401	2	10	9.7	0	5	5.1	5.1	51.6	0.37	0.40	0.41	1	1.05	9.9	5	36	95	85	100	98	98	2.34	2.29	2.29
230401	3	1	10.4	1	2	4.8	6.5	1.01	0.98	0.24	0.29	3	0.54	10.3	1	36	64	59	100	98	98	2.50	2.55	2.52
230401	3	2	10.2	1	2	5.5	5.5	45.3	0.82	0.61	0.32	1	0.57	10.7	7	47	52	29	100	98	85	3.27	3.24	3.30
230401	3	3	9.5	0	11	6.1	6.1	47.6	1.06	0.41	0.42	1	0.72	10.7	1	45	55	24	94	94	73	4.65	4.65	2.33
230401	3	4	10.1	0	7	5.8	5.8	1.08	0.71	0.67	0.65	3	1.13	10.2	3	42	62	27	89	98	70	4.65	4.68	4.39
230401	3	5	10.1	0	4	6.7	6.7	57.8	0.47	0.27	0.31	3	0.74	9.8	5	35	97	80	100	98	98	5.01	4.98	5.00
230401	3	6	8.5	0	3	4.9	4.9	52.1	0.67	0.39	0.83	1	1.88	9.8	3	32	77	30	91	98	73	1.57	3.45	3.44
230401	3	7	10.6	1	2	5.3	5.3	48.2	0.39	0.61	0.31	1	0.65	10.3	1	58	77	82	100	98	98	3.99	2.02	4.00
230401	3	8	10.1	0	1	7.1	17.2	42.06	0.95	0.40	0.93	3	2.61	9.3	12	6	62	20	50	97	83	1.71	2.77	2.81
230401	3	9	8.7	0	11	5.5	5.5	35.6	1.10	0.58	0.57	2	1.04	9.1	1	0	55	27	29	89	67	4.80	2.90	0.72
230401	3	10	10.2	1	2	6.0	6.0	46.4	0.54	0.52	0.34	2	1.22	10.4	5	67	89	50	100	98	97	4.74	4.74	4.80
230401	4	1	10.4	1	3	5.9	5.9	41.8	0.83	0.61	0.20	2	0.55	9.9	11	50	58	48	74	98	68	3.57	3.75	3.60
230401	4	2	10.3	1	10	4.7	4.7	39.7	0.39	0.44	0.34	2	1.03	10.3	10	59	98	98	100	98	98	2.46	2.54	2.54
230401	4	3	9.8	0	3	6.2	6.2	44.0	0.75	0.60	0.31	1	0.76	10.6	4	53	67	58	100	98	82	3.96	3.96	3.96
230401	4	4	10.5	1	8	6.1	6.1	51.2	0.34	0.34	0.31	2	1.00	10.7	6	100	98	98	100	98	98	4.20	4.17	4.18
230401	4	5	9.5	0	7	5.8	5.8	47.3	1.35	0.67	0.59	2	0.68	10.4	6	30	38	15	79	76	76	1.89	1.91	3.71
230401	4	6	10.7	1	11	5.2	5.2	48.8	0.64	0.49	0.15	3	0.34	10.1	12	41	74	48	100	98	98	2.19	2.35	2.21
230401	4	7	10.6	1	1	6.4	6.4	43.5	0.68	0.54	0.16	2	0.27	10.2	10	67	70	61	91	98	89	4.58	3.45	3.46
230401	4	8	10.3	1	1	7.3	7.5	49.0	0.85	0.51	0.46	2	0.94	10.4	10	64	56	64	94	98	80	2.71	2.70	4.26
230401	4	9	9.4	0	7	5.3	5.3	42.2	0.47	0.79	0.39	1	0.94	10.6	7	67	73	29	100	98	89	3.21	2.38	2.33
230401	4	10	7.9	0	3	5.8	5.8	51.1	1.10	0.47	0.71	1	2.05	10.4	3	44	47	8	91	92	29	4.33	4.38	0.75
