Noel N.	Ilmakiv‰‰ri	Pysty
Date	Series	Shot	Hit	X ring	Sector	On	Total	Int.(s)			Trigger			COG		Fine %			Rough %			Hold time (s)
						target	time 		dev X	dev Y	ATV	TIRE	RTV	Hit	Sector	Target	COG	Hit	Target	COG	Hit	Target	COG	Hit
240228	1	1	10.3	1	12	11.6	11.8	0.0	0.70	0.49	0.46	3	0.98	9.7	10	30	64	39	73	98	76	5.47	5.68	5.68
240228	1	2	10.5	1	12	11.9	12.7	46.3	0.54	0.56	0.40	1	0.76	10.4	11	64	80	74	100	98	98	6.13	6.99	6.97
240228	1	3	10.5	1	7	9.6	13.3	53.3	0.43	0.59	0.34	3	0.63	10.4	11	65	91	50	100	98	98	3.69	3.71	3.71
240228	1	4	10.2	1	10	11.8	13.2	56.0	0.60	0.54	0.11	2	0.21	10.3	10	47	79	70	100	98	98	5.73	5.73	5.71
240228	1	5	10.0	0	10	13.3	13.3	43.6	0.37	0.26	0.30	2	1.04	10.6	11	97	98	79	100	98	98	6.69	6.72	7.20
240228	1	6	9.7	0	11	16.2	17.1	51.8	0.39	0.28	0.06	1	0.19	9.7	12	14	98	82	100	98	98	9.31	9.36	9.38
240228	1	7	9.8	0	9	7.0	10.9	41.7	0.36	0.60	0.35	2	0.71	10.4	10	73	89	53	100	98	98	5.67	6.03	5.92
240228	1	8	9.9	0	11	15.6	28.2	1.12	0.67	0.31	0.16	2	0.40	10.1	10	42	74	70	100	98	98	10.89	10.95	10.99
240228	1	9	9.5	0	9	13.8	13.8	40.7	0.62	0.25	0.42	1	1.17	10.4	11	83	88	30	100	98	83	4.65	4.62	3.93
240228	1	10	10.2	1	3	10.2	11.8	49.3	0.37	0.40	0.37	2	1.36	10.0	1	42	98	48	100	98	98	6.34	6.36	6.32
240228	2	1	8.9	0	1	12.0	26.2	1.12	0.34	0.40	0.47	1	1.16	9.8	12	32	97	45	98	98	98	8.03	5.14	5.07
240228	2	2	9.6	0	10	10.4	14.6	49.8	0.64	0.23	0.12	2	0.38	9.9	12	11	80	30	100	98	94	7.09	7.82	7.83
240228	2	3	10.3	1	10	15.0	15.6	51.9	0.65	0.25	0.17	2	0.55	10.3	9	65	89	74	100	98	98	8.88	5.46	5.49
240228	2	4	9.8	0	2	9.8	11.0	34.4	0.48	0.43	0.52	3	1.30	9.8	1	29	91	73	89	98	98	6.57	4.92	4.44
240228	2	5	10.0	0	9	12.3	12.3	42.6	0.65	0.37	0.18	1	0.46	10.4	12	65	79	58	100	98	89	7.20	7.28	7.16
240228	2	6	9.2	0	2	15.3	15.9	45.6	0.66	0.31	0.51	2	1.40	10.0	12	27	79	17	100	98	74	9.49	9.64	5.76
240228	2	7	9.5	0	9	11.8	24.3	1.15	0.43	0.39	0.38	2	1.61	9.9	11	27	92	58	100	98	98	8.78	8.76	8.28
240228	2	8	9.9	0	10	12.6	24.4	1.07	0.50	0.26	0.30	2	0.79	10.5	11	89	98	62	100	98	98	9.59	9.63	11.73
240228	2	9	10.5	1	1	14.8	16.4	40.2	0.68	0.49	0.35	3	0.72	10.5	12	67	68	70	100	98	98	5.46	5.49	11.45
240228	2	10	10.4	1	11	17.7	17.7	44.6	0.22	0.36	0.29	3	0.97	10.1	8	59	98	58	100	98	98	11.43	11.23	11.45
240228	3	1	10.5	1	5	14.0	14.0	38.7	0.50	0.48	0.24	3	0.66	10.6	2	79	92	68	100	98	98	9.39	9.54	8.23
240228	3	2	9.5	0	12	14.9	16.4	44.6	0.71	0.55	0.36	1	0.72	9.7	12	30	70	76	80	98	98	8.14	8.60	8.62
240228	3	3	10.5	1	1	13.9	13.9	39.5	0.78	0.32	0.23	2	0.50	10.5	9	64	74	52	100	98	98	4.75	4.74	4.96
240228	3	4	9.2	0	1	15.3	30.3	1.19	0.49	0.37	0.41	1	1.46	10.1	12	61	91	33	100	98	91	9.13	4.02	3.98
240228	3	5	9.4	0	10	14.3	14.3	43.6	0.71	0.37	0.28	2	0.58	10.2	10	45	71	59	100	98	92	7.23	7.21	7.17
240228	3	6	9.6	0	1	8.9	14.8	1.25	0.59	0.33	0.28	3	0.65	9.6	2	12	91	73	85	98	98	8.93	7.67	7.68
240228	3	7	10.2	1	11	17.3	17.3	55.0	0.80	0.50	0.30	3	0.75	10.0	11	35	71	70	94	98	98	11.76	11.78	11.79
240228	3	8	9.5	0	2	14.7	14.7	46.5	0.75	0.20	0.24	1	0.54	10.1	1	35	83	68	100	98	91	2.17	11.12	11.14
240228	3	9	10.0	0	10	13.6	15.4	40.9	0.78	0.42	0.25	3	0.51	10.1	12	52	65	50	89	98	77	9.00	9.04	9.03
240228	3	10	9.6	0	2	18.0	18.0	44.0	0.28	0.24	0.39	3	1.95	10.5	2	97	98	50	100	98	98	2.55	2.61	6.21
240228	4	1	9.3	0	2	13.2	15.6	50.2	0.85	0.32	0.34	2	0.66	9.7	1	17	62	59	82	98	94	4.37	4.35	3.17
240228	4	2	10.4	1	10	17.2	18.0	51.9	0.61	0.38	0.28	3	1.03	10.2	10	48	86	89	100	98	98	14.31	6.76	6.79
240228	4	3	10.6	1	9	13.4	13.6	37.5	0.41	0.45	0.35	3	1.26	10.0	1	48	91	21	100	98	92	6.27	6.27	6.46
240228	4	4	9.9	0	1	13.7	40.9	1.38	0.42	0.34	0.16	3	0.56	10.0	1	41	98	98	100	98	98	3.56	3.57	3.57
240228	4	5	8.8	0	1	14.7	28.1	1.20	0.95	0.27	0.61	2	1.40	9.9	12	18	53	32	95	98	76	4.70	4.72	2.33
240228	4	6	9.6	0	12	9.6	23.9	1.26	0.52	0.30	0.17	1	0.56	10.1	12	45	92	80	100	98	98	4.98	6.93	7.02
240228	4	7	9.8	0	11	12.6	13.2	38.6	0.77	0.20	0.26	2	0.81	10.2	11	65	76	67	97	98	98	9.69	10.08	10.14
240228	4	8	10.1	0	9	16.0	16.0	48.8	0.74	0.34	0.59	3	1.77	10.3	12	50	68	42	100	98	79	7.88	7.83	11.18
240228	4	9	10.3	1	1	13.7	13.7	43.3	0.31	0.19	0.29	2	1.32	9.7	2	14	98	79	100	98	98	11.84	3.96	11.84
240228	4	10	10.8	1	9	11.3	40.7	1.43	0.85	0.28	0.51	3	0.91	10.5	2	53	71	52	100	98	98	3.62	3.63	3.60
