Noel N.	Ilmakiv‰‰ri
Date	Series	Shot	Hit	X ring	Sector	On	Total	Int.(s)			Trigger			COG		Fine %			Rough %			Hold time (s)
						target	time 		dev X	dev Y	ATV	TIRE	RTV	Hit	Sector	Target	COG	Hit	Target	COG	Hit	Target	COG	Hit
250329	1	1	9.4	0	8	8.5	8.5	0.0	0.29	0.26	0.21	1	0.73	10.3	8	94	98	61	100	98	98	7.12	6.67	6.60
250329	1	2	10.3	1	10	12.4	12.7	41.4	0.48	0.40	0.16	1	0.42	10.3	9	76	83	83	100	98	98	12.40	12.42	12.44
250329	1	3	10.7	1	8	7.9	8.4	32.0	0.62	0.22	0.15	3	0.42	10.8	11	98	95	80	100	98	98	6.63	6.63	6.60
250329	1	4	10.8	1	7	11.1	11.1	2.51	0.84	0.34	0.38	3	1.12	10.6	1	67	67	58	100	98	94	8.10	8.21	8.05
250329	1	5	10.2	1	9	10.2	10.2	42.9	0.49	0.31	0.17	2	0.49	10.8	8	95	91	79	100	98	98	9.77	9.77	9.79
250329	1	6	10.4	1	1	10.8	17.0	1.02	0.26	0.30	0.20	1	0.77	10.6	2	94	98	98	100	98	98	9.46	9.51	9.54
250329	1	7	10.5	1	8	12.7	24.5	1.14	0.60	0.36	0.19	3	0.60	10.5	1	79	86	64	97	98	91	10.61	10.63	10.59
250329	1	8	10.8	1	11	12.3	12.3	41.0	0.34	0.27	0.19	3	0.60	10.6	1	92	98	92	100	98	98	11.31	11.34	11.32
250329	1	9	9.9	0	1	9.9	10.3	34.8	0.38	0.27	0.34	1	0.88	10.4	11	94	98	50	100	98	98	8.23	9.06	9.00
250329	1	10	10.6	1	12	9.8	10.3	41.9	0.44	0.37	0.42	1	1.25	10.3	2	70	98	73	100	98	98	7.21	7.41	7.39
250329	2	1	10.4	1	2	9.2	9.2	1.10	0.32	0.33	0.15	1	0.61	10.4	1	86	98	98	100	98	98	6.08	6.12	6.12
250329	2	2	10.6	1	12	12.7	19.9	1.13	0.25	0.29	0.12	3	0.59	10.4	1	83	98	98	100	98	98	10.34	10.38	10.35
250329	2	3	10.8	1	10	11.2	11.2	37.2	0.38	0.32	0.17	3	0.57	10.4	1	85	98	80	100	98	98	9.46	10.52	9.46
250329	2	4	10.6	1	1	9.5	21.4	1.07	0.56	0.21	0.15	2	0.48	10.6	10	80	85	77	100	98	98	8.67	8.71	8.71
250329	2	5	10.4	1	1	10.4	10.4	34.5	0.31	0.32	0.18	3	0.65	10.3	2	82	98	98	100	98	98	10.43	10.53	10.47
250329	2	6	10.1	0	2	10.0	10.0	34.5	0.48	0.23	0.21	3	0.69	10.0	1	61	98	98	100	98	98	8.40	8.45	8.43
250329	2	7	10.0	0	9	12.5	12.5	39.2	0.47	0.33	0.63	2	1.78	10.5	11	95	98	61	100	98	98	10.10	10.66	10.06
250329	2	8	9.8	0	1	7.8	8.4	53.9	0.31	0.50	0.31	2	0.87	10.3	2	74	91	68	100	98	98	7.53	7.56	7.62
250329	2	9	10.7	1	3	8.6	9.1	31.0	0.21	0.28	0.20	3	0.86	10.2	2	77	98	88	100	98	98	7.74	7.75	7.74
250329	2	10	10.4	1	2	10.6	35.9	3.48	1.02	0.38	0.22	3	0.42	10.4	2	56	61	61	86	98	98	8.97	9.69	9.00
250329	3	1	10.3	1	12	11.7	11.7	38.2	0.24	0.19	0.16	3	0.65	10.2	1	83	98	98	100	98	98	8.98	9.31	9.20
250329	3	2	10.2	1	4	14.1	14.1	42.3	0.85	0.28	0.35	3	0.73	10.7	2	71	64	44	100	98	98	12.79	13.01	12.54
250329	3	3	10.8	1	12	8.8	9.2	40.7	0.33	0.24	0.14	3	0.49	10.8	10	100	98	98	100	98	98	7.33	7.33	7.39
250329	3	4	9.1	0	2	11.0	11.1	41.0	0.63	0.44	0.41	2	1.09	10.1	2	44	80	52	100	98	80	8.60	8.76	8.76
250329	3	5	9.7	0	2	11.3	11.3	43.4	0.41	0.25	0.51	2	1.56	10.3	1	77	98	76	100	98	98	10.41	10.48	10.89
250329	3	6	10.1	0	11	12.2	12.3	42.8	0.83	0.30	0.39	2	0.95	10.3	10	64	74	73	92	98	98	10.81	11.28	11.29
250329	3	7	10.0	0	12	9.3	9.6	36.2	0.26	0.21	0.18	1	0.57	9.8	1	20	98	98	100	98	98	6.81	7.21	7.21
250329	3	8	10.7	1	4	8.3	8.7	34.2	0.49	0.37	0.22	3	0.67	10.1	2	65	89	68	94	98	97	7.51	7.54	7.50
250329	3	9	10.8	1	1	10.8	20.3	1.09	0.27	0.23	0.16	3	0.83	10.3	2	76	98	85	100	98	98	9.35	9.54	9.54
250329	3	10	9.2	0	2	8.9	8.9	34.8	0.40	0.33	0.25	1	0.72	9.8	2	39	98	67	100	98	98	7.30	7.50	7.50
250329	4	1	10.5	1	4	10.5	11.0	39.9	0.41	0.30	0.22	2	1.00	10.4	2	77	98	88	100	98	98	9.99	9.99	9.77
250329	4	2	10.5	1	4	11.1	11.1	35.8	0.28	0.21	0.16	3	0.62	10.4	3	88	98	92	100	98	98	8.23	8.22	8.21
250329	4	3	10.4	1	2	10.1	10.2	35.2	0.49	0.22	0.25	3	0.91	10.6	2	88	98	85	100	98	98	10.05	10.06	10.06
250329	4	4	10.2	1	2	8.1	9.0	33.2	0.49	0.32	0.19	1	0.59	10.6	2	95	98	74	100	98	98	7.47	7.49	7.49
250329	4	5	10.1	0	3	10.5	10.5	33.1	0.18	0.31	0.23	3	0.90	10.3	3	91	98	98	100	98	98	9.49	9.49	9.29
250329	4	6	10.8	1	4	12.2	12.2	35.9	0.27	0.20	0.23	3	1.10	10.5	10	100	98	88	100	98	98	12.15	12.15	12.13
250329	4	7	10.7	1	6	7.3	7.5	28.8	0.49	0.26	0.23	3	0.78	10.7	7	89	98	94	100	98	98	6.33	6.32	6.32
250329	4	8	10.2	1	2	7.1	22.3	1.16	0.45	0.28	0.23	2	0.66	10.4	1	71	98	98	100	98	98	5.42	5.43	5.42
250329	4	9	10.5	1	5	9.1	9.4	29.9	0.56	0.43	0.24	3	0.69	10.4	3	73	82	73	100	98	98	6.96	6.96	6.54
250329	4	10	10.8	1	6	10.8	10.8	36.3	0.50	0.35	0.23	3	0.65	10.4	4	76	95	71	100	98	98	9.86	9.86	9.35
