Noel N.	Ilmakiv‰‰ri
Date	Series	Shot	Hit	X ring	Sector	On	Total	Int.(s)			Trigger			COG		Fine %			Rough %			Hold time (s)
						target	time 		dev X	dev Y	ATV	TIRE	RTV	Hit	Sector	Target	COG	Hit	Target	COG	Hit	Target	COG	Hit
241019	1	1	9.9	0	2	18.2	18.2	0.0	0.55	0.25	0.34	3	0.97	10.6	12	86	94	52	100	98	98	4.63	4.98	4.92
241019	1	2	9.4	0	1	9.8	11.7	50.5	0.85	0.30	0.33	1	1.02	10.0	12	36	74	58	92	94	85	5.19	6.24	6.25
241019	1	3	10.2	1	4	8.6	12.8	47.8	0.67	0.25	0.41	2	1.00	10.5	7	80	79	42	100	98	88	5.24	5.21	5.21
241019	1	4	9.8	0	7	10.6	11.0	44.4	0.84	0.42	0.13	3	0.24	10.4	7	44	65	53	100	98	89	4.82	4.80	4.28
241019	1	5	10.3	1	8	12.7	12.9	1.28	0.70	0.47	0.46	3	1.15	9.5	8	17	74	41	79	98	89	6.48	6.42	6.43
241019	1	6	9.4	0	9	11.7	15.8	49.7	0.37	0.48	0.42	3	0.89	9.6	9	17	98	89	89	98	98	5.85	5.28	5.26
241019	1	7	10.3	1	12	11.1	16.4	48.1	0.44	0.38	0.48	3	1.68	10.4	10	76	98	65	100	98	98	5.04	5.36	5.62
241019	1	8	9.7	0	8	12.0	12.9	53.5	0.54	0.51	0.39	1	1.30	9.8	10	18	83	65	100	98	89	4.95	5.45	4.91
241019	1	9	10.5	1	1	10.4	14.8	47.7	0.38	0.25	0.23	3	0.67	10.7	12	98	97	95	100	98	98	6.01	6.04	6.06
241019	1	10	9.1	0	8	15.0	15.0	44.4	0.58	0.34	0.53	1	1.59	10.5	9	73	89	11	100	98	86	4.82	5.13	4.18
241019	2	1	9.6	0	8	9.3	13.2	41.6	0.38	0.49	0.31	1	1.07	10.3	9	59	98	64	100	98	98	4.18	4.17	3.78
241019	2	2	10.2	1	10	10.8	29.7	1.59	0.56	0.40	0.19	2	0.51	10.1	9	52	92	79	100	98	98	4.29	7.86	7.86
241019	2	3	10.4	1	10	8.6	15.2	1.03	0.36	0.43	0.30	2	0.86	10.3	10	73	98	91	100	98	98	4.20	4.21	4.20
241019	2	4	10.2	1	10	10.7	11.1	48.6	0.27	0.41	0.18	3	0.67	10.2	10	76	98	98	100	98	98	6.63	6.64	6.64
241019	2	5	10.2	1	11	12.8	13.2	45.8	0.57	0.18	0.23	2	0.60	10.1	11	55	97	94	100	98	98	4.11	5.66	5.66
241019	2	6	9.6	0	2	11.1	11.3	54.8	0.34	0.26	0.30	3	0.91	9.9	2	32	98	98	100	98	98	6.03	6.08	6.08
241019	2	7	10.5	1	8	9.5	14.9	44.2	0.39	0.46	0.36	1	1.13	10.5	12	83	98	65	100	98	98	4.25	4.30	4.26
241019	2	8	9.3	0	1	12.7	12.7	47.1	0.54	0.67	0.71	3	2.30	10.4	1	58	76	44	100	98	80	7.00	7.02	7.04
241019	2	9	10.3	1	10	10.3	11.9	50.0	0.27	0.28	0.34	2	1.31	10.3	12	86	98	91	100	98	98	4.67	4.70	4.74
241019	2	10	10.7	1	12	11.3	12.7	40.3	0.69	0.46	0.18	2	0.49	10.1	2	52	82	47	95	98	97	8.13	8.19	8.16
241019	3	1	10.3	1	2	10.9	13.1	57.7	0.65	0.66	0.38	3	1.07	9.8	3	48	62	42	82	98	98	6.84	6.87	6.88
241019	3	2	10.7	1	2	12.6	17.4	48.1	0.36	0.38	0.38	3	1.02	10.2	11	67	98	64	100	98	98	6.00	6.08	6.01
241019	3	3	10.4	1	11	15.7	20.3	47.7	0.34	0.41	0.18	1	0.54	10.4	12	83	91	86	100	98	98	4.58	4.61	4.61
241019	3	4	10.0	0	2	9.3	26.0	1.26	0.25	0.40	0.28	2	0.76	10.5	1	94	98	82	100	98	98	7.21	7.25	7.23
241019	3	5	10.4	1	6	13.6	13.6	51.1	0.54	0.41	0.43	2	1.25	10.1	8	61	98	47	100	98	98	8.96	8.91	8.74
241019	3	6	10.2	1	5	9.9	12.4	56.0	0.51	0.39	0.48	3	1.58	10.4	2	67	98	38	100	98	98	5.78	5.94	4.25
241019	3	7	10.0	0	1	10.2	13.5	1.00	0.45	0.60	0.21	2	0.63	10.3	10	58	91	42	100	98	98	4.83	4.86	4.98
241019	3	8	10.3	1	12	11.6	12.1	53.6	0.34	0.59	0.23	2	0.63	10.5	9	76	88	62	100	98	98	5.88	5.88	5.92
241019	3	9	10.3	1	8	10.5	10.5	45.1	0.68	0.33	0.35	3	0.87	10.7	11	85	76	53	100	98	98	4.47	4.54	4.17
241019	3	10	10.4	1	9	9.7	9.7	56.1	0.61	0.35	0.21	3	0.57	10.2	12	44	94	39	100	98	98	3.58	3.96	3.60
241019	4	1	9.5	0	10	13.1	32.6	16.01	0.78	0.20	0.48	2	1.39	10.3	10	62	67	55	100	98	97	6.41	6.45	6.45
241019	4	2	9.9	0	12	13.4	15.6	53.6	0.60	0.28	0.24	3	0.73	9.9	12	32	91	76	100	98	98	3.56	4.05	4.07
241019	4	3	9.7	0	1	12.9	13.5	1.07	0.43	0.32	0.47	3	1.10	9.9	12	30	98	68	100	98	98	5.57	7.96	7.91
241019	4	4	10.1	0	2	11.0	12.4	1.02	0.49	0.33	0.45	2	1.49	10.8	3	100	98	65	100	98	98	6.97	6.97	6.96
241019	4	5	10.6	1	10	12.1	13.4	52.7	0.33	0.28	0.33	3	1.02	10.8	11	100	98	92	100	98	98	6.87	6.88	6.87
241019	4	6	10.1	0	3	14.2	14.2	59.1	0.40	0.34	0.37	3	1.43	10.6	4	95	98	76	100	98	98	9.55	9.54	9.20
241019	4	7	9.7	0	1	13.5	17.4	50.9	0.49	0.30	0.27	1	0.90	10.4	1	73	98	58	100	98	98	8.14	8.96	9.04
241019	4	8	10.5	1	3	12.1	16.1	48.0	0.48	0.32	0.19	3	0.52	10.3	3	65	98	98	100	98	98	7.23	7.16	7.17
241019	4	9	10.3	1	2	9.2	11.2	55.5	0.27	0.33	0.36	1	1.52	10.8	5	100	98	85	100	98	98	4.72	4.72	4.77
241019	4	10	9.8	0	2	11.1	11.4	44.7	0.37	0.29	0.39	1	1.51	10.6	3	89	95	45	100	98	98	6.39	6.41	6.46
241019	5	1	10.5	1	9	11.5	11.5	53.4	0.57	0.42	0.15	3	0.37	10.7	1	83	89	64	100	98	98	6.43	6.46	7.47
241019	5	2	10.4	1	11	17.4	18.0	55.3	0.85	0.29	0.24	3	0.49	10.9	9	59	59	58	100	98	98	4.62	4.62	4.63
241019	5	3	10.2	1	4	16.7	16.7	55.8	0.76	0.44	0.37	3	0.99	9.6	2	35	62	47	73	98	79	5.66	5.64	5.45
241019	5	4	10.0	0	5	11.6	12.4	49.4	0.42	0.27	0.20	1	0.60	10.7	7	97	98	47	100	98	98	5.12	5.08	4.62
241019	5	5	10.5	1	10	11.8	23.1	1.20	0.72	0.34	0.21	1	0.59	10.6	5	79	82	56	100	98	89	6.78	6.75	6.75
241019	5	6	10.5	1	4	9.6	13.6	42.5	0.29	0.34	0.30	2	1.17	10.6	3	98	98	98	100	98	98	5.47	5.10	5.08
241019	5	7	10.2	1	2	9.7	13.2	43.0	0.59	0.30	0.31	3	0.95	10.5	12	76	83	71	100	98	98	3.54	3.54	2.88
241019	5	8	10.9	1	3	9.8	11.2	50.5	0.74	0.20	0.23	1	0.86	10.5	9	79	79	79	97	98	89	5.78	5.79	5.78
241019	5	9	10.5	1	3	9.8	10.6	41.6	0.53	0.35	0.24	3	0.79	10.5	9	83	92	47	100	98	98	4.38	3.88	4.37
241019	5	10	10.7	1	5	8.5	8.5	38.1	0.54	0.41	0.10	2	0.31	10.6	5	76	76	79	100	98	98	3.98	3.96	3.96
