Noel N.	Ilmakiv‰‰ri	Pysty
Date	Series	Shot	Hit	X ring	Sector	On	Total	Int.(s)			Trigger			COG		Fine %			Rough %			Hold time (s)
						target	time 		dev X	dev Y	ATV	TIRE	RTV	Hit	Sector	Target	COG	Hit	Target	COG	Hit	Target	COG	Hit
231206	1	1	10.8	1	1	9.2	11.4	0.0	0.55	0.48	0.46	2	1.15	10.2	2	59	85	64	100	98	98	4.79	5.16	5.14
231206	1	2	9.4	0	2	11.5	30.4	1.19	0.51	0.34	0.60	3	1.93	10.5	12	83	95	23	100	98	88	7.29	7.33	7.37
231206	1	3	9.5	0	3	11.8	12.1	40.3	0.54	0.53	0.26	1	0.78	10.0	3	36	77	67	100	98	98	5.70	5.67	5.67
231206	1	4	10.2	1	10	13.2	29.9	1.22	0.61	0.51	0.28	3	0.83	10.5	1	70	77	53	100	98	86	3.48	3.44	7.74
231206	1	5	10.1	0	1	12.8	30.7	1.15	0.83	0.21	0.44	2	1.33	10.3	3	55	73	41	92	98	92	2.29	6.92	7.89
231206	1	6	9.9	0	12	10.5	27.6	1.14	0.79	0.53	0.21	3	0.44	10.0	1	44	65	62	89	98	98	6.45	6.50	6.50
231206	1	7	9.9	0	11	12.0	12.0	37.4	0.56	0.31	0.38	3	1.31	9.9	1	38	89	33	100	98	98	4.79	4.91	4.79
231206	1	8	10.2	1	4	15.8	15.8	47.5	0.82	0.29	0.45	1	0.88	10.3	4	67	70	67	91	98	98	8.73	8.85	8.85
231206	1	9	9.9	0	6	11.7	11.7	47.4	0.64	0.59	0.47	3	1.49	10.8	11	62	74	27	100	98	79	6.51	6.53	4.77
231206	1	10	8.8	0	1	11.8	11.8	37.9	0.75	0.49	0.38	1	1.17	10.7	12	65	65	5	100	98	39	6.13	6.15	6.30
231206	2	1	9.4	0	10	14.6	14.6	1.19	1.26	0.30	0.34	2	0.71	10.4	3	29	45	24	95	85	35	9.30	7.39	4.65
231206	2	2	9.7	0	12	13.1	13.5	1.09	0.58	0.33	0.42	1	1.30	10.4	1	73	92	41	98	98	98	7.25	7.83	7.84
231206	2	3	9.2	0	2	11.0	27.3	1.04	0.44	0.36	0.11	1	0.40	9.7	2	23	88	76	100	98	98	7.89	7.96	8.54
231206	2	4	10.1	0	12	10.9	22.6	2.11	0.69	0.31	0.22	3	0.59	9.9	12	24	74	73	100	98	98	6.32	6.33	6.33
231206	2	5	10.2	1	6	11.7	27.8	1.05	1.09	0.60	0.49	2	0.79	9.6	2	32	42	18	70	98	67	7.05	7.50	7.02
231206	2	6	7.9	0	9	12.2	13.2	43.9	1.08	0.43	1.20	3	2.92	9.9	1	17	73	3	85	91	8	7.18	7.07	0.23
231206	2	7	10.8	1	10	11.8	18.4	1.09	0.37	0.24	0.38	3	2.13	10.2	3	64	98	52	100	98	98	7.41	7.46	7.41
231206	2	8	9.7	0	1	13.6	13.6	40.1	0.44	0.48	0.26	1	0.79	10.2	1	58	91	76	100	98	98	3.40	4.12	6.22
231206	2	9	10.0	0	2	11.2	11.2	42.8	0.57	0.27	0.29	3	1.10	9.8	2	52	92	82	94	98	98	6.55	6.97	6.97
231206	2	10	10.4	1	9	13.7	14.6	46.2	0.40	0.28	0.35	2	1.39	10.6	12	100	98	65	100	98	98	6.09	6.12	6.08
231206	3	1	9.9	0	6	13.9	14.7	40.4	0.72	0.40	0.49	3	1.23	10.0	2	42	77	9	100	98	58	7.30	7.72	6.81
231206	3	2	9.4	0	1	12.3	30.1	1.09	0.94	0.28	0.41	3	0.75	9.6	2	30	61	53	71	98	82	5.89	5.89	6.20
231206	3	3	10.6	1	1	12.7	13.6	46.5	0.60	0.30	0.30	3	0.95	9.5	2	21	88	39	74	98	91	9.86	10.19	9.97
231206	3	4	9.5	0	2	9.0	26.1	1.30	0.40	0.31	0.59	3	1.82	9.7	1	15	98	76	95	98	98	6.46	7.96	7.11
231206	3	5	9.7	0	7	18.4	18.4	44.4	0.56	0.32	0.59	3	2.75	10.4	4	85	83	17	100	98	82	2.31	13.88	2.19
231206	3	6	10.5	1	11	15.4	15.4	58.6	0.55	0.33	0.43	2	1.44	10.1	12	50	94	71	100	98	98	9.26	9.40	9.36
231206	3	7	10.2	1	12	12.8	12.8	44.0	0.40	0.41	0.35	1	1.16	10.5	11	88	92	85	100	98	98	6.51	6.53	6.55
231206	3	8	10.1	0	2	11.3	26.4	1.12	0.56	0.42	0.45	2	1.18	9.3	2	17	88	61	73	98	97	8.62	9.88	9.88
231206	3	9	10.2	1	9	11.9	11.9	32.7	0.55	0.33	0.34	2	1.46	10.3	1	67	85	24	100	98	91	6.79	6.88	6.79
231206	3	10	10.3	1	9	13.6	14.1	35.0	0.67	0.53	0.27	3	0.48	10.6	1	65	77	45	100	98	98	7.39	7.44	7.33
231206	4	1	10.0	0	11	12.6	13.2	41.5	0.53	0.29	0.51	3	1.50	10.2	1	53	94	39	100	98	98	8.28	8.31	8.34
231206	4	2	9.6	0	2	10.1	10.4	38.4	0.59	0.32	0.21	1	0.50	9.9	2	42	98	67	100	98	98	4.79	4.95	5.03
231206	4	3	10.5	1	3	14.3	14.3	38.0	0.85	0.33	0.32	3	0.85	9.2	2	26	64	39	48	98	71	3.58	4.58	3.63
231206	4	4	9.8	0	10	8.9	13.2	37.4	0.51	0.35	0.33	3	1.28	10.0	1	36	94	17	100	98	80	5.71	5.73	5.78
231206	4	5	10.5	1	2	12.0	12.0	37.7	0.79	0.23	0.24	3	0.60	10.5	6	56	70	52	100	98	95	7.53	7.49	7.58
231206	4	6	10.1	0	4	10.5	24.6	1.07	0.49	0.45	0.18	1	0.52	10.1	3	42	94	82	100	98	98	4.44	6.04	4.84
231206	4	7	10.8	1	5	13.0	15.2	42.2	0.37	0.28	0.15	3	0.54	10.2	2	74	98	71	100	98	98	3.08	4.17	3.08
231206	4	8	10.0	0	1	12.6	13.2	40.9	0.85	0.59	0.23	2	0.43	10.5	12	42	59	56	100	98	92	8.71	9.27	9.30
231206	4	9	10.9	1	12	10.0	10.0	35.7	0.48	0.28	0.23	1	0.71	10.5	1	88	98	89	100	98	98	4.41	4.61	4.58
231206	4	10	10.3	1	2	11.6	11.6	38.3	1.12	0.35	0.36	1	0.78	10.6	10	24	45	39	100	98	80	7.91	7.92	7.95
