Noel N.	Ilmakiv‰‰ri
Date	Series	Shot	Hit	X ring	Sector	On	Total	Int.(s)			Trigger			COG		Fine %			Rough %			Hold time (s)
						target	time 		dev X	dev Y	ATV	TIRE	RTV	Hit	Sector	Target	COG	Hit	Target	COG	Hit	Target	COG	Hit
250125	1	1	10.9	1	3	8.8	8.8	0.0	0.67	0.39	0.15	3	0.49	10.4	9	62	89	61	100	98	98	5.55	5.57	5.55
250125	1	2	10.3	1	11	11.0	11.2	37.8	0.81	0.28	0.29	2	0.63	10.2	10	68	73	77	88	98	98	3.30	3.31	3.33
250125	1	3	10.6	1	2	8.7	10.9	35.1	0.35	0.25	0.24	2	0.75	10.7	9	100	98	80	100	98	98	3.84	3.84	3.84
250125	1	4	9.3	0	9	11.6	11.6	36.6	0.56	0.36	0.72	1	1.72	10.3	10	64	91	42	100	98	98	4.09	4.18	4.11
250125	1	5	10.8	1	4	13.0	13.0	42.1	0.41	0.22	0.34	1	1.08	10.9	9	100	98	98	100	98	98	5.05	5.05	5.04
250125	1	6	10.4	1	9	13.0	13.6	39.9	0.66	0.26	0.23	1	0.50	10.6	10	89	82	73	100	98	98	4.05	4.05	4.05
250125	1	7	9.3	0	8	12.2	12.2	38.0	0.65	0.31	0.61	1	1.78	10.0	9	44	88	59	100	98	98	6.08	6.24	6.24
250125	1	8	10.9	1	9	15.7	15.9	48.2	0.66	0.30	0.29	3	0.65	10.8	1	85	79	83	100	98	98	7.30	7.30	7.30
250125	1	9	10.6	1	3	13.1	13.1	41.1	0.67	0.29	0.50	3	1.08	10.5	11	68	85	62	100	98	98	6.66	6.81	6.64
250125	1	10	9.9	0	11	14.1	14.1	41.3	0.51	0.32	0.23	3	0.52	10.1	10	47	91	58	100	98	98	6.33	6.78	7.20
250125	2	1	10.3	1	9	14.8	14.8	40.5	0.36	0.38	0.19	2	0.52	10.4	9	83	92	98	100	98	98	4.88	4.89	4.89
250125	2	2	10.1	0	2	12.9	13.2	36.2	0.72	0.35	0.58	2	1.25	10.5	10	80	74	44	100	98	85	5.08	5.12	5.08
250125	2	3	10.9	1	10	11.2	11.2	35.6	0.56	0.24	0.09	3	0.20	10.5	1	83	88	82	100	98	98	5.73	5.78	5.73
250125	2	4	9.3	0	3	13.0	13.1	37.9	0.98	0.36	0.68	1	1.14	10.6	9	58	55	11	100	98	64	6.46	6.45	6.17
250125	2	5	10.2	1	10	10.4	23.3	1.22	0.33	0.28	0.18	1	0.67	10.0	10	44	98	98	100	98	98	5.54	4.79	4.79
250125	2	6	10.2	1	11	12.2	12.3	38.0	0.30	0.27	0.16	2	0.66	10.3	11	82	98	98	100	98	98	5.88	6.29	6.30
250125	2	7	9.7	0	10	12.9	13.0	39.2	0.41	0.31	0.19	1	0.46	10.1	10	50	98	80	100	98	98	7.92	8.13	8.13
250125	2	8	10.8	1	7	12.0	12.0	37.8	0.32	0.27	0.32	3	1.32	10.9	1	100	98	98	100	98	98	6.09	6.09	6.08
250125	2	9	10.7	1	11	11.4	11.4	37.3	0.36	0.24	0.23	2	0.80	10.4	10	86	98	94	100	98	98	6.33	6.39	6.36
250125	2	10	9.7	0	2	12.1	12.3	38.2	0.68	0.35	0.24	1	0.46	10.4	1	67	71	64	100	98	92	5.17	5.62	5.67
250125	3	1	9.7	0	9	15.7	15.7	43.0	0.59	0.29	0.34	1	1.13	10.0	10	32	83	74	100	98	98	8.07	8.28	7.49
250125	3	2	10.6	1	3	12.0	22.8	1.09	0.32	0.25	0.39	1	1.32	10.8	9	100	98	91	100	98	98	7.79	7.80	7.77
250125	3	3	10.4	1	5	11.8	11.9	37.6	0.24	0.27	0.39	3	1.60	10.9	9	100	98	97	100	98	98	6.36	6.36	6.33
250125	3	4	10.2	1	8	9.0	10.8	36.2	0.69	0.26	0.12	1	0.25	10.6	10	76	83	64	100	98	98	4.98	5.04	4.96
250125	3	5	10.2	1	9	12.6	12.6	34.3	0.37	0.37	0.18	3	0.56	10.0	9	44	98	85	100	98	98	8.49	8.36	8.45
250125	3	6	10.5	1	9	9.2	9.2	33.1	0.48	0.30	0.23	1	0.69	10.8	8	100	97	83	100	98	98	6.41	6.39	6.42
250125	3	7	10.2	1	4	9.6	9.6	30.1	0.74	0.36	0.32	3	0.60	10.5	2	67	71	56	100	98	98	5.96	6.09	5.71
250125	3	8	10.1	0	9	10.0	21.7	1.02	0.65	0.28	0.23	1	1.01	10.4	1	79	76	27	100	98	83	5.71	5.83	5.57
250125	3	9	10.3	1	1	11.4	11.4	35.1	0.85	0.33	0.19	3	0.50	10.6	11	62	64	68	100	98	98	7.89	8.09	8.23
250125	3	10	10.7	1	6	9.0	9.0	31.3	0.51	0.32	0.39	3	1.27	10.4	7	70	94	71	100	98	98	5.21	5.14	5.19
250125	4	1	10.5	1	5	9.9	20.6	1.10	0.33	0.36	0.14	3	0.49	10.7	11	100	98	76	100	98	98	5.73	5.75	5.66
250125	4	2	10.1	0	12	12.3	12.6	33.0	0.54	0.38	0.18	2	0.57	10.1	11	50	92	76	100	98	98	7.18	7.50	7.47
250125	4	3	10.2	1	3	8.8	8.8	30.3	0.47	0.49	0.32	1	0.77	10.5	2	71	94	71	100	98	98	5.25	5.25	5.21
250125	4	4	10.0	0	10	9.9	10.2	40.1	0.49	0.33	0.32	2	0.97	10.5	12	83	95	62	100	98	98	6.75	7.30	7.35
250125	4	5	10.1	0	9	10.9	11.0	32.4	0.46	0.33	0.24	1	0.57	10.4	12	85	98	55	100	98	98	8.38	8.43	8.40
250125	4	6	10.4	1	9	10.0	10.0	30.9	0.81	0.45	0.24	1	0.49	10.8	11	62	73	71	100	98	94	7.32	7.33	7.29
250125	4	7	10.6	1	7	11.5	11.5	31.2	0.47	0.30	0.18	1	0.54	10.5	9	80	98	88	100	98	98	7.67	7.67	7.63
250125	4	8	9.9	0	2	10.3	10.4	29.9	0.47	0.45	0.31	2	1.27	10.7	2	89	88	58	100	98	98	7.95	7.96	7.96
250125	4	9	10.4	1	10	9.8	9.8	33.1	0.43	0.38	0.48	3	1.50	10.8	6	100	98	71	100	98	98	5.37	5.37	6.03
250125	4	10	10.6	1	11	9.3	9.3	36.4	0.37	0.28	0.26	3	0.80	10.4	9	89	98	82	100	98	98	4.79	4.80	4.82
