Noel N.	Ilmakiv‰‰ri
Date	Series	Shot	Hit	X ring	Sector	On	Total	Int.(s)			Trigger			COG		Fine %			Rough %			Hold time (s)
						target	time 		dev X	dev Y	ATV	TIRE	RTV	Hit	Sector	Target	COG	Hit	Target	COG	Hit	Target	COG	Hit
250227	1	1	9.9	0	9	6.7	7.8	0.0	0.49	0.47	0.24	2	0.52	10.0	10	53	88	70	100	98	98	3.67	3.79	3.15
250227	1	2	10.6	1	7	10.2	10.2	36.3	0.39	0.30	0.23	3	0.72	10.8	9	98	98	95	100	98	98	4.98	4.98	4.75
250227	1	3	10.7	1	11	10.6	10.6	34.8	0.43	0.23	0.18	1	0.52	10.6	9	98	98	98	100	98	98	4.14	4.16	4.17
250227	1	4	10.8	1	10	8.8	8.8	33.3	0.35	0.30	0.16	2	0.56	10.4	8	86	98	92	100	98	98	4.32	4.30	4.35
250227	1	5	10.5	1	11	9.8	24.3	1.06	0.74	0.35	0.23	3	0.70	10.2	1	61	77	64	100	98	97	4.70	4.92	4.84
250227	1	6	10.4	1	11	10.9	10.9	36.4	0.25	0.21	0.09	1	0.40	10.4	12	100	98	98	100	98	98	6.60	6.62	6.62
250227	1	7	10.2	1	3	11.8	11.8	38.4	0.53	0.31	0.25	3	0.90	9.8	2	50	98	61	92	98	98	3.56	3.88	3.52
250227	1	8	10.2	1	10	10.9	10.9	38.9	0.30	0.38	0.23	3	1.55	10.3	10	82	97	98	100	98	98	4.51	4.61	4.62
250227	1	9	9.7	0	2	8.3	8.3	35.0	0.58	0.42	0.18	1	0.39	10.1	3	29	85	68	100	98	98	4.17	4.17	4.20
250227	1	10	10.6	1	1	9.5	10.6	46.7	0.73	0.36	0.16	1	0.60	10.6	10	79	77	73	100	98	98	4.80	4.82	4.82
250227	2	1	10.6	1	2	13.1	13.1	41.3	0.37	0.15	0.14	3	0.52	10.5	2	97	98	98	100	98	98	5.28	5.36	5.34
250227	2	2	10.3	1	1	12.0	12.0	36.5	0.46	0.29	0.19	1	0.68	10.2	11	64	91	86	100	98	98	5.92	6.12	6.09
250227	2	3	10.5	1	10	13.3	13.3	41.7	0.62	0.31	0.21	2	0.44	10.4	12	85	91	79	100	98	98	6.38	6.75	6.38
250227	2	4	10.1	0	10	10.5	19.9	1.06	0.64	0.25	0.23	2	0.64	10.1	10	59	89	85	100	98	98	6.08	6.11	6.11
250227	2	5	10.3	1	11	11.4	11.4	45.2	0.69	0.21	0.24	2	0.45	10.2	11	45	83	80	100	98	98	5.34	5.97	5.97
250227	2	6	9.9	0	3	9.5	11.6	41.1	0.26	0.24	0.23	1	1.00	10.7	2	98	98	56	100	98	98	8.31	8.54	8.54
250227	2	7	9.9	0	9	11.8	11.8	38.0	0.63	0.28	0.48	1	1.24	10.6	10	77	83	58	100	98	98	5.97	6.12	5.52
250227	2	8	10.6	1	6	8.8	9.2	35.2	0.92	0.22	0.22	1	0.54	10.4	8	73	68	73	85	98	85	4.93	4.28	4.28
250227	2	9	10.2	1	12	9.7	9.7	37.1	0.54	0.30	0.10	1	0.28	10.5	12	86	89	85	100	98	98	5.42	5.67	5.83
250227	2	10	10.1	0	2	10.0	11.8	43.3	0.44	0.21	0.39	2	1.37	10.9	1	100	98	56	100	98	98	5.59	5.75	5.78
250227	3	1	10.2	1	2	11.2	11.5	40.8	0.39	0.20	0.20	1	0.88	10.7	2	100	98	88	100	98	98	5.62	5.64	5.66
250227	3	2	10.0	0	1	11.0	11.0	36.6	0.30	0.27	0.25	2	0.99	10.4	1	91	98	98	100	98	98	6.84	7.92	8.32
250227	3	3	10.3	1	1	13.5	13.5	38.8	0.71	0.31	0.20	1	0.66	10.3	10	73	85	59	98	98	85	6.27	6.29	6.75
250227	3	4	10.1	0	11	10.8	11.8	38.3	0.31	0.26	0.18	3	0.51	10.2	10	74	98	88	100	98	98	6.46	6.54	6.57
250227	3	5	10.3	1	1	10.5	11.0	36.8	0.25	0.23	0.10	1	0.45	10.5	12	100	98	98	100	98	98	6.06	6.27	6.29
250227	3	6	10.7	1	3	8.1	8.1	46.4	0.31	0.23	0.37	3	1.14	10.3	9	85	98	53	100	98	98	5.13	5.13	5.13
250227	3	7	9.8	0	10	11.9	11.9	38.8	0.52	0.20	0.25	1	0.89	10.1	10	58	98	83	100	98	98	5.94	6.00	6.15
250227	3	8	10.1	0	9	11.8	11.8	51.2	0.59	0.37	0.29	3	0.60	10.4	10	68	80	70	100	98	98	4.11	4.14	4.12
250227	3	9	10.1	0	9	13.0	13.0	45.8	0.41	0.23	0.14	1	0.43	10.4	10	74	98	91	100	98	98	6.78	7.30	7.18
250227	3	10	10.7	1	8	10.4	11.8	38.6	0.52	0.35	0.21	3	0.63	10.2	10	59	85	62	100	98	98	7.79	8.38	7.77
250227	4	1	10.0	0	11	11.1	11.1	1.30	0.97	0.30	0.42	2	0.84	10.1	12	26	61	47	97	98	86	5.07	5.49	5.49
250227	4	2	9.9	0	2	12.1	12.1	40.6	0.60	0.25	0.59	3	2.09	10.6	11	79	86	55	100	98	88	5.79	6.45	6.03
250227	4	3	10.3	1	11	11.7	11.7	57.5	0.51	0.26	0.24	3	0.69	10.1	11	50	98	86	100	98	98	6.90	7.54	7.53
250227	4	4	10.4	1	12	12.5	12.9	1.17	0.68	0.35	0.37	3	0.82	10.3	1	70	82	73	98	98	98	6.17	6.38	6.41
250227	4	5	10.1	0	11	12.5	12.5	37.5	0.72	0.35	0.10	3	0.33	10.0	12	53	71	70	92	98	98	7.46	8.18	8.32
250227	4	6	10.8	1	9	12.4	17.2	1.24	0.67	0.36	0.23	1	0.77	10.4	12	79	85	82	94	98	92	6.17	6.20	6.18
250227	4	7	9.9	0	10	16.6	16.6	50.9	0.30	0.30	0.29	1	1.20	10.2	10	76	98	98	100	98	98	10.08	10.15	10.14
250227	4	8	10.1	0	12	12.2	12.2	36.3	0.35	0.16	0.09	2	0.29	10.2	12	86	98	98	100	98	98	6.04	6.50	6.51
250227	4	9	9.4	0	10	11.8	11.8	40.5	0.41	0.28	0.14	1	0.64	9.8	11	21	98	86	100	98	98	4.74	5.70	5.71
250227	4	10	10.5	1	1	10.9	10.9	1.42	0.30	0.25	0.25	2	1.10	10.5	11	100	98	94	100	98	98	6.50	6.53	6.53
250227	5	1	9.7	0	3	12.9	24.6	1.11	0.42	0.23	0.40	2	1.33	10.5	2	86	98	53	100	98	98	7.33	7.37	2.60
250227	5	2	9.6	0	2	11.5	41.9	4.24	0.68	0.21	0.60	1	2.11	10.4	12	70	80	30	100	98	85	10.38	11.64	10.06
250227	5	3	10.3	1	11	10.7	10.7	44.8	0.53	0.20	0.20	3	0.71	10.4	1	86	92	74	100	98	98	4.65	5.14	5.14
250227	5	4	10.2	1	10	12.6	13.0	39.9	0.43	0.23	0.35	2	1.33	10.6	11	100	98	83	100	98	98	8.54	8.54	7.16
250227	5	5	10.3	1	10	7.3	11.3	38.2	0.26	0.24	0.27	2	1.11	10.8	3	100	98	71	100	98	98	5.52	5.54	5.52
250227	5	6	10.6	1	5	13.4	13.4	40.5	0.45	0.40	0.22	3	0.66	10.4	3	70	92	76	100	98	98	8.67	8.62	8.32
250227	5	7	10.6	1	6	8.5	10.3	36.6	0.32	0.28	0.23	3	0.80	10.8	10	100	98	95	100	98	98	6.42	6.43	6.38
250227	5	8	10.7	1	11	12.5	12.5	37.9	0.55	0.39	0.20	3	0.58	10.5	1	79	88	77	100	98	98	7.20	7.21	7.23
250227	5	9	9.9	0	3	12.2	12.2	37.1	0.26	0.22	0.07	2	0.32	9.9	3	18	98	98	100	98	98	8.74	9.36	9.36
250227	5	10	10.2	1	12	14.1	14.1	44.5	0.36	0.26	0.17	2	0.69	10.3	11	73	98	98	100	98	98	9.39	9.51	9.66
250227	6	1	10.6	1	9	9.8	10.2	34.1	0.38	0.27	0.17	3	0.76	10.3	7	82	98	97	100	98	98	6.32	6.13	6.30
250227	6	2	10.5	1	12	10.4	10.4	38.4	0.54	0.28	0.26	3	0.92	10.5	11	94	94	91	100	98	98	5.85	5.88	5.88
250227	6	3	10.1	0	12	11.2	11.2	34.9	0.66	0.32	0.31	2	0.70	10.1	11	47	77	74	100	98	98	5.99	6.67	6.67
250227	6	4	10.6	1	3	10.8	10.9	33.7	0.36	0.18	0.32	2	1.24	10.8	10	100	98	85	100	98	98	7.75	7.77	7.75
250227	6	5	9.1	0	1	13.0	13.0	35.8	0.54	0.28	0.47	1	1.45	9.9	12	32	91	33	100	98	92	6.51	6.75	7.44
250227	6	6	10.5	1	1	13.4	24.4	1.26	0.66	0.51	0.19	3	0.53	10.3	1	64	74	73	100	98	98	11.55	11.69	11.61
250227	6	7	9.9	0	1	10.2	22.3	1.10	0.54	0.37	0.36	3	0.83	9.6	12	17	91	83	92	98	98	9.84	10.12	10.06
250227	6	8	10.6	1	2	8.8	9.3	31.8	0.26	0.17	0.32	2	1.23	10.6	10	100	98	98	100	98	98	6.34	6.34	6.36
250227	6	9	9.9	0	1	10.6	10.6	31.5	0.80	0.50	0.46	3	1.28	9.9	1	41	58	62	85	98	98	7.21	7.26	7.26
250227	6	10	10.1	0	2	7.9	21.3	1.00	0.68	0.22	0.56	3	1.77	10.3	1	65	80	74	100	98	98	6.46	6.50	6.46
