Noel N.	Ilmakivääri
Date	Series	Shot	Hit	X ring	Sector	On	Total	Int.(s)			Trigger			COG		Fine %			Rough %			Hold time (s)
						target	time 		dev X	dev Y	ATV	TIRE	RTV	Hit	Sector	Target	COG	Hit	Target	COG	Hit	Target	COG	Hit
251004	1	1	10.9	1	5	9.9	9.9	0.0	0.37	0.22	0.17	3	0.54	10.7	12	100	98	98	100	98	98	6.09	6.30	6.08
251004	1	2	10.2	1	10	9.8	9.8	38.7	0.40	0.27	0.32	2	1.11	10.5	12	94	98	70	100	98	98	6.64	6.69	6.64
251004	1	3	10.1	0	11	13.3	13.3	40.9	0.61	0.30	0.41	3	0.82	10.4	11	68	89	74	100	98	98	7.98	8.51	8.51
251004	1	4	9.9	0	2	10.2	10.2	44.1	0.64	0.33	0.22	1	0.62	10.4	12	62	82	62	100	98	94	6.79	6.92	7.21
251004	1	5	10.5	1	10	12.4	12.4	39.7	0.54	0.36	0.39	3	0.97	9.9	12	30	92	42	100	98	98	5.36	7.05	6.22
251004	1	6	10.0	0	12	9.9	9.9	37.3	0.34	0.22	0.38	3	1.41	10.3	1	85	98	76	100	98	98	6.64	7.00	7.07
251004	1	7	10.4	1	2	12.7	12.7	1.33	0.33	0.31	0.30	3	1.33	10.8	10	100	98	80	100	98	98	9.96	9.97	9.97
251004	1	8	10.6	1	9	9.9	9.9	35.7	0.38	0.30	0.26	3	0.90	10.6	1	98	98	73	100	98	98	5.38	5.58	5.38
251004	1	9	10.8	1	1	11.3	11.3	35.8	0.64	0.35	0.22	2	0.49	10.7	1	73	88	83	100	98	98	6.63	6.66	6.64
251004	1	10	10.5	1	1	8.4	8.4	36.9	0.37	0.33	0.19	3	0.63	10.3	12	76	97	83	100	98	98	4.98	5.40	5.37
251004	2	1	10.2	1	1	13.5	13.5	46.3	0.45	0.30	0.32	1	0.84	10.3	12	70	94	88	100	98	98	9.88	10.08	10.08
251004	2	2	10.2	1	4	9.8	9.8	37.2	0.26	0.26	0.25	2	1.15	10.6	2	100	98	77	100	98	98	6.25	6.43	6.20
251004	2	3	10.1	0	12	10.9	20.4	1.05	0.46	0.33	0.29	3	0.84	9.8	1	33	98	86	100	98	98	7.12	7.75	7.74
251004	2	4	10.3	1	1	10.8	10.8	43.7	0.34	0.30	0.09	3	0.26	10.0	1	56	98	97	100	98	98	6.32	6.78	6.74
251004	2	5	10.7	1	12	10.7	10.7	37.2	0.48	0.24	0.29	3	0.84	10.5	1	83	98	92	100	98	98	6.96	6.99	6.97
251004	2	6	9.9	0	2	10.4	10.4	33.1	0.26	0.31	0.33	3	1.32	10.2	2	77	98	98	100	98	98	6.06	6.15	6.15
251004	2	7	10.5	1	2	8.7	20.2	1.09	0.36	0.26	0.34	2	1.89	10.5	1	89	98	94	100	98	98	5.21	5.40	5.34
251004	2	8	10.3	1	3	10.8	10.8	36.9	0.41	0.21	0.26	3	0.91	10.5	2	95	98	98	100	98	98	6.76	6.78	6.76
251004	2	9	10.3	1	5	10.0	10.0	1.26	0.52	0.21	0.20	1	0.72	10.5	5	83	86	88	100	98	98	7.11	7.07	7.05
251004	2	10	10.9	1	12	10.9	34.9	1.55	0.20	0.27	0.25	3	1.45	10.4	1	95	98	94	100	98	98	8.87	8.89	8.87
251004	3	1	9.4	0	9	12.3	12.3	40.1	0.50	0.30	0.62	2	2.19	10.5	11	82	97	33	100	98	92	9.49	9.53	9.49
251004	3	2	9.2	0	2	12.6	12.6	41.8	0.76	0.25	0.48	1	1.22	10.3	12	56	77	33	100	98	73	10.02	10.52	10.52
251004	3	3	10.7	1	7	12.5	12.5	1.13	0.40	0.26	0.18	3	0.96	10.7	2	95	98	77	100	98	98	8.60	8.60	8.21
251004	3	4	10.9	1	7	12.7	12.7	37.3	0.19	0.28	0.17	3	0.64	10.4	12	92	98	88	100	98	98	8.28	8.89	8.27
251004	3	5	10.6	1	3	11.6	11.6	35.6	0.15	0.24	0.18	3	1.10	10.6	12	100	98	98	100	98	98	8.00	8.04	8.01
251004	3	6	10.4	1	4	11.8	11.8	37.2	0.49	0.21	0.23	3	0.73	10.6	10	89	94	65	100	98	98	8.45	8.56	8.40
251004	3	7	10.3	1	2	12.8	12.8	37.5	0.60	0.27	0.41	2	1.36	10.4	1	68	95	85	100	98	98	9.71	9.75	9.73
251004	3	8	10.7	1	1	12.2	12.2	44.0	0.47	0.30	0.16	3	0.44	10.9	3	97	92	92	100	98	98	8.31	8.31	8.32
251004	3	9	10.6	1	12	10.6	10.6	35.8	0.37	0.25	0.19	3	0.62	10.4	10	82	98	88	100	98	98	8.22	8.41	8.40
251004	3	10	10.3	1	7	10.9	10.9	1.17	0.37	0.26	0.22	2	0.57	10.8	8	100	98	86	100	98	98	8.74	8.71	8.61
251004	4	1	10.9	1	6	10.2	24.6	1.19	0.28	0.27	0.16	3	0.63	10.7	1	100	98	98	100	98	98	8.36	8.36	8.36
251004	4	2	9.8	0	2	10.9	10.9	1.09	0.34	0.30	0.41	1	1.34	10.8	1	94	97	30	100	98	98	7.05	7.16	7.39
251004	4	3	10.4	1	8	14.2	14.2	45.8	0.58	0.23	0.36	3	1.11	10.6	4	86	95	52	100	98	98	12.60	12.59	12.62
251004	4	4	10.7	1	1	12.9	12.9	37.5	0.45	0.27	0.33	3	1.68	10.5	9	79	98	73	100	98	98	10.68	10.66	10.79
251004	4	5	10.6	1	2	11.8	11.8	1.12	0.29	0.25	0.38	3	1.53	10.5	12	100	98	98	100	98	98	8.01	8.04	8.03
251004	4	6	10.7	1	11	10.5	10.5	1.13	0.43	0.27	0.31	1	1.04	10.3	1	68	98	76	100	98	98	8.51	8.55	8.54
251004	4	7	10.5	1	1	11.4	11.4	33.7	0.52	0.28	0.16	3	0.47	10.3	12	73	91	76	100	98	98	8.32	8.37	8.32
251004	4	8	10.7	1	12	12.5	12.5	35.8	0.19	0.39	0.16	3	0.50	10.5	10	91	98	98	100	98	98	9.30	9.49	9.48
251004	4	9	10.7	1	12	10.5	10.5	33.4	0.41	0.23	0.16	3	0.56	10.6	11	91	98	97	100	98	98	8.22	8.23	8.23
251004	4	10	10.3	1	1	11.9	11.9	36.7	0.30	0.31	0.16	3	0.64	10.2	1	74	98	98	100	98	98	5.31	6.15	6.12

