Ampuja 1	Ilmakiv‰‰ri
Date	Series	Shot	Hit	X ring	Sector	On	Total	Int.(s)			Trigger			COG		Fine %			Rough %			Hold time (s)
						target	time 		dev X	dev Y	ATV	TIRE	RTV	Hit	Sector	Target	COG	Hit	Target	COG	Hit	Target	COG	Hit
100105	1	1	9.6	0	10	4.0	4.0	0.0	0.73	0.66	0.38	3	0.60	10.5	9	67	62	30	91	98	76	4.00	4.00	2.02
100105	1	2	9.9	0	4	3.1	3.1	29.7	0.67	1.04	0.39	3	0.57	10.5	3	30	42	56	95	95	74	3.03	3.02	3.00
100105	1	3	9.2	0	6	8.8	8.8	34.4	1.44	1.30	0.32	2	0.34	10.3	7	12	5	27	50	65	47	2.94	2.96	0.82
100105	1	4	10.2	1	6	10.7	10.7	36.3	1.14	0.51	0.60	3	0.91	9.6	4	39	39	44	67	92	67	4.95	1.84	4.95
100105	1	5	10.4	1	5	7.0	7.0	33.5	1.33	0.71	0.80	1	1.30	10.4	1	27	32	20	80	88	58	6.21	6.21	6.17
100105	1	6	9.3	0	4	9.5	9.5	35.5	0.87	0.80	0.86	3	1.49	9.7	3	26	33	29	74	98	77	9.30	1.35	1.33
100105	1	7	8.8	0	3	9.2	9.2	34.0	1.75	0.71	0.41	1	0.69	10.6	11	44	41	20	70	67	55	9.24	6.11	0.77
100105	1	8	8.3	0	4	8.9	8.9	44.2	1.46	0.44	0.82	1	1.67	10.7	1	39	47	9	74	71	30	2.60	2.60	0.61
100105	1	9	9.6	0	12	12.2	12.2	54.4	1.35	1.05	0.70	1	0.85	10.7	4	26	24	15	73	70	50	1.89	1.91	1.88
100105	1	10	7.4	0	8	6.3	6.3	35.7	1.41	0.64	0.66	1	1.16	10.7	7	48	42	14	79	76	18	1.74	1.74	0.42
100105	2	1	9.2	0	5	2.9	2.9	28.3	0.71	0.66	1.08	2	2.03	10.6	8	65	65	18	98	98	62	1.77	1.77	1.67
100105	2	2	9.1	0	5	5.8	6.3	36.1	0.50	0.70	0.82	1	1.46	10.5	5	67	71	15	100	98	77	1.57	5.07	5.94
100105	2	3	10.0	0	7	3.9	3.9	27.7	0.95	0.65	0.63	1	0.99	10.0	11	26	36	14	92	98	56	3.50	2.96	2.46
100105	2	4	10.6	1	8	9.5	9.5	44.7	0.91	0.50	0.44	3	1.05	9.6	1	18	59	9	79	98	55	2.08	2.07	2.08
100105	2	5	8.6	0	12	10.6	10.6	41.9	1.09	0.55	0.57	2	0.89	9.0	2	18	44	5	35	89	45	5.40	3.03	0.69
100105	2	6	10.4	1	11	6.9	6.9	51.6	1.12	0.38	0.60	3	0.82	10.6	1	55	56	52	94	95	92	1.30	1.30	1.06
100105	2	7	9.7	0	11	8.6	8.6	35.1	1.51	0.38	0.30	2	0.27	10.1	12	15	48	50	79	80	77	3.00	3.00	0.33
100105	2	8	6.7	0	9	7.8	7.8	40.9	1.50	0.60	1.89	1	3.19	10.8	12	47	41	6	82	80	9	0.01	0.01	0.15
100105	2	9	9.7	0	11	9.7	9.7	37.6	1.38	0.96	0.44	1	0.65	10.6	11	35	32	32	79	85	83	1.02	1.00	0.93
100105	2	10	8.9	0	2	9.9	9.9	1.08	0.93	0.64	0.61	1	1.23	10.7	2	52	50	12	98	97	26	1.43	1.41	1.35
100105	3	1	9.3	0	12	7.5	7.5	36.3	1.12	0.53	0.47	1	0.75	9.8	12	27	39	26	71	95	88	5.22	5.24	5.21
100105	3	2	9.2	0	3	7.0	7.0	39.8	0.98	0.73	0.43	1	0.79	10.0	1	24	48	35	86	91	68	3.94	5.73	1.25
100105	3	3	10.1	0	2	5.6	5.6	48.5	0.59	0.62	0.50	3	0.93	10.0	12	39	74	59	89	98	86	2.82	5.24	2.83
100105	3	4	9.0	0	9	5.0	5.0	27.8	1.03	0.58	1.03	3	2.61	10.3	12	27	52	6	92	95	29	5.00	5.00	1.50
100105	3	5	8.9	0	12	4.9	4.9	31.3	1.59	0.72	0.36	2	0.47	9.8	12	12	26	35	50	64	67	2.49	2.44	2.42
100105	3	6	10.5	1	3	4.4	4.4	26.1	0.85	0.78	0.37	2	0.50	10.4	12	48	58	50	91	94	85	1.95	1.97	1.32
100105	3	7	10.5	1	11	4.4	4.4	41.7	0.75	0.45	0.29	2	0.81	10.8	1	67	73	56	100	98	98	2.96	2.96	2.92
100105	3	8	10.0	0	12	6.8	6.8	1.01	0.71	0.44	0.40	3	0.65	9.8	12	18	70	64	91	98	98	5.33	5.26	5.28
100105	3	9	10.1	0	2	7.9	7.9	30.9	1.58	0.51	0.56	1	0.72	10.0	12	21	38	27	68	73	71	7.91	7.92	2.77
100105	3	10	9.3	0	1	6.3	6.3	31.5	0.86	0.67	0.47	1	1.17	9.9	1	17	80	56	91	91	89	5.45	5.46	5.46
100105	4	1	8.3	0	10	4.1	4.1	31.0	1.01	0.51	0.83	1	1.29	9.9	11	30	56	29	79	97	59	2.90	2.27	0.73
100105	4	2	6.8	0	4	11.3	11.3	39.8	0.85	1.26	1.03	3	1.46	9.0	2	8	26	2	27	88	8	1.30	1.64	0.23
100105	4	3	9.7	0	2	6.5	6.5	36.5	0.80	0.48	0.54	2	1.38	10.6	2	79	70	36	97	98	94	4.38	4.38	3.96
100105	4	4	9.1	0	2	8.7	8.7	36.7	1.07	0.43	0.37	1	0.73	10.0	2	32	35	48	80	98	71	7.11	1.25	1.06
100105	4	5	9.2	0	11	10.6	10.6	36.7	1.14	0.59	0.32	3	0.39	9.9	1	35	35	36	74	91	74	4.11	3.98	2.82
100105	4	6	9.3	0	2	5.8	5.8	32.9	0.96	0.62	0.51	1	0.97	10.3	1	36	48	35	91	95	67	5.70	5.70	5.96
100105	4	7	9.4	0	11	9.3	9.3	32.7	1.00	0.61	0.46	1	0.85	9.8	12	9	58	50	80	88	77	4.25	1.19	2.62
100105	4	8	10.0	0	9	7.7	7.7	36.6	1.04	0.79	0.45	3	0.62	9.8	1	24	33	21	74	97	44	7.51	8.01	5.80
100105	4	9	9.9	0	3	11.8	11.8	36.6	1.38	0.38	0.52	1	0.85	9.9	1	12	32	15	74	85	70	1.50	1.56	12.38
100105	4	10	10.1	0	7	8.8	8.8	33.8	1.00	0.65	0.28	2	0.42	9.6	10	23	52	30	74	92	68	2.29	1.81	2.23
