Peetu P.	Ilmakiv‰‰ri	Pysty
Date	Series	Shot	Hit	X ring	Sector	On	Total	Int.(s)			Trigger			COG		Fine %			Rough %			Hold time (s)
						target	time 		dev X	dev Y	ATV	TIRE	RTV	Hit	Sector	Target	COG	Hit	Target	COG	Hit	Target	COG	Hit
231206	1	1	9.7	0	1	3.5	3.5	0.0	1.02	1.01	0.53	1	0.92	9.3	4	8	29	6	53	94	39	1.62	1.54	1.81
231206	1	2	8.4	0	11	4.2	4.2	35.4	1.15	0.83	0.45	1	0.69	10.2	1	24	20	6	79	91	26	1.51	1.56	0.45
231206	1	3	8.9	0	10	4.6	4.6	26.6	1.23	1.11	0.95	2	1.24	9.5	12	15	11	24	48	85	45	2.50	2.54	2.07
231206	1	4	10.2	1	6	4.2	4.2	30.7	0.77	0.45	0.56	3	1.27	10.0	2	44	65	8	85	98	70	1.59	1.95	1.57
231206	1	5	8.8	0	1	5.6	5.6	30.2	0.90	0.76	0.49	1	0.79	9.4	3	23	38	12	55	98	52	1.08	1.12	1.11
231206	1	6	10.5	1	8	3.7	4.4	29.3	1.25	0.73	0.30	3	0.50	9.3	2	35	21	27	50	91	41	1.71	1.83	1.68
231206	1	7	9.5	0	2	4.4	4.4	37.4	0.93	0.97	0.48	1	0.78	9.2	1	8	35	30	52	94	89	1.06	2.58	2.60
231206	1	8	8.7	0	3	6.2	6.2	31.5	0.98	0.67	0.62	1	0.95	9.6	2	14	50	36	70	91	82	3.93	1.25	1.22
231206	1	9	9.7	0	1	4.2	4.2	30.2	1.43	0.67	0.49	2	0.86	10.4	3	30	48	17	86	82	76	0.96	0.99	1.00
231206	1	10	9.7	0	11	4.3	4.3	36.8	1.37	0.78	0.40	1	0.54	10.0	1	17	29	32	79	76	65	2.06	4.16	2.01
231206	2	1	8.2	0	3	6.9	6.9	34.2	1.25	0.49	0.98	3	1.28	9.3	3	36	45	12	70	85	58	0.94	3.02	2.04
231206	2	2	8.5	0	4	5.7	5.8	38.1	1.90	0.49	0.76	3	1.31	9.9	9	30	11	8	56	65	33	0.92	1.59	0.58
231206	2	3	9.2	0	12	4.3	4.8	37.4	0.40	0.61	0.82	2	1.29	9.9	12	42	85	65	98	98	98	2.15	3.08	1.20
231206	2	4	5.9	0	4	6.6	7.2	30.8	1.24	1.41	1.42	1	2.50	10.0	12	30	33	2	59	67	5	0.01	0.01	0.14
231206	2	5	9.6	0	4	6.5	7.3	32.1	1.98	0.64	0.94	3	1.00	10.4	11	20	20	12	47	48	30	4.89	2.82	0.70
231206	2	6	8.2	0	4	5.0	5.0	44.3	1.03	0.60	0.58	1	1.07	9.8	3	33	33	11	62	98	48	3.84	3.83	2.91
231206	2	7	10.2	1	2	7.6	7.6	34.7	1.58	0.89	0.31	3	0.36	9.3	2	26	17	23	41	61	50	1.08	1.50	1.51
231206	2	8	8.2	0	8	5.2	6.9	41.1	1.56	0.90	1.28	1	1.64	9.6	2	11	30	5	50	67	9	1.53	3.72	0.23
231206	2	9	7.2	0	8	4.2	4.2	7.54	2.12	1.16	0.87	1	1.02	10.5	12	23	6	6	53	56	20	0.03	0.01	0.36
231206	2	10	10.5	1	7	5.7	5.7	24.5	0.77	0.59	0.33	3	0.54	10.2	12	39	71	20	98	98	76	2.43	3.39	2.37
231206	3	1	6.7	0	12	7.7	7.9	30.1	1.46	1.15	1.32	1	1.53	10.1	12	18	26	5	55	59	8	0.01	2.82	0.23
231206	3	2	10.3	1	2	6.3	6.3	28.2	1.10	0.63	0.52	2	0.56	10.3	4	42	50	38	86	89	86	2.98	1.92	1.94
231206	3	3	7.2	0	9	4.8	4.8	26.3	1.26	1.05	0.70	2	1.19	9.3	12	21	26	5	42	77	14	1.54	1.56	0.47
231206	3	4	9.1	0	10	6.8	6.8	26.6	0.94	0.84	0.85	3	1.46	10.5	2	18	33	17	100	98	35	2.91	2.88	1.08
231206	3	5	9.8	0	12	6.1	6.1	40.1	0.88	0.44	0.35	3	0.75	10.1	11	38	56	56	88	98	89	1.14	1.16	1.14
231206	3	6	9.8	0	9	6.3	6.3	33.8	1.23	0.64	0.55	3	0.80	10.6	2	45	47	27	80	82	67	2.12	2.12	1.59
231206	3	7	10.5	1	7	7.0	7.0	32.4	0.93	0.59	0.59	3	1.39	10.3	7	56	53	58	89	94	94	1.47	1.22	1.47
231206	3	8	10.4	1	4	4.7	4.7	30.9	0.94	0.83	0.80	3	1.25	10.2	12	21	33	12	92	95	67	1.25	1.23	1.23
231206	3	9	7.4	0	2	5.9	5.9	26.8	1.55	0.82	0.82	1	1.32	10.3	1	33	21	15	82	83	20	2.92	2.15	0.33
231206	3	10	9.5	0	7	5.2	5.2	33.0	1.34	1.20	1.12	3	1.34	10.1	1	30	18	14	73	71	47	2.04	2.07	0.27
231206	4	1	9.4	0	2	5.9	5.9	33.5	0.64	0.63	0.49	1	1.17	9.4	2	8	73	65	73	98	98	2.44	1.16	1.16
231206	4	2	9.5	0	1	7.9	7.9	36.6	1.50	0.82	0.80	2	0.78	8.3	1	0	6	14	20	80	42	0.80	3.09	3.08
231206	4	3	9.8	0	3	7.7	7.7	36.0	1.99	1.18	0.47	3	0.37	10.3	2	0	8	14	33	53	45	1.43	2.21	0.58
231206	4	4	10.2	1	4	4.9	4.9	27.8	1.47	1.01	0.64	3	0.74	9.7	3	36	5	30	65	74	68	0.51	1.70	0.54
231206	4	5	9.9	0	11	5.2	5.2	27.4	1.26	0.61	0.36	1	0.66	9.6	10	14	39	45	70	91	89	0.96	1.00	0.99
231206	4	6	10.5	1	4	6.7	6.8	28.1	1.03	0.75	0.33	2	0.39	10.1	1	21	42	26	86	88	80	2.06	2.35	2.02
231206	4	7	9.8	0	11	7.2	7.2	27.0	1.47	0.87	0.53	3	0.78	9.8	12	15	33	17	59	70	53	1.68	1.73	1.17
231206	4	8	9.5	0	6	4.2	4.2	24.3	0.81	1.06	0.84	3	2.48	9.7	2	0	44	6	71	85	17	2.19	2.23	0.89
231206	4	9	10.4	1	1	7.1	7.1	32.8	2.91	0.65	1.33	3	1.04	10.8	8	18	20	18	42	41	39	0.20	0.21	0.20
231206	4	10	7.7	0	5	4.2	4.2	2.11	1.40	0.97	0.98	1	1.45	10.7	1	35	44	3	80	79	8	2.27	2.27	0.24
