Roni A.	Ilmakiv‰‰ri
Date	Series	Shot	Hit	X ring	Sector	On	Total	Int.(s)			Trigger			COG		Fine %			Rough %			Hold time (s)
						target	time 		dev X	dev Y	ATV	TIRE	RTV	Hit	Sector	Target	COG	Hit	Target	COG	Hit	Target	COG	Hit
250126	1	1	9.9	0	9	18.5	19.6	0.0	0.30	0.27	0.34	3	1.32	10.1	10	56	98	98	100	98	98	3.72	4.80	3.45
250126	1	2	10.0	0	7	14.1	14.1	39.0	0.96	0.37	0.52	3	1.91	10.0	3	50	62	11	85	98	74	6.27	6.27	4.44
250126	1	3	10.5	1	3	19.0	19.0	55.0	0.25	0.14	0.31	2	1.55	10.5	12	100	98	98	100	98	98	4.35	4.98	4.92
250126	1	4	10.2	1	2	18.6	19.6	51.5	0.30	0.36	0.27	2	1.02	10.0	2	58	98	98	100	98	98	3.48	3.66	3.66
250126	1	5	10.6	1	7	18.5	18.5	47.1	0.37	0.48	0.21	2	0.72	10.4	2	62	98	52	100	98	98	4.80	4.91	4.61
250126	1	6	10.7	1	3	18.5	18.5	46.7	0.22	0.25	0.21	2	1.08	10.6	1	100	98	98	100	98	98	4.91	4.93	4.91
250126	1	7	10.8	1	2	20.4	20.4	56.2	0.25	0.32	0.33	1	1.08	10.5	2	100	98	98	100	98	98	5.64	5.99	5.66
250126	1	8	10.3	1	3	20.1	20.1	1.05	0.29	0.26	0.34	2	1.32	10.6	1	100	98	86	100	98	98	5.08	6.01	4.80
250126	1	9	10.5	1	1	18.0	18.0	48.5	0.21	0.24	0.39	1	1.82	10.4	3	100	98	98	100	98	98	4.17	4.20	4.23
250126	1	10	10.7	1	9	19.3	19.3	52.4	0.23	0.39	0.33	1	0.99	10.6	9	98	98	98	100	98	98	3.57	3.56	3.56
250126	2	1	10.2	1	1	13.2	13.2	39.6	0.39	0.25	0.35	3	1.30	10.9	4	100	98	67	100	98	98	3.94	3.94	5.07
250126	2	2	10.1	0	7	14.5	14.5	37.6	0.26	0.44	0.33	3	1.63	10.6	12	88	95	27	100	98	98	4.49	5.08	3.15
250126	2	3	9.8	0	1	12.7	12.7	41.4	0.44	0.31	0.30	1	0.99	10.2	1	65	98	82	100	98	98	4.32	4.74	5.14
250126	2	4	10.1	0	7	15.2	15.2	39.0	0.36	0.24	0.40	3	2.12	10.2	4	67	95	20	100	98	98	5.17	5.13	4.86
250126	2	5	10.5	1	3	14.6	14.6	39.7	0.33	0.18	0.31	1	1.03	10.5	4	100	98	98	100	98	98	4.20	3.87	4.23
250126	2	6	10.6	1	12	14.1	14.8	36.2	0.36	0.23	0.22	3	0.85	10.8	10	100	98	98	100	98	98	4.98	4.98	5.59
250126	2	7	10.4	1	2	16.2	16.2	35.2	0.27	0.26	0.24	3	0.76	10.3	2	91	98	98	100	98	98	5.36	5.43	5.46
250126	2	8	10.8	1	11	13.4	13.4	33.5	0.34	0.20	0.31	2	1.08	10.5	11	100	98	98	100	98	98	3.36	5.16	3.58
250126	2	9	10.5	1	2	12.6	12.6	29.5	0.44	0.17	0.27	3	0.90	10.7	10	97	98	77	100	98	98	4.93	5.05	5.13
250126	2	10	10.2	1	3	12.2	12.2	30.4	0.40	0.25	0.24	1	1.31	10.2	12	70	98	56	100	98	98	4.02	7.32	4.00
250126	3	1	10.4	1	4	12.1	12.1	31.3	0.33	0.25	0.28	1	1.56	10.7	12	100	98	80	100	98	98	4.80	4.84	4.80
250126	3	2	10.4	1	5	11.7	11.7	28.4	0.22	0.20	0.33	3	1.68	10.7	12	100	98	77	100	98	98	4.04	4.08	3.99
250126	3	3	10.2	1	2	10.2	10.2	27.4	0.24	0.30	0.26	3	1.17	10.3	1	89	98	98	100	98	98	4.47	4.93	4.74
250126	3	4	10.6	1	4	11.8	11.8	30.2	0.28	0.28	0.35	3	1.99	10.5	11	100	98	55	100	98	98	3.67	4.17	3.52
250126	3	5	10.6	1	12	11.9	11.9	30.2	0.24	0.33	0.31	3	1.19	10.4	11	85	98	95	100	98	98	4.23	4.88	4.89
250126	3	6	10.5	1	10	10.6	10.6	28.1	0.49	0.28	0.44	2	2.48	10.6	10	89	98	98	100	98	98	3.46	3.48	3.48
250126	3	7	10.2	1	10	12.5	12.5	27.9	0.18	0.24	0.19	3	0.80	9.8	11	21	98	97	100	98	98	3.57	4.33	4.08
250126	3	8	10.3	1	9	12.4	12.4	30.1	0.27	0.19	0.28	3	1.35	10.2	10	79	98	92	100	98	98	4.83	5.38	2.76
250126	3	9	10.4	1	1	12.5	12.5	32.4	0.18	0.21	0.32	3	1.50	10.8	10	100	98	98	100	98	98	4.79	4.83	6.60
250126	3	10	10.7	1	6	11.1	11.6	31.1	0.24	0.20	0.19	3	0.94	10.8	9	100	98	98	100	98	98	3.63	3.62	3.60
250126	4	1	10.4	1	12	10.0	10.0	26.0	0.19	0.35	0.19	3	0.94	10.0	12	55	98	89	100	98	98	1.77	5.82	5.59
250126	4	2	10.8	1	9	11.9	11.9	29.1	0.23	0.25	0.33	3	1.39	10.5	2	100	98	92	100	98	98	4.25	4.29	4.23
250126	4	3	10.2	1	1	10.6	11.0	28.1	0.39	0.44	0.29	3	0.95	10.0	2	45	94	76	100	98	98	3.51	4.04	4.07
250126	4	4	10.1	0	1	12.5	12.5	28.4	0.25	0.55	0.31	3	1.28	10.0	12	50	98	82	100	98	98	4.12	6.39	6.36
250126	4	5	9.6	0	5	11.6	11.6	29.9	0.51	0.38	0.40	2	1.80	9.9	3	26	94	38	100	98	98	3.87	4.11	3.27
250126	4	6	10.4	1	2	10.4	10.4	26.5	0.41	0.25	0.24	1	1.07	10.2	12	67	98	61	100	98	98	3.21	6.21	3.81
250126	4	7	10.8	1	7	12.6	12.6	30.2	0.24	0.35	0.30	3	1.60	10.4	12	82	98	76	100	98	98	6.75	6.83	5.87
250126	4	8	10.7	1	4	11.7	11.7	28.1	0.27	0.27	0.16	2	0.83	10.7	1	100	98	98	100	98	98	3.66	4.16	3.60
250126	4	9	9.6	0	8	13.8	14.1	32.0	0.27	0.30	0.31	2	1.25	9.9	8	39	98	98	100	98	98	5.75	5.16	4.86
250126	4	10	10.4	1	7	10.7	10.7	26.4	0.33	0.26	0.51	2	3.00	10.5	12	100	98	45	100	98	98	4.09	4.37	3.54
