Saana T.	Ilmakiv‰‰ri
Date	Series	Shot	Hit	X ring	Sector	On	Total	Int.(s)			Trigger			COG		Fine %			Rough %			Hold time (s)
						target	time 		dev X	dev Y	ATV	TIRE	RTV	Hit	Sector	Target	COG	Hit	Target	COG	Hit	Target	COG	Hit
260124	1	1	10.2	1	12	6.1	6.1	0.0	0.47	0.38	0.19	3	0.65	9.7	10	21	95	52	100	98	98	3.52	3.57	3.58
260124	1	2	10.7	1	10	6.9	6.9	45.7	0.76	0.35	0.13	3	0.40	10.2	2	55	76	53	95	98	88	4.71	4.92	4.71
260124	1	3	9.8	0	2	6.2	6.2	45.3	0.64	0.71	0.36	1	0.94	10.0	12	42	58	23	80	98	98	4.04	4.12	4.23
260124	1	4	9.8	0	9	7.2	7.2	48.0	1.02	0.57	0.47	3	0.62	10.1	11	32	45	42	82	92	79	5.00	5.14	4.14
260124	1	5	10.5	1	11	6.5	6.5	1.03	0.75	0.38	0.28	3	0.81	9.8	10	36	76	48	91	98	98	3.78	3.83	3.81
260124	1	6	10.3	1	3	6.4	6.4	54.9	1.21	0.50	0.20	2	0.30	10.8	9	50	45	47	89	89	74	4.32	4.32	2.88
260124	1	7	9.6	0	2	6.4	6.4	58.3	0.58	0.44	0.30	2	1.00	10.4	1	64	82	47	100	98	92	3.58	3.63	3.63
260124	1	8	10.3	1	12	5.5	5.5	1.01	0.34	0.48	0.34	3	1.23	10.3	9	68	98	26	100	98	98	3.30	3.31	3.33
260124	1	9	10.0	0	11	5.2	5.2	52.0	1.11	0.27	0.31	3	0.75	10.6	11	42	47	55	100	98	83	1.44	1.46	1.47
260124	1	10	9.8	0	8	6.5	6.5	58.5	0.59	0.67	0.56	2	1.50	10.2	9	61	55	39	98	98	94	3.57	3.58	3.51
260124	2	1	9.4	0	10	6.5	6.5	1.12	0.80	0.40	0.57	1	1.16	10.2	11	53	59	48	98	98	88	4.09	4.39	4.09
260124	2	2	10.1	0	1	7.8	7.8	1.02	0.98	0.49	0.27	3	0.56	10.5	10	59	52	47	92	97	77	5.57	5.68	5.70
260124	2	3	10.7	1	9	4.8	4.8	58.0	1.05	1.40	0.18	3	0.35	9.9	2	41	9	32	64	73	62	1.09	1.14	1.09
260124	2	4	9.6	0	9	6.0	6.0	53.8	0.89	0.43	0.26	2	0.92	10.3	9	58	74	79	91	92	89	3.39	3.39	3.31
260124	2	5	10.0	0	1	7.0	7.0	1.05	1.00	0.43	0.28	3	0.55	10.2	11	39	45	59	92	98	89	4.41	4.49	4.50
260124	2	6	9.4	0	10	6.5	6.5	1.02	0.64	0.36	0.45	2	0.83	10.4	10	68	80	48	100	98	89	3.93	3.98	4.18
260124	2	7	8.7	0	12	7.6	7.6	1.08	0.77	0.73	0.27	1	0.45	9.7	10	9	58	24	79	98	68	5.59	5.66	5.76
260124	2	8	10.6	1	11	6.2	6.2	1.20	0.42	0.44	0.27	3	0.74	10.6	11	82	94	92	100	98	98	3.30	3.31	3.31
260124	2	9	10.3	1	10	5.8	5.8	1.04	0.58	0.48	0.25	2	0.77	10.1	10	53	83	79	100	98	98	3.42	3.45	3.46
260124	2	10	9.6	0	4	7.6	7.6	1.04	0.94	0.51	0.57	1	0.87	10.9	8	64	59	30	100	98	65	5.34	5.34	2.44
260124	3	1	10.6	1	11	6.5	6.5	1.04	0.68	0.45	0.36	3	0.82	9.8	11	23	76	39	95	98	98	4.39	4.49	4.44
260124	3	2	8.8	0	1	6.8	6.8	52.3	0.71	0.32	0.57	1	1.86	9.9	11	39	74	8	97	98	55	5.33	5.40	5.52
260124	3	3	10.2	1	11	5.4	5.4	1.16	0.24	0.48	0.26	3	1.09	9.6	11	21	98	71	88	98	98	2.77	3.09	3.06
260124	3	4	10.3	1	11	6.1	6.1	49.4	0.54	0.59	0.13	2	0.31	10.4	11	62	76	76	100	98	98	3.85	3.87	3.84
260124	3	5	9.9	0	3	5.4	5.4	48.7	0.62	0.81	0.57	3	1.32	10.6	11	48	53	6	100	98	82	2.73	2.76	2.73
260124	3	6	10.8	1	8	7.3	7.3	56.8	0.49	0.37	0.26	3	1.19	9.9	9	42	98	52	100	98	98	5.16	4.79	5.16
260124	3	7	9.6	0	9	6.8	6.8	52.2	0.24	0.33	0.38	3	2.23	10.3	9	79	98	86	100	98	98	5.21	4.04	3.98
260124	3	8	9.8	0	9	7.7	7.7	1.06	0.84	0.43	0.13	2	0.20	10.5	10	59	65	56	100	98	83	5.79	6.06	6.04
260124	3	9	9.5	0	10	4.9	4.9	45.6	0.58	0.60	0.52	2	1.47	10.2	9	36	70	33	100	98	79	3.18	3.15	3.21
260124	3	10	10.5	1	11	6.6	6.6	56.0	0.46	0.42	0.47	3	1.73	10.1	10	41	95	86	100	98	98	4.86	5.00	5.00
260124	4	1	10.1	0	3	7.7	7.7	53.6	0.87	0.78	0.28	2	0.76	9.9	11	44	62	21	82	92	71	5.80	6.18	1.00
260124	4	2	9.2	0	10	6.8	6.8	58.5	0.37	0.43	0.24	2	0.94	9.9	9	44	98	39	100	98	98	4.79	4.51	4.49
260124	4	3	8.4	0	10	8.1	8.1	1.04	0.47	0.54	0.42	1	1.30	9.6	11	11	83	27	94	98	98	7.02	7.12	7.08
260124	4	4	10.3	1	1	9.3	9.3	1.25	0.49	0.44	0.38	3	1.17	10.4	9	67	92	52	100	98	95	7.82	7.77	8.00
260124	4	5	8.8	0	12	7.9	7.9	53.7	0.38	0.64	0.31	1	0.69	9.3	11	23	79	20	59	98	98	6.42	6.88	2.77
260124	4	6	9.6	0	11	6.9	6.9	1.19	0.37	0.30	0.26	1	0.84	10.3	11	85	98	52	100	98	98	3.38	3.36	3.33
260124	4	7	9.8	0	3	6.1	6.1	44.8	1.04	0.46	0.54	3	1.38	9.7	11	50	42	8	67	97	55	3.93	3.92	1.98
260124	4	8	9.5	0	11	8.0	8.0	49.8	0.86	0.34	0.46	1	1.11	9.9	11	29	68	59	91	98	95	6.55	3.21	3.17
260124	4	9	10.7	1	6	6.5	6.5	58.6	0.59	0.35	0.29	3	0.80	10.3	9	73	83	59	100	98	98	5.25	5.25	5.24
260124	4	10	10.5	1	10	7.3	7.3	48.5	1.22	0.43	0.50	3	1.18	9.7	10	26	35	33	64	98	77	5.57	5.68	5.64
