Saimi	Ilmakiv‰‰ri
Date	Series	Shot	Hit	X ring	Sector	On	Total	Int.(s)			Trigger			COG		Fine %			Rough %			Hold time (s)
						target	time 		dev X	dev Y	ATV	TIRE	RTV	Hit	Sector	Target	COG	Hit	Target	COG	Hit	Target	COG	Hit
250126	1	1	10.0	0	10	8.0	9.1	0.0	0.65	0.26	0.39	1	1.02	10.5	1	77	82	47	100	98	80	4.33	4.41	4.42
250126	1	2	9.4	0	9	10.3	12.1	48.0	0.44	0.19	0.41	1	1.47	10.1	10	56	97	73	100	98	98	5.34	5.40	5.36
250126	1	3	10.6	1	1	11.2	11.9	44.5	0.45	0.19	0.30	1	0.62	10.3	1	74	98	92	100	98	98	5.29	5.37	5.31
250126	1	4	10.6	1	12	10.5	10.8	48.9	0.30	0.28	0.21	3	0.68	10.4	1	85	98	92	100	98	98	4.30	4.33	4.33
250126	1	5	9.8	0	9	10.4	15.4	1.09	0.63	0.29	0.37	1	1.15	10.7	11	80	82	44	100	98	89	5.46	5.47	5.49
250126	1	6	10.2	1	2	11.9	12.4	52.0	0.39	0.21	0.21	3	0.86	9.9	3	52	98	92	100	98	98	4.68	5.00	5.00
250126	1	7	9.1	0	2	10.1	11.0	51.3	0.49	0.18	0.42	3	1.07	9.9	2	55	98	44	100	98	98	6.60	6.63	6.63
250126	1	8	10.8	1	5	8.4	8.4	51.7	0.81	0.26	0.27	2	0.89	10.6	2	65	71	62	100	98	98	3.81	3.84	3.46
250126	1	9	9.6	0	2	12.9	14.3	6.59	0.27	0.16	0.19	3	0.90	9.8	1	12	98	98	100	98	98	7.02	7.09	7.08
250126	1	10	10.7	1	11	12.5	12.7	47.9	0.25	0.17	0.21	3	0.84	10.3	12	98	98	98	100	98	98	6.00	6.32	6.04
250126	2	1	9.3	0	2	9.5	10.0	40.0	0.56	0.29	0.15	1	0.46	9.9	2	53	94	79	94	98	98	4.23	4.20	4.14
250126	2	2	10.5	1	2	10.3	10.8	47.6	0.75	0.49	0.45	3	1.13	10.6	11	55	61	64	100	98	98	7.16	8.27	7.17
250126	2	3	10.5	1	3	9.7	10.0	41.0	0.65	0.26	0.17	3	0.43	10.9	10	86	86	74	100	98	92	6.01	6.03	5.99
250126	2	4	9.5	0	2	10.1	21.5	1.22	0.28	0.23	0.21	3	0.84	10.0	2	47	98	98	100	98	98	4.46	4.38	4.35
250126	2	5	10.1	0	2	9.8	9.8	48.9	0.44	0.39	0.17	2	0.66	9.9	2	36	95	95	100	98	98	8.22	8.23	8.23
250126	2	6	10.6	1	4	11.3	11.8	1.01	0.48	0.28	0.36	3	1.18	10.3	2	73	94	83	100	98	98	4.72	5.52	4.74
250126	2	7	10.7	1	2	9.7	10.3	50.8	0.73	0.20	0.66	2	1.78	10.1	2	59	76	76	94	98	98	4.71	4.77	4.74
250126	2	8	10.2	1	2	10.0	11.3	1.22	0.64	0.20	0.16	3	0.54	9.7	2	47	94	62	88	98	98	3.78	4.00	4.00
250126	2	9	10.2	1	3	8.4	8.6	39.1	0.43	0.25	0.12	3	0.47	10.2	2	76	98	98	100	98	98	4.63	4.88	4.68
250126	2	10	10.1	0	12	8.7	9.1	51.4	0.37	0.16	0.23	3	0.74	10.1	12	59	98	98	100	98	98	5.54	7.25	7.25
250126	3	1	10.2	1	11	9.7	9.9	48.3	0.51	0.43	0.32	3	0.99	10.3	12	52	95	80	100	98	98	4.62	4.82	4.86
250126	3	2	10.0	0	11	12.1	12.1	49.8	0.50	0.20	0.47	2	1.73	10.1	1	56	92	73	100	98	98	8.04	8.18	8.19
250126	3	3	9.9	0	1	8.8	9.7	46.4	0.17	0.17	0.18	1	0.76	10.3	1	100	98	98	100	98	98	5.13	5.16	4.61
250126	3	4	10.1	0	2	10.3	11.6	50.5	0.68	0.09	0.27	3	0.97	10.2	2	45	83	83	100	98	98	4.77	5.21	5.21
250126	3	5	10.4	1	1	8.9	10.1	54.0	0.50	0.28	0.22	3	0.82	10.0	2	39	95	91	100	98	98	5.64	5.85	6.13
250126	3	6	9.9	0	2	9.3	22.4	1.41	0.51	0.22	0.11	1	0.44	10.3	1	73	95	76	100	98	98	4.41	4.51	4.51
250126	3	7	10.4	1	4	10.2	11.0	46.2	0.31	0.27	0.27	2	0.98	10.4	2	88	98	98	100	98	98	5.88	5.92	5.88
250126	3	8	8.4	0	2	10.0	10.7	50.3	0.63	0.24	0.36	1	1.32	9.6	1	32	86	30	88	98	83	5.43	5.49	5.40
250126	3	9	10.3	1	11	11.8	26.6	1.40	0.55	0.30	0.23	3	0.64	9.6	12	15	95	47	100	98	98	6.38	6.67	6.66
250126	3	10	9.5	0	10	9.2	9.4	49.8	0.54	0.38	0.43	3	1.25	9.9	11	11	91	58	100	98	98	4.56	4.75	4.75
250126	4	1	10.3	1	2	10.7	11.6	56.7	0.50	0.27	0.18	2	0.62	10.1	12	59	98	71	100	98	98	5.40	5.58	5.50
250126	4	2	10.8	1	3	8.5	9.6	1.00	0.25	0.42	0.19	3	0.58	10.8	2	100	97	98	100	98	98	4.12	4.12	4.08
250126	4	3	10.1	0	12	9.6	10.6	49.2	0.53	0.37	0.23	3	1.06	10.1	1	76	91	70	97	98	98	5.14	5.22	5.24
250126	4	4	10.5	1	11	9.2	10.4	2.29	0.37	0.33	0.38	3	1.79	9.7	2	26	97	23	94	98	95	5.70	5.89	5.71
250126	4	5	9.5	0	12	11.2	11.6	43.5	0.53	0.45	0.34	3	0.82	9.6	12	20	85	82	92	98	98	5.24	5.64	5.66
250126	4	6	10.7	1	1	8.9	9.8	55.3	0.70	0.26	0.14	3	0.37	10.2	2	61	86	64	100	98	98	5.33	5.38	5.36
250126	4	7	9.9	0	2	9.7	10.2	49.5	0.76	0.42	0.49	1	1.75	10.2	2	56	67	56	86	98	98	5.62	5.67	5.68
250126	4	8	10.3	1	3	10.7	10.9	50.5	0.49	0.23	0.13	2	0.47	10.5	3	79	94	88	100	98	98	5.16	5.14	4.86
250126	4	9	10.2	1	2	7.7	8.4	46.0	0.43	0.22	0.15	1	0.74	10.1	2	74	97	89	100	98	98	3.29	3.33	3.30
250126	4	10	10.1	0	11	10.0	10.3	45.7	0.76	0.36	0.29	2	0.82	10.6	12	65	67	62	100	98	98	5.66	5.68	5.73
