Santeri T.	Ilmakiv‰‰ri
Date	Series	Shot	Hit	X ring	Sector	On	Total	Int.(s)			Trigger			COG		Fine %			Rough %			Hold time (s)
						target	time 		dev X	dev Y	ATV	TIRE	RTV	Hit	Sector	Target	COG	Hit	Target	COG	Hit	Target	COG	Hit
250330	1	1	5.9	0	8	12.8	30.1	0.0	0.84	0.55	1.06	1	2.33	8.6	9	5	67	6	26	94	11	0.01	5.05	0.27
250330	1	2	7.9	0	9	9.6	10.5	1.05	0.35	0.91	0.58	1	1.41	8.3	9	0	52	50	0	98	98	3.24	3.36	3.39
250330	1	3	10.7	1	1	10.0	10.0	1.08	0.66	0.40	0.27	3	0.87	10.7	2	79	73	77	100	98	98	5.96	4.67	4.68
250330	1	4	9.8	0	9	13.5	14.0	1.12	0.37	0.39	0.18	2	0.52	9.6	9	6	98	88	89	98	98	8.65	8.62	8.64
250330	1	5	9.4	0	8	14.5	19.0	1.04	0.61	0.60	0.46	2	1.26	9.8	9	32	73	58	92	98	98	6.83	4.11	4.08
250330	1	6	9.8	0	12	10.6	10.6	50.0	0.35	0.39	0.21	1	0.81	9.9	11	35	98	68	100	98	98	4.95	7.12	7.14
250330	1	7	9.7	0	10	11.5	11.7	1.04	0.43	0.51	0.24	2	0.68	9.6	9	6	85	80	86	98	98	5.26	5.26	5.28
250330	1	8	9.4	0	8	16.7	17.2	1.05	0.69	0.44	0.25	1	0.47	10.0	9	44	77	64	98	98	98	11.54	5.58	5.50
250330	1	9	9.8	0	10	16.0	19.2	1.20	0.43	0.76	0.43	2	1.07	10.2	12	59	68	38	94	98	85	3.63	3.65	3.71
250330	1	10	9.9	0	6	11.5	11.5	59.2	0.49	0.47	0.50	2	1.59	10.3	4	44	91	52	100	98	98	1.84	1.80	1.68
250330	2	1	8.0	0	4	18.6	23.5	1.26	1.01	0.73	0.73	1	1.14	10.5	3	42	56	8	89	92	23	10.61	1.35	0.94
250330	2	2	9.4	0	8	18.7	18.7	1.59	0.79	0.64	0.83	3	1.75	10.2	2	38	68	9	89	95	20	2.62	2.75	2.49
250330	2	3	4.9	0	5	20.1	20.2	4.31	0.32	0.60	0.72	1	2.03	7.0	5	0	88	8	0	98	33	0.01	3.13	3.06
250330	2	4	9.9	0	12	12.8	13.2	4.13	0.57	0.41	0.20	2	0.55	9.4	12	0	82	68	74	98	98	5.10	6.58	6.55
250330	2	5	9.8	0	12	14.7	14.7	1.14	0.42	0.60	0.35	2	0.86	10.7	1	82	80	47	100	98	98	11.45	11.46	8.51
250330	2	6	9.9	0	12	15.4	15.6	1.22	0.52	0.53	0.40	3	1.64	10.4	10	64	83	24	100	98	98	3.42	3.44	6.29
250330	2	7	9.6	0	9	16.1	17.1	1.23	0.35	0.49	0.40	3	1.31	9.6	11	15	94	12	100	98	86	5.22	9.73	8.65
250330	2	8	10.6	1	3	16.5	17.3	1.14	0.55	0.58	0.25	3	0.75	10.5	9	70	82	50	100	98	95	1.22	1.23	1.20
250330	2	9	9.0	0	9	14.2	14.2	1.09	0.61	0.39	0.60	2	2.06	10.1	9	58	88	33	94	98	98	1.05	2.97	2.88
250330	2	10	10.6	1	9	12.9	12.9	54.0	0.53	0.40	0.12	3	0.41	10.7	9	76	91	94	100	98	98	9.24	1.73	1.73
