Santeri T.	Ilmakiv‰‰ri	Pysty
Date	Series	Shot	Hit	X ring	Sector	On	Total	Int.(s)			Trigger			COG		Fine %			Rough %			Hold time (s)
						target	time 		dev X	dev Y	ATV	TIRE	RTV	Hit	Sector	Target	COG	Hit	Target	COG	Hit	Target	COG	Hit
240129	1	1	9.0	0	8	11.6	12.0	0.0	0.73	0.51	0.42	3	1.34	8.8	9	3	70	50	38	98	98	1.49	2.33	2.34
240129	1	2	6.7	0	9	12.7	12.7	43.1	0.57	1.19	0.99	1	2.04	7.9	10	0	41	5	6	92	21	0.01	4.75	0.81
240129	1	3	7.1	0	10	15.8	15.9	51.2	0.86	1.31	0.17	1	0.29	7.8	11	0	18	24	21	86	45	0.72	2.50	0.99
240129	1	4	6.2	0	9	13.9	17.1	1.16	2.37	1.19	1.19	1	1.03	9.7	9	0	5	2	33	36	29	0.01	0.84	0.20
240129	1	5	10.1	0	10	19.5	19.7	59.5	1.34	0.77	0.54	3	0.63	9.0	10	6	36	18	45	71	58	0.43	2.01	1.57
240129	1	6	9.7	0	10	15.0	15.0	1.04	0.51	1.19	0.51	1	1.23	9.9	9	11	42	24	77	95	98	2.37	1.19	1.19
240129	1	7	8.0	0	10	21.3	21.3	1.07	1.02	0.70	0.44	3	1.01	7.4	9	0	62	61	0	85	82	0.80	1.75	5.03
240129	1	8	7.7	0	2	22.7	24.8	1.26	3.68	0.69	0.72	2	0.91	7.6	10	0	6	15	21	20	21	0.49	0.01	0.41
240129	1	9	6.8	0	9	5.4	5.4	55.9	2.57	6.04	1.19	3	0.78	0.0	11	0	0	8	0	5	14	0.01	0.01	0.21
240129	1	10	7.2	0	10	14.3	20.8	1.52	0.69	0.69	1.03	1	1.86	8.7	11	0	53	5	18	98	45	2.71	3.25	1.71
240129	2	1	7.3	0	9	11.5	21.4	1.08	1.65	0.48	0.94	1	1.68	9.9	12	8	17	5	64	74	9	4.74	1.59	0.56
240129	2	2	7.2	0	9	11.3	22.5	1.03	1.12	1.16	0.74	1	1.21	9.6	9	8	20	9	48	76	27	1.38	1.43	0.80
240129	2	3	8.3	0	11	13.9	19.4	1.12	0.65	1.03	0.42	2	0.83	8.3	12	0	27	30	36	92	82	0.85	3.24	3.17
240129	2	4	8.4	0	9	13.9	16.7	1.08	0.75	0.95	0.78	2	1.30	9.4	8	18	41	21	50	98	53	1.33	2.94	2.90
240129	2	5	8.1	0	9	13.1	13.1	49.7	1.11	0.85	0.73	3	0.98	8.7	11	0	33	12	21	95	52	2.07	3.23	1.80
240129	2	6	9.9	0	11	16.6	16.6	1.01	0.84	0.47	0.46	1	1.16	10.2	9	42	67	45	97	98	98	1.86	1.91	1.88
240129	2	7	10.1	0	10	13.8	13.8	1.16	1.38	0.60	0.17	3	0.33	8.8	9	26	24	45	52	85	61	0.60	1.53	0.68
240129	2	8	8.4	0	11	18.6	18.6	1.10	0.94	0.35	0.41	3	1.07	8.1	11	0	56	52	0	98	98	1.40	2.00	2.00
240129	2	9	9.3	0	2	16.6	16.6	1.42	1.94	0.93	0.54	2	0.74	10.1	11	8	24	5	38	45	56	3.25	6.00	0.48
240129	2	10	8.6	0	10	11.4	11.4	1.42	1.04	0.76	0.63	3	2.13	8.0	11	0	76	6	0	88	56	0.90	0.99	0.90
240129	3	1	8.3	0	4	14.0	20.8	21.38	1.70	0.99	0.38	2	0.77	8.2	7	0	45	15	17	61	29	0.80	1.98	0.77
240129	3	2	5.4	0	6	17.3	17.3	52.7	2.10	0.68	0.96	1	0.91	7.6	6	0	39	5	0	64	24	0.01	0.93	0.56
240129	3	3	6.8	0	6	19.9	20.5	56.5	1.35	0.41	0.43	3	0.61	7.1	7	0	36	39	0	89	70	0.01	2.67	2.67
240129	3	4	6.4	0	11	15.1	15.1	3.44	0.82	0.58	0.61	3	1.03	6.0	12	0	55	39	0	98	74	0.01	2.42	1.02
240129	3	5	7.7	0	12	13.7	13.7	1.14	0.93	0.92	0.52	3	1.11	6.7	12	0	48	39	0	91	86	0.20	1.86	0.99
240129	3	6	7.6	0	1	15.8	15.8	1.14	0.96	0.66	0.68	3	1.33	7.0	12	0	48	15	0	94	56	0.27	1.65	1.59
240129	3	7	9.1	0	4	12.7	18.3	1.17	1.24	0.58	0.80	3	2.42	8.5	5	0	61	12	11	86	55	0.92	1.20	1.14
240129	3	8	9.3	0	9	17.3	17.3	50.6	3.44	0.76	0.87	3	0.76	8.5	9	12	2	6	52	20	20	0.60	0.26	0.69
240129	3	9	8.2	0	4	11.2	11.2	51.1	1.41	0.80	0.36	2	0.61	9.6	6	9	3	27	42	85	52	4.33	2.40	0.68
240129	3	10	9.8	0	5	16.9	23.0	1.09	0.94	0.61	0.44	3	0.80	9.3	7	15	48	23	45	94	36	1.73	4.14	4.08
