Marko	Ilmakiv‰‰ri
Date	Series	Shot	Hit	X ring	Sector	On	Total	Int.(s)			Trigger			COG		Fine %			Rough %			Hold time (s)
						target	time 		dev X	dev Y	ATV	TIRE	RTV	Hit	Sector	Target	COG	Hit	Target	COG	Hit	Target	COG	Hit
251004	1	1	9.4	0	1	13.1	13.1	0.0	0.52	0.27	0.46	3	1.29	9.1	12	0	89	47	61	98	98	3.58	3.79	3.77
251004	1	2	9.7	0	11	12.7	14.4	41.0	0.54	0.27	0.41	3	1.81	9.2	12	0	95	41	71	98	98	2.79	5.01	4.25
251004	1	3	9.9	0	11	14.2	17.7	50.0	0.49	0.50	0.14	3	0.46	9.5	11	0	91	68	79	98	95	4.51	4.56	4.56
251004	1	4	10.5	1	3	9.9	27.1	1.01	1.02	0.45	0.40	3	0.66	9.8	1	21	58	20	83	98	85	2.61	6.63	6.63
251004	1	5	8.1	0	10	11.3	11.3	47.5	0.84	0.23	0.45	1	1.36	9.4	12	0	76	14	76	98	44	5.92	6.04	1.09
251004	1	6	10.0	0	2	17.7	17.7	55.4	1.33	0.26	0.30	2	0.38	9.7	1	0	53	47	73	85	85	1.91	1.83	1.83
251004	1	7	9.8	0	10	13.0	13.0	50.3	0.82	0.21	0.41	1	1.57	9.4	11	0	88	11	86	95	98	4.50	4.49	4.46
251004	1	8	9.4	0	1	14.2	14.2	48.7	0.31	0.21	0.12	3	0.41	9.2	1	0	98	98	89	98	98	3.90	8.71	8.71
251004	1	9	7.5	0	12	19.7	20.1	57.6	0.87	0.30	0.57	3	1.11	8.3	12	0	61	41	0	98	98	13.44	13.44	7.96
251004	1	10	9.2	0	9	8.5	8.8	1.14	0.69	0.46	0.59	3	1.30	9.9	11	24	73	9	100	98	52	4.17	4.37	1.77
251004	2	1	9.7	0	11	14.3	15.0	42.2	0.26	0.35	0.21	1	0.94	9.8	11	20	98	98	100	98	98	6.96	6.88	6.88
251004	2	2	10.4	1	2	16.7	17.0	46.2	0.48	0.39	0.24	3	1.00	10.3	1	56	91	91	100	98	98	9.79	9.84	9.81
251004	2	3	9.9	0	12	12.5	12.5	52.7	0.40	0.46	0.14	3	0.64	10.1	11	59	92	86	100	98	98	5.79	5.82	5.76
251004	2	4	9.1	0	1	16.9	16.9	51.8	0.44	0.38	0.21	1	0.85	9.8	2	23	92	74	98	98	98	13.15	13.15	13.14
251004	2	5	8.5	0	11	11.4	11.7	42.6	0.56	0.49	0.72	1	2.04	8.8	12	0	82	64	39	98	97	3.35	7.83	7.82
251004	2	6	10.5	1	7	14.7	33.4	1.50	0.61	0.54	0.46	3	1.23	9.6	12	18	74	9	77	98	56	6.09	8.80	6.06
251004	2	7	8.3	0	2	16.5	30.6	2.17	0.55	0.48	0.18	1	0.51	9.3	1	12	80	32	73	98	86	1.25	3.39	3.13
251004	2	8	9.7	0	12	18.7	18.7	1.02	1.31	0.57	0.34	2	0.68	9.7	11	9	29	59	77	82	74	3.33	1.54	3.35
251004	2	9	8.8	0	2	15.7	15.7	51.6	0.63	0.67	0.54	3	1.03	9.0	2	0	58	67	50	98	98	4.33	2.88	2.87
251004	2	10	9.7	0	1	13.7	13.7	59.0	0.20	0.22	0.31	3	1.69	8.9	1	0	98	80	32	98	98	7.07	9.93	9.87
251004	3	1	8.6	0	2	13.7	14.4	51.7	0.77	0.51	0.38	1	1.18	10.0	2	42	73	18	86	98	71	4.92	4.89	3.79
251004	3	2	10.1	0	11	14.8	14.8	1.00	0.78	0.38	0.41	2	0.85	9.8	1	18	62	44	89	98	79	8.07	12.73	8.04
251004	3	3	9.6	0	8	14.9	37.1	1.49	0.77	0.60	0.44	3	1.13	10.6	11	52	56	35	100	98	65	11.29	11.29	5.66
251004	3	4	9.4	0	12	14.4	16.4	1.03	0.76	0.81	0.27	3	0.73	8.9	12	9	33	50	45	98	95	6.00	8.62	12.84
251004	3	5	10.6	1	9	14.3	17.3	8.58	0.67	0.46	0.47	3	1.34	10.3	2	74	76	41	100	98	86	6.38	6.39	6.38
251004	3	6	10.3	1	9	10.8	15.2	46.9	0.50	0.43	0.32	3	0.82	10.1	12	47	89	67	100	98	98	9.06	9.11	9.06
251004	3	7	9.8	0	12	9.1	11.6	36.4	0.54	0.36	0.48	3	1.29	9.5	1	12	98	55	92	98	98	6.69	6.84	6.78
251004	3	8	9.5	0	11	12.1	13.0	42.1	0.36	0.39	0.18	3	0.78	9.4	11	3	92	91	82	98	98	6.75	7.39	7.39
251004	3	9	9.7	0	12	16.7	18.7	49.3	0.54	0.35	0.31	3	0.83	9.5	12	0	91	85	91	98	98	6.41	2.34	2.34
251004	3	10	9.2	0	12	18.0	35.0	1.31	0.38	0.53	0.27	2	0.63	9.4	12	9	98	91	68	98	98	6.92	6.96	6.97
251004	4	1	9.7	0	1	15.6	15.6	46.3	0.52	0.40	0.28	2	0.91	9.5	1	24	89	83	79	98	98	7.93	8.00	8.01
251004	4	2	9.6	0	1	13.7	30.6	1.21	0.60	0.28	0.17	3	0.57	10.0	1	30	88	70	100	98	98	4.74	4.72	4.71
251004	4	3	9.8	0	1	14.6	16.0	52.7	0.82	0.26	0.25	2	0.88	9.7	1	24	71	74	88	98	98	7.92	10.72	10.74
251004	4	4	9.3	0	1	17.8	17.8	50.5	1.44	0.38	0.28	1	0.60	9.6	10	15	39	23	64	76	52	2.02	2.40	0.75
251004	4	5	10.4	1	9	12.5	12.5	44.6	0.50	0.25	0.29	3	0.98	10.4	10	74	95	88	100	98	98	8.27	4.05	1.51
251004	4	6	9.6	0	12	15.6	16.0	44.3	0.37	0.38	0.09	3	0.37	9.2	12	0	98	86	65	98	98	6.38	6.33	6.33
251004	4	7	10.2	1	1	11.2	11.2	39.6	0.33	0.51	0.08	3	0.22	9.7	12	32	92	74	88	98	98	3.72	5.40	5.37
251004	4	8	9.7	0	2	8.6	8.8	32.7	0.42	0.37	0.23	1	0.91	10.2	2	73	92	80	100	98	98	3.62	3.65	3.65
251004	4	9	10.3	1	1	13.5	33.6	1.30	0.64	0.61	0.35	3	0.72	9.8	12	33	70	50	82	98	88	3.87	3.85	3.84
251004	4	10	8.8	0	2	12.4	14.2	43.1	0.83	0.58	0.52	2	1.04	10.0	1	29	48	21	94	98	67	6.41	10.98	6.25
