Marko	Ilmakiv‰‰ri
Date	Series	Shot	Hit	X ring	Sector	On	Total	Int.(s)			Trigger			COG		Fine %			Rough %			Hold time (s)
						target	time 		dev X	dev Y	ATV	TIRE	RTV	Hit	Sector	Target	COG	Hit	Target	COG	Hit	Target	COG	Hit
260221	1	1	10.6	1	3	7.0	16.4	0.0	0.38	0.47	0.49	3	1.51	10.3	11	79	92	58	100	98	98	1.95	1.97	1.95
260221	1	2	10.0	0	12	8.0	8.2	1.08	0.32	0.43	0.26	3	0.68	9.8	12	36	92	85	94	98	98	3.06	3.36	3.33
260221	1	3	10.5	1	11	8.4	8.4	47.2	0.45	0.23	0.35	3	0.94	10.3	12	80	98	82	100	98	98	3.67	3.72	3.69
260221	1	4	10.2	1	1	9.1	9.1	57.1	0.70	0.22	0.48	3	1.78	10.2	12	52	83	56	100	98	98	4.42	4.51	4.49
260221	1	5	9.7	0	12	8.7	9.1	47.2	0.29	0.16	0.17	2	0.91	9.9	12	30	98	98	100	98	98	4.05	4.23	4.28
260221	1	6	10.3	1	9	9.2	9.2	45.3	0.51	0.15	0.28	1	1.46	10.3	11	74	92	85	100	98	98	2.90	3.54	3.29
260221	1	7	10.3	1	10	7.5	7.5	39.3	0.34	0.26	0.12	3	0.49	10.3	11	88	98	94	100	98	98	2.65	2.92	2.85
260221	1	8	9.2	0	10	8.0	8.0	42.4	0.37	0.36	0.35	1	1.34	10.1	11	59	95	21	100	98	98	2.46	2.62	2.49
260221	1	9	10.0	0	10	6.7	6.7	41.5	0.33	0.22	0.24	3	1.09	10.2	12	86	98	94	100	98	98	2.19	2.83	2.62
260221	1	10	10.4	1	1	5.2	5.7	35.2	0.40	0.26	0.23	2	1.49	10.6	8	100	98	53	100	98	98	2.92	2.92	2.98
260221	2	1	10.1	0	2	8.1	8.1	39.0	0.38	0.27	0.33	3	2.57	10.3	1	82	98	88	100	98	98	3.25	3.39	3.38
260221	2	2	9.8	0	1	10.6	11.2	55.6	0.41	0.15	0.55	3	3.24	10.0	12	38	98	65	100	98	98	3.88	4.39	4.12
260221	2	3	10.3	1	10	5.8	5.9	31.3	0.39	0.26	0.13	3	0.35	10.4	12	89	98	85	100	98	98	3.18	3.39	3.21
260221	2	4	9.5	0	9	9.5	19.1	1.18	0.69	0.20	0.68	1	1.75	10.8	10	83	80	30	100	98	77	4.49	4.49	4.49
260221	2	5	10.6	1	4	8.8	8.8	46.4	0.20	0.24	0.11	2	0.57	10.5	4	100	98	98	100	98	98	4.70	4.49	4.53
260221	2	6	10.5	1	11	8.4	9.4	40.7	0.37	0.15	0.05	2	0.18	10.5	11	95	98	98	100	98	98	3.96	4.20	4.21
260221	2	7	10.6	1	5	10.7	10.7	37.5	0.59	0.18	0.29	2	0.58	10.7	4	85	86	86	100	98	98	4.50	4.49	4.47
260221	2	8	10.9	1	7	10.7	10.7	34.2	0.43	0.31	0.15	2	0.41	10.7	2	100	97	98	100	98	98	4.07	4.08	4.07
260221	2	9	10.3	1	10	12.7	27.0	1.17	0.53	0.14	0.13	1	0.27	10.3	12	74	91	83	100	98	98	4.28	4.47	4.46
260221	2	10	10.2	1	2	10.0	10.0	43.5	0.45	0.31	0.61	3	1.84	10.5	11	85	94	36	100	98	98	4.12	4.25	4.12
260221	3	1	9.6	0	10	6.5	6.5	39.6	0.46	0.20	0.26	1	1.54	10.1	11	50	98	55	100	98	98	3.08	3.15	3.12
260221	3	2	10.7	1	10	7.4	7.4	50.9	0.55	0.38	0.23	3	0.81	10.1	11	47	89	59	100	98	98	2.33	2.48	2.38
260221	3	3	10.3	1	4	8.1	17.2	53.7	0.28	0.43	0.48	1	3.05	10.7	12	98	98	56	100	98	98	5.22	5.24	5.17
260221	3	4	10.5	1	6	8.2	21.5	1.27	0.29	0.18	0.25	2	1.30	10.7	4	100	98	95	100	98	98	4.72	4.71	4.53
260221	3	5	10.7	1	3	10.2	10.2	38.8	0.47	0.30	0.43	3	2.40	10.3	11	82	94	68	100	98	98	4.72	4.83	4.72
260221	3	6	10.3	1	1	10.3	10.3	33.1	0.43	0.15	0.11	3	0.34	10.3	1	85	98	94	100	98	98	6.32	6.62	6.62
260221	3	7	10.5	1	7	9.8	9.8	40.8	0.34	0.21	0.38	2	1.51	10.7	1	100	98	89	100	98	98	3.45	3.46	3.40
260221	3	8	10.3	1	4	11.0	11.0	48.9	0.37	0.27	0.23	2	0.95	10.8	4	100	98	85	100	98	98	5.28	5.16	5.08
260221	3	9	10.4	1	9	8.2	20.1	1.14	0.45	0.26	0.23	3	0.84	10.6	10	80	98	98	100	98	98	4.67	4.71	4.70
260221	3	10	10.3	1	5	9.7	10.4	38.5	0.56	0.47	0.25	2	0.46	10.8	5	83	86	71	100	98	98	5.99	5.96	5.87
260221	4	1	10.6	1	7	8.0	10.8	40.0	0.49	0.23	0.30	3	1.52	10.5	12	92	91	74	100	98	98	3.29	3.30	3.27
260221	4	2	9.8	0	11	8.1	8.1	31.6	0.37	0.22	0.37	3	1.11	10.0	12	55	98	83	100	98	98	2.69	3.30	3.31
260221	4	3	10.7	1	10	10.2	10.2	58.0	0.55	0.20	0.38	3	0.85	10.5	1	83	88	86	100	98	98	4.75	4.84	4.77
260221	4	4	10.6	1	4	10.2	10.2	40.9	0.30	0.28	0.13	3	0.44	10.6	11	100	98	80	100	98	98	3.42	3.45	3.40
260221	4	5	10.6	1	5	6.9	7.2	35.6	0.56	0.25	0.18	3	0.64	10.6	11	82	98	59	100	98	98	2.40	2.43	2.31
260221	4	6	10.6	1	8	10.8	10.8	33.3	0.46	0.16	0.20	3	0.55	10.8	5	94	94	86	100	98	98	7.08	6.64	6.62
260221	4	7	10.7	1	7	7.0	8.9	34.9	0.44	0.19	0.30	3	1.47	10.7	9	95	98	98	100	98	98	3.69	3.69	3.58
260221	4	8	10.2	1	7	11.1	22.1	1.02	0.38	0.24	0.43	2	1.28	10.6	4	92	98	65	100	98	98	7.93	7.72	7.68
260221	4	9	10.8	1	9	7.9	9.0	41.7	0.54	0.30	0.49	1	0.91	10.8	12	91	91	88	100	98	98	2.79	2.82	2.79
260221	4	10	10.4	1	4	10.1	13.6	53.9	0.27	0.28	0.32	3	1.35	10.6	12	100	98	85	100	98	98	6.43	6.79	6.32
