Siiri K.	Ilmakiv‰‰ri
Date	Series	Shot	Hit	X ring	Sector	On	Total	Int.(s)			Trigger			COG		Fine %			Rough %			Hold time (s)
						target	time 		dev X	dev Y	ATV	TIRE	RTV	Hit	Sector	Target	COG	Hit	Target	COG	Hit	Target	COG	Hit
250125	1	1	9.9	0	8	6.4	6.4	0.0	0.59	0.44	0.48	3	2.42	10.2	4	52	92	12	100	98	58	4.68	4.62	4.62
250125	1	2	9.9	0	1	4.7	11.0	1.19	0.72	0.31	0.32	2	0.97	10.2	2	56	74	71	100	98	98	2.61	2.69	2.71
250125	1	3	10.6	1	1	4.7	4.7	45.6	0.25	0.51	0.39	2	1.44	10.7	12	91	98	97	100	98	98	2.02	2.06	2.07
250125	1	4	10.4	1	7	4.3	12.5	1.33	0.68	0.36	0.22	3	0.62	10.5	10	76	74	58	100	98	97	2.34	2.35	2.25
250125	1	5	10.3	1	6	5.8	5.8	52.7	0.89	0.79	0.58	2	1.10	10.4	1	27	38	24	94	98	74	4.65	4.68	4.62
250125	1	6	9.3	0	3	4.5	4.5	43.8	0.55	0.36	0.44	1	1.23	10.3	3	73	80	36	100	98	91	2.73	2.71	2.67
250125	1	7	10.3	1	4	4.0	4.0	50.9	0.55	0.72	0.25	1	0.70	10.5	3	58	65	61	100	98	98	2.12	2.10	2.08
250125	1	8	10.6	1	10	4.5	12.6	1.59	0.50	0.54	0.47	3	2.17	10.6	9	83	88	88	100	98	98	1.51	1.50	1.51
250125	1	9	10.5	1	2	5.8	18.8	2.11	0.48	0.40	0.27	2	0.86	10.1	5	48	88	41	100	98	98	4.35	4.30	4.37
250125	1	10	10.5	1	6	3.4	3.4	52.9	0.44	0.40	0.34	3	0.96	10.8	1	100	98	71	100	98	98	1.62	1.80	1.56
250125	2	1	9.6	0	3	5.3	5.3	1.56	0.66	0.60	0.63	3	1.66	10.1	4	41	62	42	100	98	98	2.79	2.76	2.76
250125	2	2	10.4	1	8	3.8	9.5	1.45	0.67	0.32	0.38	3	1.11	10.8	8	86	79	73	100	98	98	2.54	2.52	2.52
250125	2	3	9.7	0	3	4.6	10.5	1.07	0.49	0.43	0.72	2	2.16	10.8	10	85	85	14	100	98	76	2.75	2.75	2.75
250125	2	4	9.7	0	2	5.0	13.4	1.25	0.74	0.51	0.52	2	1.43	10.4	4	50	70	29	100	98	83	3.46	3.45	3.52
250125	2	5	9.4	0	12	8.6	14.2	54.4	0.48	0.76	0.31	1	0.74	10.4	2	52	73	27	100	98	48	8.55	8.54	8.82
250125	2	6	9.5	0	7	5.0	5.0	40.5	0.54	0.62	0.66	2	1.86	10.8	4	73	74	14	100	98	74	2.43	2.43	2.17
250125	2	7	10.6	1	3	5.0	5.0	25.8	0.55	0.27	0.31	2	0.82	10.5	2	82	86	86	100	98	98	4.61	4.61	4.61
250125	2	8	9.8	0	2	6.4	6.4	24.1	0.51	0.63	0.62	1	1.77	10.4	1	67	77	45	100	98	98	3.36	3.38	3.36
250125	2	9	10.8	1	3	7.1	7.1	59.2	0.58	0.34	0.37	2	1.02	10.9	3	100	97	79	100	98	98	7.09	7.09	7.11
250125	2	10	10.6	1	6	5.1	5.1	23.9	0.30	0.46	0.25	3	0.89	10.3	2	68	94	42	100	98	98	4.23	4.28	4.21
250125	3	1	10.3	1	3	5.1	5.1	22.3	0.52	0.53	0.28	3	0.64	10.4	2	65	88	68	100	98	98	4.05	4.07	4.04
250125	3	2	9.5	0	4	6.0	6.0	53.9	0.49	0.46	0.59	1	1.33	10.2	3	62	97	38	100	98	97	5.67	5.79	5.59
250125	3	3	10.4	1	7	5.2	5.2	26.7	0.59	0.51	0.18	1	0.40	10.6	7	76	77	76	100	98	98	3.58	3.56	3.52
250125	3	4	9.7	0	2	4.5	10.7	55.1	0.63	0.25	0.59	3	1.37	10.4	10	73	77	11	100	98	77	2.70	2.73	2.71
250125	3	5	10.1	0	10	3.9	21.3	1.48	0.96	0.32	0.24	3	0.54	10.4	12	58	61	70	100	98	86	2.06	2.08	2.08
250125	3	6	9.7	0	4	6.1	6.1	58.2	0.62	0.37	0.25	3	0.98	10.2	2	35	82	71	100	98	85	5.19	5.12	5.05
250125	3	7	10.6	1	1	5.0	5.0	27.8	0.37	0.34	0.36	2	1.15	10.2	1	67	98	89	100	98	98	3.62	3.84	3.63
250125	3	8	10.0	0	3	5.7	5.7	55.9	0.43	0.37	0.42	3	1.48	10.6	4	88	92	61	100	98	98	4.63	4.61	4.63
250125	3	9	10.2	1	8	5.6	5.6	48.3	0.35	0.41	0.34	3	1.30	10.6	11	89	98	62	100	98	98	3.99	4.05	2.49
250125	3	10	10.5	1	11	7.0	15.1	54.3	0.39	0.42	0.26	2	0.80	10.0	11	53	95	82	98	98	98	5.25	5.54	5.29
