Marko	Ilmakiv‰‰ri
Date	Series	Shot	Hit	X ring	Sector	On	Total	Int.(s)			Trigger			COG		Fine %			Rough %			Hold time (s)
						target	time 		dev X	dev Y	ATV	TIRE	RTV	Hit	Sector	Target	COG	Hit	Target	COG	Hit	Target	COG	Hit
230401	1	1	10.7	1	1	4.3	4.3	0.0	0.50	0.39	0.50	3	1.04	10.4	6	76	95	50	100	98	98	3.00	3.00	3.00
230401	1	2	10.9	1	11	5.9	6.1	43.6	0.89	0.34	0.38	3	0.94	9.8	2	59	58	56	70	98	70	1.22	3.73	1.22
230401	1	3	9.7	0	11	5.6	6.5	40.3	0.60	0.31	0.43	2	1.19	10.6	11	79	83	44	100	98	98	4.35	4.38	4.46
230401	1	4	10.3	1	6	4.1	4.6	3.26	0.73	0.33	0.63	2	1.31	9.9	8	39	77	44	89	98	89	3.44	3.42	3.39
230401	1	5	9.8	0	3	6.9	6.9	49.5	0.63	0.29	0.64	2	1.72	10.4	8	67	85	8	100	98	77	6.81	3.98	6.83
230401	1	6	10.0	0	7	5.3	7.8	42.3	0.79	0.54	0.31	3	0.92	10.6	4	58	71	32	100	98	98	2.97	4.32	2.50
230401	1	7	10.2	1	11	4.1	4.4	53.6	0.76	0.45	0.31	2	0.60	10.5	11	64	70	71	100	98	98	2.48	2.10	2.08
230401	1	8	10.2	1	9	5.9	7.8	42.4	0.54	0.41	0.51	3	2.05	10.4	4	74	86	20	100	98	89	5.91	1.89	5.91
230401	1	9	8.8	0	8	3.4	3.9	37.3	0.72	0.45	0.68	1	1.48	10.3	7	67	85	17	92	98	64	1.51	1.51	1.50
230401	1	10	10.3	1	1	4.4	4.7	1.00	0.66	0.65	0.67	3	1.75	10.0	9	36	73	29	100	98	59	4.09	4.08	4.18
230401	2	1	10.0	0	8	4.3	5.7	1.18	0.86	0.32	0.50	2	1.28	10.4	8	53	68	71	100	98	89	1.74	1.73	1.71
230401	2	2	9.7	0	9	5.4	6.9	1.08	1.38	0.38	0.44	2	0.80	10.0	3	50	30	14	73	80	48	3.67	3.71	0.63
230401	2	3	9.5	0	10	5.0	5.0	52.7	0.59	0.34	0.42	1	1.54	10.9	11	91	91	18	100	98	91	4.68	4.68	1.26
230401	2	4	10.7	1	4	5.8	7.8	1.05	0.58	0.40	0.25	3	0.52	10.0	7	44	95	42	100	98	98	3.25	3.21	3.29
230401	2	5	10.1	0	5	5.2	6.8	42.9	0.71	0.25	0.33	2	1.00	10.5	7	74	79	64	100	98	97	3.02	2.98	2.97
230401	2	6	9.3	0	9	4.1	5.6	38.9	0.99	0.51	0.61	2	1.24	10.5	11	52	55	14	88	98	70	3.54	3.51	3.42
230401	2	7	10.4	1	5	4.6	4.6	1.11	0.37	0.36	0.26	3	0.67	10.8	1	100	98	80	100	98	98	1.57	1.57	1.56
230401	2	8	9.7	0	9	4.1	6.6	51.4	0.63	0.45	0.65	2	1.62	10.3	5	58	70	18	100	98	70	4.14	4.05	3.31
230401	2	9	9.6	0	2	5.4	7.3	50.5	0.49	0.49	0.51	2	1.48	10.4	12	74	82	27	100	98	97	3.94	4.00	4.07
230401	2	10	10.3	1	7	4.3	4.3	54.8	0.56	0.35	0.40	3	1.28	10.1	7	56	98	94	100	98	98	3.99	3.98	3.98
230401	3	1	9.8	0	8	3.6	4.5	52.9	0.84	0.48	0.37	2	0.84	10.2	6	33	58	45	98	98	74	1.56	1.54	2.15
230401	3	2	10.3	1	7	7.9	8.6	50.8	0.54	0.36	0.26	2	0.64	10.7	2	91	91	48	100	98	98	7.92	7.93	7.83
230401	3	3	9.7	0	9	3.6	4.0	55.5	0.89	0.97	0.74	3	1.12	10.8	10	42	45	24	95	91	71	2.49	2.07	1.70
230401	3	4	10.4	1	5	5.9	6.5	49.5	0.65	0.38	0.37	3	1.46	10.6	12	79	88	55	100	98	98	5.16	5.13	5.13
230401	3	5	10.9	1	3	4.7	14.0	1.11	0.65	0.65	0.39	3	0.98	9.9	12	32	65	32	92	98	89	4.61	4.63	4.61
230401	3	6	9.2	0	9	4.4	5.2	47.2	0.59	0.61	0.71	3	2.18	10.5	2	62	73	5	100	98	30	3.42	3.44	1.56
230401	3	7	10.2	1	7	5.6	7.9	1.06	0.35	0.62	0.55	2	2.27	10.5	7	80	86	83	100	98	98	5.43	5.37	5.33
230401	3	8	10.3	1	10	8.0	8.8	49.5	0.36	0.26	0.19	3	0.56	10.4	10	88	98	98	100	98	98	7.95	8.03	8.03
230401	3	9	9.5	0	3	3.9	3.9	39.5	0.77	0.35	0.53	2	0.97	10.1	5	27	80	36	98	98	83	3.15	3.03	3.18
230401	3	10	10.4	1	3	3.7	4.4	45.7	0.59	0.24	0.20	3	0.55	10.4	8	70	95	42	100	98	94	2.62	2.65	2.61
230401	4	1	10.0	0	3	4.7	6.5	56.1	0.48	0.45	0.47	2	1.03	10.3	3	71	92	85	100	98	98	4.28	4.28	4.28
230401	4	2	10.9	1	3	3.9	6.1	47.2	0.73	0.62	0.22	3	0.59	10.4	10	64	62	64	98	98	94	2.81	2.81	2.81
230401	4	3	10.1	0	11	5.2	14.9	1.08	0.67	0.38	0.28	3	0.64	10.2	2	64	80	35	94	98	82	5.25	5.34	5.36
230401	4	4	10.6	1	4	3.8	5.0	41.1	0.78	0.35	0.30	2	0.61	10.6	1	67	70	68	100	98	98	2.54	2.55	2.54
230401	4	5	9.0	0	4	2.3	2.3	26.0	0.57	0.92	0.55	1	1.55	10.7	2	59	53	14	97	98	58	1.16	1.16	1.05
230401	4	6	9.6	0	4	5.7	6.5	40.8	1.04	0.64	0.17	2	0.34	10.9	0	35	35	33	100	98	65	5.67	5.67	5.49
230401	4	7	10.2	1	7	5.9	6.9	39.9	0.92	0.45	0.44	2	0.79	9.9	9	55	55	50	77	98	77	5.87	2.01	4.04
230401	4	8	10.1	0	7	5.3	5.3	41.5	0.70	0.58	0.34	3	0.89	10.0	7	27	71	71	100	98	98	5.25	5.24	5.24
230401	4	9	10.6	1	9	4.0	20.0	1.53	0.72	0.34	0.40	3	0.93	10.2	8	58	74	58	100	98	98	3.02	2.97	3.00
230401	4	10	9.1	0	4	7.1	7.1	36.0	0.78	0.57	0.92	3	2.34	10.2	6	56	71	6	91	97	53	7.07	6.95	4.50
