Siiri K.	Ilmakivääri
Date	Series	Shot	Hit	X ring	Sector	On	Total	Int.(s)			Trigger			COG		Fine %			Rough %			Hold time (s)
						target	time 		dev X	dev Y	ATV	TIRE	RTV	Hit	Sector	Target	COG	Hit	Target	COG	Hit	Target	COG	Hit
251004	1	1	10.3	1	7	6.2	6.2	0.0	0.47	0.18	0.14	3	0.64	10.1	9	61	98	77	100	98	98	3.54	3.46	3.51
251004	1	2	10.6	1	5	6.1	6.1	34.4	0.52	0.17	0.36	3	1.34	10.4	9	82	97	64	100	98	98	4.59	4.59	3.09
251004	1	3	10.8	1	1	5.6	5.6	41.5	0.42	0.16	0.20	2	0.75	10.7	9	91	98	86	100	98	98	4.30	4.29	4.32
251004	1	4	10.7	1	7	5.4	5.4	34.4	0.51	0.20	0.22	2	0.63	10.7	9	85	98	95	100	98	98	4.38	4.38	4.35
251004	1	5	10.5	1	9	5.2	5.2	31.9	0.42	0.27	0.16	2	0.84	10.4	9	83	94	92	100	98	98	3.25	2.96	2.94
251004	1	6	8.8	0	8	4.2	4.2	31.0	0.31	0.61	0.52	1	3.13	10.0	9	47	82	11	97	98	85	1.64	1.62	1.40
251004	1	7	10.2	1	8	6.9	6.9	36.5	0.73	0.12	0.32	3	0.84	10.7	9	76	83	68	100	98	98	6.24	6.21	6.17
251004	1	8	10.2	1	10	6.0	6.0	31.5	0.45	0.23	0.37	2	1.73	10.2	11	62	98	89	100	98	98	5.17	5.22	5.19
251004	1	9	10.3	1	9	5.6	5.6	36.5	0.32	0.23	0.13	3	0.66	10.1	10	77	98	98	100	98	98	2.21	4.14	4.14
251004	1	10	10.5	1	5	7.6	7.6	36.6	0.52	0.23	0.08	3	0.23	10.8	8	92	97	74	100	98	98	3.51	3.52	3.51
251004	2	1	9.3	0	9	5.5	5.5	31.1	1.25	0.28	0.91	3	1.43	10.2	11	26	36	41	86	97	61	3.08	1.71	1.67
251004	2	2	10.4	1	8	6.5	6.5	30.3	0.46	0.25	0.22	2	0.73	10.7	10	94	98	79	100	98	98	5.55	5.57	5.49
251004	2	3	9.9	0	9	5.4	5.4	28.9	1.17	0.20	0.38	3	0.63	10.4	11	39	48	61	97	98	76	3.85	3.88	3.75
251004	2	4	10.5	1	4	7.1	7.1	41.6	0.76	0.28	0.26	1	0.48	10.6	10	67	73	45	100	98	98	5.83	5.85	5.82
251004	2	5	10.3	1	11	4.8	4.8	34.1	0.51	0.27	0.50	2	2.03	10.4	10	79	94	83	100	98	98	2.37	2.37	2.40
251004	2	6	10.7	1	11	5.1	5.1	30.2	0.59	0.18	0.11	2	0.35	10.2	11	74	86	77	97	98	98	3.25	3.24	3.27
251004	2	7	10.2	1	10	4.9	4.9	30.1	0.47	0.29	0.12	2	0.48	10.2	11	73	98	86	100	98	98	2.91	2.94	2.94
251004	2	8	10.2	1	12	5.8	5.8	31.4	0.29	0.28	0.12	3	0.57	10.1	11	62	98	95	100	98	98	4.23	4.28	4.29
251004	2	9	10.5	1	3	7.2	15.6	1.04	0.59	0.16	0.18	1	0.59	10.7	10	83	88	74	100	98	95	6.92	6.92	6.95
251004	2	10	10.5	1	10	5.7	15.2	1.20	0.62	0.11	0.37	2	1.11	10.3	9	62	85	88	100	98	98	4.77	4.79	4.82
251004	3	1	9.8	0	10	5.8	5.8	28.8	0.46	0.24	0.26	3	0.91	9.9	10	53	89	98	89	98	98	1.41	1.94	1.94
251004	3	2	9.7	0	10	4.7	5.4	41.9	0.72	0.28	0.53	2	1.74	10.4	12	73	77	45	100	98	88	2.01	2.02	2.06
251004	3	3	9.5	0	10	4.4	4.4	52.8	1.01	0.19	0.60	3	0.97	10.0	10	64	62	35	80	98	98	2.22	2.27	2.22
251004	3	4	10.9	1	12	7.3	7.3	31.3	0.56	0.21	0.14	3	0.56	10.4	2	76	97	74	100	98	98	7.28	7.49	7.28
251004	3	5	10.0	0	2	5.2	5.2	30.7	0.49	0.22	0.18	2	0.69	10.2	1	71	91	82	100	98	98	3.36	3.46	3.46
251004	3	6	9.8	0	10	7.8	7.8	58.0	0.44	0.08	0.38	2	1.74	10.1	11	77	97	86	100	98	98	6.95	7.00	4.53
251004	3	7	10.3	1	3	7.9	15.2	1.22	0.50	0.27	0.29	3	1.34	10.7	12	100	98	64	100	98	98	4.54	4.53	5.58
251004	3	8	9.6	0	10	7.7	7.7	1.17	0.60	0.16	0.46	1	1.53	10.3	11	74	91	65	100	98	98	6.64	6.87	4.61
251004	3	9	10.6	1	3	4.7	4.7	2.54	0.62	0.18	0.20	3	0.69	10.7	6	85	91	85	100	98	98	2.60	2.54	2.58
251004	3	10	10.3	1	10	6.0	12.8	50.2	0.59	0.22	0.31	1	0.98	10.5	10	89	85	80	100	98	98	3.79	3.73	3.72
251004	4	1	10.6	1	3	4.9	4.9	25.3	0.50	0.24	0.16	3	0.86	10.6	9	83	95	77	100	98	98	3.24	3.24	3.24
251004	4	2	10.2	1	2	5.2	5.4	32.3	0.47	0.22	0.43	3	1.54	10.3	11	79	98	42	100	98	98	3.98	3.99	4.02
251004	4	3	9.7	0	9	6.3	6.3	30.5	0.62	0.15	0.16	1	0.49	10.4	9	77	86	67	100	98	98	4.79	4.75	4.71
251004	4	4	10.4	1	12	7.0	7.0	39.8	0.27	0.27	0.17	3	0.68	10.9	9	100	98	85	100	98	98	5.17	5.17	5.34
251004	4	5	9.4	0	10	4.7	12.0	51.9	0.43	0.31	0.48	1	2.20	10.4	11	80	97	30	100	98	97	1.53	1.64	1.57
251004	4	6	10.2	1	10	5.7	21.5	4.50	0.50	0.16	0.13	3	0.46	10.2	10	62	98	98	100	98	98	4.26	4.30	4.29
251004	4	7	10.1	0	2	6.6	12.4	1.20	0.71	0.14	0.26	2	0.87	10.3	10	61	82	23	100	98	91	5.29	5.34	5.36
251004	4	8	10.3	1	9	5.3	5.3	23.1	0.53	0.20	0.09	2	0.39	10.2	9	64	98	92	100	98	98	2.58	2.73	2.73
251004	4	9	10.2	1	10	5.1	5.1	29.4	0.25	0.28	0.11	1	0.68	10.0	10	56	98	98	100	98	98	3.56	3.60	3.54
251004	4	10	10.3	1	2	6.1	6.1	42.9	0.50	0.24	0.55	3	1.66	10.3	10	73	91	35	100	98	98	4.98	5.01	5.01

