Marko	Ilmakiv‰‰ri
Date	Series	Shot	Hit	X ring	Sector	On	Total	Int.(s)			Trigger			COG		Fine %			Rough %			Hold time (s)
						target	time 		dev X	dev Y	ATV	TIRE	RTV	Hit	Sector	Target	COG	Hit	Target	COG	Hit	Target	COG	Hit
230331	1	1	8.9	0	7	9.4	10.2	0.0	1.19	0.28	0.57	3	1.00	9.3	5	0	64	17	74	91	50	0.99	3.12	0.92
230331	1	2	9.8	0	7	8.7	10.0	39.1	0.36	0.57	0.41	1	1.05	10.6	7	76	85	65	100	98	94	4.51	4.50	4.46
230331	1	3	9.2	0	4	5.1	6.3	50.4	1.17	0.44	0.31	1	0.49	10.1	5	27	42	45	88	91	76	2.28	2.21	1.80
230331	1	4	10.0	0	4	7.4	8.8	40.6	1.17	0.26	0.13	2	0.21	10.1	3	45	53	52	80	92	89	2.10	2.17	2.17
230331	1	5	10.6	1	11	8.9	9.9	47.5	1.08	0.25	0.36	2	0.77	10.5	12	47	53	50	100	98	98	2.94	2.92	2.92
230331	1	6	10.8	1	4	5.9	8.7	44.5	0.85	0.41	0.30	3	0.66	10.0	7	59	73	62	85	95	82	2.79	2.76	2.79
230331	1	7	8.6	0	8	5.0	7.0	34.1	0.96	0.52	0.59	1	1.40	9.7	8	36	56	11	67	98	98	1.84	1.84	1.83
230331	1	8	9.6	0	4	9.2	10.1	42.0	0.58	0.49	0.29	2	0.86	9.5	4	9	77	76	83	98	98	1.83	2.13	2.13
230331	1	9	10.6	1	6	8.1	8.1	59.8	0.84	0.49	0.37	2	0.60	10.6	3	47	79	42	100	97	98	3.94	3.96	3.94
230331	1	10	8.7	0	3	6.8	23.8	1.34	1.28	0.57	0.37	1	0.75	10.8	6	36	33	15	88	86	41	1.19	1.19	0.90
230331	2	1	9.1	0	2	12.4	13.0	58.4	1.06	0.75	0.94	3	1.70	10.6	7	35	36	24	85	89	47	5.57	5.57	0.90
230331	2	2	10.0	0	3	12.4	13.5	1.59	1.21	0.48	0.43	3	0.37	9.7	4	33	55	44	70	80	80	5.21	5.05	5.19
230331	2	3	10.2	1	4	6.5	6.8	48.7	0.67	0.39	0.17	1	0.37	10.2	4	64	76	77	94	98	98	2.81	2.76	2.75
230331	2	4	8.7	0	4	7.3	9.7	48.9	1.19	0.35	0.63	2	1.04	10.4	3	47	47	14	82	94	56	4.74	4.41	2.43
230331	2	5	9.8	0	7	7.1	11.8	1.02	0.93	0.35	0.27	2	0.49	10.6	6	61	65	53	100	98	77	3.87	3.85	1.08
230331	2	6	10.2	1	3	13.0	13.8	42.6	0.75	0.21	0.40	2	1.43	10.4	6	62	79	65	100	98	92	4.79	4.74	4.82
230331	2	7	10.3	1	7	9.7	10.3	48.8	1.03	0.32	0.35	3	1.12	10.3	3	76	70	30	83	91	80	6.69	6.88	3.35
230331	2	8	8.0	0	3	9.0	9.0	53.6	1.39	0.38	0.89	1	2.60	10.2	7	30	45	9	76	86	15	4.41	4.12	0.49
230331	2	9	9.9	0	5	7.1	7.5	48.4	0.85	0.45	0.37	3	0.93	10.4	4	52	61	32	100	98	98	5.71	2.65	2.64
230331	2	10	10.1	0	1	9.8	10.2	43.9	0.72	0.42	0.21	1	0.51	10.6	6	70	70	36	100	98	86	5.46	5.43	5.22
230331	3	1	10.7	1	7	7.7	9.2	52.1	1.31	0.28	0.45	3	0.61	10.4	9	52	45	48	80	89	80	1.06	1.09	1.06
230331	3	2	10.3	1	7	10.1	12.1	49.8	0.81	0.33	0.26	3	0.58	10.6	9	77	74	64	92	98	89	2.71	2.73	2.75
230331	3	3	10.3	1	3	7.3	9.1	45.2	0.68	0.32	0.26	1	0.59	10.7	4	80	80	73	100	98	98	2.58	2.58	2.56
230331	3	4	9.9	0	5	5.0	6.5	45.1	0.99	0.20	0.41	3	0.75	9.8	4	32	55	62	79	98	89	3.10	3.10	3.08
230331	3	5	10.2	1	8	6.0	11.3	52.4	1.37	0.27	0.51	3	0.70	10.6	1	52	45	45	83	85	74	2.34	2.65	2.29
230331	3	6	9.9	0	7	9.9	10.3	51.9	1.39	0.34	0.56	3	1.08	10.7	4	36	35	33	85	86	73	5.82	5.83	5.64
230331	3	7	9.8	0	8	10.5	10.8	58.4	1.33	0.28	0.86	3	1.12	9.8	3	36	44	9	71	80	41	4.07	6.22	0.32
230331	3	8	10.6	1	3	6.4	9.0	2.00	0.44	0.29	0.27	3	0.80	10.5	5	94	97	89	100	98	98	2.54	2.50	2.60
230331	3	9	8.5	0	3	8.3	9.3	51.1	1.27	0.22	0.68	2	1.16	10.3	4	33	47	33	83	89	56	3.35	3.33	0.89
230331	3	10	8.9	0	3	10.0	12.0	1.00	0.97	0.41	0.75	3	1.52	9.8	3	45	62	38	82	95	86	5.01	5.04	2.06
230331	4	1	9.8	0	2	8.3	9.7	45.4	0.90	0.69	0.53	3	1.46	10.5	7	64	42	27	91	98	68	4.20	3.72	4.25
230331	4	2	10.2	1	6	5.7	5.8	46.3	0.55	0.38	0.50	1	1.60	10.5	8	70	92	70	100	98	98	2.33	2.29	2.23
230331	4	3	9.4	0	1	5.6	6.9	42.4	0.46	0.65	0.57	1	1.81	10.6	10	79	79	15	100	98	74	3.67	3.71	3.83
230331	4	4	9.1	0	8	8.3	8.8	41.6	1.40	0.44	1.01	3	1.25	10.5	2	42	52	18	79	73	32	3.54	3.56	0.85
230331	4	5	9.6	0	4	10.0	10.7	58.1	0.74	0.48	0.42	1	0.73	10.3	5	42	67	41	100	98	98	6.00	5.94	5.78
230331	4	6	10.0	0	7	8.2	8.5	50.8	1.77	0.69	0.52	3	0.55	10.1	6	26	24	21	48	56	58	4.51	4.44	2.62
230331	4	7	10.6	1	11	5.2	5.5	46.1	0.97	0.68	0.30	2	0.49	10.3	8	35	47	38	89	98	86	3.83	3.79	3.85
230331	4	8	7.6	0	9	9.5	9.5	42.8	1.20	0.27	0.69	2	1.52	10.2	7	45	35	5	82	95	29	3.56	3.52	0.57
230331	4	9	10.6	1	7	6.1	21.1	2.01	0.66	0.30	0.18	3	0.46	10.7	7	83	82	79	100	98	98	4.41	4.41	4.41
230331	4	10	10.3	1	2	7.5	26.9	3.31	1.81	0.55	0.53	3	0.61	10.1	1	29	30	29	61	64	65	4.14	4.29	4.25
230331	5	1	8.9	0	3	11.4	12.7	52.9	0.70	0.57	0.50	2	1.30	10.0	2	45	73	30	89	98	91	3.66	1.54	1.47
230331	5	2	10.2	1	8	9.5	9.9	1.18	1.10	0.61	0.25	1	0.54	10.0	5	58	50	58	71	86	67	5.04	5.03	7.59
230331	5	3	7.7	0	3	6.0	7.7	1.00	0.66	0.28	0.77	1	2.89	9.6	3	33	86	12	80	98	45	1.09	3.56	3.50
