Sonja N.	Ilmakivääri
Date	Series	Shot	Hit	X ring	Sector	On	Total	Int.(s)			Trigger			COG		Fine %			Rough %			Hold time (s)
						target	time 		dev X	dev Y	ATV	TIRE	RTV	Hit	Sector	Target	COG	Hit	Target	COG	Hit	Target	COG	Hit
100104	1	1	10.2	1	10	8.3	8.3	0.0	0.37	0.22	0.19	1	0.64	10.5	11	100	98	98	100	98	98	4.58	4.67	4.61
100104	1	2	10.4	1	10	8.0	8.0	52.1	0.45	0.34	0.16	1	0.49	10.6	11	98	98	77	100	98	98	4.23	4.28	4.26
100104	1	3	10.3	1	8	8.8	8.8	59.1	0.60	0.33	0.30	2	0.97	10.6	12	77	83	61	100	98	98	4.82	5.08	4.74
100104	1	4	9.6	0	1	8.7	20.2	1.34	0.28	0.31	0.43	1	1.98	10.5	11	95	97	14	100	98	98	6.27	6.51	6.71
100104	1	5	10.5	1	9	8.7	8.7	50.6	0.57	0.24	0.27	2	1.12	10.5	12	79	94	74	100	98	98	6.06	6.67	6.06
100104	1	6	10.4	1	12	9.1	9.4	49.0	0.45	0.17	0.16	2	0.33	10.2	12	77	97	91	100	98	98	6.12	6.60	6.22
100104	1	7	10.8	1	5	9.6	9.6	45.7	0.36	0.30	0.15	3	0.46	10.5	1	86	98	83	100	98	98	6.01	6.29	6.01
100104	1	8	10.8	1	10	9.6	9.6	52.0	0.32	0.26	0.32	3	1.21	10.6	2	98	98	95	100	98	98	6.97	7.00	6.97
100104	1	9	10.6	1	10	9.0	20.5	1.45	0.29	0.25	0.22	1	0.89	10.4	1	89	98	86	100	98	98	7.05	7.23	7.17
100104	1	10	9.9	0	1	11.1	11.1	46.8	0.28	0.29	0.19	1	0.98	10.5	1	98	98	88	100	98	98	7.80	8.12	8.45
100104	2	1	10.2	1	4	11.0	11.0	49.1	0.50	0.26	0.23	3	0.63	10.5	2	79	98	71	100	98	98	8.70	8.76	8.43
100104	2	2	10.1	0	11	9.8	9.8	46.1	0.43	0.18	0.21	2	1.18	10.2	12	83	98	89	100	98	98	7.16	7.39	7.39
100104	2	3	10.3	1	12	9.9	9.9	46.2	0.40	0.23	0.26	2	0.62	10.4	12	91	98	97	100	98	98	6.45	6.86	6.92
100104	2	4	10.2	1	1	10.3	10.3	45.5	0.24	0.30	0.15	3	0.68	10.3	12	88	98	98	100	98	98	6.46	7.00	7.04
100104	2	5	10.4	1	1	9.1	19.3	1.33	0.40	0.23	0.14	3	0.49	10.2	1	67	98	98	100	98	98	7.41	7.63	7.59
100104	2	6	10.3	1	2	9.8	20.6	1.28	0.36	0.23	0.22	2	0.83	10.6	12	95	98	85	100	98	98	7.00	7.49	7.42
100104	2	7	10.3	1	2	9.7	9.7	47.9	0.20	0.33	0.20	2	0.77	10.6	3	100	98	98	100	98	98	7.04	7.04	7.09
100104	2	8	10.8	1	1	11.0	11.0	45.6	0.21	0.26	0.22	3	1.03	10.6	2	100	98	98	100	98	98	9.36	9.59	9.57
100104	2	9	10.6	1	10	11.7	11.7	45.4	0.32	0.19	0.14	2	0.65	10.7	11	97	98	98	100	98	98	9.78	9.84	9.79
100104	2	10	10.3	1	4	9.0	9.0	44.4	0.28	0.20	0.18	1	0.72	10.7	4	100	98	94	100	98	98	5.54	5.54	5.50
100104	3	1	10.7	1	4	10.8	10.8	49.4	0.30	0.27	0.19	3	1.00	10.6	1	100	98	98	100	98	98	7.72	7.91	7.70
100104	3	2	10.3	1	12	12.0	23.9	1.24	0.33	0.26	0.17	3	0.74	10.4	1	91	98	98	100	98	98	11.12	11.49	11.49
100104	3	3	10.3	1	3	10.0	10.0	55.3	0.46	0.28	0.40	3	1.36	10.5	12	91	98	64	100	98	98	8.76	8.88	8.76
100104	3	4	10.6	1	10	11.2	21.8	1.29	0.19	0.18	0.18	3	1.16	10.3	1	97	98	98	100	98	98	9.31	9.73	9.38
100104	3	5	9.9	0	3	9.7	22.5	1.28	0.47	0.27	0.22	1	0.74	10.6	2	92	95	71	100	98	98	7.33	7.35	7.35
100104	3	6	10.5	1	6	10.7	10.7	1.06	0.22	0.33	0.30	3	1.67	10.5	10	92	98	67	100	98	98	10.15	10.20	10.08
100104	3	7	10.2	1	12	8.8	8.8	42.7	0.24	0.17	0.18	3	0.89	10.1	12	74	98	98	100	98	98	6.60	6.81	6.81
100104	3	8	10.1	0	2	11.8	22.6	1.27	0.28	0.22	0.39	3	1.97	10.0	1	45	98	95	100	98	98	10.95	11.05	10.99
100104	3	9	10.2	1	12	10.4	10.7	1.06	0.32	0.28	0.24	3	0.79	10.1	2	65	98	77	100	98	98	7.42	7.51	7.75
100104	3	10	10.2	1	11	10.2	10.2	44.7	0.42	0.26	0.32	1	1.11	10.3	11	80	98	98	100	98	98	8.76	8.87	8.87
100104	4	1	9.9	0	12	9.8	45.8	4.02	0.47	0.28	0.29	1	0.77	10.2	11	53	95	91	100	98	98	7.70	8.21	8.31
100104	4	2	10.4	1	12	10.9	10.9	57.4	0.35	0.20	0.16	3	0.72	10.2	12	73	98	91	100	98	98	8.94	9.20	9.20
100104	4	3	9.6	0	11	13.4	13.4	47.2	0.22	0.16	0.30	1	1.40	10.2	12	89	98	94	100	98	98	10.38	11.13	11.52
100104	4	4	10.6	1	9	10.5	10.5	47.4	0.32	0.17	0.29	3	1.39	10.6	1	100	98	95	100	98	98	8.21	8.87	8.14
100104	4	5	10.4	1	10	10.5	20.5	1.36	0.36	0.17	0.24	1	1.24	10.5	11	100	98	94	100	98	98	9.42	9.51	9.42
100104	4	6	10.3	1	3	10.7	20.3	1.30	0.50	0.21	0.24	3	0.84	10.2	2	76	89	97	100	98	98	8.79	9.20	9.07
100104	4	7	10.3	1	12	11.1	23.4	1.31	0.30	0.16	0.11	3	0.48	10.1	12	71	98	98	100	98	98	8.73	9.66	8.91
100104	4	8	9.6	0	1	11.0	11.0	44.0	0.32	0.29	0.40	1	1.47	10.4	1	94	98	53	100	98	98	8.47	9.02	9.11
100104	4	9	10.6	1	9	10.2	10.2	45.0	0.53	0.28	0.21	2	0.68	10.8	1	98	98	79	100	98	98	7.74	7.89	7.68
100104	4	10	10.7	1	3	11.3	11.3	39.3	0.24	0.15	0.24	3	1.09	10.6	1	100	98	98	100	98	98	8.54	8.65	8.65

