Sonja N.	Ilmakiv‰‰ri
Date	Series	Shot	Hit	X ring	Sector	On	Total	Int.(s)			Trigger			COG		Fine %			Rough %			Hold time (s)
						target	time 		dev X	dev Y	ATV	TIRE	RTV	Hit	Sector	Target	COG	Hit	Target	COG	Hit	Target	COG	Hit
241123	1	1	10.8	1	5	10.4	21.9	0.0	0.54	0.15	0.40	1	1.38	10.1	10	64	98	59	100	98	98	5.97	6.08	5.83
241123	1	2	9.9	0	1	11.7	11.7	42.9	0.54	0.17	0.31	1	1.28	10.1	11	56	98	52	100	98	98	9.27	9.42	9.51
241123	1	3	10.0	0	10	10.0	10.0	36.2	0.55	0.21	0.08	1	0.25	10.2	10	68	98	91	100	98	98	7.21	7.18	7.21
241123	1	4	10.3	1	10	9.2	9.2	40.0	0.71	0.29	0.28	3	0.64	9.9	11	20	77	71	100	98	98	6.95	7.05	6.96
241123	1	5	10.1	0	2	11.7	11.7	45.2	0.69	0.22	0.30	3	0.80	10.2	1	55	85	82	100	98	98	8.64	8.73	8.71
241123	1	6	10.7	1	2	10.2	10.5	39.3	0.81	0.22	0.32	3	0.78	10.3	2	58	70	65	98	98	98	6.64	6.71	6.69
241123	1	7	10.5	1	1	9.7	15.4	59.6	0.32	0.15	0.14	3	0.61	10.3	12	94	98	98	100	98	98	5.85	6.18	6.08
241123	1	8	10.7	1	12	10.2	61.0	3.07	0.61	0.23	0.21	3	0.57	10.1	2	70	86	71	100	98	98	6.15	6.38	6.21
241123	1	9	10.7	1	12	10.4	10.4	39.1	0.26	0.21	0.23	2	1.29	10.5	1	98	98	98	100	98	98	6.45	6.64	6.54
241123	1	10	9.8	0	11	11.1	64.2	3.38	0.66	0.17	0.09	2	0.19	9.8	12	6	83	68	100	98	98	6.25	6.54	6.51
241123	2	1	9.5	0	12	9.2	9.2	34.9	0.31	0.18	0.31	2	1.57	9.9	1	30	98	88	100	98	98	4.58	4.88	5.16
241123	2	2	10.1	0	1	10.8	10.8	35.8	0.56	0.27	0.21	3	0.46	10.5	1	71	92	85	100	98	98	6.29	6.38	6.45
241123	2	3	10.4	1	2	11.6	11.6	37.7	0.26	0.19	0.16	3	0.69	10.3	2	88	98	98	100	98	98	9.02	9.11	9.07
241123	2	4	10.1	0	1	11.5	22.3	1.09	0.46	0.21	0.17	3	0.72	10.3	1	79	94	92	100	98	98	9.42	9.54	9.63
241123	2	5	10.3	1	2	10.1	10.1	36.0	0.44	0.12	0.18	3	0.72	10.3	2	80	98	98	100	98	98	7.23	7.50	7.50
241123	2	6	10.9	1	3	9.6	9.6	34.3	0.25	0.39	0.14	3	0.69	10.4	1	86	98	86	100	98	98	5.96	6.04	5.97
241123	2	7	9.6	0	2	9.9	10.6	35.9	0.43	0.16	0.34	2	1.51	10.0	1	55	98	62	100	98	98	7.00	7.51	7.32
241123	2	8	9.6	0	2	9.7	9.7	35.0	0.58	0.16	0.36	3	0.90	9.9	1	47	98	73	100	98	98	5.31	5.94	5.92
241123	2	9	10.1	0	12	11.7	11.7	37.8	0.44	0.19	0.28	3	0.95	10.3	12	86	98	95	100	98	98	8.64	8.80	8.84
241123	2	10	9.6	0	1	11.6	24.1	1.25	0.28	0.19	0.38	3	2.07	10.5	2	98	98	44	100	98	98	9.26	9.73	10.17
241123	3	1	10.3	1	11	10.6	10.6	35.9	0.35	0.18	0.30	3	1.67	10.1	12	73	98	76	100	98	98	6.41	6.86	6.45
241123	3	2	10.5	1	12	10.6	10.6	37.8	0.44	0.26	0.18	3	0.68	10.2	2	73	98	74	100	98	98	9.13	9.21	9.20
241123	3	3	10.2	1	3	9.8	33.2	1.48	0.34	0.15	0.25	3	1.61	10.2	2	73	97	95	100	98	98	6.99	7.30	6.99
241123	3	4	10.4	1	1	11.9	21.3	1.19	0.43	0.23	0.34	3	1.41	10.7	2	92	98	98	100	98	98	9.16	9.16	9.38
241123	3	5	10.5	1	4	11.2	11.2	38.2	0.24	0.17	0.18	3	0.98	10.7	4	100	98	98	100	98	98	8.25	8.23	8.22
241123	3	6	10.2	1	8	11.9	22.4	1.15	0.47	0.25	0.18	3	0.58	10.8	10	97	94	70	100	98	98	9.12	9.13	8.89
241123	3	7	10.4	1	3	12.3	24.0	1.15	0.40	0.16	0.38	3	1.20	10.6	12	100	98	68	100	98	98	10.90	11.12	11.03
241123	3	8	10.5	1	12	9.4	22.9	1.13	0.41	0.27	0.31	3	1.96	10.2	1	64	98	98	100	98	98	7.75	7.93	7.91
241123	3	9	9.7	0	3	10.2	21.5	1.13	0.30	0.11	0.49	3	2.65	10.5	2	97	98	62	100	98	98	7.44	7.46	7.32
241123	3	10	10.5	1	1	10.1	22.1	1.12	0.39	0.22	0.20	3	1.41	10.2	12	77	98	94	100	98	98	6.74	6.93	6.87
