Sonja N.	Ilmakiv‰‰ri	Pysty
Date	Series	Shot	Hit	X ring	Sector	On	Total	Int.(s)			Trigger			COG		Fine %			Rough %			Hold time (s)
						target	time 		dev X	dev Y	ATV	TIRE	RTV	Hit	Sector	Target	COG	Hit	Target	COG	Hit	Target	COG	Hit
240316	1	1	10.6	1	10	9.2	9.2	0.0	0.40	0.18	0.11	3	0.63	10.4	12	95	98	76	100	98	98	6.50	6.93	6.54
240316	1	2	10.0	0	10	10.7	23.4	1.34	0.39	0.12	0.30	2	1.71	10.4	12	100	98	45	100	98	98	7.08	7.46	7.30
240316	1	3	10.5	1	10	11.1	11.1	45.6	0.31	0.16	0.19	2	0.65	10.8	12	100	98	95	100	98	98	9.21	9.29	9.22
240316	1	4	10.4	1	3	11.7	11.7	49.6	0.28	0.22	0.26	3	1.27	10.9	11	100	98	88	100	98	98	9.15	9.24	9.26
240316	1	5	10.6	1	3	10.6	10.6	48.6	0.22	0.18	0.17	3	0.83	10.6	3	100	98	98	100	98	98	8.34	8.34	8.34
240316	1	6	10.6	1	1	9.9	21.4	1.28	0.26	0.19	0.12	1	0.59	10.9	12	100	98	98	100	98	98	7.00	7.09	7.12
240316	1	7	10.5	1	12	11.8	20.5	1.30	0.37	0.11	0.16	3	0.83	10.4	2	100	98	89	100	98	98	8.76	9.46	9.55
240316	1	8	10.6	1	5	11.3	11.3	48.8	0.23	0.18	0.24	3	1.03	10.5	4	100	98	98	100	98	98	8.94	8.88	8.88
240316	1	9	10.6	1	7	10.0	10.0	47.2	0.35	0.25	0.11	1	0.44	10.7	1	100	98	83	100	98	98	6.96	7.04	6.90
240316	1	10	10.8	1	2	11.1	11.1	47.7	0.31	0.19	0.28	3	1.12	10.4	1	100	98	98	100	98	98	8.55	9.00	8.56
240316	2	1	10.3	1	2	9.4	20.5	1.30	0.34	0.09	0.38	3	2.19	10.7	12	100	98	89	100	98	98	7.54	7.58	7.58
240316	2	2	10.6	1	4	11.6	11.6	46.0	0.43	0.19	0.40	3	1.31	10.5	4	100	95	95	100	98	98	10.29	9.82	10.15
240316	2	3	10.1	0	6	10.8	10.8	47.0	0.32	0.22	0.34	3	1.42	10.5	5	95	98	95	100	98	98	7.83	7.68	7.37
240316	2	4	10.4	1	7	10.5	10.5	43.4	0.35	0.27	0.35	3	1.39	10.7	2	100	95	62	100	98	98	8.37	8.45	7.96
240316	2	5	10.9	1	1	12.8	12.8	51.7	0.41	0.23	0.22	3	0.66	10.8	2	100	98	98	100	98	98	11.98	12.00	12.00
240316	2	6	10.6	1	8	10.8	10.8	47.6	0.37	0.16	0.29	3	1.01	10.8	11	100	98	98	100	98	98	7.89	8.10	7.82
240316	2	7	10.5	1	1	11.5	11.5	47.4	0.40	0.16	0.26	3	0.95	10.5	12	100	98	98	100	98	98	7.28	7.46	7.41
240316	2	8	10.4	1	4	11.8	22.6	1.27	0.22	0.16	0.18	2	0.97	10.7	3	100	98	98	100	98	98	8.89	8.89	8.78
240316	2	9	10.3	1	5	10.9	10.9	46.6	0.23	0.15	0.17	2	1.12	10.6	4	100	98	98	100	98	98	7.05	7.02	6.62
240316	2	10	10.0	0	4	10.3	21.8	1.22	0.52	0.15	0.13	1	0.52	10.4	4	82	92	83	100	98	98	7.42	7.12	7.11
240316	3	1	10.3	1	3	10.1	22.2	1.48	0.18	0.18	0.20	3	1.07	10.4	2	100	98	98	100	98	98	7.28	7.46	7.28
240316	3	2	10.2	1	7	13.2	26.5	1.28	0.37	0.24	0.16	1	0.58	10.5	7	100	98	92	100	98	98	11.93	11.55	11.47
240316	3	3	10.1	0	4	10.8	22.1	1.29	0.33	0.28	0.27	2	0.99	10.5	4	92	98	98	100	98	98	7.65	7.63	7.44
240316	3	4	10.1	0	7	10.1	10.1	43.9	0.31	0.13	0.11	3	0.66	10.3	7	98	98	98	100	98	98	7.74	7.38	7.35
240316	3	5	10.1	0	3	10.6	10.6	47.5	0.27	0.17	0.19	1	1.14	10.5	3	100	98	94	100	98	98	8.91	8.93	8.80
240316	3	6	10.3	1	3	9.7	9.7	46.8	0.44	0.18	0.35	3	1.85	10.5	3	88	98	91	100	98	98	7.23	7.23	7.21
240316	3	7	10.6	1	3	10.2	10.2	44.0	0.42	0.11	0.24	3	1.25	10.8	1	100	98	92	100	98	98	9.06	9.30	9.03
240316	3	8	10.7	1	4	12.0	24.4	1.28	0.41	0.16	0.23	3	1.10	10.5	1	89	98	91	100	98	98	10.56	10.65	10.37
240316	3	9	10.2	1	3	11.9	24.6	1.27	0.36	0.12	0.09	1	0.36	10.3	3	73	98	98	100	98	98	9.35	9.36	9.36
240316	3	10	10.4	1	7	10.8	35.4	1.58	0.27	0.18	0.14	3	0.77	10.6	8	100	98	98	100	98	98	8.19	8.04	7.58
240316	4	1	10.1	0	6	10.5	10.5	55.6	0.39	0.19	0.19	2	0.55	10.5	4	89	98	77	100	98	98	6.96	6.93	6.69
240316	4	2	10.7	1	8	10.0	10.0	1.10	0.48	0.10	0.27	3	1.69	10.2	3	68	98	65	100	98	98	7.83	7.82	7.62
240316	4	3	9.7	0	5	11.3	11.3	45.6	0.24	0.18	0.21	1	1.04	10.2	4	82	98	95	100	98	98	9.59	9.54	9.12
240316	4	4	10.2	1	3	11.2	11.2	46.1	0.38	0.11	0.37	2	3.14	10.4	3	86	98	98	100	98	98	10.89	10.86	10.85
240316	4	5	10.2	1	11	11.8	11.8	44.0	0.40	0.15	0.21	1	1.13	10.6	11	100	98	97	100	98	98	9.15	9.30	9.40
240316	4	6	10.3	1	5	10.7	10.7	44.7	0.31	0.28	0.34	3	2.17	10.6	4	100	98	98	100	98	98	9.20	9.20	9.02
240316	4	7	10.3	1	7	11.7	11.7	40.1	0.42	0.34	0.19	3	0.64	10.8	8	92	98	85	100	98	98	9.59	9.55	9.12
240316	4	8	10.4	1	4	12.4	12.4	44.3	0.26	0.17	0.15	1	0.88	10.5	4	100	98	98	100	98	98	11.29	11.28	11.25
240316	4	9	10.3	1	4	11.7	11.7	45.1	0.28	0.25	0.18	3	0.79	10.6	5	100	98	98	100	98	98	10.24	10.14	10.14
240316	4	10	10.5	1	5	10.6	23.9	1.22	0.20	0.09	0.11	1	0.84	10.6	5	100	98	98	100	98	98	7.79	7.75	7.72
