Marko	Ilmakiv‰‰ri
Date	Series	Shot	Hit	X ring	Sector	On	Total	Int.(s)			Trigger			COG		Fine %			Rough %			Hold time (s)
						target	time 		dev X	dev Y	ATV	TIRE	RTV	Hit	Sector	Target	COG	Hit	Target	COG	Hit	Target	COG	Hit
251116	1	1	10.3	1	2	8.4	8.4	0.0	0.36	0.14	0.14	1	0.99	10.5	12	91	98	98	100	98	98	6.63	6.75	6.67
251116	1	2	10.4	1	12	9.5	9.5	49.3	0.33	0.24	0.21	3	1.71	9.9	1	38	98	76	100	98	98	9.48	9.48	9.49
251116	1	3	9.9	0	2	8.3	8.7	1.18	0.56	0.22	0.32	2	1.40	10.0	12	26	97	24	100	98	98	7.98	8.04	7.00
251116	1	4	9.9	0	1	9.4	9.4	48.4	0.18	0.16	0.23	2	1.29	9.8	1	12	98	98	100	98	98	9.04	9.26	9.09
251116	1	5	10.7	1	2	9.0	16.2	1.03	0.38	0.23	0.31	1	1.41	10.4	1	91	98	95	100	98	98	8.71	8.79	8.74
251116	1	6	10.4	1	2	9.0	9.0	51.3	0.25	0.18	0.19	3	1.13	10.3	12	94	98	97	100	98	98	7.88	7.92	7.89
251116	1	7	9.6	0	2	8.5	8.5	43.7	0.40	0.16	0.19	1	0.77	9.9	1	36	98	92	100	98	98	7.84	8.09	8.09
251116	1	8	9.6	0	12	9.5	9.5	48.8	0.18	0.19	0.17	3	1.03	9.2	12	0	98	98	91	98	98	8.47	9.03	9.00
251116	1	9	9.8	0	1	8.8	8.8	1.12	0.27	0.22	0.09	2	0.56	10.0	12	35	98	98	100	98	98	8.29	9.33	9.33
251116	1	10	10.5	1	12	7.5	10.7	1.21	0.17	0.34	0.31	2	1.23	9.9	12	36	98	77	100	98	98	6.96	7.04	6.99
251116	2	1	9.8	0	12	9.8	9.8	39.9	0.38	0.12	0.17	2	0.94	9.6	12	0	98	98	100	98	98	9.78	9.93	9.90
251116	2	2	10.0	0	12	9.7	9.7	50.6	0.34	0.16	0.16	3	1.17	9.6	12	0	98	98	100	98	98	9.72	9.78	9.75
251116	2	3	9.3	0	2	9.2	9.2	1.08	0.39	0.32	0.27	2	1.17	9.6	1	15	98	73	100	98	98	8.14	8.25	8.14
251116	2	4	10.2	1	2	8.8	8.8	50.6	0.23	0.17	0.21	3	2.39	9.6	2	6	98	98	100	98	98	8.49	8.55	8.52
251116	2	5	9.9	0	1	10.8	10.8	1.13	0.40	0.25	0.12	1	0.51	9.8	1	33	98	98	100	98	98	8.37	9.66	8.61
251116	2	6	10.1	0	1	10.8	10.8	1.09	0.37	0.30	0.33	3	1.22	9.5	1	11	98	76	88	98	98	10.11	10.50	10.46
251116	2	7	10.1	0	12	8.5	8.5	1.23	0.35	0.14	0.23	3	1.10	9.6	1	6	98	85	100	98	98	7.12	8.14	7.67
251116	2	8	9.5	0	1	12.8	12.8	47.5	0.41	0.18	0.25	2	1.23	9.1	1	0	98	98	68	98	98	9.79	10.53	10.44
251116	2	9	9.3	0	1	10.5	10.5	49.8	0.27	0.14	0.20	2	0.89	9.1	1	0	98	98	71	98	98	7.68	8.52	8.45
251116	2	10	8.8	0	1	10.9	11.2	1.14	0.39	0.35	0.18	3	0.70	8.9	1	0	98	82	36	98	98	5.92	7.67	7.50
251116	3	1	9.3	0	12	11.0	11.0	1.33	0.36	0.32	0.12	2	0.65	9.1	1	0	98	76	70	98	98	11.01	11.34	11.23
251116	3	2	9.5	0	12	8.9	8.9	43.7	0.33	0.24	0.19	3	0.84	9.3	1	0	98	94	91	98	98	7.75	7.92	7.88
251116	3	3	9.7	0	2	9.3	18.9	3.50	0.23	0.21	0.25	2	1.71	9.5	1	0	98	98	100	98	98	8.79	10.01	9.99
251116	3	4	10.1	0	2	11.9	11.9	49.2	0.28	0.34	0.31	1	1.32	10.1	12	58	98	64	100	98	98	7.04	7.12	7.05
251116	3	5	9.9	0	1	8.1	19.2	1.43	0.32	0.14	0.25	3	2.09	9.5	2	0	98	77	100	98	98	6.55	6.64	6.67
251116	3	6	9.1	0	2	9.1	9.1	58.3	0.46	0.28	0.23	2	0.87	9.0	1	0	98	56	44	98	98	8.80	9.64	9.63
251116	3	7	9.1	0	2	8.6	8.8	1.11	0.39	0.33	0.51	1	1.59	9.3	1	2	98	41	80	98	98	5.97	7.08	6.97
251116	3	8	9.5	0	1	9.5	9.5	37.9	0.19	0.30	0.34	1	1.28	9.4	1	0	98	98	94	98	98	5.88	8.05	6.75
251116	3	9	9.7	0	1	9.1	9.1	41.4	0.21	0.28	0.13	2	0.52	9.3	1	0	98	98	98	98	98	6.86	7.83	7.79
251116	3	10	9.0	0	1	8.4	8.4	36.2	0.50	0.27	0.14	1	0.41	9.0	1	0	98	82	53	98	98	8.03	8.60	8.58
251116	4	1	9.0	0	1	8.5	8.5	42.8	0.46	0.25	0.17	2	0.56	8.7	1	0	98	83	11	98	98	6.90	10.44	10.43
251116	4	2	9.4	0	1	8.8	8.8	39.4	0.26	0.28	0.24	1	0.91	9.1	1	0	98	98	73	98	98	5.37	8.14	6.53
251116	4	3	9.7	0	1	8.8	8.8	36.8	0.27	0.30	0.17	3	1.07	9.1	1	0	98	91	64	98	98	8.41	9.31	9.27
251116	4	4	8.6	0	2	7.6	7.6	33.9	0.31	0.19	0.50	1	2.67	9.2	1	0	98	67	82	98	98	6.13	6.67	6.66
251116	4	5	8.6	0	1	8.0	8.0	41.9	0.30	0.30	0.16	1	0.53	8.6	1	0	98	89	2	98	98	2.22	8.70	8.69
251116	4	6	8.6	0	2	8.9	8.9	38.6	0.27	0.35	0.22	3	1.42	8.4	1	0	98	39	0	98	98	5.54	8.41	7.91
251116	4	7	9.0	0	1	8.9	8.9	42.3	0.47	0.31	0.26	3	1.01	8.4	1	0	98	68	6	98	98	5.52	8.46	8.37
251116	4	8	8.7	0	1	8.6	8.6	33.3	0.32	0.22	0.28	2	1.68	8.6	1	0	98	65	5	98	98	5.64	8.71	8.46
251116	4	9	8.9	0	1	8.1	8.1	34.5	0.34	0.21	0.18	3	1.25	8.4	1	0	98	91	0	98	98	5.57	8.94	8.93
251116	4	10	8.8	0	1	8.9	8.9	33.4	0.40	0.14	0.19	3	1.01	8.5	1	0	98	89	0	98	98	7.50	7.95	7.88
