Sonja S.	Ilmakivääri	Pysty																							
Date	Series	Shot	Hit	X ring	Sector	On	Total	Int.(s)			Trigger			COG		Fine %			Rough %			Hold time (s)		
						target	time 		dev X	dev Y	ATV	TIRE	RTV	Hit	Sector	Target	COG	Hit	Target	COG	Hit	Target	COG	Hit
230128	2	1	10.3	1	3	10.6	10.6	47.6	0.37	0.22	0.25	2	1.4	10.6	2	100	98	88	100	98	98	10.19	10.21	10.17
230128	2	2	10.4	1	10	10.9	12.1	1.12	0.34	0.3	0.23	1	1.33	10.7	1	100	98	82	100	98	98	10.62	10.62	10.65
230128	2	3	10.3	1	4	13.2	13.2	42.7	0.22	0.25	0.29	3	1.2	10.8	2	100	98	95	100	98	98	13.15	13.15	13.17
230128	2	4	10.4	1	7	11.6	11.6	52.3	0.59	0.36	0.4	3	1.23	10.7	5	91	97	76	100	98	98	11.58	11.55	11.4
230128	2	5	9.8	0	9	10.4	10.6	45.3	0.47	0.35	0.49	3	1.75	10.7	5	92	91	17	100	98	91	10.26	10.21	9.9
230128	2	6	9.8	0	1	12.2	13.1	1.26	0.34	0.2	0.21	1	0.99	10.3	12	86	98	88	100	98	98	12.11	12.22	12.26
230128	2	7	9.9	0	11	12.4	12.4	55.5	0.38	0.21	0.52	1	1.95	10.4	2	94	97	48	100	98	98	12.38	12.31	12.71
230128	2	8	10.8	1	2	11.5	11.5	49.7	0.24	0.17	0.24	2	1.53	10.8	10	100	98	98	100	98	98	11.51	11.51	11.51
230128	2	9	10.3	1	2	12.9	12.9	48.7	0.29	0.21	0.19	2	0.99	10.5	12	100	98	98	100	98	98	12.15	12.27	12.26
230128	2	10	10.3	1	1	13	13	48.6	0.31	0.43	0.14	2	0.62	10.5	1	95	98	98	100	98	98	12.12	12.16	12.22
230128	3	1	10.6	1	5	11.9	11.9	58.8	0.32	0.17	0.16	3	0.79	10.4	10	95	98	61	100	98	98	11.46	11.52	11.41
230128	3	2	10.6	1	12	11.6	11.6	54.4	0.22	0.1	0.24	3	1.05	10.6	11	100	98	98	100	98	98	10.86	10.92	10.89
230128	3	3	10.6	1	8	11.9	11.9	54.1	0.47	0.27	0.36	3	1.98	10.3	11	82	91	74	100	98	98	11.91	12.02	11.89
230128	3	4	10.1	0	3	11.4	11.4	48	0.53	0.1	0.13	2	0.65	10.5	3	82	98	74	100	98	98	10.83	10.83	6.51
230128	3	5	10.5	1	12	11.6	11.6	44	0.47	0.36	0.22	2	0.64	10.6	10	88	98	88	100	98	98	11.61	11.62	11.64
230128	3	6	10.4	1	3	11.8	11.8	44.4	0.44	0.16	0.23	3	1.07	10.4	12	91	98	74	100	98	98	11.76	11.79	11.78
230128	3	7	10.2	1	5	10.3	10.3	41.2	0.22	0.24	0.33	2	1.48	10.7	1	100	98	59	100	98	98	10.34	10.35	10.26
230128	3	8	10.2	1	9	11	11	1.17	0.41	0.16	0.28	2	0.78	10.5	10	88	98	92	100	98	98	11.03	11.03	11.03
230128	3	9	10.6	1	12	10.6	10.6	1.19	0.35	0.25	0.27	2	1.44	10.5	11	82	98	97	100	98	98	10.53	10.56	10.56
230128	3	10	10.4	1	1	12.1	12.1	40.5	0.36	0.3	0.41	1	1.96	10.4	10	85	98	85	100	98	98	11.55	11.58	11.56
230128	4	1	9.7	0	10	10.2	10.2	36	0.21	0.22	0.19	1	0.83	10.1	10	76	98	98	100	98	98	9.96	10.02	9.97
230128	4	2	10.3	1	2	12	12	48.4	0.17	0.33	0.24	1	1.22	10.5	1	97	98	98	100	98	98	12	12.07	7.05
230128	4	3	10.4	1	2	12	12	1.09	0.18	0.36	0.31	3	1.47	10.2	12	74	98	77	100	98	98	12	12.04	12.03
230128	4	4	9.6	0	11	14.6	14.6	1.1	0.5	0.33	0.29	2	1.15	10.2	12	58	88	73	100	98	95	14.61	14.61	14.61
230128	4	5	10.4	1	11	13.1	13.1	6.54	0.23	0.34	0.13	1	0.75	10.6	10	100	98	98	100	98	98	13.14	13.17	13.19
230128	4	6	10.8	1	12	11.8	11.8	37	0.2	0.3	0.25	3	1.46	10.4	10	89	98	95	100	98	98	11.84	11.87	11.85
230128	4	7	10.5	1	6	13.1	13.1	40.2	0.22	0.23	0.23	3	0.92	10.8	11	100	98	98	100	98	98	13.05	13.08	12.72
230128	4	8	10.9	1	4	10.9	10.9	36.6	0.23	0.14	0.13	3	0.72	10.6	9	100	98	98	100	98	98	10.86	10.88	10.86
230128	4	9	10.4	1	1	12.2	12.2	41.3	0.42	0.29	0.34	3	0.84	10.2	11	65	98	80	100	98	98	11.49	11.64	11.61
230128	4	10	10.3	1	11	12.6	12.6	37.6	0.45	0.23	0.39	3	1.19	10	10	55	98	86	100	98	98	12.38	12.73	12.54
230128	5	1	10.2	1	12	12.1	12.1	39.3	0.25	0.39	0.28	1	1.12	10.4	12	77	98	98	100	98	98	12.07	12.12	12.15
230128	5	2	10.3	1	11	13.5	13.5	45.1	0.54	0.22	0.15	3	0.7	10.1	11	70	89	86	98	98	98	13.52	13.59	13.56
230128	5	3	10	0	12	12.2	12.2	36.2	0.39	0.15	0.19	3	0.94	9.9	11	23	98	85	100	98	98	12.22	12.39	12.39
230128	5	4	10.2	1	10	10	10	46.1	0.25	0.19	0.18	3	0.79	10.5	9	100	98	98	100	98	98	9.97	9.99	10.02
230128	5	5	9.6	0	9	12.3	12.3	42.4	0.45	0.19	0.16	2	0.57	10.3	9	74	98	68	100	98	98	12.31	12.35	12.3
230128	5	6	10.1	0	8	9.9	9.9	39.8	0.35	0.15	0.25	1	1.09	10.8	8	100	98	70	100	98	98	9.91	9.9	9.88
230128	5	7	10.4	1	9	10.7	10.7	33.8	0.34	0.34	0.32	2	1.1	10.7	5	100	98	76	100	98	98	10.71	10.7	10.71
230128	5	8	10.3	1	10	11.9	11.9	34.1	0.32	0.23	0.27	2	1.35	10.9	1	100	98	80	100	98	98	9.24	9.24	9.29
230128	5	9	10.1	0	4	11.2	11.2	42.9	0.5	0.33	0.37	3	1.48	10.5	3	80	97	83	100	98	98	11.22	11.18	10.89
230128	5	10	10.9	1	8	12.7	12.7	39.9	0.27	0.2	0.21	2	1.12	10.7	9	100	98	98	100	98	98	12.68	12.68	12.68
