Sonja S.	Ilmakiv‰‰ri
Date	Series	Shot	Hit	X ring	Sector	On	Total	Int.(s)			Trigger			COG		Fine %			Rough %			Hold time (s)
						target	time 		dev X	dev Y	ATV	TIRE	RTV	Hit	Sector	Target	COG	Hit	Target	COG	Hit	Target	COG	Hit
251003	1	1	10.0	0	5	8.8	8.8	0.0	0.24	0.17	0.14	2	1.02	10.4	4	100	98	98	100	98	98	8.47	7.89	7.79
251003	1	2	10.1	0	3	8.9	8.9	42.0	0.48	0.14	0.16	1	0.74	10.4	2	82	98	85	100	98	98	8.31	8.32	8.29
251003	1	3	10.3	1	3	10.3	10.3	39.8	0.21	0.24	0.39	3	2.90	10.1	1	68	98	79	100	98	98	10.35	10.41	10.34
251003	1	4	9.2	0	2	9.7	9.7	43.2	0.51	0.27	0.13	1	0.61	10.0	1	41	95	35	100	98	98	9.18	10.20	10.17
251003	1	5	9.9	0	1	10.1	10.1	53.2	0.56	0.23	0.27	1	1.30	9.9	12	42	92	98	100	98	98	10.05	10.14	10.12
251003	1	6	10.0	0	11	10.7	10.7	40.8	0.46	0.14	0.34	3	2.11	9.7	1	0	88	26	100	98	98	10.74	10.80	10.80
251003	1	7	10.2	1	1	10.6	10.6	48.2	0.37	0.17	0.16	1	1.15	10.1	1	62	98	98	100	98	98	10.61	10.66	10.66
251003	1	8	9.6	0	2	10.9	10.9	40.0	0.35	0.22	0.22	3	0.89	9.7	2	20	98	98	100	98	98	10.90	11.01	10.98
251003	1	9	9.6	0	2	8.3	8.3	45.1	0.35	0.14	0.16	1	0.75	9.8	2	30	98	95	100	98	98	6.95	7.04	7.00
251003	1	10	10.3	1	1	10.9	11.8	1.01	0.22	0.17	0.17	3	0.72	9.9	1	20	98	98	100	98	98	8.52	8.62	8.60
251003	2	1	10.3	1	2	10.0	10.0	39.7	0.29	0.27	0.17	1	0.82	10.3	12	79	98	98	100	98	98	9.18	9.21	9.20
251003	2	2	10.0	0	2	9.8	9.8	37.4	0.41	0.31	0.14	2	0.64	10.1	1	59	98	65	100	98	98	9.07	9.13	9.04
251003	2	3	9.9	0	2	10.4	10.4	37.4	0.33	0.14	0.30	2	1.65	10.0	1	44	98	97	100	98	98	8.70	8.73	8.71
251003	2	4	9.7	0	2	9.0	9.0	40.1	0.32	0.19	0.43	1	2.79	10.1	1	61	98	88	100	98	98	8.34	8.36	8.31
251003	2	5	10.5	1	9	9.4	9.4	45.8	0.29	0.23	0.20	3	1.40	10.3	10	79	98	95	100	98	98	9.27	9.39	9.24
251003	2	6	10.1	0	2	9.9	9.9	31.9	0.44	0.17	0.35	1	1.27	10.5	12	97	98	71	100	98	98	9.91	9.95	9.91
251003	2	7	10.4	1	8	8.9	8.9	31.8	0.42	0.19	0.11	3	0.42	10.5	12	100	98	76	100	98	98	8.89	9.04	8.87
251003	2	8	10.2	1	1	9.7	9.7	34.7	0.37	0.25	0.25	1	1.00	10.2	1	79	98	98	100	98	98	8.23	8.37	8.38
251003	2	9	10.4	1	1	9.8	9.8	34.1	0.37	0.21	0.11	3	0.59	9.8	1	20	98	98	100	98	98	9.20	9.26	9.22
251003	2	10	10.0	0	1	9.1	9.1	32.0	0.28	0.20	0.17	1	1.14	9.9	1	35	98	98	100	98	98	8.38	8.54	8.46
251003	3	1	9.7	0	11	9.7	9.7	37.8	0.32	0.27	0.11	1	0.50	10.2	11	62	98	88	100	98	98	7.70	7.80	7.88
251003	3	2	9.7	0	12	10.2	21.1	1.14	0.22	0.30	0.20	1	0.99	9.9	1	44	98	98	100	98	98	9.93	10.15	10.19
251003	3	3	10.0	0	11	10.3	10.3	33.7	0.35	0.18	0.35	1	1.38	10.3	1	95	98	52	100	98	98	9.30	9.49	9.51
251003	3	4	10.4	1	3	10.3	10.3	36.1	0.29	0.29	0.21	2	0.96	10.4	1	85	98	97	100	98	98	10.34	10.52	10.35
251003	3	5	10.4	1	12	9.8	9.8	33.2	0.45	0.13	0.26	2	0.96	10.5	1	94	98	94	100	98	98	9.77	9.82	9.86
251003	3	6	10.7	1	7	9.6	9.6	33.3	0.41	0.23	0.38	3	1.90	10.4	1	77	98	59	100	98	98	9.57	9.60	9.55
251003	3	7	9.8	0	3	8.4	14.9	55.8	0.59	0.20	0.10	1	0.50	10.7	1	88	98	38	100	98	98	8.22	8.25	8.22
251003	3	8	10.4	1	1	9.6	9.6	37.4	0.74	0.14	0.20	3	0.52	10.3	12	61	79	73	100	98	98	9.16	9.22	9.22
251003	3	9	10.5	1	12	9.8	9.8	33.2	0.33	0.20	0.26	2	0.97	10.2	1	73	98	98	100	98	98	9.75	9.77	9.78
251003	3	10	10.2	1	2	9.7	9.7	34.8	0.41	0.25	0.36	1	2.48	10.4	12	83	97	65	100	98	98	8.74	8.80	8.73
251003	4	1	10.1	0	1	9.1	9.1	34.7	0.32	0.25	0.22	3	1.06	9.8	1	30	98	98	100	98	98	9.07	9.57	9.20
251003	4	2	9.8	0	2	10.0	10.0	40.7	0.46	0.37	0.31	1	1.33	10.2	12	67	98	56	100	98	98	10.04	10.12	10.15
251003	4	3	10.3	1	12	9.0	9.0	1.02	0.38	0.21	0.21	3	1.48	10.2	12	76	98	98	100	98	98	7.89	8.00	7.96
251003	4	4	10.3	1	2	9.5	9.5	40.3	0.59	0.16	0.29	2	0.99	10.3	12	74	86	73	100	98	98	8.38	8.46	8.41
251003	4	5	10.6	1	1	9.0	9.0	43.3	0.33	0.14	0.23	3	1.57	10.1	11	77	98	86	100	98	98	7.56	9.21	8.23
251003	4	6	10.5	1	11	8.7	8.7	34.4	0.23	0.14	0.28	3	1.84	10.1	1	83	98	91	100	98	98	8.65	8.70	8.69
251003	4	7	9.8	0	12	9.6	9.6	35.7	0.43	0.19	0.25	1	1.16	9.8	1	20	98	79	100	98	98	9.29	9.68	9.64
251003	4	8	10.6	1	1	9.2	9.2	38.8	0.17	0.23	0.26	3	1.52	9.8	12	23	98	65	100	98	98	9.13	9.38	9.18
251003	4	9	10.3	1	2	7.8	7.8	33.4	0.27	0.14	0.11	2	0.96	10.3	12	98	98	98	100	98	98	6.81	7.51	7.50
251003	4	10	10.1	0	2	9.5	9.5	34.8	0.34	0.23	0.29	1	1.25	9.9	1	36	98	53	100	98	98	8.32	9.96	9.71
