Sonja N.	Ilmakiv‰‰ri
Date	Series	Shot	Hit	X ring	Sector	On	Total	Int.(s)			Trigger			COG		Fine %			Rough %			Hold time (s)
						target	time 		dev X	dev Y	ATV	TIRE	RTV	Hit	Sector	Target	COG	Hit	Target	COG	Hit	Target	COG	Hit
250125	1	1	9.9	0	10	10.9	19.4	0.0	0.30	0.23	0.12	1	0.68	10.4	11	91	98	98	100	98	98	3.40	3.57	3.77
250125	1	2	10.5	1	9	10.9	15.3	54.6	0.39	0.33	0.46	3	1.86	10.1	12	59	98	68	100	98	98	5.62	5.97	5.62
250125	1	3	10.1	0	11	9.2	9.2	37.2	0.32	0.21	0.23	1	1.10	10.4	12	98	98	92	100	98	98	4.75	5.04	4.79
250125	1	4	9.8	0	12	10.0	21.7	1.14	0.35	0.27	0.18	1	0.72	10.3	1	83	98	91	100	98	98	4.53	4.95	5.16
250125	1	5	10.8	1	12	9.8	9.8	39.9	0.38	0.24	0.14	3	0.65	10.2	12	88	98	89	100	98	98	4.77	5.10	4.80
250125	1	6	10.2	1	1	9.9	20.8	1.19	0.59	0.24	0.28	3	0.68	10.2	1	64	95	88	100	98	98	4.20	4.41	4.41
250125	1	7	9.3	0	1	9.4	16.0	1.08	0.35	0.17	0.26	1	1.14	10.0	12	39	98	82	100	98	98	3.36	3.69	3.94
250125	1	8	10.8	1	10	9.6	19.4	1.29	0.39	0.28	0.08	3	0.30	10.4	1	83	98	80	100	98	98	3.96	4.16	3.98
250125	1	9	10.0	0	1	8.9	8.9	40.2	0.62	0.26	0.36	2	0.99	10.2	2	65	89	82	100	98	98	4.23	4.46	4.70
250125	1	10	10.3	1	2	10.8	53.1	3.15	0.37	0.23	0.37	3	1.27	10.6	4	100	98	80	100	98	98	3.83	3.78	3.84
250125	2	1	10.5	1	10	9.6	21.1	1.19	0.40	0.34	0.15	3	0.72	10.4	1	77	98	55	100	98	98	4.02	4.17	4.14
250125	2	2	10.1	0	2	9.6	24.7	1.39	0.49	0.14	0.21	3	0.86	10.1	1	70	98	97	100	98	98	4.09	4.39	4.39
250125	2	3	10.9	1	9	9.4	9.4	35.6	0.50	0.19	0.29	3	0.86	10.2	1	74	98	71	100	98	98	4.84	5.03	4.84
250125	2	4	10.4	1	12	10.1	10.1	41.2	0.37	0.20	0.13	2	0.86	10.6	1	98	98	98	100	98	98	4.74	4.88	4.91
250125	2	5	9.4	0	2	10.7	21.9	1.18	0.41	0.17	0.38	1	1.87	9.9	12	32	98	42	100	98	98	4.70	4.89	4.84
250125	2	6	10.4	1	6	9.7	18.1	1.15	0.48	0.24	0.30	3	0.90	10.5	4	79	98	70	100	98	98	4.05	4.02	3.96
250125	2	7	10.1	0	2	11.8	34.6	2.02	0.47	0.27	0.36	2	1.36	10.2	1	80	95	86	100	98	98	6.81	6.95	6.93
250125	2	8	10.2	1	6	10.1	80.3	4.51	0.61	0.34	0.21	1	0.73	10.2	4	64	86	61	100	98	89	5.76	5.49	5.36
250125	2	9	10.5	1	3	11.5	11.5	41.7	0.31	0.16	0.23	3	0.86	10.6	4	97	98	98	100	98	98	5.76	5.75	5.76
250125	2	10	10.2	1	2	11.0	55.8	4.04	0.34	0.28	0.23	2	1.17	9.9	1	39	98	98	100	98	98	5.34	5.50	5.40
250125	3	1	9.8	0	12	8.9	63.7	4.35	0.52	0.20	0.14	2	0.43	9.9	1	42	98	50	100	98	98	3.35	3.99	4.00
250125	3	2	9.9	0	10	10.9	32.3	2.01	0.50	0.20	0.17	1	0.52	9.8	11	6	98	89	100	98	98	5.92	6.30	6.08
250125	3	3	10.4	1	12	10.0	10.0	31.6	0.36	0.21	0.17	3	0.86	10.6	12	97	98	98	100	98	98	4.29	4.68	4.79
250125	3	4	10.0	0	11	10.3	40.5	2.17	0.48	0.13	0.15	1	0.94	9.9	12	18	98	74	100	98	98	5.05	5.58	5.49
250125	3	5	10.4	1	2	10.3	10.3	39.4	0.46	0.13	0.37	2	1.54	10.6	1	98	98	98	100	98	98	5.33	5.49	5.49
250125	3	6	10.4	1	2	9.5	9.5	37.0	0.31	0.25	0.12	1	0.55	10.3	2	85	98	98	100	98	98	5.36	5.43	5.42
250125	3	7	10.5	1	4	10.6	10.6	36.7	0.42	0.19	0.24	2	1.14	10.8	12	100	98	92	100	98	98	6.53	6.58	6.50
250125	3	8	10.5	1	7	10.6	10.6	36.7	0.31	0.14	0.28	3	1.42	10.6	12	100	98	94	100	98	98	4.74	4.95	4.58
250125	3	9	10.4	1	3	10.2	29.2	1.47	0.20	0.18	0.13	3	0.76	10.5	2	100	98	98	100	98	98	6.03	6.06	6.06
250125	3	10	10.3	1	10	10.1	23.9	1.48	0.37	0.17	0.13	1	0.38	10.2	11	79	98	97	100	98	98	4.26	4.37	4.32
250125	4	1	10.3	1	11	11.1	34.9	1.59	0.48	0.14	0.15	2	0.73	10.4	12	92	98	95	100	98	98	6.57	6.92	6.92
250125	4	2	9.7	0	11	9.1	61.0	4.07	0.72	0.26	0.17	2	0.52	9.3	12	0	85	64	83	98	85	3.10	4.07	3.62
250125	4	3	9.8	0	12	10.6	10.6	37.3	0.21	0.15	0.23	2	1.48	10.0	12	33	98	98	100	98	98	5.08	6.09	6.12
250125	4	4	9.7	0	11	10.8	46.3	2.34	0.60	0.19	0.26	2	0.84	9.5	12	0	92	67	100	98	98	5.17	6.09	5.82
250125	4	5	9.2	0	12	10.9	79.7	4.34	0.25	0.16	0.18	3	1.16	9.4	12	0	98	98	100	98	98	6.93	7.56	7.75
250125	4	6	10.1	0	12	11.4	23.5	1.16	0.44	0.22	0.17	3	0.56	10.0	1	62	98	91	100	98	98	7.96	8.40	8.40
250125	4	7	10.4	1	12	9.6	41.0	2.42	0.64	0.19	0.20	2	0.49	10.1	1	58	83	80	100	98	98	4.00	4.37	4.28
250125	4	8	9.9	0	12	8.5	8.5	32.7	0.46	0.21	0.31	2	1.15	10.0	1	56	98	98	100	98	98	4.12	4.50	4.51
250125	4	9	9.4	0	12	11.1	19.3	1.04	0.38	0.21	0.40	3	2.14	9.0	12	0	98	85	59	98	98	6.08	6.71	6.67
250125	4	10	9.6	0	11	9.9	28.7	1.35	0.42	0.23	0.16	1	0.85	9.7	12	8	98	80	100	98	98	5.16	5.58	5.52
