Sonja S.	Ilmakiv‰‰ri
Date	Series	Shot	Hit	X ring	Sector	On	Total	Int.(s)			Trigger			COG		Fine %			Rough %			Hold time (s)
						target	time 		dev X	dev Y	ATV	TIRE	RTV	Hit	Sector	Target	COG	Hit	Target	COG	Hit	Target	COG	Hit
260124	1	1	10.0	0	8	8.7	8.7	0.0	0.31	0.33	0.35	1	1.43	10.4	10	91	98	62	100	98	98	7.89	7.93	7.67
260124	1	2	9.9	0	11	9.2	9.2	44.1	0.34	0.35	0.23	1	0.81	9.7	11	12	98	94	100	98	98	9.18	9.16	9.20
260124	1	3	10.3	1	10	8.1	8.1	47.4	0.24	0.34	0.55	3	2.70	9.9	12	29	98	45	100	98	98	6.95	7.44	7.25
260124	1	4	10.1	0	12	9.7	9.7	44.1	0.31	0.34	0.22	2	0.80	9.6	12	15	98	74	98	98	98	8.78	9.00	8.93
260124	1	5	10.0	0	2	8.1	8.1	43.4	0.49	0.38	0.42	1	1.40	10.0	12	30	94	23	100	98	98	6.79	8.14	6.71
260124	1	6	9.5	0	12	9.7	9.7	40.9	0.52	0.29	0.24	2	0.73	9.4	12	0	91	98	86	98	98	9.16	9.33	9.31
260124	1	7	9.4	0	1	9.2	9.2	47.0	0.17	0.26	0.16	1	0.74	9.7	12	30	98	98	100	98	98	8.94	8.87	8.79
260124	1	8	10.2	1	11	9.6	9.6	53.8	0.28	0.34	0.14	3	0.67	10.1	10	65	98	95	100	98	98	8.18	8.21	8.23
260124	1	9	10.1	0	2	10.4	10.4	50.4	0.22	0.32	0.30	1	1.22	10.2	12	71	98	94	100	98	98	10.37	10.62	4.89
260124	1	10	10.0	0	11	9.0	9.0	42.3	0.28	0.27	0.30	1	1.11	9.9	12	44	98	94	100	98	98	5.97	7.00	6.87
260124	2	1	9.7	0	3	8.4	8.4	50.1	0.70	0.27	0.35	1	1.18	10.7	1	76	77	33	100	98	98	7.96	7.98	8.25
260124	2	2	10.4	1	10	8.5	8.5	44.1	0.23	0.32	0.20	1	1.01	10.1	11	62	98	92	100	98	98	7.84	8.03	7.89
260124	2	3	10.7	1	11	10.0	10.0	47.6	0.40	0.25	0.35	2	1.48	10.1	11	62	98	98	100	98	98	9.71	9.82	9.73
260124	2	4	10.5	1	12	9.6	9.6	44.1	0.36	0.27	0.26	3	1.54	9.7	11	9	98	35	100	98	98	8.40	8.52	8.43
260124	2	5	10.1	0	2	7.9	7.9	39.3	0.49	0.41	0.35	2	1.29	10.3	11	56	92	42	100	98	98	6.83	6.96	6.95
260124	2	6	10.2	1	12	9.3	9.3	38.5	0.22	0.40	0.38	1	1.66	9.9	11	42	98	83	100	98	98	9.13	9.49	9.36
260124	2	7	10.7	1	9	8.6	8.6	49.0	0.32	0.28	0.35	3	1.43	10.1	12	64	98	56	100	98	98	8.49	8.79	8.49
260124	2	8	10.6	1	10	8.8	8.8	36.4	0.41	0.19	0.09	3	0.46	10.4	12	97	98	91	100	98	98	8.60	10.72	10.71
260124	2	9	10.3	1	11	8.0	8.0	36.7	0.30	0.24	0.32	1	1.34	10.1	11	71	98	98	100	98	98	7.95	8.74	8.76
260124	2	10	10.2	1	9	9.0	9.0	36.6	0.24	0.27	0.10	1	0.48	10.2	10	71	98	98	100	98	98	7.70	9.73	7.71
260124	3	1	9.9	0	10	8.8	8.8	38.6	0.31	0.24	0.36	1	1.74	9.9	11	38	98	94	100	98	98	8.22	8.37	8.28
260124	3	2	10.4	1	10	8.8	8.8	39.3	0.39	0.32	0.31	3	1.23	9.9	10	33	98	92	100	98	98	8.54	8.70	8.56
260124	3	3	10.0	0	11	10.6	10.6	42.3	0.40	0.27	0.30	3	1.07	9.5	11	0	98	92	100	98	98	9.97	11.04	10.96
260124	3	4	10.8	1	1	8.9	8.9	44.4	0.30	0.39	0.38	3	1.44	10.1	11	50	98	56	100	98	98	8.94	8.98	8.96
260124	3	5	10.2	1	12	8.8	8.8	36.5	0.37	0.19	0.20	1	0.70	9.9	12	30	98	91	100	98	98	8.80	8.84	8.85
260124	3	6	9.9	0	9	8.9	8.9	38.3	0.36	0.30	0.44	1	1.47	10.7	10	91	98	59	100	98	98	8.03	8.05	8.03
260124	3	7	10.2	1	12	11.2	11.2	1.07	0.25	0.36	0.28	3	0.82	10.0	12	59	98	98	100	98	98	7.21	7.21	7.21
260124	3	8	10.3	1	10	8.3	8.3	39.3	0.31	0.45	0.24	2	0.67	10.2	10	71	98	98	100	98	98	7.18	7.25	7.25
260124	3	9	10.6	1	12	8.9	8.9	37.1	0.25	0.23	0.42	3	3.20	9.9	10	36	98	58	100	98	98	8.87	8.94	8.91
260124	3	10	10.7	1	2	9.1	9.1	39.9	0.28	0.37	0.34	2	1.41	10.4	12	79	98	79	100	98	98	7.62	9.06	7.62
260124	4	1	10.1	0	12	9.7	9.7	50.2	0.43	0.32	0.16	2	0.56	10.1	11	39	98	74	100	98	98	8.61	8.65	8.64
260124	4	2	10.2	1	11	9.6	9.6	42.8	0.33	0.26	0.22	1	0.88	10.0	11	58	98	98	100	98	98	9.62	9.73	9.72
260124	4	3	10.1	0	1	10.2	10.2	43.2	0.42	0.40	0.42	3	1.79	9.6	12	8	94	36	100	98	98	10.20	10.14	10.12
260124	4	4	9.8	0	11	10.7	10.7	41.9	0.19	0.27	0.30	2	1.43	9.9	12	47	98	94	100	98	98	10.72	10.83	10.94
260124	4	5	9.8	0	7	9.4	9.5	50.5	0.27	0.45	0.64	3	2.25	10.4	11	86	94	20	100	98	97	9.12	9.30	8.98
260124	4	6	10.2	1	5	7.3	7.3	49.8	0.34	0.22	0.31	1	1.06	10.5	4	100	98	98	100	98	98	6.90	6.78	6.71
260124	4	7	10.2	1	9	9.8	9.8	40.3	0.15	0.24	0.17	2	1.07	10.3	10	100	98	98	100	98	98	8.37	8.60	8.49
260124	4	8	10.9	1	5	8.3	8.3	37.1	0.29	0.23	0.37	3	2.00	10.4	11	95	98	91	100	98	98	7.92	7.96	7.92
260124	4	9	10.8	1	10	9.4	9.4	43.5	0.14	0.25	0.21	1	0.92	10.6	12	100	98	98	100	98	98	7.38	7.44	7.39
260124	4	10	10.6	1	12	9.1	9.1	38.9	0.21	0.13	0.18	3	0.89	10.4	1	94	98	98	100	98	98	8.85	8.73	8.85
