Sonja M.	Ilmakiv‰‰ri	Pysty
Date	Series	Shot	Hit	X ring	Sector	On	Total	Int.(s)			Trigger			COG		Fine %			Rough %			Hold time (s)
						target	time 		dev X	dev Y	ATV	TIRE	RTV	Hit	Sector	Target	COG	Hit	Target	COG	Hit	Target	COG	Hit
231126	1	1	10.4	1	5	12.7	12.7	0.0	0.70	0.26	0.23	3	0.53	10.3	3	71	79	65	100	98	98	5.94	5.91	5.46
231126	1	2	9.6	0	12	12.2	12.2	43.8	0.26	0.28	0.38	3	1.57	9.5	2	6	98	53	100	98	98	3.30	4.42	5.21
231126	1	3	10.3	1	1	12.9	13.8	58.5	0.27	0.39	0.21	3	0.58	10.0	1	53	98	98	100	98	98	6.86	7.32	7.32
231126	1	4	9.9	0	1	13.3	13.3	45.5	0.29	0.44	0.38	2	0.93	10.0	1	45	98	95	100	98	98	5.07	5.28	5.29
231126	1	5	10.0	0	12	11.8	12.5	47.1	0.18	0.35	0.25	1	0.64	10.3	1	88	98	88	100	98	98	5.14	5.16	5.75
231126	1	6	10.0	0	12	13.8	13.8	53.2	0.17	0.27	0.15	2	0.59	9.8	12	30	98	98	100	98	98	4.23	5.29	5.28
231126	1	7	10.2	1	2	13.6	14.5	45.6	0.36	0.30	0.22	2	0.68	10.3	1	82	98	91	100	98	98	5.25	5.79	5.26
231126	1	8	10.1	0	1	13.1	13.1	45.3	0.20	0.19	0.27	1	1.43	10.3	12	95	98	98	100	98	98	4.86	5.87	5.87
231126	1	9	9.2	0	12	14.1	14.1	49.8	0.20	0.31	0.29	2	0.94	9.3	12	0	98	98	79	98	98	5.78	7.25	7.25
231126	1	10	9.5	0	1	13.3	13.3	44.9	0.26	0.21	0.08	1	0.31	9.6	1	6	98	98	100	98	98	4.30	5.45	5.43
231126	2	1	9.2	0	12	11.6	11.6	38.7	0.23	0.45	0.13	1	0.52	9.7	12	32	98	83	97	98	98	3.02	3.58	6.25
231126	2	2	10.0	0	1	13.2	13.2	46.2	0.16	0.33	0.27	1	1.02	10.1	1	62	98	98	100	98	98	4.35	5.13	4.62
231126	2	3	9.2	0	12	13.6	13.6	42.1	0.19	0.36	0.15	2	0.38	9.3	12	2	98	98	80	98	98	3.60	5.37	5.37
231126	2	4	9.2	0	12	12.8	13.1	46.9	0.27	0.27	0.25	1	1.01	9.6	1	12	98	98	100	98	98	3.62	6.41	7.50
231126	2	5	9.3	0	12	13.9	13.9	46.8	0.24	0.33	0.16	3	0.75	9.3	12	3	98	98	88	98	98	4.18	5.34	5.89
231126	2	6	9.5	0	12	12.0	12.0	52.6	0.20	0.24	0.22	1	1.04	9.6	12	12	98	98	100	98	98	3.21	4.84	4.86
231126	2	7	9.2	0	1	12.9	12.9	43.3	0.15	0.27	0.14	2	0.67	9.2	1	0	98	98	77	98	98	3.65	5.70	5.68
231126	2	8	10.3	1	12	12.9	12.9	40.5	0.37	0.35	0.39	2	1.48	9.7	1	29	98	70	98	98	98	4.39	5.94	5.40
231126	2	9	9.3	0	12	12.3	12.3	39.6	0.35	0.26	0.15	2	0.51	9.2	12	0	98	98	83	98	98	3.72	4.30	4.30
231126	2	10	9.9	0	1	12.1	12.1	1.14	0.17	0.23	0.14	2	0.84	9.6	1	5	98	98	100	98	98	3.25	4.38	4.35
231126	3	1	8.9	0	1	12.2	12.2	41.0	0.16	0.33	0.19	2	0.73	9.2	1	0	98	94	82	98	98	3.04	4.17	4.18
231126	3	2	10.6	1	3	11.4	11.4	5.48	0.22	0.36	0.19	3	0.50	10.3	4	88	98	98	100	98	98	5.29	4.56	5.29
231126	3	3	10.1	0	2	13.1	13.1	43.0	0.21	0.30	0.21	2	0.76	10.4	3	95	98	98	100	98	98	6.81	6.81	6.84
231126	3	4	10.1	0	3	12.1	12.1	41.1	0.17	0.26	0.24	2	1.11	10.4	4	100	98	98	100	98	98	5.28	4.75	4.98
231126	3	5	10.6	1	2	11.9	11.9	41.2	0.24	0.22	0.22	2	1.05	10.6	2	100	98	98	100	98	98	4.70	4.72	4.72
231126	3	6	10.7	1	3	11.1	11.1	35.0	0.26	0.33	0.27	3	0.65	10.5	6	94	98	97	100	98	98	4.75	4.63	4.74
231126	3	7	10.1	0	1	13.7	13.7	42.0	0.21	0.25	0.19	1	0.85	10.4	1	100	98	98	100	98	98	5.64	6.17	6.17
231126	3	8	10.5	1	1	11.9	11.9	41.4	0.11	0.26	0.23	3	0.89	10.4	2	97	98	98	100	98	98	6.36	6.55	6.57
231126	3	9	10.8	1	12	12.4	12.4	43.9	0.33	0.28	0.27	3	0.94	10.7	12	100	98	98	100	98	98	6.69	6.71	6.69
231126	3	10	10.7	1	12	10.9	10.9	40.3	0.27	0.27	0.13	3	0.46	10.4	2	88	98	89	100	98	98	5.76	5.78	5.99
231126	4	1	10.7	1	2	11.7	11.7	40.1	0.32	0.24	0.30	3	1.25	10.7	1	100	98	98	100	98	98	5.47	5.49	5.47
231126	4	2	10.5	1	12	11.2	11.2	40.4	0.15	0.29	0.27	3	0.92	10.5	12	94	98	98	100	98	98	5.52	5.58	5.58
231126	4	3	10.0	0	1	11.2	11.2	38.5	0.19	0.28	0.18	3	0.80	10.0	1	59	98	98	100	98	98	4.98	5.43	5.94
231126	4	4	10.0	0	3	12.9	12.9	45.0	0.17	0.24	0.17	2	0.90	10.3	3	92	98	98	100	98	98	6.42	6.41	6.41
231126	4	5	10.4	1	12	11.8	11.8	45.0	0.23	0.38	0.32	2	1.06	10.8	11	97	98	91	100	98	98	5.47	5.64	5.70
231126	4	6	10.8	1	6	12.2	12.2	44.3	0.25	0.35	0.19	3	0.60	10.3	1	77	98	65	100	98	98	5.71	6.48	5.70
231126	4	7	10.8	1	8	10.9	10.9	50.8	0.21	0.27	0.19	2	0.73	10.9	6	100	98	98	100	98	98	4.88	4.86	4.86
231126	4	8	10.6	1	12	11.0	11.0	40.8	0.23	0.29	0.28	3	0.83	10.8	1	100	98	98	100	98	98	5.80	5.82	5.83
231126	4	9	10.9	1	6	10.7	10.7	52.4	0.19	0.20	0.22	3	1.44	10.4	3	100	98	98	100	98	98	3.94	3.94	3.94
231126	4	10	10.8	1	8	11.9	11.9	48.0	0.33	0.38	0.37	3	1.44	10.0	12	45	98	42	100	98	98	4.28	4.50	4.28
