Marko	Ilmakiv‰‰ri
Date	Series	Shot	Hit	X ring	Sector	On	Total	Int.(s)			Trigger			COG		Fine %			Rough %			Hold time (s)
						target	time 		dev X	dev Y	ATV	TIRE	RTV	Hit	Sector	Target	COG	Hit	Target	COG	Hit	Target	COG	Hit
230331	1	1	10.4	1	8	10.4	10.4	0.0	0.34	0.18	0.19	3	0.92	10.4	10	89	98	98	100	98	98	10.37	10.38	10.32
230331	1	2	10.2	1	9	10.2	10.2	57.2	0.23	0.27	0.32	2	1.69	10.2	10	77	98	98	100	98	98	10.19	10.21	10.15
230331	1	3	10.1	0	3	11.3	11.3	57.8	0.48	0.22	0.39	3	1.34	10.5	10	85	97	27	100	98	98	11.27	11.28	11.27
230331	1	4	10.6	1	1	11.8	11.8	51.2	0.40	0.17	0.16	3	0.70	10.3	1	98	98	98	100	98	98	11.79	11.79	11.78
230331	1	5	10.5	1	9	10.4	10.4	46.6	0.27	0.18	0.21	3	1.14	10.7	12	100	98	98	100	98	98	10.44	10.47	10.44
230331	1	6	10.4	1	2	10.9	10.9	46.6	0.16	0.23	0.24	3	1.41	10.5	1	100	98	98	100	98	98	10.94	10.98	10.95
230331	1	7	10.7	1	4	13.5	13.5	50.6	0.30	0.33	0.35	3	1.41	10.4	11	92	98	70	100	98	98	13.47	13.50	7.11
230331	1	8	10.5	1	2	11.2	11.2	56.8	0.45	0.27	0.23	2	0.98	10.8	12	97	95	82	100	98	98	9.84	9.86	9.84
230331	1	9	9.9	0	3	11.3	11.3	1.34	0.46	0.21	0.44	1	1.87	10.7	9	97	92	20	100	98	98	11.27	11.27	5.17
230331	1	10	10.2	1	10	12.6	12.6	51.2	0.20	0.18	0.21	1	1.65	10.6	11	100	98	98	100	98	98	12.62	12.69	12.71
230331	2	1	10.5	1	7	10.5	10.5	59.7	0.24	0.27	0.22	1	1.11	10.8	11	100	98	91	100	98	98	10.50	10.52	10.39
230331	2	2	10.7	1	4	10.8	10.8	43.8	0.38	0.22	0.45	2	1.51	10.5	10	91	98	73	100	98	98	10.81	10.85	9.00
230331	2	3	10.1	0	4	10.8	10.8	44.5	0.26	0.30	0.24	2	0.93	10.6	2	100	98	80	100	98	98	10.76	10.76	10.71
230331	2	4	10.5	1	10	9.8	9.8	49.6	0.35	0.13	0.19	1	0.91	10.5	10	100	98	98	100	98	98	9.77	9.82	9.82
230331	2	5	10.3	1	10	10.3	21.9	1.30	0.25	0.15	0.19	2	1.39	10.3	11	100	98	98	100	98	98	10.30	10.41	10.35
230331	2	6	10.8	1	10	12.7	12.7	43.8	0.37	0.33	0.13	3	0.40	10.4	11	80	98	98	100	98	98	12.73	12.78	12.75
230331	2	7	10.4	1	10	12.7	12.7	43.8	0.35	0.19	0.18	1	0.75	10.7	12	100	98	98	100	98	98	12.68	12.84	12.73
230331	2	8	10.5	1	1	11.3	11.3	48.4	0.25	0.16	0.25	3	1.73	10.2	12	95	98	98	100	98	98	11.29	11.51	11.36
230331	2	9	10.6	1	12	10.4	10.4	44.5	0.23	0.20	0.15	3	0.86	10.2	11	85	98	94	100	98	98	10.23	11.67	11.62
230331	2	10	10.4	1	11	10.5	10.5	51.8	0.32	0.26	0.18	2	0.73	10.4	12	88	98	98	100	98	98	10.52	10.61	10.59
230331	3	1	10.1	0	10	8.8	8.8	1.16	0.29	0.16	0.31	2	1.53	10.4	11	100	98	89	100	98	98	8.82	8.87	8.87
230331	3	2	10.6	1	7	10.3	10.3	49.8	0.32	0.19	0.31	1	1.34	10.6	12	100	98	85	100	98	98	10.11	10.17	10.08
230331	3	3	10.4	1	12	10.7	10.7	58.5	0.25	0.18	0.29	1	2.31	10.3	12	92	98	98	100	98	98	10.74	10.85	10.85
230331	3	4	10.5	1	10	11.4	11.4	41.7	0.35	0.16	0.22	3	1.01	10.3	1	100	98	82	100	98	98	11.37	11.49	11.43
230331	3	5	10.7	1	12	13.6	13.6	51.9	0.24	0.15	0.17	1	1.15	10.3	11	91	98	98	100	98	98	13.62	13.94	13.85
230331	3	6	10.7	1	4	10.5	10.5	50.2	0.26	0.17	0.30	3	1.22	10.5	12	100	98	98	100	98	98	8.56	11.80	8.56
230331	3	7	10.8	1	3	11.3	11.3	49.4	0.36	0.26	0.33	2	1.60	10.5	12	92	98	95	100	98	98	11.31	11.41	11.34
230331	3	8	10.7	1	1	12.2	12.2	51.5	0.17	0.16	0.14	1	1.08	10.5	12	100	98	98	100	98	98	12.21	12.22	12.22
230331	3	9	10.3	1	1	12.0	12.0	1.02	0.36	0.21	0.18	3	0.86	10.1	12	70	98	94	100	98	98	12.04	12.15	12.12
230331	3	10	10.5	1	12	12.8	12.8	1.04	0.23	0.22	0.19	1	0.95	10.3	11	89	98	98	100	98	98	12.81	12.95	12.93
230331	4	1	10.3	1	2	11.8	12.2	1.37	0.19	0.27	0.21	3	1.28	9.9	2	29	98	98	100	98	98	7.47	7.35	7.37
230331	4	2	10.4	1	1	12.0	12.0	51.1	0.35	0.17	0.16	2	0.76	10.0	1	47	98	98	100	98	98	12.00	12.06	12.03
230331	4	3	10.3	1	11	12.9	12.9	53.1	0.39	0.20	0.22	2	0.85	10.1	12	58	98	98	100	98	98	12.90	13.01	12.99
230331	4	4	10.5	1	12	11.9	11.9	1.09	0.26	0.18	0.16	1	1.04	10.2	12	83	98	98	100	98	98	11.93	12.00	11.97
230331	4	5	9.7	0	3	12.6	12.6	46.9	0.26	0.25	0.27	3	1.28	10.2	2	79	98	79	100	98	98	12.57	12.66	12.53
230331	4	6	10.2	1	5	10.7	10.7	1.09	0.45	0.23	0.21	2	0.82	10.8	6	98	98	74	100	98	98	10.74	10.74	10.70
230331	4	7	10.3	1	6	10.6	19.8	1.23	0.38	0.30	0.34	3	1.60	10.7	12	100	98	33	100	98	98	10.57	10.71	10.47
230331	4	8	10.8	1	8	12.3	23.5	1.35	0.44	0.25	0.32	3	1.97	10.3	11	80	98	80	100	98	98	12.31	12.35	12.31
230331	4	9	10.8	1	10	11.7	11.7	46.8	0.39	0.17	0.33	3	1.31	10.3	11	97	98	98	100	98	98	11.23	13.89	13.83
230331	4	10	10.1	0	10	13.2	13.2	56.7	0.33	0.20	0.13	2	0.52	10.2	11	74	98	98	100	98	98	13.15	13.23	13.23
