Sonja N.	Ilmakiv‰‰ri	Pysty
Date	Series	Shot	Hit	X ring	Sector	On	Total	Int.(s)			Trigger			COG		Fine %			Rough %			Hold time (s)
						target	time 		dev X	dev Y	ATV	TIRE	RTV	Hit	Sector	Target	COG	Hit	Target	COG	Hit	Target	COG	Hit
231126	1	1	10.8	1	9	10.1	10.1	0.0	0.46	0.33	0.34	3	1.35	10.2	3	55	98	52	100	98	98	8.13	8.25	8.13
231126	1	2	10.8	1	9	8.3	8.3	37.3	0.41	0.16	0.25	3	1.19	10.7	3	100	98	94	100	98	98	6.06	6.06	6.06
231126	1	3	10.7	1	12	9.2	9.2	1.42	0.45	0.29	0.15	3	0.48	10.3	2	62	98	65	100	98	98	6.13	6.30	6.30
231126	1	4	10.4	1	10	9.4	9.4	32.6	0.58	0.29	0.18	1	0.64	10.6	2	82	88	67	100	98	98	6.12	6.13	6.15
231126	1	5	10.4	1	12	9.5	9.5	34.8	0.44	0.25	0.30	3	1.24	10.5	1	89	94	92	100	98	98	6.62	6.66	6.67
231126	1	6	10.4	1	2	10.9	10.9	1.11	0.54	0.21	0.18	1	0.57	10.1	2	68	92	86	100	98	98	5.38	8.58	5.50
231126	1	7	10.2	1	10	9.0	9.0	34.4	0.28	0.20	0.28	1	1.38	10.7	1	100	98	64	100	98	98	6.33	6.36	6.36
231126	1	8	9.6	0	2	11.7	11.7	41.6	0.73	0.25	0.38	3	1.09	10.0	2	55	83	79	92	98	98	8.87	9.00	9.06
231126	1	9	10.4	1	10	10.2	10.2	44.6	0.44	0.21	0.15	1	0.52	10.5	12	97	98	77	100	98	98	8.13	8.40	8.13
231126	1	10	10.6	1	11	10.7	10.7	34.6	0.30	0.16	0.16	3	0.63	10.4	2	94	98	80	100	98	98	6.42	6.60	6.58
231126	2	1	10.6	1	1	8.4	8.4	41.6	0.56	0.34	0.25	3	0.77	10.3	1	64	97	94	100	98	98	5.10	5.34	5.28
231126	2	2	10.8	1	1	9.2	9.2	1.10	0.51	0.19	0.16	3	0.56	10.5	3	79	98	82	100	98	98	6.67	6.69	6.71
231126	2	3	10.8	1	3	7.8	7.8	1.12	0.44	0.20	0.17	3	0.60	10.4	3	77	98	86	100	98	98	6.57	6.62	6.57
231126	2	4	10.2	1	2	9.2	9.2	36.6	0.44	0.20	0.14	2	0.53	10.3	2	76	98	98	100	98	98	4.42	4.49	4.74
231126	2	5	10.5	1	2	11.2	11.2	43.2	0.70	0.25	0.16	3	0.43	10.5	1	71	80	85	100	98	98	7.75	8.09	7.79
231126	2	6	10.3	1	11	10.9	10.9	38.7	0.39	0.31	0.25	2	0.82	10.3	11	77	98	98	100	98	98	8.58	8.65	8.65
231126	2	7	10.6	1	12	10.6	10.6	36.1	0.41	0.28	0.18	3	0.65	10.4	2	82	98	80	100	98	98	8.74	8.79	8.80
231126	2	8	10.3	1	9	9.0	9.0	36.2	0.53	0.17	0.39	3	1.80	10.4	1	89	94	35	100	98	98	6.22	6.54	6.22
231126	2	9	10.8	1	2	11.3	11.3	48.2	0.47	0.28	0.28	3	1.07	10.2	2	61	94	71	100	98	98	7.91	7.96	7.92
231126	2	10	10.0	0	1	10.5	10.5	38.0	0.26	0.23	0.14	1	0.55	10.4	1	94	98	95	100	98	98	7.96	8.22	8.34
231126	3	1	10.2	1	1	9.8	9.8	1.20	0.18	0.20	0.21	3	1.29	10.4	1	91	98	98	100	98	98	6.18	6.39	6.41
231126	3	2	10.1	0	11	9.6	9.6	1.11	0.53	0.25	0.16	2	0.41	10.4	1	80	88	79	100	98	98	7.16	7.25	7.28
231126	3	3	10.5	1	11	9.2	9.2	1.00	0.41	0.25	0.22	2	1.04	10.3	1	83	97	86	100	98	98	6.81	6.95	6.87
231126	3	4	10.2	1	9	10.3	10.3	33.8	0.42	0.24	0.34	2	1.59	10.7	3	100	98	42	100	98	98	6.78	6.78	6.25
231126	3	5	10.6	1	1	11.9	11.9	52.0	0.53	0.22	0.27	2	0.73	10.5	1	85	92	92	100	98	98	8.70	8.87	8.82
231126	3	6	9.8	0	4	9.7	9.7	39.3	0.35	0.29	0.24	2	1.15	10.2	3	74	98	85	100	98	98	7.14	7.17	7.14
231126	3	7	9.6	0	2	10.9	10.9	1.51	0.46	0.21	0.12	2	0.45	10.1	2	58	98	86	100	98	98	8.52	8.71	8.73
231126	3	8	10.1	0	10	10.2	10.2	2.08	0.44	0.21	0.36	3	1.19	10.5	1	92	98	55	100	98	98	8.16	8.22	8.22
231126	3	9	9.9	0	10	11.6	11.6	37.3	0.62	0.19	0.24	1	0.91	10.5	12	77	89	61	100	98	98	9.93	10.01	9.97
231126	3	10	9.9	0	12	10.9	10.9	34.5	0.39	0.23	0.24	3	0.87	10.4	1	88	98	98	100	98	98	8.23	8.37	8.80
231126	4	1	10.6	1	12	10.0	10.1	34.0	0.38	0.17	0.23	3	0.63	10.4	1	86	98	86	100	98	98	6.75	7.38	7.37
231126	4	2	10.6	1	10	11.6	11.6	1.11	0.49	0.20	0.27	3	1.45	10.5	2	82	98	70	100	98	98	8.32	8.41	8.40
231126	4	3	9.5	0	10	12.8	12.8	1.21	0.49	0.19	0.22	1	0.84	10.4	11	83	98	36	100	98	98	10.12	10.32	6.81
231126	4	4	10.1	0	1	10.0	10.0	33.7	0.18	0.27	0.17	2	0.82	10.3	1	86	98	98	100	98	98	6.79	7.17	7.17
231126	4	5	9.6	0	10	11.2	11.2	35.1	0.63	0.16	0.25	1	1.18	10.5	12	86	91	36	100	98	98	9.71	10.24	9.84
231126	4	6	10.2	1	11	11.9	11.9	37.9	0.39	0.16	0.18	3	0.62	10.3	12	89	98	85	100	98	98	9.73	10.35	10.35
231126	4	7	10.5	1	8	11.4	11.7	1.22	0.21	0.20	0.17	2	0.74	10.7	10	100	98	98	100	98	98	9.68	9.68	9.63
231126	4	8	10.7	1	3	10.0	10.0	33.3	0.61	0.16	0.24	2	0.98	10.1	2	50	89	71	100	98	98	6.42	6.81	6.66
231126	4	9	10.6	1	9	12.1	12.1	1.05	0.41	0.30	0.14	3	0.47	10.6	2	89	98	79	100	98	98	9.12	9.16	9.11
231126	4	10	10.4	1	10	9.8	9.8	1.36	0.66	0.20	0.17	3	0.57	10.4	2	70	88	50	100	98	89	6.57	6.88	6.58
