Veera M.	Ilmakiv‰‰ri	Pysty
Date	Series	Shot	Hit	X ring	Sector	On	Total	Int.(s)			Trigger			COG		Fine %			Rough %			Hold time (s)
						target	time 		dev X	dev Y	ATV	TIRE	RTV	Hit	Sector	Target	COG	Hit	Target	COG	Hit	Target	COG	Hit
240128	1	1	9.1	0	10	4.5	4.5	0.0	1.04	0.34	0.19	1	0.52	9.9	11	9	58	32	89	98	52	3.29	3.38	3.42
240128	1	2	9.7	0	8	4.8	4.8	41.1	0.80	1.09	0.44	1	0.98	10.1	10	27	26	15	65	98	76	3.13	3.23	3.24
240128	1	3	8.4	0	9	11.9	11.9	51.0	0.61	0.60	0.43	1	0.95	9.7	10	15	73	26	89	98	73	1.43	1.46	1.43
240128	1	4	8.2	0	9	7.3	7.3	1.05	1.29	1.51	0.67	1	1.15	10.3	12	18	18	15	59	52	21	4.02	4.00	0.36
240128	1	5	10.2	1	7	5.0	5.0	54.9	1.92	1.02	0.23	2	0.31	9.2	10	35	0	27	59	47	42	0.70	1.91	0.69
240128	1	6	10.3	1	8	5.2	5.2	42.5	1.02	0.45	0.13	2	0.28	9.7	9	48	44	45	64	98	70	3.48	4.82	3.48
240128	1	7	9.6	0	11	5.1	5.1	41.7	0.81	0.50	0.37	1	1.17	9.6	12	20	62	38	82	98	98	5.12	5.19	5.21
240128	1	8	10.1	0	5	5.3	5.3	44.5	0.28	1.12	0.46	3	1.69	9.9	12	53	58	12	80	94	61	4.05	4.07	0.94
240128	1	9	10.6	1	8	5.9	5.9	44.0	0.58	0.43	0.26	3	0.82	9.6	9	32	83	50	77	98	89	5.89	6.58	6.46
240128	1	10	9.7	0	11	6.1	6.1	40.4	0.69	1.01	0.61	3	1.23	9.8	12	35	33	26	70	98	97	4.25	4.61	5.92
240128	2	1	9.9	0	9	4.3	12.5	1.42	0.57	0.50	0.43	3	1.17	9.6	11	14	83	14	83	98	74	2.08	2.25	2.13
240128	2	2	8.1	0	7	5.6	5.6	37.9	0.41	0.97	0.44	1	1.13	9.7	8	8	55	11	82	98	47	3.71	2.02	1.92
240128	2	3	8.8	0	7	6.1	6.1	50.0	0.55	0.93	0.40	1	1.24	10.7	8	61	59	15	95	98	50	3.69	3.71	1.68
240128	2	4	10.1	0	4	6.6	6.6	1.03	0.55	0.77	0.43	3	1.09	9.8	5	24	61	67	85	98	88	6.64	6.63	6.62
240128	2	5	9.2	0	8	4.3	12.4	1.23	0.92	0.85	0.25	1	0.64	10.4	9	11	47	58	100	92	67	1.40	1.38	1.35
240128	2	6	9.4	0	7	5.7	5.7	43.7	0.41	0.74	0.31	2	1.32	10.1	9	21	80	23	100	98	62	5.75	4.32	4.30
240128	2	7	9.2	0	7	3.7	13.1	1.07	0.29	0.82	0.50	2	1.97	10.6	1	58	77	11	100	98	48	2.15	2.13	1.20
240128	2	8	10.6	1	2	5.2	5.2	40.4	0.57	0.50	0.29	3	0.99	10.0	10	47	76	21	100	98	98	3.52	3.56	3.51
240128	2	9	10.9	1	10	4.0	4.2	57.2	0.62	0.30	0.11	3	0.47	10.3	10	53	95	58	100	98	98	2.65	2.75	2.67
240128	2	10	8.5	0	6	4.1	4.1	50.9	0.72	1.18	0.14	1	0.32	10.2	7	36	17	32	74	98	41	3.45	3.44	1.95
240128	3	1	9.6	0	8	3.6	3.6	39.4	0.91	0.85	0.27	1	0.53	10.6	8	26	20	47	100	98	71	3.02	3.02	1.53
240128	3	2	9.5	0	8	5.1	5.1	41.8	0.70	1.58	0.18	1	0.38	9.9	10	0	21	39	41	59	53	1.53	4.72	1.49
240128	3	3	9.9	0	6	4.2	4.2	41.0	0.95	0.22	0.40	3	0.93	10.4	8	64	55	47	92	98	88	2.43	3.29	3.27
240128	3	4	8.5	0	6	5.7	5.7	38.5	0.35	0.73	0.92	3	4.03	10.5	11	74	88	6	98	94	11	2.69	2.70	1.91
240128	3	5	9.7	0	1	6.5	6.5	46.7	1.21	0.81	0.22	2	0.54	10.0	10	0	26	35	79	94	42	5.59	5.89	5.78
240128	3	6	9.4	0	8	5.6	5.6	48.2	0.53	0.54	0.31	1	1.12	10.0	8	24	97	45	100	98	98	4.11	4.11	4.09
240128	3	7	9.1	0	9	5.0	5.0	44.6	0.41	0.32	0.26	2	1.14	9.5	9	9	98	94	88	98	98	4.08	4.14	4.16
240128	3	8	9.2	0	5	5.9	5.9	49.1	0.90	0.90	0.39	1	0.83	10.0	7	33	35	23	79	98	53	3.51	3.35	3.39
240128	3	9	9.2	0	6	6.1	6.1	47.9	0.55	0.55	0.40	2	1.07	9.7	7	26	83	70	92	98	98	1.81	2.15	1.88
240128	3	10	10.2	1	7	5.5	5.5	42.2	0.47	0.52	0.16	3	0.50	10.4	9	64	92	73	100	98	98	1.12	1.14	1.12
240128	4	1	9.0	0	5	3.8	12.0	1.32	0.35	1.29	0.30	1	0.69	10.5	6	47	53	38	80	83	67	2.97	2.96	0.70
240128	4	2	8.2	0	7	6.5	6.5	57.2	0.49	1.48	0.22	1	0.59	9.2	9	2	33	23	32	79	32	4.38	5.54	3.83
240128	4	3	10.0	0	4	3.9	12.4	1.15	0.88	0.54	0.13	2	0.39	10.1	3	53	67	56	85	95	95	2.88	3.84	3.79
240128	4	4	10.3	1	2	8.1	8.1	42.7	0.51	0.31	0.20	3	0.87	10.2	4	61	98	45	100	98	98	7.51	7.42	7.54
240128	4	5	10.3	1	5	5.3	5.3	40.6	0.91	0.41	0.15	2	0.45	10.0	7	55	70	55	80	98	79	2.61	2.64	2.60
240128	4	6	9.0	0	5	5.4	5.4	40.5	0.46	0.26	0.36	1	1.43	9.6	6	17	97	45	100	98	98	3.83	3.65	1.46
240128	4	7	9.6	0	9	5.3	5.3	48.1	1.04	0.84	0.42	1	0.75	10.7	12	50	52	20	85	83	76	3.38	3.39	5.54
240128	4	8	9.8	0	12	6.6	6.6	49.2	0.94	0.48	0.14	3	0.33	9.5	1	12	58	67	77	98	86	1.16	1.19	1.17
240128	4	9	9.5	0	7	6.5	6.5	44.9	0.79	0.67	0.39	2	1.18	10.1	9	39	52	20	95	98	44	4.56	4.63	4.56
240128	4	10	9.2	0	7	6.9	6.9	43.0	1.28	0.67	0.53	1	1.02	9.9	9	45	21	12	68	88	21	4.75	4.82	2.01
