Vertti J.	Ilmakiv‰‰ri	Pysty
Date	Series	Shot	Hit	X ring	Sector	On	Total	Int.(s)			Trigger			COG		Fine %			Rough %			Hold time (s)
						target	time 		dev X	dev Y	ATV	TIRE	RTV	Hit	Sector	Target	COG	Hit	Target	COG	Hit	Target	COG	Hit
231126	1	1	9.5	0	9	10.2	10.2	0.0	0.58	0.11	0.54	1	2.13	10.6	7	89	91	35	100	98	94	7.18	5.82	4.93
231126	1	2	9.9	0	7	10.6	10.6	34.0	0.85	0.14	0.24	3	0.50	9.6	8	30	65	68	71	98	98	6.79	6.36	6.45
231126	1	3	10.3	1	4	13.6	13.6	35.9	0.47	0.17	0.47	3	1.57	10.3	7	82	98	56	100	98	98	11.93	11.49	11.82
231126	1	4	10.1	0	5	14.0	14.0	37.1	0.42	0.18	0.33	3	1.87	9.9	7	32	95	38	100	98	98	11.78	11.60	7.92
231126	1	5	9.7	0	7	14.7	14.7	35.4	0.22	0.15	0.22	3	1.12	9.9	7	47	98	98	100	98	98	1.88	12.09	11.16
231126	1	6	10.6	1	6	10.6	10.6	29.2	0.77	0.14	0.19	3	0.54	10.3	8	64	76	73	94	98	95	10.56	10.48	10.48
231126	1	7	10.1	0	6	13.8	13.8	36.4	0.55	0.19	0.21	3	0.58	10.1	6	45	94	94	100	98	98	12.35	11.89	11.89
231126	1	8	9.2	0	8	13.8	13.8	36.8	0.30	0.19	0.30	1	1.41	9.8	8	32	98	62	100	98	98	10.94	10.76	10.70
231126	1	9	10.3	1	6	14.4	14.4	37.5	0.38	0.18	0.23	3	0.97	10.4	7	91	97	97	100	98	98	13.34	13.20	13.19
231126	1	10	9.9	0	9	16.5	16.5	39.7	0.59	0.21	0.17	3	0.52	9.4	9	21	88	80	79	98	98	14.23	14.23	14.23
231126	2	1	10.6	1	11	15.1	15.1	36.0	0.30	0.21	0.39	3	1.63	10.2	9	77	98	73	100	98	98	12.64	12.57	12.84
231126	2	2	9.6	0	8	14.1	14.1	36.7	0.74	0.24	0.17	1	0.48	10.6	6	70	79	36	100	98	98	10.17	10.15	8.31
231126	2	3	9.7	0	8	12.3	12.3	32.5	0.90	0.19	0.17	3	0.43	9.9	8	45	73	73	88	98	98	10.11	10.05	10.05
231126	2	4	10.4	1	7	16.2	16.2	38.3	0.25	0.19	0.16	3	0.82	9.9	8	27	98	91	100	98	98	14.18	14.18	14.18
231126	2	5	9.4	0	8	13.6	13.6	38.0	0.67	0.18	0.14	1	0.54	10.1	8	55	82	74	100	98	98	12.13	12.09	11.87
231126	2	6	10.3	1	6	9.4	9.4	26.2	0.41	0.19	0.14	3	0.55	10.2	7	74	98	88	100	98	98	9.42	9.42	9.42
231126	2	7	9.9	0	7	14.2	14.2	35.5	0.25	0.15	0.14	3	0.80	9.9	7	41	98	98	100	98	98	11.12	11.03	11.01
231126	2	8	9.7	0	8	13.8	13.8	36.2	0.66	0.28	0.52	1	1.97	10.3	9	68	79	68	100	98	98	11.34	11.29	11.25
231126	2	9	10.5	1	5	13.7	13.7	34.1	0.38	0.18	0.15	2	0.56	10.5	4	100	94	94	100	98	98	10.19	10.21	10.20
231126	2	10	10.6	1	8	15.0	15.0	35.8	0.37	0.15	0.18	2	0.78	10.6	5	100	98	86	100	98	98	3.96	3.96	3.99
231126	3	1	9.6	0	7	13.0	13.0	35.7	0.18	0.22	0.18	1	0.89	10.1	7	62	98	98	100	98	98	9.93	9.68	5.68
231126	3	2	9.9	0	8	14.3	14.3	36.9	0.61	0.22	0.12	3	0.32	9.7	8	33	89	85	89	98	98	13.43	9.73	9.77
231126	3	3	10.6	1	8	16.4	16.4	37.5	0.41	0.25	0.14	2	0.49	10.3	7	77	98	89	100	98	98	14.51	14.51	14.51
231126	3	4	8.8	0	9	15.1	15.1	35.9	0.53	0.15	0.48	1	2.04	10.0	8	61	97	35	100	98	98	14.32	14.19	10.89
231126	3	5	10.5	1	4	11.0	11.0	30.9	0.81	0.21	0.17	3	0.57	10.2	8	53	65	45	100	98	89	8.29	8.22	8.31
231126	3	6	9.1	0	9	14.6	14.6	35.1	0.71	0.23	0.52	2	1.64	10.2	8	56	85	48	100	98	79	14.03	14.03	14.03
231126	3	7	10.2	1	7	6.4	6.4	22.9	0.64	0.16	0.15	1	0.71	10.4	7	89	89	88	100	98	98	6.38	6.38	6.38
231126	3	8	10.4	1	9	13.3	13.3	1.37	0.52	0.17	0.11	2	0.36	10.7	6	97	92	79	100	98	98	11.70	11.65	11.65
231126	3	9	10.1	0	8	14.2	14.2	35.1	0.84	0.22	0.32	3	0.75	10.2	7	52	59	64	100	98	98	12.86	12.78	12.78
231126	3	10	10.1	0	4	15.5	15.5	36.3	0.50	0.16	0.16	3	0.74	10.0	4	70	94	91	95	98	98	14.51	9.00	9.02
231126	4	1	10.2	1	5	13.2	13.2	30.0	0.66	0.22	0.18	3	0.50	10.3	7	65	82	53	100	98	98	13.20	13.04	13.06
231126	4	2	10.1	0	8	11.8	11.8	31.5	0.54	0.19	0.26	3	0.56	10.4	9	79	92	89	100	98	98	11.76	11.71	11.65
231126	4	3	10.4	1	7	9.7	9.7	30.1	0.60	0.21	0.28	2	1.12	10.5	8	73	89	91	100	98	98	9.68	9.68	9.64
231126	4	4	10.6	1	9	14.4	14.4	35.1	0.25	0.26	0.19	3	0.83	9.9	8	42	98	83	100	98	98	14.32	14.32	14.32
231126	4	5	10.4	1	4	13.1	13.1	33.3	0.59	0.22	0.17	3	0.52	10.6	5	82	91	82	100	98	98	12.40	12.38	12.40
231126	4	6	10.5	1	6	10.7	10.7	30.2	0.41	0.24	0.13	3	0.39	10.7	9	98	98	88	100	98	98	10.14	9.44	10.11
231126	4	7	10.7	1	2	17.5	17.5	38.9	0.24	0.18	0.28	3	1.09	10.6	8	100	98	95	100	98	98	14.36	14.36	14.36
231126	4	8	9.9	0	8	15.7	15.7	36.5	0.56	0.22	0.35	1	0.96	10.5	7	85	89	56	100	98	98	14.38	14.38	14.38
231126	4	9	9.4	0	8	14.3	14.3	30.9	0.51	0.22	0.21	3	1.02	9.9	7	42	97	70	100	98	98	14.31	13.94	7.25
231126	4	10	10.6	1	2	14.5	14.5	32.4	0.74	0.28	0.15	3	0.36	10.9	2	77	74	68	100	98	98	14.51	14.51	14.51
