Marko	Ilmakiv‰‰ri
Date	Series	Shot	Hit	X ring	Sector	On	Total	Int.(s)			Trigger			COG		Fine %			Rough %			Hold time (s)
						target	time 		dev X	dev Y	ATV	TIRE	RTV	Hit	Sector	Target	COG	Hit	Target	COG	Hit	Target	COG	Hit
230401	1	1	10.4	1	8	4.4	4.4	0.0	0.54	0.66	0.32	3	0.86	10.5	7	68	79	70	100	98	98	1.43	1.25	1.30
230401	1	2	10.2	1	2	4.6	4.6	41.0	0.82	0.56	0.41	3	0.83	9.4	4	24	52	38	70	98	74	2.21	2.21	2.23
230401	1	3	8.8	0	2	4.8	4.8	46.5	0.92	0.97	0.85	2	1.47	10.3	4	38	35	8	77	95	24	1.65	1.44	1.44
230401	1	4	9.4	0	3	4.8	4.8	49.4	0.97	0.55	0.32	1	0.74	9.7	2	39	61	56	74	97	85	1.26	1.32	1.23
230401	1	5	10.4	1	2	4.7	4.7	1.07	0.45	0.53	0.23	1	0.61	10.6	1	79	86	76	100	98	98	1.23	1.26	1.26
230401	1	6	9.7	0	10	5.4	5.4	1.06	1.06	0.46	0.75	3	1.24	9.8	2	42	47	15	73	97	50	1.32	2.23	1.05
230401	1	7	8.9	0	10	4.9	4.9	1.04	0.65	0.37	0.98	3	2.74	10.3	12	65	91	8	98	98	55	1.51	1.54	1.53
230401	1	8	10.6	1	10	4.3	4.3	53.7	0.63	1.78	0.39	3	0.66	9.4	12	38	14	52	64	68	64	0.81	1.05	0.82
230401	1	9	10.6	1	8	4.3	4.3	57.4	0.63	1.13	0.24	3	0.75	9.7	1	62	62	38	77	86	76	0.96	1.06	0.94
230401	1	10	8.9	0	11	4.1	4.1	55.8	1.02	1.76	0.45	3	0.82	7.6	12	0	14	27	29	55	56	0.63	1.06	0.73
230401	2	1	10.0	0	11	5.1	5.1	41.4	0.84	0.55	0.39	3	1.16	9.7	2	11	59	23	74	98	58	2.04	2.10	1.56
230401	2	2	9.5	0	3	4.0	4.0	54.4	1.28	0.85	0.55	1	1.06	10.2	2	48	33	26	77	88	65	1.02	1.08	1.11
230401	2	3	8.4	0	8	4.8	4.8	55.9	1.09	0.40	0.91	1	2.34	10.1	8	32	41	17	79	98	52	1.71	1.64	1.38
230401	2	4	10.1	0	12	4.3	4.3	1.01	0.92	1.62	0.43	2	0.82	8.8	12	32	17	45	50	53	56	0.65	1.25	0.99
230401	2	5	7.5	0	3	5.1	5.1	1.15	1.10	0.45	0.81	2	1.33	9.3	3	26	36	26	64	98	48	2.13	2.13	2.10
230401	2	6	8.7	0	4	4.7	5.5	1.05	0.76	0.74	1.06	2	3.65	10.2	12	64	76	6	85	92	12	1.08	1.12	1.08
230401	2	7	10.4	1	6	3.6	3.6	59.1	1.07	2.89	0.26	3	0.33	7.2	12	23	6	20	27	30	26	0.54	0.01	0.49
230401	2	8	10.6	1	4	4.4	4.4	1.06	0.83	0.41	0.30	3	0.54	9.7	9	32	62	26	76	98	70	1.59	1.53	1.59
230401	2	9	10.2	1	9	4.3	4.3	50.8	1.04	0.30	0.37	3	0.79	10.0	10	39	64	56	88	94	94	1.47	1.47	1.47
230401	2	10	10.0	0	2	4.8	4.8	52.2	1.17	1.28	0.30	2	0.58	9.7	3	24	11	29	61	79	67	2.37	2.40	2.44
230401	3	1	10.4	1	4	4.7	4.9	52.1	1.46	0.28	0.42	3	0.74	9.8	3	41	35	32	67	79	76	1.98	1.91	1.95
230401	3	2	9.9	0	1	4.4	4.4	51.6	1.70	1.06	0.42	2	0.63	9.6	4	41	12	18	62	56	48	0.80	1.51	0.75
230401	3	3	10.5	1	5	4.4	4.4	54.6	0.83	2.39	0.33	3	0.54	9.4	12	20	6	21	55	23	52	0.77	0.94	0.70
230401	3	4	10.1	0	6	4.6	5.4	58.8	1.21	0.99	0.16	3	0.22	10.6	10	42	41	26	74	76	62	1.14	1.14	1.11
230401	3	5	10.4	1	6	4.3	4.3	56.5	0.72	1.15	0.18	1	0.43	10.3	1	53	18	48	86	92	65	1.08	1.17	1.02
230401	3	6	10.3	1	3	4.0	4.0	1.13	0.98	0.47	0.24	3	0.57	10.6	11	58	53	58	92	98	77	1.73	1.73	1.73
230401	3	7	8.9	0	3	4.6	4.6	1.06	0.54	0.89	0.54	3	1.03	9.7	3	23	52	27	71	98	91	1.30	1.32	1.43
230401	3	8	9.7	0	2	4.4	4.4	59.3	0.77	0.62	0.42	2	0.79	10.3	5	36	62	29	94	98	68	1.54	1.51	1.67
230401	3	9	10.1	0	8	4.7	4.7	54.0	0.82	0.29	0.23	3	0.75	10.2	3	50	77	26	100	98	61	1.74	1.78	1.65
230401	3	10	10.8	1	12	5.0	5.0	1.10	1.17	0.24	0.48	3	1.52	9.0	3	20	44	20	48	91	47	2.17	2.19	2.19
230401	4	1	10.0	0	10	4.8	4.8	1.06	1.50	0.56	0.27	2	0.37	10.0	3	39	27	36	68	83	53	2.50	2.76	0.47
230401	4	2	9.6	0	3	5.4	5.4	1.10	1.22	0.49	0.49	3	0.72	9.7	2	30	39	27	70	95	88	3.00	3.23	3.15
230401	4	3	10.7	1	10	5.0	5.5	52.0	0.95	0.65	0.68	3	1.17	10.4	1	38	42	33	100	97	92	2.91	2.98	2.91
230401	4	4	9.1	0	1	5.5	5.5	1.01	1.04	0.42	0.72	3	2.01	9.5	10	15	64	11	68	92	35	1.94	1.86	0.51
230401	4	5	10.1	0	9	4.3	5.7	56.6	1.30	0.33	0.33	3	0.99	10.7	4	79	77	67	88	89	85	0.97	0.99	0.93
230401	4	6	9.5	0	4	4.3	4.3	55.1	0.77	0.57	0.57	3	1.62	9.7	3	33	74	35	86	95	91	1.41	1.49	1.41
230401	4	7	9.4	0	3	4.6	4.6	46.3	0.82	0.80	0.13	2	0.18	9.5	4	6	47	27	67	98	76	1.94	1.68	1.70
230401	4	8	9.6	0	10	5.3	5.3	51.0	2.08	0.49	0.57	3	0.75	9.7	1	0	33	35	56	61	68	0.87	0.94	0.81
230401	4	9	10.1	0	3	4.6	4.6	50.8	0.76	0.36	0.31	1	0.73	10.1	2	41	74	73	100	98	98	1.59	1.57	1.56
230401	4	10	10.0	0	11	4.9	4.9	1.01	1.31	0.60	0.37	3	0.84	9.9	4	42	23	27	61	86	52	1.98	2.01	2.04
